<?xml version="1.0" encoding="UTF-8"?>
<!-- Generated by org.testng.reporters.JUnitReportReporter -->
<testsuite hostname="DESKTOP-VC6KQ0R" failures="0" tests="2" name="testcases.LoginTest" time="16.126" errors="0" timestamp="2023-11-14T23:00:57 EST" skipped="0">
  <testcase classname="testcases.LoginTest" name="TC001_LoginSuccessful" time="6.974"/>
  <system-out>
    <![CDATA[<img src="data:image/png;base64,iVBORw0KGgoAAAANSUhEUgAAB4AAAANHCAYAAADXAEDZAAAAAXNSR0IArs4c6QAAIABJREFUeJzs2bENgDAAwLDS/98tCwN9ohIisi/InutezzsAAAAAAAAA+L35dQAAAAAAAAAAZxjAAAAAAAAAABEGMAAAAAAAAECEAQwAAAAAAAAQYQADAAAAAAAARBjAAAAAAAAAABEGMAAAAAAAAECEAQwAAAAAAAAQYQADAAAAAAAARBjAAAAAAAAAABEGMAAAAAAAAECEAQwAAAAAAAAQYQADAAAAAAAARBjAAAAAAAAAABEGMAAAAAAAAECEAQwAAAAAAAAQYQADAAAAAAAARBjAAAAAAAAAABEGMAAAAAAAAECEAQwAAAAAAAAQYQADAAAAAAAARBjAAAAAAAAAABEGMAAAAAAAAECEAQwAAAAAAAAQYQADAAAAAAAARBjAAAAAAAAAABEGMAAAAAAAAECEAQwAAAAAAAAQYQADAAAAAAAARBjAAAAAAAAAABEGMAAAAAAAAECEAQwAAAAAAAAQYQADAAAAAAAARBjAAAAAAAAAABEGMAAAAAAAAECEAQwAAAAAAAAQYQADAAAAAAAARBjAAAAAAAAAABEGMAAAAAAAAECEAQwAAAAAAAAQYQADAAAAAAAARBjAAAAAAAAAABEGMAAAAAAAAECEAQwAAAAAAAAQYQADAAAAAAAARBjAAAAAAAAAABEGMAAAAAAAAECEAQwAAAAAAAAQYQADAAAAAAAARBjAAAAAAAAAABEGMAAAAAAAAECEAQwAAAAAAAAQYQADAAAAAAAARBjAAAAAAAAAABEGMAAAAAAAAECEAQwAAAAAAAAQYQADAAAAAAAARBjAAAAAAAAAABEGMAAAAAAAAECEAQwAAAAAAAAQYQADAAAAAAAARBjAAAAAAAAAABEGMAAAAAAAAECEAQwAAAAAAAAQYQADAAAAAAAARBjAAAAAAAAAABEGMAAAAAAAAECEAQwAAAAAAAAQYQADAAAAAAAARBjAAAAAAAAAABEGMAAAAAAAAECEAQwAAAAAAAAQYQADAAAAAAAARBjAAAAAAAAAABEGMAAAAAAAAECEAQwAAAAAAAAQYQADAAAAAAAARBjAAAAAAAAAABEGMAAAAAAAAECEAQwAAAAAAAAQYQADAAAAAAAARBjAAAAAAAAAABEGMAAAAAAAAECEAQwAAAAAAAAQYQADAAAAAAAARBjAAAAAAAAAABEGMAAAAAAAAECEAQwAAAAAAAAQYQADAAAAAAAARBjAAAAAAAAAABEGMAAAAAAAAECEAQwAAAAAAAAQYQADAAAAAAAARBjAAAAAAAAAABEGMAAAAAAAAECEAQwAAAAAAAAQYQADAAAAAAAARBjAAAAAAAAAABEGMAAAAAAAAECEAQwAAAAAAAAQYQADAAAAAAAARBjAAAAAAAAAABEGMAAAAAAAAECEAQwAAAAAAAAQYQADAAAAAAAARBjAAAAAAAAAABEGMAAAAAAAAECEAQwAAAAAAAAQYQADAAAAAAAARBjAAAAAAAAAABEGMAAAAAAAAECEAQwAAAAAAAAQYQADAAAAAAAARBjAAAAAAAAAABEGMAAAAAAAAECEAQwAAAAAAAAQYQADAAAAAAAARBjAAAAAAAAAABEGMAAAAAAAAECEAQwAAAAAAAAQYQADAAAAAAAARBjAAAAAAAAAABEGMAAAAAAAAECEAQwAAAAAAAAQYQADAAAAAAAARBjAAAAAAAAAABEGMAAAAAAAAECEAQwAAAAAAAAQYQADAAAAAAAARBjAAAAAAAAAABEGMAAAAAAAAECEAQwAAAAAAAAQYQADAAAAAAAARBjAAAAAAAAAABEGMAAAAAAAAECEAQwAAAAAAAAQYQADAAAAAAAARBjAAAAAAAAAABEGMAAAAAAAAECEAQwAAAAAAAAQYQADAAAAAAAARBjAAAAAAAAAABEGMAAAAAAAAECEAQwAAAAAAAAQYQADAAAAAAAARBjAAAAAAAAAABEGMAAAAAAAAECEAQwAAAAAAAAQYQADAAAAAAAARBjAAAAAAAAAABEGMAAAAAAAAECEAQwAAAAAAAAQYQADAAAAAAAARBjAAAAAAAAAABEGMAAAAAAAAECEAQwAAAAAAAAQYQADAAAAAAAARBjAAAAAAAAAABEGMAAAAAAAAECEAQwAAAAAAAAQYQADAAAAAAAARBjAAAAAAAAAABEGMAAAAAAAAECEAQwAAAAAAAAQYQADAAAAAAAARBjAAAAAAAAAABEGMAAAAAAAAECEAQwAAAAAAAAQYQADAAAAAAAARBjAAAAAAAAAABEGMAAAAAAAAECEAQwAAAAAAAAQYQADAAAAAAAARBjAAAAAAAAAABEGMAAAAAAAAECEAQwAAAAAAAAQYQADAAAAAAAARBjAAAAAAAAAABEGMAAAAAAAAECEAQwAAAAAAAAQYQADAAAAAAAARBjAAAAAAAAAABEGMAAAAAAAAECEAQwAAAAAAAAQYQADAAAAAAAARBjAAAAAAAAAABEGMAAAAAAAAECEAQwAAAAAAAAQYQADAAAAAAAARBjAAAAAAAAAABEGMAAAAAAAAECEAQwAAAAAAAAQYQADAAAAAAAARBjAAAAAAAAAABEGMAAAAAAAAECEAQwAAAAAAAAQYQADAAAAAAAARBjAAAAAAAAAABEGMAAAAAAAAECEAQwAAAAAAAAQYQADAAAAAAAARBjAAAAAAAAAABEGMAAAAAAAAECEAQwAAAAAAAAQYQADAAAAAAAARBjAAAAAAAAAABEGMAAAAAAAAECEAQwAAAAAAAAQYQADAAAAAAAARBjAAAAAAAAAABEGMAAAAAAAAECEAQwAAAAAAAAQYQADAAAAAAAARBjAAAAAAAAAABEGMAAAAAAAAECEAQwAAAAAAAAQYQADAAAAAAAARBjAAAAAAAAAABEGMAAAAAAAAECEAQwAAAAAAAAQYQADAAAAAAAARBjAAAAAAAAAABEGMAAAAAAAAECEAQwAAAAAAAAQYQADAAAAAAAARBjAAAAAAAAAABEGMAAAAAAAAECEAQwAAAAAAAAQYQADAAAAAAAARBjAAAAAAAAAABEGMAAAAAAAAECEAQwAAAAAAAAQYQADAAAAAAAARBjAAAAAAAAAABEGMAAAAAAAAECEAQwAAAAAAAAQYQADAAAAAAAARBjAAAAAAAAAABEGMAAAAAAAAECEAQwAAAAAAAAQYQADAAAAAAAARBjAAAAAAAAAABEGMAAAAAAAAECEAQwAAAAAAAAQYQADAAAAAAAARBjAAAAAAAAAABEGMAAAAAAAAECEAQwAAAAAAAAQYQADAAAAAAAARBjAAAAAAAAAABEGMAAAAAAAAECEAQwAAAAAAAAQYQADAAAAAAAARBjAAAAAAAAAABEGMAAAAAAAAECEAQwAAAAAAAAQYQADAAAAAAAARBjAAAAAAAAAABEGMAAAAAAAAECEAQwAAAAAAAAQYQADAAAAAAAARBjAAAAAAAAAABEGMAAAAAAAAECEAQwAAAAAAAAQYQADAAAAAAAARBjAAAAAAAAAABEGMAAAAAAAAECEAQwAAAAAAAAQYQADAAAAAAAARBjAAAAAAAAAABEGMAAAAAAAAECEAQwAAAAAAAAQYQADAAAAAAAARBjAAAAAAAAAABEGMAAAAAAAAECEAQwAAAAAAAAQYQADAAAAAAAARBjAAAAAAAAAABEGMAAAAAAAAECEAQwAAAAAAAAQYQADAAAAAAAARBjAAAAAAAAAABEGMAAAAAAAAECEAQwAAAAAAAAQYQADAAAAAAAARBjAAAAAAAAAABEGMAAAAAAAAECEAQwAAAAAAAAQYQADAAAAAAAARBjAAAAAAAAAABEGMAAAAAAAAECEAQwAAAAAAAAQYQADAAAAAAAARBjAAAAAAAAAABEGMAAAAAAAAECEAQwAAAAAAAAQYQADAAAAAAAARBjAAAAAAAAAABEGMAAAAAAAAECEAQwAAAAAAAAQYQADAAAAAAAARBjAAAAAAAAAABEGMAAAAAAAAECEAQwAAAAAAAAQYQADAAAAAAAARBjAAAAAAAAAABEGMAAAAAAAAECEAQwAAAAAAAAQYQADAAAAAAAARBjAAAAAAAAAABEGMAAAAAAAAECEAQwAAAAAAAAQYQADAAAAAAAARBjAAAAAAAAAABEGMAAAAAAAAECEAQwAAAAAAAAQYQADAAAAAAAARBjAAAAAAAAAABEGMAAAAAAAAECEAQwAAAAAAAAQYQADAAAAAAAARBjAAAAAAAAAABEGMAAAAAAAAECEAQwAAAAAAAAQYQADAAAAAAAARBjAAAAAAAAAABEGMAAAAAAAAECEAQwAAAAAAAAQYQADAAAAAAAARBjAAAAAAAAAABEGMAAAAAAAAECEAQwAAAAAAAAQYQADAAAAAAAARBjAAAAAAAAAABEGMAAAAAAAAECEAQwAAAAAAAAQYQADAAAAAAAARBjAAAAAAAAAABEGMAAAAAAAAECEAQwAAAAAAAAQYQADAAAAAAAARBjAAAAAAAAAABEGMAAAAAAAAECEAQwAAAAAAAAQYQADAAAAAAAARBjAAAAAAAAAABEGMAAAAAAAAECEAQwAAAAAAAAQYQADAAAAAAAARBjAAAAAAAAAABEGMAAAAAAAAECEAQwAAAAAAAAQYQADAAAAAAAARBjAAAAAAAAAABEGMAAAAAAAAECEAQwAAAAAAAAQYQADAAAAAAAARBjAAAAAAAAAABEGMAAAAAAAAECEAQwAAAAAAAAQYQADAAAAAAAARBjAAAAAAAAAABEGMAAAAAAAAECEAQwAAAAAAAAQYQADAAAAAAAARBjAAAAAAAAAABEGMAAAAAAAAECEAQwAAAAAAAAQYQADAAAAAAAARBjAAAAAAAAAABEGMAAAAAAAAECEAQwAAAAAAAAQYQADAAAAAAAARBjAAAAAAAAAABEGMAAAAAAAAECEAQwAAAAAAAAQYQADAAAAAAAARBjAAAAAAAAAABEGMAAAAAAAAECEAQwAAAAAAAAQYQADAAAAAAAARBjAAAAAAAAAABEGMAAAAAAAAECEAQwAAAAAAAAQYQADAAAAAAAARBjAAAAAAAAAABEGMAAAAAAAAECEAQwAAAAAAAAQYQADAAAAAAAARBjAAAAAAAAAABEGMAAAAAAAAECEAQwAAAAAAAAQYQADAAAAAAAARBjAAAAAAAAAABEGMAAAAAAAAECEAQwAAAAAAAAQYQADAAAAAAAARBjAAAAAAAAAABEGMAAAAAAAAECEAQwAAAAAAAAQYQADAAAAAAAARBjAAAAAAAAAABEGMAAAAAAAAECEAQwAAAAAAAAQYQADAAAAAAAARBjAAAAAAAAAABEGMAAAAAAAAECEAQwAAAAAAAAQYQADAAAAAAAARBjAAAAAAAAAABEGMAAAAAAAAECEAQwAAAAAAAAQYQADAAAAAAAARBjAAAAAAAAAABEGMAAAAAAAAECEAQwAAAAAAAAQYQADAAAAAAAARBjAAAAAAAAAABEGMAAAAAAAAECEAQwAAAAAAAAQYQADAAAAAAAARBjAAAAAAAAAABEGMAAAAAAAAECEAQwAAAAAAAAQYQADAAAAAAAARBjAAAAAAAAAABEGMAAAAAAAAECEAQwAAAAAAAAQYQADAAAAAAAARBjAAAAAAAAAABEGMAAAAAAAAECEAQwAAAAAAAAQYQADAAAAAAAARBjAAAAAAAAAABEGMAAAAAAAAECEAQwAAAAAAAAQYQADAAAAAAAARBjAAAAAAAAAABEGMAAAAAAAAECEAQwAAAAAAAAQYQADAAAAAAAARBjAAAAAAAAAABEGMAAAAAAAAECEAQwAAAAAAAAQYQADAAAAAAAARBjAAAAAAAAAABEGMAAAAAAAAECEAQwAAAAAAAAQYQADAAAAAAAARBjAAAAAAAAAABEGMAAAAAAAAECEAQwAAAAAAAAQYQADAAAAAAAARBjAAAAAAAAAABEGMAAAAAAAAECEAQwAAAAAAAAQYQADAAAAAAAARBjAAAAAAAAAABEGMAAAAAAAAECEAQwAAAAAAAAQYQADAAAAAAAARBjAAAAAAAAAABEGMAAAAAAAAECEAQwAAAAAAAAQYQADAAAAAAAARBjAAAAAAAAAABEGMAAAAAAAAECEAQwAAAAAAAAQYQADAAAAAAAARBjAAAAAAAAAABEGMAAAAAAAAECEAQwAAAAAAAAQYQADAAAAAAAARBjAAAAAAAAAABEGMAAAAAAAAECEAQwAAAAAAAAQYQADAAAAAAAARBjAAAAAAAAAABEGMAAAAAAAAECEAQwAAAAAAAAQYQADAAAAAAAARBjAAAAAAAAAABEGMAAAAAAAAECEAQwAAAAAAAAQYQADAAAAAAAARBjAAAAAAAAAABEGMAAAAAAAAECEAQwAAAAAAAAQYQADAAAAAAAARBjAAAAAAAAAABEGMAAAAAAAAECEAQwAAAAAAAAQYQADAAAAAAAARBjAAAAAAAAAABEGMAAAAAAAAECEAQwAAAAAAAAQYQADAAAAAAAARBjAAAAAAAAAABEGMAAAAAAAAECEAQwAAAAAAAAQYQADAAAAAAAARBjAAAAAAAAAABEGMAAAAAAAAECEAQwAAAAAAAAQYQADAAAAAAAARBjAAAAAAAAAABEGMAAAAAAAAECEAQwAAAAAAAAQYQADAAAAAAAARBjAAAAAAAAAABEGMAAAAAAAAECEAQwAAAAAAAAQYQADAAAAAAAARBjAAAAAAAAAABEGMAAAAAAAAECEAQwAAAAAAAAQYQADAAAAAAAARBjAAAAAAAAAABEGMAAAAAAAAECEAQwAAAAAAAAQYQADAAAAAAAARBjAAAAAAAAAABEGMAAAAAAAAECEAQwAAAAAAAAQYQADAAAAAAAARBjAAAAAAAAAABEGMAAAAAAAAECEAQwAAAAAAAAQYQADAAAAAAAARBjAAAAAAAAAABEGMAAAAAAAAECEAQwAAAAAAAAQYQADAAAAAAAARBjAAAAAAAAAABEGMAAAAAAAAECEAQwAAAAAAAAQYQADAAAAAAAARBjAAAAAAAAAABEGMAAAAAAAAECEAQwAAAAAAAAQYQADAAAAAAAARBjAAAAAAAAAABEGMAAAAAAAAECEAQwAAAAAAAAQYQADAAAAAADs9uxABgAAAGCQv/U9vtIIYEIAAwAAAAAAAEwIYAAAAAAAAIAJAQwAAAAAAAAwIYABAAAAAAAAJgQwAAAAAAAAwIQABgAAAAAAAJgQwAAAAAAAAAATAhgAAAAAAABgQgADAAAAAAAATAhgAAAAAAAAgAkBDAAAAAAAADAhgAEAAAAAAAAmBDAAAAAAAADAhAAGAAAAAAAAmBDAAAAAAAAAABMCGAAAAAAAAGBCAAMAAAAAAABMCGAAAAAAAACACQEMAAAAAAAAMCGAAQAAAAAAACYEMAAAAAAAAMCEAAYAAAAAAACYEMAAAAAAAAAAEwIYAAAAAAAAYEIAAwAAAAAAAEwIYAAAAAAAAIAJAQwAAAAAAAAwIYABAAAAAAAAJgQwAAAAAAAAwIQABgAAAAAAAJgQwAAAAAAAAAATAhgAAAAAAABgQgADAAAAAAAATAhgAAAAAAAAgAkBDAAAAAAAADAhgAEAAAAAAAAmBDAAAAAAAADAhAAGAAAAAAAAmBDAAAAAAAAAABMCGAAAAAAAAGBCAAMAAAAAAABMCGAAAAAAAACACQEMAAAAAAAAMCGAAQAAAAAAACYEMAAAAAAAAMCEAAYAAAAAAACYEMAAAAAAAAAAEwIYAAAAAAAAYEIAAwAAAAAAAEwIYAAAAAAAAIAJAQwAAAAAAAAwIYABAAAAAAAAJgQwAAAAAAAAwIQABgAAAAAAAJgQwAAAAAAAAAATAhgAAAAAAABgQgADAAAAAAAATAhgAAAAAAAAgAkBDAAAAAAAADAhgAEAAAAAAAAmBDAAAAAAAADAhAAGAAAAAAAAmBDAAAAAAAAAABMCGAAAAAAAAGBCAAMAAAAAAABMCGAAAAAAAACACQEMAAAAAAAAMCGAAQAAAAAAACYEMAAAAAAAAMCEAAYAAAAAAACYEMAAAAAAAAAAEwIYAAAAAAAAYEIAAwAAAAAAAEwIYAAAAAAAAIAJAQwAAAAAAAAwIYABAAAAAAAAJgQwAAAAAAAAwIQABgAAAAAAAJgQwAAAAAAAAAATAhgAAAAAAABgQgADAAAAAAAATAhgAAAAAAAAgAkBDAAAAAAAADAhgAEAAAAAAAAmBDAAAAAAAADAhAAGAAAAAAAAmBDAAAAAAAAAABMCGAAAAAAAAGBCAAMAAAAAAABMCGAAAAAAAACACQEMAAAAAAAAMCGAAQAAAAAAACYEMAAAAAAAAMCEAAYAAAAAAACYEMAAAAAAAAAAEwIYAAAAAAAAYEIAAwAAAAAAAEwIYAAAAAAAAIAJAQwAAAAAAAAwIYABAAAAAAAAJgQwAAAAAAAAwIQABgAAAAAAAJgQwAAAAAAAAAATAhgAAAAAAABgQgADAAAAAAAATAhgAAAAAAAAgAkBDAAAAAAAADAhgAEAAAAAAAAmBDAAAAAAAADAhAAGAAAAAAAAmBDAAAAAAAAAABMCGAAAAAAAAGBCAAMAAAAAAABMCGAAAAAAAACACQEMAAAAAAAAMCGAAQAAAAAAACYEMAAAAAAAAMCEAAYAAAAAAACYEMAAAAAAAAAAEwIYAAAAAAAAYEIAAwAAAAAAAEwIYAAAAAAAAIAJAQwAAAAAAAAwIYABAAAAAAAAJgQwAAAAAAAAwIQABgAAAAAAAJgQwAAAAAAAAAATAhgAAAAAAABgQgADAAAAAAAATAhgAAAAAAAAgAkBDAAAAAAAADAhgAEAAAAAAAAmBDAAAAAAAADAhAAGAAAAAAAAmBDAAAAAAAAAABMCGAAAAAAAAGBCAAMAAAAAAABMCGAAAAAAAACACQEMAAAAAAAAMCGAAQAAAAAAACYEMAAAAAAAAMCEAAYAAAAAAACYEMAAAAAAAAAAEwIYAAAAAAAAYEIAAwAAAAAAAEwIYAAAAAAAAIAJAQwAAAAAAAAwIYABAAAAAAAAJgQwAAAAAAAAwIQABgAAAAAAAJgQwAAAAAAAAAATAhgAAAAAAABgQgADAAAAAAAATAhgAAAAAAAAgAkBDAAAAAAAADAhgAEAAAAAAAAmBDAAAAAAAADAhAAGAAAAAAAAmBDAAAAAAAAAABMCGAAAAAAAAGBCAAMAAAAAAABMCGAAAAAAAACACQEMAAAAAAAAMCGAAQAAAAAAACYEMAAAAAAAAMCEAAYAAAAAAACYEMAAAAAAAAAAEwIYAAAAAAAAYEIAAwAAAAAAAEwIYAAAAAAAAIAJAQwAAAAAAAAwIYABAAAAAAAAJgQwAAAAAAAAwIQABgAAAAAAAJgQwAAAAAAAAAATAhgAAAAAAABgQgADAAAAAAAATAhgAAAAAAAAgAkBDAAAAAAAADAhgAEAAAAAAAAmBDAAAAAAAADAhAAGAAAAAAAAmBDAAAAAAAAAABMCGAAAAAAAAGBCAAMAAAAAAABMCGAAAAAAAACACQEMAAAAAAAAMCGAAQAAAAAAACYEMAAAAAAAAMCEAAYAAAAAAACYEMAAAAAAAAAAEwIYAAAAAAAAYEIAAwAAAAAAAEwIYAAAAAAAAIAJAQwAAAAAAAAwIYABAAAAAAAAJgQwAAAAAAAAwIQABgAAAAAAAJgQwAAAAAAAAAATAhgAAAAAAABgQgADAAAAAAAATAhgAAAAAAAAgAkBDAAAAAAAADAhgAEAAAAAAAAmBDAAAAAAAADAhAAGAAAAAAAAmBDAAAAAAAAAABMCGAAAAAAAAGBCAAMAAAAAAABMCGAAAAAAAACACQEMAAAAAAAAMCGAAQAAAAAAACYEMAAAAAAAAMCEAAYAAAAAAACYEMAAAAAAAAAAEwIYAAAAAAAAYEIAAwAAAAAAAEwIYAAAAAAAAIAJAQwAAAAAAAAwIYABAAAAAAAAJgQwAAAAAAAAwIQABgAAAAAAAJgQwAAAAAAAAAATAhgAAAAAAABgQgADAAAAAAAATAhgAAAAAAAAgAkBDAAAAAAAADAhgAEAAAAAAAAmBDAAAAAAAADAhAAGAAAAAAAAmBDAAAAAAAAAABMCGAAAAAAAAGBCAAMAAAAAAABMCGAAAAAAAACACQEMAAAAAAAAMCGAAQAAAAAAACYEMAAAAAAAAMCEAAYAAAAAAACYEMAAAAAAAAAAEwIYAAAAAAAAYEIAAwAAAAAAAEwIYAAAAAAAAIAJAQwAAAAAAAAwIYABAAAAAAAAJgQwAAAAAAAAwIQABgAAAAAAAJgQwAAAAAAAAAATAhgAAAAAAABgQgADAAAAAAAATAhgAAAAAAAAgAkBDAAAAAAAADAhgAEAAAAAAAAmBDAAAAAAAADAhAAGAAAAAAAAmBDAAAAAAAAAABMCGAAAAAAAAGBCAAMAAAAAAABMCGAAAAAAAACACQEMAAAAAAAAMCGAAQAAAAAAACYEMAAAAAAAAMCEAAYAAAAAAACYEMAAAAAAAAAAEwIYAAAAAAAAYEIAAwAAAAAAAEwIYAAAAAAAAIAJAQwAAAAAAAAwIYABAAAAAAAAJgQwAAAAAAAAwIQABgAAAAAAAJgQwAAAAAAAAAATAhgAAAAAAABgQgADAAAAAAAATAhgAAAAAAAAgAkBDAAAAAAAADAhgAEAAAAAAAAmBDAAAAAAAADAhAAGAAAAAAAAmBDAAAAAAAAAABMCGAAAAAAAAGBCAAMAAAAAAABMCGAAAAAAAACACQEMAAAAAAAAMCGAAQAAAAAAACYEMAAAAAAAAMCEAAYAAAAAAACYEMAAAAAAAAAAEwIYAAAAAAAAYEIAAwAAAAAAAEwIYAAAAAAAAIAJAQwAAAAAAAAwIYABAAAAAAAAJgQwAAAAAAAAwEQ/Vwr0lmKNAAAAAUlEQVRz4TRdbgAAAABJRU5ErkJggg==" height="600" width="800" />
<img src="data:image/png;base64,iVBORw0KGgoAAAANSUhEUgAAB4AAAANHCAYAAADXAEDZAAAAAXNSR0IArs4c6QAAIABJREFUeJzs2bENgDAAwLDS/98tCwN9ohIisi/InutezzsAAAAAAAAA+L35dQAAAAAAAAAAZxjAAAAAAAAAABEGMAAAAAAAAECEAQwAAAAAAAAQYQADAAAAAAAARBjAAAAAAAAAABEGMAAAAAAAAECEAQwAAAAAAAAQYQADAAAAAAAARBjAAAAAAAAAABEGMAAAAAAAAECEAQwAAAAAAAAQYQADAAAAAAAARBjAAAAAAAAAABEGMAAAAAAAAECEAQwAAAAAAAAQYQADAAAAAAAARBjAAAAAAAAAABEGMAAAAAAAAECEAQwAAAAAAAAQYQADAAAAAAAARBjAAAAAAAAAABEGMAAAAAAAAECEAQwAAAAAAAAQYQADAAAAAAAARBjAAAAAAAAAABEGMAAAAAAAAECEAQwAAAAAAAAQYQADAAAAAAAARBjAAAAAAAAAABEGMAAAAAAAAECEAQwAAAAAAAAQYQADAAAAAAAARBjAAAAAAAAAABEGMAAAAAAAAECEAQwAAAAAAAAQYQADAAAAAAAARBjAAAAAAAAAABEGMAAAAAAAAECEAQwAAAAAAAAQYQADAAAAAAAARBjAAAAAAAAAABEGMAAAAAAAAECEAQwAAAAAAAAQYQADAAAAAAAARBjAAAAAAAAAABEGMAAAAAAAAECEAQwAAAAAAAAQYQADAAAAAAAARBjAAAAAAAAAABEGMAAAAAAAAECEAQwAAAAAAAAQYQADAAAAAAAARBjAAAAAAAAAABEGMAAAAAAAAECEAQwAAAAAAAAQYQADAAAAAAAARBjAAAAAAAAAABEGMAAAAAAAAECEAQwAAAAAAAAQYQADAAAAAAAARBjAAAAAAAAAABEGMAAAAAAAAECEAQwAAAAAAAAQYQADAAAAAAAARBjAAAAAAAAAABEGMAAAAAAAAECEAQwAAAAAAAAQYQADAAAAAAAARBjAAAAAAAAAABEGMAAAAAAAAECEAQwAAAAAAAAQYQADAAAAAAAARBjAAAAAAAAAABEGMAAAAAAAAECEAQwAAAAAAAAQYQADAAAAAAAARBjAAAAAAAAAABEGMAAAAAAAAECEAQwAAAAAAAAQYQADAAAAAAAARBjAAAAAAAAAABEGMAAAAAAAAECEAQwAAAAAAAAQYQADAAAAAAAARBjAAAAAAAAAABEGMAAAAAAAAECEAQwAAAAAAAAQYQADAAAAAAAARBjAAAAAAAAAABEGMAAAAAAAAECEAQwAAAAAAAAQYQADAAAAAAAARBjAAAAAAAAAABEGMAAAAAAAAECEAQwAAAAAAAAQYQADAAAAAAAARBjAAAAAAAAAABEGMAAAAAAAAECEAQwAAAAAAAAQYQADAAAAAAAARBjAAAAAAAAAABEGMAAAAAAAAECEAQwAAAAAAAAQYQADAAAAAAAARBjAAAAAAAAAABEGMAAAAAAAAECEAQwAAAAAAAAQYQADAAAAAAAARBjAAAAAAAAAABEGMAAAAAAAAECEAQwAAAAAAAAQYQADAAAAAAAARBjAAAAAAAAAABEGMAAAAAAAAECEAQwAAAAAAAAQYQADAAAAAAAARBjAAAAAAAAAABEGMAAAAAAAAECEAQwAAAAAAAAQYQADAAAAAAAARBjAAAAAAAAAABEGMAAAAAAAAECEAQwAAAAAAAAQYQADAAAAAAAARBjAAAAAAAAAABEGMAAAAAAAAECEAQwAAAAAAAAQYQADAAAAAAAARBjAAAAAAAAAABEGMAAAAAAAAECEAQwAAAAAAAAQYQADAAAAAAAARBjAAAAAAAAAABEGMAAAAAAAAECEAQwAAAAAAAAQYQADAAAAAAAARBjAAAAAAAAAABEGMAAAAAAAAECEAQwAAAAAAAAQYQADAAAAAAAARBjAAAAAAAAAABEGMAAAAAAAAECEAQwAAAAAAAAQYQADAAAAAAAARBjAAAAAAAAAABEGMAAAAAAAAECEAQwAAAAAAAAQYQADAAAAAAAARBjAAAAAAAAAABEGMAAAAAAAAECEAQwAAAAAAAAQYQADAAAAAAAARBjAAAAAAAAAABEGMAAAAAAAAECEAQwAAAAAAAAQYQADAAAAAAAARBjAAAAAAAAAABEGMAAAAAAAAECEAQwAAAAAAAAQYQADAAAAAAAARBjAAAAAAAAAABEGMAAAAAAAAECEAQwAAAAAAAAQYQADAAAAAAAARBjAAAAAAAAAABEGMAAAAAAAAECEAQwAAAAAAAAQYQADAAAAAAAARBjAAAAAAAAAABEGMAAAAAAAAECEAQwAAAAAAAAQYQADAAAAAAAARBjAAAAAAAAAABEGMAAAAAAAAECEAQwAAAAAAAAQYQADAAAAAAAARBjAAAAAAAAAABEGMAAAAAAAAECEAQwAAAAAAAAQYQADAAAAAAAARBjAAAAAAAAAABEGMAAAAAAAAECEAQwAAAAAAAAQYQADAAAAAAAARBjAAAAAAAAAABEGMAAAAAAAAECEAQwAAAAAAAAQYQADAAAAAAAARBjAAAAAAAAAABEGMAAAAAAAAECEAQwAAAAAAAAQYQADAAAAAAAARBjAAAAAAAAAABEGMAAAAAAAAECEAQwAAAAAAAAQYQADAAAAAAAARBjAAAAAAAAAABEGMAAAAAAAAECEAQwAAAAAAAAQYQADAAAAAAAARBjAAAAAAAAAABEGMAAAAAAAAECEAQwAAAAAAAAQYQADAAAAAAAARBjAAAAAAAAAABEGMAAAAAAAAECEAQwAAAAAAAAQYQADAAAAAAAARBjAAAAAAAAAABEGMAAAAAAAAECEAQwAAAAAAAAQYQADAAAAAAAARBjAAAAAAAAAABEGMAAAAAAAAECEAQwAAAAAAAAQYQADAAAAAAAARBjAAAAAAAAAABEGMAAAAAAAAECEAQwAAAAAAAAQYQADAAAAAAAARBjAAAAAAAAAABEGMAAAAAAAAECEAQwAAAAAAAAQYQADAAAAAAAARBjAAAAAAAAAABEGMAAAAAAAAECEAQwAAAAAAAAQYQADAAAAAAAARBjAAAAAAAAAABEGMAAAAAAAAECEAQwAAAAAAAAQYQADAAAAAAAARBjAAAAAAAAAABEGMAAAAAAAAECEAQwAAAAAAAAQYQADAAAAAAAARBjAAAAAAAAAABEGMAAAAAAAAECEAQwAAAAAAAAQYQADAAAAAAAARBjAAAAAAAAAABEGMAAAAAAAAECEAQwAAAAAAAAQYQADAAAAAAAARBjAAAAAAAAAABEGMAAAAAAAAECEAQwAAAAAAAAQYQADAAAAAAAARBjAAAAAAAAAABEGMAAAAAAAAECEAQwAAAAAAAAQYQADAAAAAAAARBjAAAAAAAAAABEGMAAAAAAAAECEAQwAAAAAAAAQYQADAAAAAAAARBjAAAAAAAAAABEGMAAAAAAAAECEAQwAAAAAAAAQYQADAAAAAAAARBjAAAAAAAAAABEGMAAAAAAAAECEAQwAAAAAAAAQYQADAAAAAAAARBjAAAAAAAAAABEGMAAAAAAAAECEAQwAAAAAAAAQYQADAAAAAAAARBjAAAAAAAAAABEGMAAAAAAAAECEAQwAAAAAAAAQYQADAAAAAAAARBjAAAAAAAAAABEGMAAAAAAAAECEAQwAAAAAAAAQYQADAAAAAAAARBjAAAAAAAAAABEGMAAAAAAAAECEAQwAAAAAAAAQYQADAAAAAAAARBjAAAAAAAAAABEGMAAAAAAAAECEAQwAAAAAAAAQYQADAAAAAAAARBjAAAAAAAAAABEGMAAAAAAAAECEAQwAAAAAAAAQYQADAAAAAAAARBjAAAAAAAAAABEGMAAAAAAAAECEAQwAAAAAAAAQYQADAAAAAAAARBjAAAAAAAAAABEGMAAAAAAAAECEAQwAAAAAAAAQYQADAAAAAAAARBjAAAAAAAAAABEGMAAAAAAAAECEAQwAAAAAAAAQYQADAAAAAAAARBjAAAAAAAAAABEGMAAAAAAAAECEAQwAAAAAAAAQYQADAAAAAAAARBjAAAAAAAAAABEGMAAAAAAAAECEAQwAAAAAAAAQYQADAAAAAAAARBjAAAAAAAAAABEGMAAAAAAAAECEAQwAAAAAAAAQYQADAAAAAAAARBjAAAAAAAAAABEGMAAAAAAAAECEAQwAAAAAAAAQYQADAAAAAAAARBjAAAAAAAAAABEGMAAAAAAAAECEAQwAAAAAAAAQYQADAAAAAAAARBjAAAAAAAAAABEGMAAAAAAAAECEAQwAAAAAAAAQYQADAAAAAAAARBjAAAAAAAAAABEGMAAAAAAAAECEAQwAAAAAAAAQYQADAAAAAAAARBjAAAAAAAAAABEGMAAAAAAAAECEAQwAAAAAAAAQYQADAAAAAAAARBjAAAAAAAAAABEGMAAAAAAAAECEAQwAAAAAAAAQYQADAAAAAAAARBjAAAAAAAAAABEGMAAAAAAAAECEAQwAAAAAAAAQYQADAAAAAAAARBjAAAAAAAAAABEGMAAAAAAAAECEAQwAAAAAAAAQYQADAAAAAAAARBjAAAAAAAAAABEGMAAAAAAAAECEAQwAAAAAAAAQYQADAAAAAAAARBjAAAAAAAAAABEGMAAAAAAAAECEAQwAAAAAAAAQYQADAAAAAAAARBjAAAAAAAAAABEGMAAAAAAAAECEAQwAAAAAAAAQYQADAAAAAAAARBjAAAAAAAAAABEGMAAAAAAAAECEAQwAAAAAAAAQYQADAAAAAAAARBjAAAAAAAAAABEGMAAAAAAAAECEAQwAAAAAAAAQYQADAAAAAAAARBjAAAAAAAAAABEGMAAAAAAAAECEAQwAAAAAAAAQYQADAAAAAAAARBjAAAAAAAAAABEGMAAAAAAAAECEAQwAAAAAAAAQYQADAAAAAAAARBjAAAAAAAAAABEGMAAAAAAAAECEAQwAAAAAAAAQYQADAAAAAAAARBjAAAAAAAAAABEGMAAAAAAAAECEAQwAAAAAAAAQYQADAAAAAAAARBjAAAAAAAAAABEGMAAAAAAAAECEAQwAAAAAAAAQYQADAAAAAAAARBjAAAAAAAAAABEGMAAAAAAAAECEAQwAAAAAAAAQYQADAAAAAAAARBjAAAAAAAAAABEGMAAAAAAAAECEAQwAAAAAAAAQYQADAAAAAAAARBjAAAAAAAAAABEGMAAAAAAAAECEAQwAAAAAAAAQYQADAAAAAAAARBjAAAAAAAAAABEGMAAAAAAAAECEAQwAAAAAAAAQYQADAAAAAAAARBjAAAAAAAAAABEGMAAAAAAAAECEAQwAAAAAAAAQYQADAAAAAAAARBjAAAAAAAAAABEGMAAAAAAAAECEAQwAAAAAAAAQYQADAAAAAAAARBjAAAAAAAAAABEGMAAAAAAAAECEAQwAAAAAAAAQYQADAAAAAAAARBjAAAAAAAAAABEGMAAAAAAAAECEAQwAAAAAAAAQYQADAAAAAAAARBjAAAAAAAAAABEGMAAAAAAAAECEAQwAAAAAAAAQYQADAAAAAAAARBjAAAAAAAAAABEGMAAAAAAAAECEAQwAAAAAAAAQYQADAAAAAAAARBjAAAAAAAAAABEGMAAAAAAAAECEAQwAAAAAAAAQYQADAAAAAAAARBjAAAAAAAAAABEGMAAAAAAAAECEAQwAAAAAAAAQYQADAAAAAAAARBjAAAAAAAAAABEGMAAAAAAAAECEAQwAAAAAAAAQYQADAAAAAAAARBjAAAAAAAAAABEGMAAAAAAAAECEAQwAAAAAAAAQYQADAAAAAAAARBjAAAAAAAAAABEGMAAAAAAAAECEAQwAAAAAAAAQYQADAAAAAAAARBjAAAAAAAAAABEGMAAAAAAAAECEAQwAAAAAAAAQYQADAAAAAAAARBjAAAAAAAAAABEGMAAAAAAAAECEAQwAAAAAAAAQYQADAAAAAAAARBjAAAAAAAAAABEGMAAAAAAAAECEAQwAAAAAAAAQYQADAAAAAAAARBjAAAAAAAAAABEGMAAAAAAAAECEAQwAAAAAAAAQYQADAAAAAAAARBjAAAAAAAAAABEGMAAAAAAAAECEAQwAAAAAAAAQYQADAAAAAAAARBjAAAAAAAAAABEGMAAAAAAAAECEAQwAAAAAAAAQYQADAAAAAAAARBjAAAAAAAAAABEGMAAAAAAAAECEAQwAAAAAAAAQYQADAAAAAAAARBjAAAAAAAAAABEGMAAAAAAAAECEAQwAAAAAAAAQYQADAAAAAAAARBjAAAAAAAAAABEGMAAAAAAAAECEAQwAAAAAAAAQYQADAAAAAAAARBjAAAAAAAAAABEGMAAAAAAAAECEAQwAAAAAAAAQYQADAAAAAAAARBjAAAAAAAAAABEGMAAAAAAAAECEAQwAAAAAAAAQYQADAAAAAAAARBjAAAAAAAAAABEGMAAAAAAAAECEAQwAAAAAAAAQYQADAAAAAAAARBjAAAAAAAAAABEGMAAAAAAAAECEAQwAAAAAAAAQYQADAAAAAAAARBjAAAAAAAAAABEGMAAAAAAAAECEAQwAAAAAAAAQYQADAAAAAAAARBjAAAAAAAAAABEGMAAAAAAAAECEAQwAAAAAAAAQYQADAAAAAAAARBjAAAAAAAAAABEGMAAAAAAAAECEAQwAAAAAAAAQYQADAAAAAAAARBjAAAAAAAAAABEGMAAAAAAAAECEAQwAAAAAAAAQYQADAAAAAAAARBjAAAAAAAAAABEGMAAAAAAAAECEAQwAAAAAAAAQYQADAAAAAAAARBjAAAAAAAAAABEGMAAAAAAAAECEAQwAAAAAAAAQYQADAAAAAAAARBjAAAAAAAAAABEGMAAAAAAAAECEAQwAAAAAAAAQYQADAAAAAAAARBjAAAAAAAAAABEGMAAAAAAAAECEAQwAAAAAAAAQYQADAAAAAAAARBjAAAAAAAAAABEGMAAAAAAAAECEAQwAAAAAAAAQYQADAAAAAAAARBjAAAAAAAAAABEGMAAAAAAAAECEAQwAAAAAAAAQYQADAAAAAAAARBjAAAAAAAAAABEGMAAAAAAAAECEAQwAAAAAAAAQYQADAAAAAAAARBjAAAAAAAAAABEGMAAAAAAAAECEAQwAAAAAAAAQYQADAAAAAADs9uxABgAAAGCQv/U9vtIIYEIAAwAAAAAAAEwIYAAAAAAAAIAJAQwAAAAAAAAwIYABAAAAAAAAJgQwAAAAAAAAwIQABgAAAAAAAJgQwAAAAAAAAAATAhgAAAAAAABgQgADAAAAAAAATAhgAAAAAAAAgAkBDAAAAAAAADAhgAEAAAAAAAAmBDAAAAAAAADAhAAGAAAAAAAAmBDAAAAAAAAAABMCGAAAAAAAAGBCAAMAAAAAAABMCGAAAAAAAACACQEMAAAAAAAAMCGAAQAAAAAAACYEMAAAAAAAAMCEAAYAAAAAAACYEMAAAAAAAAAAEwIYAAAAAAAAYEIAAwAAAAAAAEwIYAAAAAAAAIAJAQwAAAAAAAAwIYABAAAAAAAAJgQwAAAAAAAAwIQABgAAAAAAAJgQwAAAAAAAAAATAhgAAAAAAABgQgADAAAAAAAATAhgAAAAAAAAgAkBDAAAAAAAADAhgAEAAAAAAAAmBDAAAAAAAADAhAAGAAAAAAAAmBDAAAAAAAAAABMCGAAAAAAAAGBCAAMAAAAAAABMCGAAAAAAAACACQEMAAAAAAAAMCGAAQAAAAAAACYEMAAAAAAAAMCEAAYAAAAAAACYEMAAAAAAAAAAEwIYAAAAAAAAYEIAAwAAAAAAAEwIYAAAAAAAAIAJAQwAAAAAAAAwIYABAAAAAAAAJgQwAAAAAAAAwIQABgAAAAAAAJgQwAAAAAAAAAATAhgAAAAAAABgQgADAAAAAAAATAhgAAAAAAAAgAkBDAAAAAAAADAhgAEAAAAAAAAmBDAAAAAAAADAhAAGAAAAAAAAmBDAAAAAAAAAABMCGAAAAAAAAGBCAAMAAAAAAABMCGAAAAAAAACACQEMAAAAAAAAMCGAAQAAAAAAACYEMAAAAAAAAMCEAAYAAAAAAACYEMAAAAAAAAAAEwIYAAAAAAAAYEIAAwAAAAAAAEwIYAAAAAAAAIAJAQwAAAAAAAAwIYABAAAAAAAAJgQwAAAAAAAAwIQABgAAAAAAAJgQwAAAAAAAAAATAhgAAAAAAABgQgADAAAAAAAATAhgAAAAAAAAgAkBDAAAAAAAADAhgAEAAAAAAAAmBDAAAAAAAADAhAAGAAAAAAAAmBDAAAAAAAAAABMCGAAAAAAAAGBCAAMAAAAAAABMCGAAAAAAAACACQEMAAAAAAAAMCGAAQAAAAAAACYEMAAAAAAAAMCEAAYAAAAAAACYEMAAAAAAAAAAEwIYAAAAAAAAYEIAAwAAAAAAAEwIYAAAAAAAAIAJAQwAAAAAAAAwIYABAAAAAAAAJgQwAAAAAAAAwIQABgAAAAAAAJgQwAAAAAAAAAATAhgAAAAAAABgQgADAAAAAAAATAhgAAAAAAAAgAkBDAAAAAAAADAhgAEAAAAAAAAmBDAAAAAAAADAhAAGAAAAAAAAmBDAAAAAAAAAABMCGAAAAAAAAGBCAAMAAAAAAABMCGAAAAAAAACACQEMAAAAAAAAMCGAAQAAAAAAACYEMAAAAAAAAMCEAAYAAAAAAACYEMAAAAAAAAAAEwIYAAAAAAAAYEIAAwAAAAAAAEwIYAAAAAAAAIAJAQwAAAAAAAAwIYABAAAAAAAAJgQwAAAAAAAAwIQABgAAAAAAAJgQwAAAAAAAAAATAhgAAAAAAABgQgADAAAAAAAATAhgAAAAAAAAgAkBDAAAAAAAADAhgAEAAAAAAAAmBDAAAAAAAADAhAAGAAAAAAAAmBDAAAAAAAAAABMCGAAAAAAAAGBCAAMAAAAAAABMCGAAAAAAAACACQEMAAAAAAAAMCGAAQAAAAAAACYEMAAAAAAAAMCEAAYAAAAAAACYEMAAAAAAAAAAEwIYAAAAAAAAYEIAAwAAAAAAAEwIYAAAAAAAAIAJAQwAAAAAAAAwIYABAAAAAAAAJgQwAAAAAAAAwIQABgAAAAAAAJgQwAAAAAAAAAATAhgAAAAAAABgQgADAAAAAAAATAhgAAAAAAAAgAkBDAAAAAAAADAhgAEAAAAAAAAmBDAAAAAAAADAhAAGAAAAAAAAmBDAAAAAAAAAABMCGAAAAAAAAGBCAAMAAAAAAABMCGAAAAAAAACACQEMAAAAAAAAMCGAAQAAAAAAACYEMAAAAAAAAMCEAAYAAAAAAACYEMAAAAAAAAAAEwIYAAAAAAAAYEIAAwAAAAAAAEwIYAAAAAAAAIAJAQwAAAAAAAAwIYABAAAAAAAAJgQwAAAAAAAAwIQABgAAAAAAAJgQwAAAAAAAAAATAhgAAAAAAABgQgADAAAAAAAATAhgAAAAAAAAgAkBDAAAAAAAADAhgAEAAAAAAAAmBDAAAAAAAADAhAAGAAAAAAAAmBDAAAAAAAAAABMCGAAAAAAAAGBCAAMAAAAAAABMCGAAAAAAAACACQEMAAAAAAAAMCGAAQAAAAAAACYEMAAAAAAAAMCEAAYAAAAAAACYEMAAAAAAAAAAEwIYAAAAAAAAYEIAAwAAAAAAAEwIYAAAAAAAAIAJAQwAAAAAAAAwIYABAAAAAAAAJgQwAAAAAAAAwIQABgAAAAAAAJgQwAAAAAAAAAATAhgAAAAAAABgQgADAAAAAAAATAhgAAAAAAAAgAkBDAAAAAAAADAhgAEAAAAAAAAmBDAAAAAAAADAhAAGAAAAAAAAmBDAAAAAAAAAABMCGAAAAAAAAGBCAAMAAAAAAABMCGAAAAAAAACACQEMAAAAAAAAMCGAAQAAAAAAACYEMAAAAAAAAMCEAAYAAAAAAACYEMAAAAAAAAAAEwIYAAAAAAAAYEIAAwAAAAAAAEwIYAAAAAAAAIAJAQwAAAAAAAAwIYABAAAAAAAAJgQwAAAAAAAAwIQABgAAAAAAAJgQwAAAAAAAAAATAhgAAAAAAABgQgADAAAAAAAATAhgAAAAAAAAgAkBDAAAAAAAADAhgAEAAAAAAAAmBDAAAAAAAADAhAAGAAAAAAAAmBDAAAAAAAAAABMCGAAAAAAAAGBCAAMAAAAAAABMCGAAAAAAAACACQEMAAAAAAAAMCGAAQAAAAAAACYEMAAAAAAAAMCEAAYAAAAAAACYEMAAAAAAAAAAEwIYAAAAAAAAYEIAAwAAAAAAAEwIYAAAAAAAAIAJAQwAAAAAAAAwIYABAAAAAAAAJgQwAAAAAAAAwIQABgAAAAAAAJgQwAAAAAAAAAATAhgAAAAAAABgQgADAAAAAAAATAhgAAAAAAAAgAkBDAAAAAAAADAhgAEAAAAAAAAmBDAAAAAAAADAhAAGAAAAAAAAmBDAAAAAAAAAABMCGAAAAAAAAGBCAAMAAAAAAABMCGAAAAAAAACACQEMAAAAAAAAMCGAAQAAAAAAACYEMAAAAAAAAMCEAAYAAAAAAACYEMAAAAAAAAAAEwIYAAAAAAAAYEIAAwAAAAAAAEwIYAAAAAAAAIAJAQwAAAAAAAAwIYABAAAAAAAAJgQwAAAAAAAAwIQABgAAAAAAAJgQwAAAAAAAAAATAhgAAAAAAABgQgADAAAAAAAATAhgAAAAAAAAgAkBDAAAAAAAADAhgAEAAAAAAAAmBDAAAAAAAADAhAAGAAAAAAAAmBDAAAAAAAAAABMCGAAAAAAAAGBCAAMAAAAAAABMCGAAAAAAAACACQEMAAAAAAAAMCGAAQAAAAAAACYEMAAAAAAAAMCEAAYAAAAAAACYEMAAAAAAAAAAEwIYAAAAAAAAYEIAAwAAAAAAAEwIYAAAAAAAAIAJAQwAAAAAAAAwIYABAAAAAAAAJgQwAAAAAAAAwEQ/Vwr0lmKNAAAAAUlEQVRz4TRdbgAAAABJRU5ErkJggg==" height="600" width="800" />]]>
  </system-out>
  <testcase classname="testcases.LoginTest" name="TC002_LoginUnsuccessful" time="9.152"/>
  <system-out>
    <![CDATA[<img src="data:image/png;base64,iVBORw0KGgoAAAANSUhEUgAAB4AAAANHCAYAAADXAEDZAAAAAXNSR0IArs4c6QAAIABJREFUeJzs2bENgDAAwLDS/98tCwN9ohIisi/InutezzsAAAAAAAAA+L35dQAAAAAAAAAAZxjAAAAAAAAAABEGMAAAAAAAAECEAQwAAAAAAAAQYQADAAAAAAAARBjAAAAAAAAAABEGMAAAAAAAAECEAQwAAAAAAAAQYQADAAAAAAAARBjAAAAAAAAAABEGMAAAAAAAAECEAQwAAAAAAAAQYQADAAAAAAAARBjAAAAAAAAAABEGMAAAAAAAAECEAQwAAAAAAAAQYQADAAAAAAAARBjAAAAAAAAAABEGMAAAAAAAAECEAQwAAAAAAAAQYQADAAAAAAAARBjAAAAAAAAAABEGMAAAAAAAAECEAQwAAAAAAAAQYQADAAAAAAAARBjAAAAAAAAAABEGMAAAAAAAAECEAQwAAAAAAAAQYQADAAAAAAAARBjAAAAAAAAAABEGMAAAAAAAAECEAQwAAAAAAAAQYQADAAAAAAAARBjAAAAAAAAAABEGMAAAAAAAAECEAQwAAAAAAAAQYQADAAAAAAAARBjAAAAAAAAAABEGMAAAAAAAAECEAQwAAAAAAAAQYQADAAAAAAAARBjAAAAAAAAAABEGMAAAAAAAAECEAQwAAAAAAAAQYQADAAAAAAAARBjAAAAAAAAAABEGMAAAAAAAAECEAQwAAAAAAAAQYQADAAAAAAAARBjAAAAAAAAAABEGMAAAAAAAAECEAQwAAAAAAAAQYQADAAAAAAAARBjAAAAAAAAAABEGMAAAAAAAAECEAQwAAAAAAAAQYQADAAAAAAAARBjAAAAAAAAAABEGMAAAAAAAAECEAQwAAAAAAAAQYQADAAAAAAAARBjAAAAAAAAAABEGMAAAAAAAAECEAQwAAAAAAAAQYQADAAAAAAAARBjAAAAAAAAAABEGMAAAAAAAAECEAQwAAAAAAAAQYQADAAAAAAAARBjAAAAAAAAAABEGMAAAAAAAAECEAQwAAAAAAAAQYQADAAAAAAAARBjAAAAAAAAAABEGMAAAAAAAAECEAQwAAAAAAAAQYQADAAAAAAAARBjAAAAAAAAAABEGMAAAAAAAAECEAQwAAAAAAAAQYQADAAAAAAAARBjAAAAAAAAAABEGMAAAAAAAAECEAQwAAAAAAAAQYQADAAAAAAAARBjAAAAAAAAAABEGMAAAAAAAAECEAQwAAAAAAAAQYQADAAAAAAAARBjAAAAAAAAAABEGMAAAAAAAAECEAQwAAAAAAAAQYQADAAAAAAAARBjAAAAAAAAAABEGMAAAAAAAAECEAQwAAAAAAAAQYQADAAAAAAAARBjAAAAAAAAAABEGMAAAAAAAAECEAQwAAAAAAAAQYQADAAAAAAAARBjAAAAAAAAAABEGMAAAAAAAAECEAQwAAAAAAAAQYQADAAAAAAAARBjAAAAAAAAAABEGMAAAAAAAAECEAQwAAAAAAAAQYQADAAAAAAAARBjAAAAAAAAAABEGMAAAAAAAAECEAQwAAAAAAAAQYQADAAAAAAAARBjAAAAAAAAAABEGMAAAAAAAAECEAQwAAAAAAAAQYQADAAAAAAAARBjAAAAAAAAAABEGMAAAAAAAAECEAQwAAAAAAAAQYQADAAAAAAAARBjAAAAAAAAAABEGMAAAAAAAAECEAQwAAAAAAAAQYQADAAAAAAAARBjAAAAAAAAAABEGMAAAAAAAAECEAQwAAAAAAAAQYQADAAAAAAAARBjAAAAAAAAAABEGMAAAAAAAAECEAQwAAAAAAAAQYQADAAAAAAAARBjAAAAAAAAAABEGMAAAAAAAAECEAQwAAAAAAAAQYQADAAAAAAAARBjAAAAAAAAAABEGMAAAAAAAAECEAQwAAAAAAAAQYQADAAAAAAAARBjAAAAAAAAAABEGMAAAAAAAAECEAQwAAAAAAAAQYQADAAAAAAAARBjAAAAAAAAAABEGMAAAAAAAAECEAQwAAAAAAAAQYQADAAAAAAAARBjAAAAAAAAAABEGMAAAAAAAAECEAQwAAAAAAAAQYQADAAAAAAAARBjAAAAAAAAAABEGMAAAAAAAAECEAQwAAAAAAAAQYQADAAAAAAAARBjAAAAAAAAAABEGMAAAAAAAAECEAQwAAAAAAAAQYQADAAAAAAAARBjAAAAAAAAAABEGMAAAAAAAAECEAQwAAAAAAAAQYQADAAAAAAAARBjAAAAAAAAAABEGMAAAAAAAAECEAQwAAAAAAAAQYQADAAAAAAAARBjAAAAAAAAAABEGMAAAAAAAAECEAQwAAAAAAAAQYQADAAAAAAAARBjAAAAAAAAAABEGMAAAAAAAAECEAQwAAAAAAAAQYQADAAAAAAAARBjAAAAAAAAAABEGMAAAAAAAAECEAQwAAAAAAAAQYQADAAAAAAAARBjAAAAAAAAAABEGMAAAAAAAAECEAQwAAAAAAAAQYQADAAAAAAAARBjAAAAAAAAAABEGMAAAAAAAAECEAQwAAAAAAAAQYQADAAAAAAAARBjAAAAAAAAAABEGMAAAAAAAAECEAQwAAAAAAAAQYQADAAAAAAAARBjAAAAAAAAAABEGMAAAAAAAAECEAQwAAAAAAAAQYQADAAAAAAAARBjAAAAAAAAAABEGMAAAAAAAAECEAQwAAAAAAAAQYQADAAAAAAAARBjAAAAAAAAAABEGMAAAAAAAAECEAQwAAAAAAAAQYQADAAAAAAAARBjAAAAAAAAAABEGMAAAAAAAAECEAQwAAAAAAAAQYQADAAAAAAAARBjAAAAAAAAAABEGMAAAAAAAAECEAQwAAAAAAAAQYQADAAAAAAAARBjAAAAAAAAAABEGMAAAAAAAAECEAQwAAAAAAAAQYQADAAAAAAAARBjAAAAAAAAAABEGMAAAAAAAAECEAQwAAAAAAAAQYQADAAAAAAAARBjAAAAAAAAAABEGMAAAAAAAAECEAQwAAAAAAAAQYQADAAAAAAAARBjAAAAAAAAAABEGMAAAAAAAAECEAQwAAAAAAAAQYQADAAAAAAAARBjAAAAAAAAAABEGMAAAAAAAAECEAQwAAAAAAAAQYQADAAAAAAAARBjAAAAAAAAAABEGMAAAAAAAAECEAQwAAAAAAAAQYQADAAAAAAAARBjAAAAAAAAAABEGMAAAAAAAAECEAQwAAAAAAAAQYQADAAAAAAAARBjAAAAAAAAAABEGMAAAAAAAAECEAQwAAAAAAAAQYQADAAAAAAAARBjAAAAAAAAAABEGMAAAAAAAAECEAQwAAAAAAAAQYQADAAAAAAAARBjAAAAAAAAAABEGMAAAAAAAAECEAQwAAAAAAAAQYQADAAAAAAAARBjAAAAAAAAAABEGMAAAAAAAAECEAQwAAAAAAAAQYQADAAAAAAAARBjAAAAAAAAAABEGMAAAAAAAAECEAQwAAAAAAAAQYQADAAAAAAAARBjAAAAAAAAAABEGMAAAAAAAAECEAQwAAAAAAAAQYQADAAAAAAAARBjAAAAAAAAAABEGMAAAAAAAAECEAQwAAAAAAAAQYQADAAAAAAAARBjAAAAAAAAAABEGMAAAAAAAAECEAQwAAAAAAAAQYQADAAAAAAAARBjAAAAAAAAAABEGMAAAAAAAAECEAQwAAAAAAAAQYQADAAAAAAAARBjAAAAAAAAAABEGMAAAAAAAAECEAQwAAAAAAAAQYQADAAAAAAAARBjAAAAAAAAAABEGMAAAAAAAAECEAQwAAAAAAAAQYQADAAAAAAAARBjAAAAAAAAAABEGMAAAAAAAAECEAQwAAAAAAAAQYQADAAAAAAAARBjAAAAAAAAAABEGMAAAAAAAAECEAQwAAAAAAAAQYQADAAAAAAAARBjAAAAAAAAAABEGMAAAAAAAAECEAQwAAAAAAAAQYQADAAAAAAAARBjAAAAAAAAAABEGMAAAAAAAAECEAQwAAAAAAAAQYQADAAAAAAAARBjAAAAAAAAAABEGMAAAAAAAAECEAQwAAAAAAAAQYQADAAAAAAAARBjAAAAAAAAAABEGMAAAAAAAAECEAQwAAAAAAAAQYQADAAAAAAAARBjAAAAAAAAAABEGMAAAAAAAAECEAQwAAAAAAAAQYQADAAAAAAAARBjAAAAAAAAAABEGMAAAAAAAAECEAQwAAAAAAAAQYQADAAAAAAAARBjAAAAAAAAAABEGMAAAAAAAAECEAQwAAAAAAAAQYQADAAAAAAAARBjAAAAAAAAAABEGMAAAAAAAAECEAQwAAAAAAAAQYQADAAAAAAAARBjAAAAAAAAAABEGMAAAAAAAAECEAQwAAAAAAAAQYQADAAAAAAAARBjAAAAAAAAAABEGMAAAAAAAAECEAQwAAAAAAAAQYQADAAAAAAAARBjAAAAAAAAAABEGMAAAAAAAAECEAQwAAAAAAAAQYQADAAAAAAAARBjAAAAAAAAAABEGMAAAAAAAAECEAQwAAAAAAAAQYQADAAAAAAAARBjAAAAAAAAAABEGMAAAAAAAAECEAQwAAAAAAAAQYQADAAAAAAAARBjAAAAAAAAAABEGMAAAAAAAAECEAQwAAAAAAAAQYQADAAAAAAAARBjAAAAAAAAAABEGMAAAAAAAAECEAQwAAAAAAAAQYQADAAAAAAAARBjAAAAAAAAAABEGMAAAAAAAAECEAQwAAAAAAAAQYQADAAAAAAAARBjAAAAAAAAAABEGMAAAAAAAAECEAQwAAAAAAAAQYQADAAAAAAAARBjAAAAAAAAAABEGMAAAAAAAAECEAQwAAAAAAAAQYQADAAAAAAAARBjAAAAAAAAAABEGMAAAAAAAAECEAQwAAAAAAAAQYQADAAAAAAAARBjAAAAAAAAAABEGMAAAAAAAAECEAQwAAAAAAAAQYQADAAAAAAAARBjAAAAAAAAAABEGMAAAAAAAAECEAQwAAAAAAAAQYQADAAAAAAAARBjAAAAAAAAAABEGMAAAAAAAAECEAQwAAAAAAAAQYQADAAAAAAAARBjAAAAAAAAAABEGMAAAAAAAAECEAQwAAAAAAAAQYQADAAAAAAAARBjAAAAAAAAAABEGMAAAAAAAAECEAQwAAAAAAAAQYQADAAAAAAAARBjAAAAAAAAAABEGMAAAAAAAAECEAQwAAAAAAAAQYQADAAAAAAAARBjAAAAAAAAAABEGMAAAAAAAAECEAQwAAAAAAAAQYQADAAAAAAAARBjAAAAAAAAAABEGMAAAAAAAAECEAQwAAAAAAAAQYQADAAAAAAAARBjAAAAAAAAAABEGMAAAAAAAAECEAQwAAAAAAAAQYQADAAAAAAAARBjAAAAAAAAAABEGMAAAAAAAAECEAQwAAAAAAAAQYQADAAAAAAAARBjAAAAAAAAAABEGMAAAAAAAAECEAQwAAAAAAAAQYQADAAAAAAAARBjAAAAAAAAAABEGMAAAAAAAAECEAQwAAAAAAAAQYQADAAAAAAAARBjAAAAAAAAAABEGMAAAAAAAAECEAQwAAAAAAAAQYQADAAAAAAAARBjAAAAAAAAAABEGMAAAAAAAAECEAQwAAAAAAAAQYQADAAAAAAAARBjAAAAAAAAAABEGMAAAAAAAAECEAQwAAAAAAAAQYQADAAAAAAAARBjAAAAAAAAAABEGMAAAAAAAAECEAQwAAAAAAAAQYQADAAAAAAAARBjAAAAAAAAAABEGMAAAAAAAAECEAQwAAAAAAAAQYQADAAAAAAAARBjAAAAAAAAAABEGMAAAAAAAAECEAQwAAAAAAAAQYQADAAAAAAAARBjAAAAAAAAAABEGMAAAAAAAAECEAQwAAAAAAAAQYQADAAAAAAAARBjAAAAAAAAAABEGMAAAAAAAAECEAQwAAAAAAAAQYQADAAAAAAAARBjAAAAAAAAAABEGMAAAAAAAAECEAQwAAAAAAAAQYQADAAAAAAAARBjAAAAAAAAAABEGMAAAAAAAAECEAQwAAAAAAAAQYQADAAAAAAAARBjAAAAAAAAAABEGMAAAAAAAAECEAQwAAAAAAAAQYQADAAAAAAAARBjAAAAAAAAAABEGMAAAAAAAAECEAQwAAAAAAAAQYQADAAAAAAAARBjAAAAAAAAAABEGMAAAAAAAAECEAQwAAAAAAAAQYQADAAAAAAAARBjAAAAAAAAAABEGMAAAAAAAAECEAQwAAAAAAAAQYQADAAAAAAAARBjAAAAAAAAAABEGMAAAAAAAAECEAQwAAAAAAAAQYQADAAAAAAAARBjAAAAAAAAAABEGMAAAAAAAAECEAQwAAAAAAAAQYQADAAAAAAAARBjAAAAAAAAAABEGMAAAAAAAAECEAQwAAAAAAAAQYQADAAAAAAAARBjAAAAAAAAAABEGMAAAAAAAAECEAQwAAAAAAAAQYQADAAAAAAAARBjAAAAAAAAAABEGMAAAAAAAAECEAQwAAAAAAAAQYQADAAAAAAAARBjAAAAAAAAAABEGMAAAAAAAAECEAQwAAAAAAAAQYQADAAAAAAAARBjAAAAAAAAAABEGMAAAAAAAAECEAQwAAAAAAAAQYQADAAAAAAAARBjAAAAAAAAAABEGMAAAAAAAAECEAQwAAAAAAAAQYQADAAAAAAAARBjAAAAAAAAAABEGMAAAAAAAAECEAQwAAAAAAAAQYQADAAAAAAAARBjAAAAAAAAAABEGMAAAAAAAAECEAQwAAAAAAAAQYQADAAAAAAAARBjAAAAAAAAAABEGMAAAAAAAAECEAQwAAAAAAAAQYQADAAAAAAAARBjAAAAAAAAAABEGMAAAAAAAAECEAQwAAAAAAAAQYQADAAAAAAAARBjAAAAAAAAAABEGMAAAAAAAAECEAQwAAAAAAAAQYQADAAAAAAAARBjAAAAAAAAAABEGMAAAAAAAAECEAQwAAAAAAAAQYQADAAAAAAAARBjAAAAAAAAAABEGMAAAAAAAAECEAQwAAAAAAAAQYQADAAAAAAAARBjAAAAAAAAAABEGMAAAAAAAAECEAQwAAAAAAAAQYQADAAAAAAAARBjAAAAAAAAAABEGMAAAAAAAAECEAQwAAAAAAAAQYQADAAAAAAAARBjAAAAAAAAAABEGMAAAAAAAAECEAQwAAAAAAAAQYQADAAAAAADs9uxABgAAAGCQv/U9vtIIYEIAAwAAAAAAAEwIYAAAAAAAAIAJAQwAAAAAAAAwIYABAAAAAAAAJgQwAAAAAAAAwIQABgAAAAAAAJgQwAAAAAAAAAATAhgAAAAAAABgQgADAAAAAAAATAhgAAAAAAAAgAkBDAAAAAAAADAhgAEAAAAAAAAmBDAAAAAAAADAhAAGAAAAAAAAmBDAAAAAAAAAABMCGAAAAAAAAGBCAAMAAAAAAABMCGAAAAAAAACACQEMAAAAAAAAMCGAAQAAAAAAACYEMAAAAAAAAMCEAAYAAAAAAACYEMAAAAAAAAAAEwIYAAAAAAAAYEIAAwAAAAAAAEwIYAAAAAAAAIAJAQwAAAAAAAAwIYABAAAAAAAAJgQwAAAAAAAAwIQABgAAAAAAAJgQwAAAAAAAAAATAhgAAAAAAABgQgADAAAAAAAATAhgAAAAAAAAgAkBDAAAAAAAADAhgAEAAAAAAAAmBDAAAAAAAADAhAAGAAAAAAAAmBDAAAAAAAAAABMCGAAAAAAAAGBCAAMAAAAAAABMCGAAAAAAAACACQEMAAAAAAAAMCGAAQAAAAAAACYEMAAAAAAAAMCEAAYAAAAAAACYEMAAAAAAAAAAEwIYAAAAAAAAYEIAAwAAAAAAAEwIYAAAAAAAAIAJAQwAAAAAAAAwIYABAAAAAAAAJgQwAAAAAAAAwIQABgAAAAAAAJgQwAAAAAAAAAATAhgAAAAAAABgQgADAAAAAAAATAhgAAAAAAAAgAkBDAAAAAAAADAhgAEAAAAAAAAmBDAAAAAAAADAhAAGAAAAAAAAmBDAAAAAAAAAABMCGAAAAAAAAGBCAAMAAAAAAABMCGAAAAAAAACACQEMAAAAAAAAMCGAAQAAAAAAACYEMAAAAAAAAMCEAAYAAAAAAACYEMAAAAAAAAAAEwIYAAAAAAAAYEIAAwAAAAAAAEwIYAAAAAAAAIAJAQwAAAAAAAAwIYABAAAAAAAAJgQwAAAAAAAAwIQABgAAAAAAAJgQwAAAAAAAAAATAhgAAAAAAABgQgADAAAAAAAATAhgAAAAAAAAgAkBDAAAAAAAADAhgAEAAAAAAAAmBDAAAAAAAADAhAAGAAAAAAAAmBDAAAAAAAAAABMCGAAAAAAAAGBCAAMAAAAAAABMCGAAAAAAAACACQEMAAAAAAAAMCGAAQAAAAAAACYEMAAAAAAAAMCEAAYAAAAAAACYEMAAAAAAAAAAEwIYAAAAAAAAYEIAAwAAAAAAAEwIYAAAAAAAAIAJAQwAAAAAAAAwIYABAAAAAAAAJgQwAAAAAAAAwIQABgAAAAAAAJgQwAAAAAAAAAATAhgAAAAAAABgQgADAAAAAAAATAhgAAAAAAAAgAkBDAAAAAAAADAhgAEAAAAAAAAmBDAAAAAAAADAhAAGAAAAAAAAmBDAAAAAAAAAABMCGAAAAAAAAGBCAAMAAAAAAABMCGAAAAAAAACACQEMAAAAAAAAMCGAAQAAAAAAACYEMAAAAAAAAMCEAAYAAAAAAACYEMAAAAAAAAAAEwIYAAAAAAAAYEIAAwAAAAAAAEwIYAAAAAAAAIAJAQwAAAAAAAAwIYABAAAAAAAAJgQwAAAAAAAAwIQABgAAAAAAAJgQwAAAAAAAAAATAhgAAAAAAABgQgADAAAAAAAATAhgAAAAAAAAgAkBDAAAAAAAADAhgAEAAAAAAAAmBDAAAAAAAADAhAAGAAAAAAAAmBDAAAAAAAAAABMCGAAAAAAAAGBCAAMAAAAAAABMCGAAAAAAAACACQEMAAAAAAAAMCGAAQAAAAAAACYEMAAAAAAAAMCEAAYAAAAAAACYEMAAAAAAAAAAEwIYAAAAAAAAYEIAAwAAAAAAAEwIYAAAAAAAAIAJAQwAAAAAAAAwIYABAAAAAAAAJgQwAAAAAAAAwIQABgAAAAAAAJgQwAAAAAAAAAATAhgAAAAAAABgQgADAAAAAAAATAhgAAAAAAAAgAkBDAAAAAAAADAhgAEAAAAAAAAmBDAAAAAAAADAhAAGAAAAAAAAmBDAAAAAAAAAABMCGAAAAAAAAGBCAAMAAAAAAABMCGAAAAAAAACACQEMAAAAAAAAMCGAAQAAAAAAACYEMAAAAAAAAMCEAAYAAAAAAACYEMAAAAAAAAAAEwIYAAAAAAAAYEIAAwAAAAAAAEwIYAAAAAAAAIAJAQwAAAAAAAAwIYABAAAAAAAAJgQwAAAAAAAAwIQABgAAAAAAAJgQwAAAAAAAAAATAhgAAAAAAABgQgADAAAAAAAATAhgAAAAAAAAgAkBDAAAAAAAADAhgAEAAAAAAAAmBDAAAAAAAADAhAAGAAAAAAAAmBDAAAAAAAAAABMCGAAAAAAAAGBCAAMAAAAAAABMCGAAAAAAAACACQEMAAAAAAAAMCGAAQAAAAAAACYEMAAAAAAAAMCEAAYAAAAAAACYEMAAAAAAAAAAEwIYAAAAAAAAYEIAAwAAAAAAAEwIYAAAAAAAAIAJAQwAAAAAAAAwIYABAAAAAAAAJgQwAAAAAAAAwIQABgAAAAAAAJgQwAAAAAAAAAATAhgAAAAAAABgQgADAAAAAAAATAhgAAAAAAAAgAkBDAAAAAAAADAhgAEAAAAAAAAmBDAAAAAAAADAhAAGAAAAAAAAmBDAAAAAAAAAABMCGAAAAAAAAGBCAAMAAAAAAABMCGAAAAAAAACACQEMAAAAAAAAMCGAAQAAAAAAACYEMAAAAAAAAMCEAAYAAAAAAACYEMAAAAAAAAAAEwIYAAAAAAAAYEIAAwAAAAAAAEwIYAAAAAAAAIAJAQwAAAAAAAAwIYABAAAAAAAAJgQwAAAAAAAAwIQABgAAAAAAAJgQwAAAAAAAAAATAhgAAAAAAABgQgADAAAAAAAATAhgAAAAAAAAgAkBDAAAAAAAADAhgAEAAAAAAAAmBDAAAAAAAADAhAAGAAAAAAAAmBDAAAAAAAAAABMCGAAAAAAAAGBCAAMAAAAAAABMCGAAAAAAAACACQEMAAAAAAAAMCGAAQAAAAAAACYEMAAAAAAAAMCEAAYAAAAAAACYEMAAAAAAAAAAEwIYAAAAAAAAYEIAAwAAAAAAAEwIYAAAAAAAAIAJAQwAAAAAAAAwIYABAAAAAAAAJgQwAAAAAAAAwIQABgAAAAAAAJgQwAAAAAAAAAATAhgAAAAAAABgQgADAAAAAAAATAhgAAAAAAAAgAkBDAAAAAAAADAhgAEAAAAAAAAmBDAAAAAAAADAhAAGAAAAAAAAmBDAAAAAAAAAABMCGAAAAAAAAGBCAAMAAAAAAABMCGAAAAAAAACACQEMAAAAAAAAMCGAAQAAAAAAACYEMAAAAAAAAMCEAAYAAAAAAACYEMAAAAAAAAAAEwIYAAAAAAAAYEIAAwAAAAAAAEwIYAAAAAAAAIAJAQwAAAAAAAAwIYABAAAAAAAAJgQwAAAAAAAAwIQABgAAAAAAAJgQwAAAAAAAAAATAhgAAAAAAABgQgADAAAAAAAATAhgAAAAAAAAgAkBDAAAAAAAADAhgAEAAAAAAAAmBDAAAAAAAADAhAAGAAAAAAAAmBDAAAAAAAAAABMCGAAAAAAAAGBCAAMAAAAAAABMCGAAAAAAAACACQEMAAAAAAAAMCGAAQAAAAAAACYEMAAAAAAAAMCEAAYAAAAAAACYEMAAAAAAAAAAEwIYAAAAAAAAYEIAAwAAAAAAAEwIYAAAAAAAAIAJAQwAAAAAAAAwIYABAAAAAAAAJgQwAAAAAAAAwEQ/Vwr0lmKNAAAAAUlEQVRz4TRdbgAAAABJRU5ErkJggg==" height="600" width="800" />
<img src="data:image/png;base64,iVBORw0KGgoAAAANSUhEUgAAB4AAAANHCAYAAADXAEDZAAAAAXNSR0IArs4c6QAAIABJREFUeJzs3Xl0Hed95vnvW1X3XuBiBwiAWLiKOymSWi3JsmUptiTbsmR5ke04cTJJeubM6XSfpDun+yQ9fSbTM91JZiZLJ+mxM0mfnjPpuOPETizZGUdeJNGUbFEStZAUxX0nFmLf7lpV7/xRFxBIAiD2i+X5nAOCuPdW1a+KwCWqnvq9r7HWWkREZEXQW7qIiIiIiEzGGFPsEmQxhT7811+BUy8UuxIRERERmaP0b50b+3tv/xBDIymyuTwAiXiMirIktdUVY69xFr1CERGZN9ba6z5EREREREQmo/OHVcbx4Cv/D+z6eLErEREREZF5kM/7XLzaSVdvP5lsbuz3+kw2R1dvPxevdpLP+4ACYBGRZUcXbEREREREZD4oEF4lfvbPYO9Txa5CREREROao7VoPmWxu0ucz2Rxt13oA8BarKBERmT5dfBERERERkcU2/jxEw0WvMM/8CbhxeOtvi12JiIiIiMxCb//QlOHvqEw2R2//kAJgEZGlQqGviIiIiIgsFTeenygQXgE++/vgxuCNrxe7EhERERGZoaGR1IxeqyGgRUSKSMOtiYiIiIjIcqDzlhXi078LH/hKsasQERERkRnK5vIzeq0CYBGRItHFExERERERWW4UBK8An/rf4IFfLnYVIiIiIjIDM/kd3FqrAFhEZLHpgomIiIiIiCx3Oq9Z5j7xP8OD/32xqxARERGRBaI5gEVEFokujoiIiIiIyEqjuYKXscf/J3Bc+PFXi12JiIiIiMwzBcAiIgtIoa+IiIiIiKwm48+BFAYvA4/+JhgXDvxpsSsRERERkXmkIaBFRBaAhkMTEREREZHVTudFy8TH/hV85J8XuwoRERERmUfqABYRmUcr/eLGSt8/EREREZFiW4lds9baFblfK8pHfwOMAy/+UbErEREREZF5oABYRGQerJRgdKXsh4iIiIjIcnWr38mXa5CqEHgZ+Jl/AcbAC39Y7EpEREREZI4UAIuIzNFyCU2XS50iIiIiIjK55RwQKwReBh759SgE/tEfFLsSEREREZkDBcAiInOwVEPVpVqXiIiIiIgsrInOBZZS6Dpa31KqSW7w8K9FnxUCi4iIiCxbCoBFRGZhKQWsS6kWERERERFZem48Z1gK4auC4CXu4V8DC7ygEFhERERkOVIALCIyQ0shcF0KNYiIiIiIyPK0lAJhDQu9hD3ya4DVnMAiIiIiy5ACYBGRaSpm6KrAV0REREREFsr4841ihLHqBl7CHvl1sCG8+B+LXYmIiIiIzIACYBGRaShGALvUQ9+lXp+IiIiIyHKxlILPYofBsgT9zL8Ea+GlPy52JSIiIiIyTQqARURuYbGDzmIHq8XevoiIiIjIajOd38FXQ2euhoNewj76G2ADOPCfil2JiIiIiEyDAmARkSksZhi62oJmERERERGZvql+f1/o0HQxu4I1HPQS9rF/DWEAB79W7EpERERE5BYUAIuITGKxAtKF3I5CXhERERGRlW+y3/sXIkRdrIBW3cBL1GO/FYXAr/x5sSsRERERkSkoABYRmcBiBKcLsQ0FviIiIiIiMurG84P5DFQXIwhWN/AS9fF/C6EPP/0vxa5ERERERCahAFhE5AYLHaLO5/oV+IqIiIiIyHQtxFDOixUEKwReYj75v0Dgw2t/WexKRERERGQCCoBFRMZZDuHv6MWP8R8iIiIiIiIzMXpuYq2dl4B1oYNghcBL0JP/HoI8HP7rYlciIiIiIjdQACwiUrAc5uI1xuA4zrysS0REREREVq/RMHX082gQPNegdSGDWoXAS9DT/zsEOXj774pdiYiIiIiMowBYRGSBzTX8VZeviIiIiIgstPHnHdZawjCc9XnIQnYDKwRegj73R1EIfPS7xa5ERERERArURiYiwsJ0/47ePT/bZQEcx9HFDRERERERWVTGGFzXBeZ2rrRQoywt9NQ9Mgtf+L9g56PFrkJEREREChQAi8iqN98XD+Yr+NVQzyIiIiIiUkzjz0vmco6jwHaV+PJfwNaHil2FiIiIiKAAWERWuYUIf2e73OhQZur6FRERERGRpWL8Ocp83Ow6XxQqL1Ff/gvY+IFiVyEiIiKy6ikAFpFVaylcgBh/AWX0woqIiIiIiMhSM/5G1dkGwUvhHEwWmJeIQuDWfcWuRERERGRVU9IgIqtSsS883HjBROGviIiIiIgsdTeOVrQUQmBZgkqrohC4cXuxKxERERFZtZQ2iMiqsxTC3/EU/oqIiIiIyHIxUQg81xti50KB8hJV0Qg/++dQs77YlYiIiIisSkocRGRVUfgrIiIiIiIyNzeGwFDcbmCFwEtU3Ub48p9D+ZpiVyIiIiKy6ih1EJFVo5jh72R3uN940URERERERGQ5mOhcZrbdwPNBIfAStXZn1AkcTxa7EhEREZFVRQGwiKwKxQ5/J2KMUQAsIiIiIiLL0lTnMwqB5Trr74pCYBERERFZNAqARURmaD7CX0BDP4uIiIiIyLI21TmNQmC5zpYPwc/+38WuQkRERGTVUPogIivefF4AmO66bjX0mcJfERERERFZCZZiCCxL1K7H4bN/WOwqRERERFYFJRAisqIVK/y9FQ39LCIiIiIiK8Gtzm1mMy/wXClIXsLu+Cw88b8WuwoRERGRFU8BsIjINCj8FRERERERmdh8nuMovF0F7vsF+Ni/KnYVIiIiIiuaAmARWbEWew6p6b5OAbCIiIiIiKwk0znHmcn5mULgVeChX4UP/4/FrkJERERkxVIALCIyhfkMf0eHPlMALCIiIiIiK4kxZtrnRNM11xBYIfIy8Ohvwr0/V+wqRERERFYkBcAisiLNx8n+fIe/oO5fERERERFZmUZD4FudHykElus8+R9g75PFrkJERERkxVEALCKywMZfdFAALCIiIiIiK9H4c535DIFlFXjmT2HrR4pdhYiIiMiKogBYRFacpdT9e+PzCoBFRERERGQluvFcZ75CYHUBrxJf+hq03lHsKkRERERWDAXAIiI3WKjwV0REREREZDVRCCzTFk/Cl74KdZuKXYmIiIjIiqAAWERknIUOf9UBLCIiIiIiK9Fk5zq6cVamrao56gRO1hS7EhEREZFlTwGwiKwoi3HxQBcwREREREREpm8+zqHUBbxKrN0JX/xqsasQERERWfYUAIuIFOiCgIiIiIiIiEiRbX4g6gQWERERkVlTACwiK8ZS7/5VwCwiIiIiIivZXM6H1AUs19n9CXjyPxS7ChEREZFlSwGwiAjzc7FB4a+IiIiIiKx2Cx0Cyypy78/BR3+j2FWIiIiILEsKgEVkRSj2hQKFvyIiIiIiIpGFPD/S+dUq85F/Dvf/UrGrEBEREVl2FACLyLK3GBcQZrsNXZwQEREREZHVaLYh8EIPBa1ztGXok78Ne58qdhUiIiIiy4oCYBGRW5jtMGW6sCAiIiIiIquZzolk3jzzJ3Dbg8WuQkRERGTZUAAsIqvaQnUP60KHiIiIiIjI5IrZBSzL1Bf+EzTuKHYVIiIiIsuCAmARWdYW+qRfc/uKiIiIiIjM3lI8b1qKNck0JGuiELisrtiViIiIiCx5CoBFROaZuoJFRERERGQ1mum5kOYClhlr2BqFwCIiIiIyJQXAIrJqzXZu36meU/grIiIiIiKrmc59ZMFtfiCaE1hEREREJqUAWERkgekCiIiIiIiIrCYTnQMtVBewrFJ7n4KP/9tiVyEiIiKyZCkAFpFVaTG7f0VERERERGRhzpk0DPQq9sF/Ag/+D8WuQkRERGRJ8opdgIjISqBQWGT1staSDbL0Zfq5luqmN9NHf7af3kw/fdl+hvLDpPIpcmEOay0W8ByPmONRFiujKl5JS3kzT2x+jISbwDGm2LskIiIiMmfWWsw0f6+Z6rUzWY+sQo//GxjqhHe+XexKRERERJYUBcAismzNNlxdiO7fub5WRJaXtJ+hO9XN5eGrXBq6TNtwB72ZPlJ+mlyYIx/m8YMA3/qENiCwIaG10QVMAGNwjIMB6kpqqS+tI+Z4urgpIiIiK8pE4a0CXZl3n/9jGOyA868WuxIRERGRJUMBsIjIHE036FUgLLK8+aFPf2aAU/1nOT9wkY6RDrozvfRn+xjKDZMJsoQ2JOrxBSxgTOEvABNd6LS0xlrYXrMV17gTvkJERERkuZhLuDuXLuCF2q4sI8/8KfzF56HnfLErEREREVkSFACLiIyj7l8RuVFoLYO5QS4OXuZY93u813uSy0NXGMoPE9oAg4kuGpros8EUIt8oCi5xSwBDYH38MACiXDi0ITWJGnbUbGVH7TZdeBQREZEVSV3AsigqGuCZP4G/+BzkM8WuRkRERKToFACLiMyBun9FVjYL9Gb6eLfnPQ5e/SlvdL6JxRaGbza4xr3p9dZGzyfcBGWxJGWxcrJ+lsH8EH6YKlzsNFgLmyo3sG/N7ZTHy4qxeyIiIiLzrljduAqVhZa9UQj8V/+k2JWIiIiIFJ1T7AJERGZjoeb/nY/lFPaKrBx+4PNK22v8zelneb3zMI5x8Bw36vod/8LCxcbRn/8yr4ydtdt5avOn2F27gxKvBD/MF14Tdf+WuCXsqNnKrrrti7xXIiIiIotronOkmZ436TxLpmXnY/DEvyt2FSIiIiJFpw5gEZGChboAoQsVIsvX211HOHztTTpG2qM5eselvmMz+xoIwoCAgIbSeu6s38++NXtwHIfDnW9xpPtd+nMDhGFQiI0N+TDPA00fYGfdDhJuohi7JiIiIrJgllsnr7qHV5j7fhEG2uDg14pdiYiIiEjRKAAWEbmFuXT/KvwVWZ5CGzKUG+alKy9zbuA8oQ1xxrp8o9DXWktoLQ4O1Ylq7m+6lx01W6mIl9Mx0smrHW9wZfgqQ/khgsJcwRawhFTEK9hXv4f1Fa262CgiIiKrwnzMBXyr1yvIlTGP/Rb0t8HR54pdiYiIiEhRKAAWkWVnsYd/FpHVJxfkONJ1jDP95xjOj+DcMGtGYEM841JfWse26i1sq9nCztptjORTnOw7zdtdRzjVfxbf+jg40YVI8/770N2Nd7ClerPm/hUREZEVa7l1AcsK9Mwfw8BVuHS42JWIiIiILDoFwCIiszCdOawUOIssT9ZahvMjvNJ2iKHcUGHQZsCCxWKB2kQNLeXN7Krdzh31e2mtaOFs/3le7Xidt7reoX2kE9c4Ufg7blnHONQkqvlw8wM0JhtwjDNVKSIiIiIiMlvGgc//R/jzz8FgR7GrEREREVlUCoBFRJg8rJ3PEFeBsMjykA99etN9vNt7gkyQxeBgiUJgz4lRGa/g/rX3cF/TPWyoXI8f+pzuO8vfnv57zg6cJxtk8YwLvD9PMETvAeWxJHc33MHWmttIxkqLsXsiIiIii+bGTt7FGAZ6ttR1vELVrI9C4P/8hWJXIiIiIrKoFACLiMzQdLp/RWT5SvtprgxdJeWnxoLfkIC4m2BL1Wae2fI0W2ujALc33cer7W/w/574b+SCLAaDOy78NfD+0M/G0JCs56nbPkF5rAyDLjCKiIjIyrIUQtSlUIMsMZvuh8/8Pvzdvyx2JSIiIiKLRgGwiCwry2X+Xw0HLbJ8pfIpLg1dIbQhIRYDbChfzweb7+O+prupL11Dwktwrv8iP776Ci+3/ZR8kMMYg7HRxUZrwIz+2NtozuAtVZv5xMZHqU+uwXE09LOIiIisDtPpAp7OciJzcufnoe8yvPhHxa5EREREZFEoABaRVU/hrIiMlwmyXEt3E9iAEreEfWv28IG1d7NnzU4akvUYYzjXf5EXr/yYV9tfpzfTh7mhn9eM+4sfBtSV1LJ3zW721d+O5+jXLxEREVm5ZhPcKuyVRfEz/yIKgd/+VrErEREREVlwugIpIjKJ6QbD6vYVWTkslrSfpivTTU2ihjvq9/JA071sr91KVaKS0IZcGrzCgSsHeb3jTbrS3YX5fg2M/9m30RDQoQ0p8UrYX38796y9k9rS6mLtmoiIiMiKoXmAZdY+94fQdwkuvl7sSkREREQWlMYfFBGZgdmEuwqERZaP0IYEYUDCifNA0708sflx9jXcTlWiknyYp2PkGi9e+jEvt71KZ+paFP4aiOLe6M/ow2KtJWZi3F67iweb72db9RbN+ysiIiKrwq1ukp3tzbYi8+JzfwQVjcWuQkRERGRBKQAWERERKbDWUhmv5MGm+/jZHZ9nc9UGEm6c0Ib0pPs4cPkV/uHi9+nN9OGacb9GmdEIGEb/FnfjbK7awGe2fIrb1+zCczXwioiIiMhk5jPsVXAsU6pZF3UCi4iIiKxguhIpIsvGbE/iF/LkX8M/i6wsrnFpqWiisbyRhBsb69gdzA7y9rUjfOvss4Q2wHGc90d8ttEfobWENsQYw5qSOu5pvJMnNj9GQ7KemBsr1i6JiIiIiMiNbnsQnvodePY3i12JiIiIyIJQACwiq9pCB7YKhEWWF2MMrvEozOoLQD7I8073u3z3wvPkgizGOBhrsIVOX8c4eE6M1mQjrRUtbK7ayKbKDbSUN1FXWovnuEXbHxEREZFiuXE+3Vt9vVQs1bpkAdzzZei9CAe/VuxKREREROadAmARkQkouBVZvcZf7rNYTvef5c2uI1xL91BdWkdFrILKeDmV8ehzRayMikQlDaVrqC2pobakhup4JQkvUbR9EBEREVnpFNTKvHjst6DnAhz/x2JXIiIiIjKvFACLyLKwFALZudawFPZBRGbGWktgQ5rL1vLR9R+hMl5JebyCyliSylg5lbEyyuNllMXKKY2V4oyfF1hEREREZmSiUFdBryy4z/4B9JyHzpPFrkRERERk3hirREJEloG5vFVNtexkz030+K3m+53O16WlpVPWKiJLS2hDMvk0YZgnHobE/BzkUlg/g/VzYAMwLrgexiuBWAkmXgqxJMaLR8+JiIiIrBLpdPqmsHb811M9N9PHpnr8Vs/digLnVajtKPzZ0xDkil2JiIiIyITe/uKBGb1eHcAiIiKyglmwFmwYfQYwDhgDmMLnyTlAqXGw2RFsz3mCtqPY9uPYwQ7C7BBh6IPj4cRLobwRU7sOp34rTv1WTHUrJlGBcb0oCNaFRBEREVnllss8wLIKNd8edQL/za8WuxIRERGReaEAWERWLQ2AILLCWYvNp7CpHuxQJ3boGmAwlU2Y8jWYRCUmngQ3NvkqcinCjqMEFw7hXzlC2H8Vcinws9H6jQHjEKYHYfAatuM4OC9gEmU41c14rftxN9yDs2YLpqRq8fZdRERERERmZu+T0H0OXviDYlciIiIiMmcKgEVkRZuvkFfz/4osE9aCnyXov0Jw6XWCa6ewQ52QTWGDLGCioZljJZiSSkxlI279FpzGnTiVTVEgPG7YZhMrwanfjkmuwd34AGF2CNIDhEPXsANXCfsuE/a3YdP9hQ4WwGSx+TRBZhDbfxX//CGchi24G+7FXXcnTrKuaIdHREREZKGpq1eWtUd+DbrPwpFni12JiIiIyJwoABYRucFswtpbzf8rIgvP5tPYvkv4l98kaH+XsPssdugaNpeOhoAevRBpLRjAjWFKKgivHsFUNePUbMBp3I7bsA2nYi04LjgeJlmLSdaAtbhBHpvPYLOD2FQf4XAXdqCdcKiDsPcSYc857EgvBD7kA8J8Goa6CAfbouc7T+JuuAd37S5MvCwajlpERERkBZtpIDyT10/1WgXRMmuf/f0oBG47VuxKRERERGbNWKUUIrIMzPataqrlJntuosdvFfBO9+vS0tLJixWRWbPpfoKO4/jnXsE//yph/xWMtVHoOxayWrCFz9ctHAJgkrU4DVtxW/bhNu/FbdyGSVRGQfCkGw6jQDjdT9h9hqDtGEHXacK+y9iBNgiDqIbR6YdLKnHX7cfb8iHcljtwKhrAjc/34RAREREpinQ6DXBT8DrV1xOFtNN9bKrHb/XcVBQcCx3vwZ89BflMsSsRERERAeDtLx6Y0esVAIvIsqAAWEQmYzMD+JcOkz/2HYLzr2LDAHNdaDv682iijt5CIGytjcJf60cvsSFYG83f27id2N4ncVv245TXTzuktfk0Ye9F/AuH8E98HzvYgc0XOpAx72+jupn4vqfxNj+IU7NOIbCIiIisCLMJgKfz9WSPTfX4rZ6bigJgAeDod+Ab/7TYVYiIiIgAMw+A3d/+7d/+7QWqRUREbhCLxYpdgsjKEgYEJ79P7tBfElw9goHrw19rwVqscaJgt2YdTu0GTNVanJLyqDnXz0LoF4aGNhD42IE2/DMHMIkkTkUTprSKaNzoqRk3hlO+BnftTtz1d0GQwQ60Qz5deIEDxsGmBwnajoL1cWpaMaW1C3J4RERERBaT7/uAAmBZIRq3R5/Pv1rcOkRERESAjj3/3YxerzmARUTmmeYDFlkcNjdCcOUtsm/8NWHfZQymMM9v9DNnwwCnpBK3dS/ubQ/i1m3BlFSCV+i2DfLY3Ag23Us41EXQeZLw6juE3ecKqzDk3/wmNjNMbM8TuI07p12bceO4Netw7vtlnDWbyR/7B8KOE9F6jcE4Dvg5/JMvgoX4/b+CU1Y334dIREREpCg0/66sGI/8Olw7Dce+W+xKRERERGZEAbCIyC3cKsBVwCuy+Gw+TdB5kuxP/zNh3xUI/EL4W3g+8HHXbMTb9jDexvtwatZH4a/j8X4nr4UwwAY5nHwGt3kvdtP9BJ3HCa68Q3DlHWx6AP/USxjHwyTKcarXTa9AY8CNY8rX4G35CCZWhn/i+/gXXnu/09hYbLof//whSFSSuP+XMG78uv0QEREREZEi+8z/CddORR8iIiIiy4QCYBGRcRTmiiwDNiDsOU/++PcI2o5hjPt+aGotOC5O3UZie57Au+1DUWjrTjT8ugHXwbgxTLwMyuqguhVnzWac+m04tRsILr9F2H8F/9wrmLI64nd+EbwY0xkOenQbTnkDZtP9YAw2yBFcenOsExhrsUOd+GcO4Lbuw2vZF9UiIiIisoKoI1iWtXgyCoG/9mSxKxERERGZNqfYBYiIFMNcgl6FxCLFFab68K+8iX/6xcKcuuMuJhqDKa0itvvjxHY+jlO7aZLwdxJeAqd6HbEtDxG/9yt4ez6J07SLMNVH/vRLhANXIQxmXLNJ1uJtuJfY7k/i1KyP6h7tBA597EA7+SPPEg51RvMRz6O5vmdZa5fE+95i12GLsM2xbRe2uxSO+1IU2pDABgt2fCyWwIaENlyQ9YuIyK3N5D1e/1/KomjdH4XAIiIiIsuEOoBFZMVaChcClkINIiuKDQk73iO4+AZ2pB/jxRmd8xcbYhLluM27ie/7LKakYvbDKTseTlUL8Tu/gFO5Ngpn+66SP/8T4uVPYRLlM16lKVuDt/F+bHqQ3Kv/BZsZLjzhgJ8lOP0i4ZYP4ZTWYJI1E64jDEPCMAqljDFj3TSO41zXVZPP58lksmQyGXw/TyKRoKKiglhs6jDcWovv++RyOXK5HPl8niAIsIDnusRiMRKJBPF4HNd1Z9XJc+M+hGGI4zg37UMYhuTzebLZLLlcDt/3CcMQz/OIxWLE43Hi8Tie581LR1EQBIXt5cjl3993xxhc18VxXdxCnVGtDo4TzedsCscuDEOstWPHaDp1jS6Xz/vkctlxxz3EGMbtb4J4PIbneTjO9O7h9EOfwEY3LBgMoQ2xQMzx8JyZnwZYa8mGOUxhfRZLaC2OMcSdaH+DMCAf+tjoWQwGgwNYQgrBNnbsBgiDwRiDa9zChzPlccuHPr2ZPjJ+hupEJWWxslnty1QGsoOM5FMk3Dg1JdW4xp3X9YuIyOyoi1iK7s5noPMkvPLnxa5ERERE5JYUAIvIkqcQVURG2ewg/oVXCS69gXE9xsJfAGtx6jYRu/cXCuHv3Ac6MV4Jsa0PY+Jl5N/5O/JHnyO+7RGIl80qXDbJGrydj+Of+wlh+zFsPj1Wpw18/LMHcWo34CaruXGYaWthZCRFb18frmNIJEpIpVOUlpRQXV1NPB4HoiDz0uXLvPba67z+xhv09PawaeMmfvZLX+S2zZtx3YnDrDAMyWaztLW3c+zd45w4cYKrV68yPDREEIaUl5ezccMG9uzZw86dO2hpbr5loDyR4ZERhoaGCMOQRCLByMgIlRUVVFRUjO1DGIYMDw9z+swZ3jlyhNOnz9Dd3U0mk6W6qpLWdevYtXMnu3btZF1r69hysxUEAb29fZw5c4Z3jh7l5MmTtLW3k0qliLkeFZUVlJeXU1VZSXV1NeUVFZQkSigrL6OivJxYLEYqnWZgYIBcNstdd93Fju3bKS0tmd62+/o5f+ECR48e5d3jx+m+1sXIyAhuzKW2ppaW5mb27NnDrp07aW1toaysbFoXwDtGOrmW6sYACSfOQH6IfBiwvrKVdRXNMwo2QxuS8bO823MCF0PMiZEL8wz7KSpj5Wyv3UqpV0JXupvLg1dIBWnSQYYSJ0HSLcVay3B+hGyQYyTIEFgfz3FJOHESXgmNpfU0JOupLakm4SUmrMFi6U738Ffv/Q1nBs7xSOuHeLDlfprLm6a9H7cShAHfPfuPvNl9hB01W/ncliepLa2dt/WLiEhEYa4sWx//t9B5As4cLHYlIiIiIlNSACwiIiLLRtD+HmHvRfBz4IwLr8IAU9mI07IPd81t8xL+jnFjuM17wfXg5A+jC5Y2ADOLX6OMgykpx9vzCXLD16Dn/Ngw1saJRXMOb/4gzpotmFjpTYu/d+I9vv71/8aFixfxPA+s5YlPPcFnnn4az/NIpVJ86+//ngMvHeDc+XMMD49EwV06QzqTmfBCq7WWjo5ODr/5Ji+++BLvnTjOyPAI2VyOIAgKHz4Gw+HDh/nePz5PU9Na7r7rLp5++mlamptmFASfOnWKZ597jiNHjhKPx8lmszz11JM8+rGP0drSQk9vL6+//gbf+rtvceXKFQYGBshksoRhiDEm6kQ+fJjnn3+exsZG7rzzTr70hWdobGweYOa2AAAgAElEQVSccSCdSqU4c/YsL770Ej8+eJC+nl4s0NTUxJbbbqOqogILXLl6lbNnohDaOA6xWIySkhKSyTKwlmwuO9ZB7HkuNTU17Ni+fcpth2HIyZOnePHFF3nj8GEuX7nCyMgInuexadMmNmzcAEBPbw8vvvQiP/zRDykvr2DXrl186MEHuf+++2hoqJ9yG2cHLvDS5Ze5OtKG57jkQ581JbV8fOOjrK9omdGxAsiGWf7h/PNcS3URdfSGxJwYD6y9l41V6ynxEpzqP8t3zv5/9OcGcI2LxeIal6p4FXUltTjGJR/m6En30J8bJBfm8RyXuBMn4SbYVn0bdzfeyZ66HZTe8DNgrSXjZ7g4dJmedA8/aX+N2pJaGpMNuM7cu3TzYZ4zfed4u/solwYv0VCyhsHcsAJgEZFZWgoh72xrWAq1yxL29P8BX/0UDHcVuxIRERGRSSkAFhGZR+pWFllAoU/Q9g5h/1Vu7I6FqPvXW3/XhMHp3BhMSQXu2t2YRAWmtHpOAbNxPLzmffhVTQT9V8EGgAHHIUz1E/Zdxo70YKpbr1/OQCaTpaOjgxMnTuA4DslkknQ6jeu6dPf08M1v/R0/+P73OX/hAul0GgDXdSkvLycei910ITOTyfDqoUP8+McHOXL0KENDQ2zcuJH169ZRXl6O60YBXj6f5+zZc7z11lu0tV2hu7uLzs4Ozp47x5e++EVu37ObysrK6e2/MXR3d3PixAk8zyOXy/Hkk5/CGMOJk6f44Q9/xEsHXuLKlStUVlbR2rqORDxBLp+jt7eH9vYOhoaHMcbQ09NDZ2cnV69e4Vd+6ZfZsuU2Skpu3XUL0NPby4EDB/jBD38Ydfy2tfPggx/kjv13sHXrVhobGyhJlGCxDAwMcOnSJV577XUOvvwy1651UlFZVeiG3kmytJRsNkve9wkCn02bNuI4E180DsOQ3t5eXn7llShwf+89uru7qa2r5bFHH2Xbtm00NzdRXl6OtZahoSHarrZx+uxZDhw4wMGDBzl/7hxHjhzhC888w4YNG0gkJu6A9kOfodwQHalOHOMQWkvCSRDYAHPTz9CtubhkgyxdmW7yQQ4wlMWSDOfTY/Pl5kOfwdww11LdeMYjb/O0ljWxtXozdzTsGxu6fCg3RHe6l3ODFzjafZyuVDeucenL9NGR6qRjpJNH1n+YpFc69n0bdSFnGMgOEtiQtpEOzg6cZ3fdTprKG2e8P+NZaxnOjfCjSwfoSF0jF+RJ+WkGcoNzWq+IiEyPAldZVqqaoxD4L3+x2JWIiIiITEoBsIjIIlE4LDI3NjNA2HUaO9J7/fDL1oKXwKnbiFO/dYG2bjCJKASe+6ocnIp6nKoWwpIT2FT/+/tjQ4KeC7gDV3FuCIAB4vEYyWQSay1BEJBMllKWLGN4aJifHnqVb37zm/T09FBaWkpVVRXZXI50KoXnuhPOsXvi5Eme+853OHXqFPX1DTz4wQe48867aG1tIZlM4hgHS7StCxcusnHjBn7yyk84e+4sV65c4erVNmKxGGVlSW7fs2fS4aXHKy0tJRFPFObNjebMrayopKOjk0OHDnHw5YNUVlbwqSeeYN26ddTW1hKPx8lls3R1d3PmzBneevtt2tvbyWWztLe3097eTv2aej732c+wdevWW86Rm0qleeGFF/j2s8/x9ttvYYzhA/fey+c/9znu2H8HdXW1N+3Lnj172LhxE2XlZTz33HOEQUA6nWZdawsfuPcDeJ5LEITk8zmSyWTUoX0Day3t7e38+OBBvv3ss5w4cZJcLsf27dv52Mc+yqMf/Rjr1rUSjyfGAuQwDMlkMly52kZtTQ3PP/88R48d42pbG/l8ni998Yts2rRxwuDbc1w818MxDg4OmJCEmyDm3HwzwK0YDK7jUuqVEHM8/NAHwMEh7kbz/xpjSLhxkrEkmGjIZoCqRBVbqjdzR8PesfUFYcBwfoRtQ1uoS9Tw4tWDjORT9Gf7Ge4ZJhfkWFfRwu41O4iZqLPbD31Sfpp0EN3ckA2ynBu4wIneUzSW1ePM4caMtJ/hwuAl3uo6QtpPY4whG2YZzg3Pep0iIiKygm1/BD72r+EHv1fsSkREREQmpABYRJY0haYiMirou0I41AV+5voOXBtikrU4Vc2YZE3xCpwJN46pbIREJYz0v9/QbBzC3kuE/Vdg/d1wwxyt8VgUAIdhGHUAlyaxYci7x4/zne98l2w2y969e1m/fh1lZeUMDw/T3t5OTU0Nnnv9r33WWt5++x0uX77Mtq3b+Mxnnubuu+6atIO2uamJLVtuo6aqmm8/+yxnzp7FAD/8wQ+4fc9uWppbqK9fc8tdj3kxPM/DOFFg6DgOHZ2dXLh4kbNnz7KutZXPf/5z7Nq5i7Ky5FgQOxp6d3R28u1vP8vz3/8+586dwxDNo/ud736X227bTFNT05TdyEEQcPLUSf7+28/y5ptv4jgOTc1N/PzP/zwfuPceKioqJlyuLJlk/769JJOlnDt/nrffepuXDx6kvCxJ09om9u/fd8tQdXBwkDcOH+avv/E3HD9+HNd12LhxE5/85Cf49JNPTXj8Rju9t23dQnX1F8jnc/T29dHb28tff+Mb1NTW8NSTT7Jxw4abgm/PiRFzYozOlW2tJeHGiDmzGb4cHGPwnBiOcQoBvgUDZV5p4TGDZ9xo/fb9ZaLjcv2xcR2XqkQl5fEy6kpq6Ehd42j3MdJhgB/6XB1u57WON9hSvQkv7mEw5EOf4dwwfhgNSe7gcHW4jWM9x7mrcR8ViYpZdTZba+nJ9PB6x5v0ZfuBqAstH+QZyadmfqxERERkdXjon0LHe3D0uWJXIiIiInITBcAiIlO4VQCtgFpk8dies9hcitEwa+xxG+JUNeFUNGJmE2wViYmXYWKl2HF5lTEGUt3Y4S6sn7tpOGvHcYl5HtZaHMfgxTwuXrrEmbNnee/4cb785Z/j8ccfpbm5eaxrtqenl97eXhobG26qIe/neeihj3D/B+7lrrvuumXNDfX1PP744wyPjHD23DmM45DOZDh06DW2btnKmjUPcqvG0kQijud5WAvGRPPpfu9732NkeJiPfuyj/PIv/RItzc03Hy9j8DyP1pYWfuErX8Fay199/esMDAzgeR7d3d0cOXqM3bt3c/uePRNu21pLLpfj2Wef4+LFi1hrKa8oZ8eOHTz4wQdIJBJT1h6LxVjX2soXPv8M586e49q1a7z88iuUV1Swc+dOSkomX95ay7vvHueHP/wRx4+/SyKRIAhCnvjkJ/nE449PKzxvqK/ngQc+yMWLl/jeP/4jruvwl3/5X1nXuo61jY0kk8nrXl/uJUl6JQQ2xDUuoQ0pcRPE3ZnNlQxRB7BjnCjsxRkbqtMxBjNuuGtLNFSzaxyMAWOjqHaycNw1LtUl1Tzc+iHODZwn5adxjEM6SHOk5zhP5kcojZXiGpd8GAWyYWF/HGMYzo9wYfAip3vPsn/tXlwz87mAs0GOi4NXOHj1J2P7ZawlG+QYyqsDWERkvmiYZ1mRnv496DgOXWeKXYmIiIjIdWY/TpqIiIjIIgoHOjB+NO/o9QxO+RoorSpGWbNm4knwYjfcSGKwuQw2Mwx+9qZl8vk86UyGWCyG47h0d3fz/Pef5/TpU/yzf/ar/MJXfo6NGzZQkkjgOg4lJSU0Na1l166dlJWVXb99Y7j7rrt58lNPsHv39Ie2Xru2kV07d7J+/Xp838fzPI6/9x6nTp8mn8/fcvm872OxeIXOXmMM586d4+677+axjz3K2rVrb7mO8vIyHnrow/zMI4+MbdPzXN599xgnT56c9OYc3/e51tXFodcOMTAwAEBDfQMPffjDxOPxaV2UTiaT7N+3j+qqKuLxOAODg5w+fZoTJ08ShuGkyw0NDXPgxz/m4Msv43kxfN9n166d7Nu/j8Zp7POo7du2sX//fmKxGK7rMTQ0xOuvv87JU6du3l8bEFqLi4sFYo5Hzvrkw2Da2xvPYEi4MZzCcYq6bQ2ZMDd2zGPGI+EmCG2IteDbkFK3hHIvOel6PePSmKwn4SbGuoVDG5L202TymbHjmg+iIaCjbUXbMwaupbv40ZWDZP3srG7Mahtu41j3uwzkBqLwt/B4LsgylBseG8paRERubSXdILuS9kUWULwMPq1hoEVERGTpUQAsIlKgE3yRpc2OdGGDmwNGY0NIVGHi5UWoag68BDge2HGhoTEQBthcCpsbuWkR4xgc1y3MtwojwyOAYeu2bTzy8MOUlZXhFp6PVmdwXTcacvmGcNNxHLZt3cLaxrW37Hy9rmzPo75+DVu3bIm6r41haGiI/oF+srmbQ+sbxeMJPC+GJXrftdZSlkxyx/79bNu2FfcW8/eO7tf69evZsXMHpaWlhY4ih66uLjo7r5HL5SZcLpvNcvHSJQYHh8aG0a6qqmLLbVum3ZHkOA6VlRXU19eTSCSw1tLV1c0bb7wxZQB8+PBhTpw4QTodzS9rLXzkoY+wYd36sTB8OiorK1i3rpX169YRBgGO43D02DFOnDiJ7/s3vNrA2BDM0fF2jYcziy7Z0fX5NsSYqKN3NBit8MrG5t+NuR4lboJg3Pe167i4zuTbNMYQd24M4KMhnh3n/e/n0Q7g8YGswSHlpzk7eI6LA5fJBhP/208m42d4r/cUh6+9g2PcKPw1gDFkghwDuUGCMFAILCIiIpPbcA888e+KXYWIiIjIdRQAi4iIyLIQZoexk3QuTjTH6JIX5sEG3Fi3BcilsOn+mxZxHAfX88BGE6zm83k2btjAvffcQ0NDw4yHVSwrKyMej81iuXIaGxsLc8AagiAgm82Sy946fEskEsS8aKju0Xl9169fz4YNG6acu/dG5WVlNDc109zcTBgGGGNIpVIMDw+RnaSObC7H5UtXxrqGjTEkEgmqq6bfPT46FHVVdTWxWDSU8sjICOfOnSMIJg6A8/k8hw8f5tLly4Xw3pBMJtmzZw+1tTObt9rzPOrq6ti4cSNBGOI6Du3t7Vy6fJmhoeuHK445Hp7xGO2WDbHEnRixKcLYqRgDxriMfs9aazEYyrzkWADsGAdvXMDsGYeQEN9O3nUc2pCh3DBB4TUWS8zxaChdQzL2/rpzQY7B3ND7gfbY8pb+7AAvXjlIX7Z/Rjd0XRy8xIneU3RnesZC7dHF82GO4dwwuSB348jzIiIiIte77xfhri8UuwoRERGRMQqARUQWiDqKReZZGAATBGyGqFvWTy96SXOSS4Ofvyl8NVhskIN85qZFjHFwHXescxZj2LBxA7t27lzUOfXiiTiVlZWE4fvvc2EYhbm3XDYWi0LsseVCNt92G7W1tbgz6IR1XZea6mo2rN8wVkcQBGQyWbLZiTuR/bxPT2/P2PuzMQbHiT5mwhhDojBktDHg+3kGBgeiTtEb3vvDMKS/v5/Tp0/T19uL4zh4nkdTUxMtzc2UlJZOspXJlZeX09zSEgWwjkM6naanp4e+/r7rXuc5LrHC9wuMBqsurpn9KYBnPIyJ8tDRPS1x42PDQofW4hPgGAcDY/MFj+8IvlEuyHN64CyZIDtWZ1msjH1rbo/mHC7Umw4y9GX7MYBrPGJOLJprGMgHeV7rPMylwcukp/lekPYzvNP1LmcGzmEwJL1S4mPDUIMfBqT8NJkgqw5gERERubVP/x407Sl2FSIiIiKAAmARERFZLtxY1IJ4A4vBprqxmYEiFDV7NpeacJ7f0fZDO8G+GmNw3NEuRUs8HqOuto66ujULXe71dYz9MX4uVoOZxvDNhX+x97+ylvXr11FeMbMhvEe7aBsa6t+vyYIfBJPORWwMNw8xbbkuyJ4OS9TVawud2FMJw5C2tna6e3rIFoamjsVibN68mcrKihkN/zyqtKSUutq69+uxltTICIODQ9e9zjUujnHGjra14BQemy3PuIW5fwtrNRBzYozOnOtbn1yYxy10AVsA42AmOe3IBTk6U9d4vfNNUvk01kLCTbChYh33N99D3IsDUZdwKp+iN90LQEW8nOaytVQlqqKfByw9mV6OdL3LtVTXLQNbi+Xy4GWO9LxL20gHFfFytlbfRm2iBrcwFHRoQ3Jhjsws5xYWEZGp6b1VVhzjwKd/t9hViIiIiAAKgEVERGSZMLFSjPEmeMLBDnZih3uun093KbMWmxnE5tM3x1TGiQLS8Mb5XAsBsHEKGbGltDRJRUXFjObwnYvRIZv7+vu5fPkKzrgw1XEMrnvrXy1TqdTYEM2jnZb1a+opnUUnrOe5lJSWvH8B2RTuEZikGzqRSLBx4wYcJ+pKHZ2z1/Mm+L6aQhAEDAwMkM/nCsvHKC8rx3WcmzqxgyCgra2NVDod1WktrutQX7+GMAzJ5XLjPvLk8zd/jH9N1N1sSSZLCcNwrBs8l8+RzV7fNe5gMJibu5JtiB/6Yx/50Ccf5gufxz82+ni+8NoAxzB2kwIA1hTmFB4dlnn0hoCxFxRuGLhhqHNr8UOf9pEODl75CUd7jpMNsmBga9VmHlv/COsqW8eC5CAMGM4P05vrB2toSDbw8LoPs7tuZ7Q9ouGnX+14nfODF/En+Pm57hiEIT+++hPahtswGFrLW3hq8ydoKW8i5niFWxssfhBEAbA6gEVERGQ6WvbCU79T7CpEREREmNnVLhGRFWAud5rrLnWR4nHK6ghd76YYxhiHcKiLcKgTm89g4smi1Dd9FutnsEOdkBnC3NSNaSFWiim5eV7aaMhiNwqQrSWRSJBIJHC92c3pOu2KrSWVStPd083Ro8d44YUXOPjyy8RicUZnX/Zcb1pBai6fJwiiOXuttXieRyaTIfCnDuwmXFcux9DgIIl4nLDQjes6Lt4kxyMej9Pc3EIiEQ3zG4YhIyMjdHR20traMq1thmFIaiRFd3c3uVyO0TB246ZNEw5hHXUAt5HLZse6pLPZHK/+9FVGhkfGOnTjiQQliQQxz8WLx3EcQxgEUSjs+2SzWbLZDJ7rkslkuXDhArF4LOpUDUMCPyDwpx6C23NcTg+cxT/n83rHm7jGxXUchvLD+GGAMS4xJ07cuPiE+NYnCH0MhoQTI+HGOdpznJSfjoJl7KQN0JZC5mshsCFB6BOEARjI+jm60t282/Mer3Uc5r3ekwShT4lXyn1r7+Gh1g+yq27HdevzQ5+0n4mGdzYQc1zWV7SScOOcHTjH5aGruI5LT7aX93pOsqFiHZurN01YWy7I0T7czjvdx+jJ9tFStpb99bezrrC+8VF2gE/aTysAFhGZJWvtrKepmMuyIkV1z5eh7Si8/vViVyIiIiKrmAJgERERWRZMRQPWjU/whIF8mrD/KmH/ZdyG7Ytf3ExYix3pJhzuxuYz13dGjg4pHCvBJCpuWtQUOlxt4aWjc9jO16XRIAhJpVP09/XT199Pb28P1651cbXtKpcuXmJwcJCRVIpUKkVZWRkjIyPvFwVMKyOz70dpxhhc1yWXy01r/uAbhdYShGHhoERr9TyPeHyC7xOiALi1pYVNmzYxPDzE8PAIPb29HDlyhLvuvGNaF5nTmQwnTp2kv7+fIAgxGGpratm/b+91HdFjNYYh13p6yPt+Yc5gQxAEdHV18eqhQ1FgHfOIxxPEYjFisaib1oyOs22jLtSg8GHDEN8PyOQyVFVWRUOB5/OUlZURm2S/xzqjMQznhjk/eJGOVCeOcXCNQ2ijGykcovpCLKENCAmxNgQbDf3sOi69mT78MCisdPJ/8PFH8tLgJX5w8QVO9J7EwdCT6aMv20dfpp+Mn6G5rIlNVRu4rWozW2tuo7l8LaVeyXXry4V5Mn4m6uw1UOqVkowl2VK9mT21O7k4dBnXRvMdv9t7knUV61hfuQ7Puf50x2IZzA3xg0sH6Mn0gYVNVRu5o/524l6c8lg5juNSaLLHDwNG8iOFGwxEREREpump34WrR6MgWERERKQIFACLyIqkTl2RlcepbsXESibMGK21hD3nCNqO4tZvjebfWqpsSNh9FpvqgzCAG0ND18PEyzCJsklXMT5cm+u7ne/7dPf0cOnSJS5evMSlS5fo6+sjnY6Gp47H45QkSqisqmTNmjVUVlZisZw5c5bnn38ez/OiUDMM8KfTxWuuD6xHO1hn/bY9wYKT/R/gui5VVZU89tijdF27xpnhs/T29vLa66/zqU89QW1NzZRdzGEY0tPTw/PPP8/wyDBB4FO/pp7du3ezdevWCQPkMAwZGhwYC7jDMKSsrIwH7r+fdevWUVKSwPNixGIxHNfFc53CnMQWx3GiDncbYkM7NgR3GIZYoiGsR7e4YcMGWpqbpzxMlpC1yQZ21G6jIdkQdW8bMzYv8OjcvoENCx2vdmy4cTBYG/J6x5ucG7xA+lb/1mP/BIaR/Ain+89ybuA8jnFI5VOkgwx1JbXcXreLOxr2sbasgYZkPeWxsptCW4BskCPtZwkLw7xXxCuIuzHqS+rYXruNQ52H6c8O4BiHa6kuTvadZs+anWyq2nD9evwsV4baONTxBql8iqbkWrbXbKOlopnQhlQlKsfmALZEnccD2YGx7YqIiIhM21O/A199othViIiIyCqlAFhEZJ4odBZZWE7NekxpNTjeTXP9GmMI+64SXHmbcPODOBWNk84DW1wWG+Twr7yFTfVP+LyJl2JKKjGxm+fELUwhCxRC4CjVm10l1tLfP8DJUyc5evQYx959lzNnzjA4OEhDQz319fU0rW1i/Yb1bN60mbVrG6msqKC8ooKOzk6ee+47hTl0LcaJjvVsQzIzOo70TJcDTGE+32g9UUgZTtFNHIvFeOThhzl9+jRDw8N0d3dx/PhxfvCDH/LwRx6ioaFhwhA4CAKuXevi0KFDHHjpAKlUmtLSJPvv2M9DD32YutraCQNgay35fH5svuEwDCktKeFnHnmEBx64n2QyiXEcXMeNurmNGbc/TqG5OQp/bWF9NgwJrSUsDKXteR6O40zYgXzdPoQhLWVNfLD5PnbUbpvkiE4QqBf+9EOf7lQPV0faSfmpKbdV6GUHoLqkhop4Of3ZATpGOnCNiyUk7sZYW9bIXY37KItNfsMDQMbPkPJTWCwGQ2WsnJgTIxlLsrFyHfvW7OHA1VcwGPI2x4XBi7x17R1aK5rxHG9syOqudA9vdx2hPRXVsbtuBztqtlLqlZL209QkqsYCaAP4YZ7udK8CYBEREZm5lr3w5L+H5/5NsSsRERGRVUgBsIjIIlA4LDJ3pqIBp7qZsOsMNt1/fZevcSA3QtB5iuDCq5hdH8d4cWaVKi6kwMeO9BBcfAObHrg5pLYhJlmLU1YXBd03sjYaknfciMuzeX8Jw5B0Os1PX32Vb3zjG7z9zttksznq6uq49557+fjHH2PP7t2sWbNmwuGU29vbSafTOIXw1TEOMS9GzIvNuJa5cF2XRDwxNqdwFIK6Uw7lbIxhbWMjT3/60/i+z49+9COGhgb56te+huM43HvP3WP7PRrG5n2f3p5eXvnJT/jbb/4tXV1dlJeXs+f2vXzi45/ggw88MOk2jTEkCusa/1g8HqekpIRkcnHmrI6iXVsY6tnBmbRLfvJjF5qw0JVcSOxv8b1X6CH+/9m78+C6zvTO79/3LHdfgYsdIDaCOym1qLVF9apWL26rbbflmUxnXJVUZmxPKl2VsV2Jx55MMonH9sxk4j+SSSWpShw7NbbbLnd7vPUmdbeW1kZJFCkuIDZi3y+AC9z9nPPmj3NxCZIACVItgaSeT5e6hbuc855zD9i893ef52FfvJMTmWOsllb467FvU3EraAzm8vO8s/guB1L9HMscwTItdmpovl7ZYK2cq/U+N4jaUWzDrz5vjjRzqu0J3px/h6JbRGmDucI8p+fP8Fjrw7TGWjCVScWtMLZ2hR/Pvg4oGkJpTmSO0Z3oAsBQBslgAqvWAlopRdVzWCgu4erbb1EuhBDiw3OzecEyS1jsqUf/IUy9C29/Y69XIoQQQoiPGAmAhRBCCHFPUGYQo/kgavYCXiGLuj7AUgbe6hSVt/4Yc9/DqHgLmB9uIHkrupLHnXwHb20GvAoo89r7tUalu1Cpjm3bWF8NfNX7yraLxSLvnDnD7/3e7zE/P48Genp6+IXnnuMXfuEXiEbCN60mrVQqrK+vY5r++jerUG/WPvnqQWhuqDLd5qbdCIZCpFIpKpUygUAAwzCwbXvHGcBbHT92jEQiQV9fH3/5l3/J4KVBfud3f5cnn3ySp06doq+vD9u2qVTKzM7N8b3vfZ9XX32V9fUc8XiC5557jq985Vn29/dj2ztfZ4ZhkEgmsW0L0LV22R6LS8t3NPf4jtWuF6/e3vnONqJ2jGi30v53G/TmT9AWa+WhphMsF5d5efZ1Kl4FA8Xw6ih/eOmP+bWHvk5ztAnb2P5crlVyrJRX/RbiCuK1CmCAqB2hL9XDicYjnFk6588K1g6zhTlemvoxz+7/EhE7wtzGPJeyl5nOz6JQPNn6OH3JboJWsH50UStabwEN4GqP1coajufWq4+FEEIIIW7LV34Hpt+F+cG9XokQQgghPkIkABZCCCHEPcPsfAB34jTe4tCNdyqF0i46N0/5lf+D4BP/BUa6666ZB6zdCu7yKOXT/wHtlFHcuC6Fwkzvw0i0bb8NrfG8WrhWLwPWtyrEvIbjOIyOjfFv/u3/THZlBQ10dnTw9Gc/y1e+8uwtw18Ay7IIhUI4joNp+q2LLcvEtMybPg8gHA5jW/bVNseGget5d1TJrD2vVv1r+IWhgGWZuwqilVK0t7Xz5MefZD23wfDwCHbA5vLQZaanp+vhtvY8UIpIJMLTTz/NoUOHOHr4MD093TQ0NNxyX6Zp0tvTQzAYqr12Ctd1yWY/+ADYj3r90HLz9G62k74ztfnA+vrbHDbT3s2I+OpjFK7n4HhVGsMN/OzAT7NYWmFodZiyW8LVHnP5Bf7D4J/ztYPP0RZrvaFKS2vNemWD9cqG/zuiTGKBGPaWKvloINeWR9IAACAASURBVMIz3Z9hbH2ColPCUCbrlQ1+OPNjnmh/lNZYC+8tX+TtxbNYhkXcjvNw64NkIpn6NpRSBM0gJiabv1+udtmo5nG8qlSQCSGEEOLOmDY8+6/g//rqXq9ECCGEEB8hEgALIYQQ4p5hJDowMv2o6bPojSUwrgsclUI7ZZyx1zHizdiHP4+R6b+h0vbDp/GWr+AMPo/OjqPQO7R/TvoVwNGGHbdTrwCGLS14dx/ora6ucfHiIJcvX66HWfv37+eJJ57YcY7t9TbbLXueVwuLFYYyMHbx3EAggGVbtVa+fhhq2zameftBveO4FEulemCtDLWrWbjgt8G+fPkyz7/wAm++eZrPfOYzPPzwSdKpNEr5Qbkf0CoCAZtEIkFDQwONjY00pNMEg8FdnSvTNOnt7SUajaCUf+4qlQqXh4YolcofaKjoau+a2bVKKbzaf+5UVbv1CuLNKt+qW63fZiuboBHE9VxMw/RnGOMPrw6YNm3RVr7S9wX+fPg/MrQygodHxavw7uJ7dMba+UTHk7TH266ps3W1S76aJ1/N1wPgiB3G3BIA24bNQKqfvmQPG5UN8k4BT7tkS1nenH+bznwHgytDLBQWiVoRPtH+cTpi7YTM4NXzgyJsh/1112YGe9olX8lT2XKMQgghPhjyRRtxX+t+BL74z+Hv/se9XokQQgghPiIkABZCCCHEPUMFwphtR/HmL+EMvbjdIwDQxVWcwRdAGVgHPczMwI1h8YdG42XHcUZexBl7FTz3xrVoDZ6L0XoYI92FsrefC6v1tTN/N2es3o6V1RWGh4epVqv1tslNzc10dXXu+kNXz/WoViv1QBPA9dzbqGhVflivNY7jEItGb9pGeSdVp0o+n8c0jVpLcIWn9a7WMTI6yre/8x2ef+F5AoEgv/RL/4hjR48Sj8f9oLRWXYxSWKaJad58tvBOTNOkq6uL5uZmxsbGqFQqVKtVBgcvsbi4SCbTuKuW1Xei6jlUPbcezG/OtHXexzxbx3NqVcVXv3ZQdit4tevSUApTGXh4mJi42sNUBpby33ZYhsXxzFHmCguUnTJjuStoDNar67wy8xrJYJKwFaIhnL5mn/lqnqJT9NuNG5Zfqbulut9QBtFAlIeaTjCfX2A0N+Z/wUA7vDb7Jqmg3/rZ1S6pQIon2x8jEYzfMJs5ZAaxDKseQHtaU3RKlN0ynvYw9/zLJEII8dEmIbG4pz35j2DyHXjvr/d6JUIIIYT4CLg7eiIKIYQQQuyKwmg+iNn5MVQoDnr7SkZlmHir0ziD38e58G3cxUG0U+KOBs2+H9rFW53CufwCzuUX0CvTOwbRWhlYPY9hJDt3bFvtt+/1rqmO9EPh3S8pv5FnfmEewzBQSqGUwrbt2wpgHcehVCphGGa92tZ1XRzn1sFipVLFcZz6z57rYgfsXVXtXs91PSqVCuCHdwpwHeea7W//PJdXXvkxz7/wAgsLCxwYGODxxx4jnU5jWRamaWLbNqFQiFAwiGVZd/xhs2EYNDY2cvTIUZqamvA8P6CemZnh/IULrK6u3tF2t9qppbOjHVzt1uf2GigqnoPr3VkA7O/FY2u7Z40m7xTrlcau9qh6V8+/qz0MDKwt133QCvJE26M82nqShlAaD42pTCY2pnht9k0uZAepuJX648tOmYJT8OcGK4OgEcA2bYzrfk+UUhzPHKUnsY+gGarPlh7NXeHtxbPMFRZIBOL0J3voS/ViG9cG7wqFZdpY6urrrbWm4lUoO2U8784rp4UQQgghAHj2tyHZvterEEIIIcRHgATAQgghhLinGNEGzLbDGB0n/GrandJPw8RbmaH63t9SeeOP8BaH0OUN/zkfNK3RThlvfYHqub+keu6v8BaGYbuQU2swDIxEC2b7CYwd2z/7j/U8zdUEWG/5Z3dcz6VaqVwTIjuOg1O9eWh6dQmaSrVCoVC4LhTdXUBaKpepVqv1n03TZCNfoHqL0HY7Rq0V9WbFr+bGKunt1p/PFzh9+jTj4+OEQ2Gi0egHWk1kmSafeOopDhw4iKpVPnuex/MvvMCV8YlbBtY3sxnGbwbhW/lVuh6erjdtxtPu+2gBrbGU4a9/SyvyDTdfD4CrXpWSW76mOtf13BtC58ZwA4+1PsxjrY/61dvKD4HPLr3HKzOvMbU+U38dN6oF8k4RR7v+nF4rSMCwt33NmiNNHEjvpz3asqX99dUwty3aylMdTxC2Qtu2LLcMsxYum/UKe8dzKDgF3PdROS2EEEIIAUAk7YfAQgghhBAfMAmAhRBCCHGPURhNB7CPfRnMW0yzMAx0KYcz/BLFv/kXOJe+i84vwgcc5OhqAXfuPKXv/2sqZ76Ftza7cwtq7YEdwX7kP8VIdYG5cztg1/OoOlUMZfiR1m1W/4I/gzcai9VbR7uuw9raGtmVlV09v1KpMDc3x9DQMEYtzFSAaRqY1q3b45bL5XrYqxQYpsHGxvq2AeatuK5LuVS+Jsi7VZCrtSabzVIoFgFNsVRiemaGUrlcb2P8QTh8+BAPPvgAra2tuK6LZdm8+uqrvHX6NAsLi3e83cnJKd56+22ujI/fcJ+lTEyMWhWw30rZVla9HfPt0lpTdqr18+TVguCwcTVMrdQCYEMZKAWWMii6ZfJO8Ybt7Ut08ljrSfYne3G9WmW7gneXzvEXw39FvppHa81qeY18tYDWGgODiBWutWm+8a2MUopjjYc53HDwmq9GaDQBM0BnrIOjjUe2PT6FwjZsQmYQc8uXNVztsVRcpuze/jUqhBBCCHGDg5+FT/1Xe70KIYQQQtznJAAWQgghxD1HBaKYrUcIPPaLEIjAzVqzKgWeg87NU379Dyn94PepvvfXeCsTaK+68/PugC7ncCZPU3n1/6b8/X+DN3UGKgV/Dds+wYNgBLP9KPb+T/ptrW/CMBSWYeC4Lig/EHZd168K3qXGhgYOHjhwdWarYTI4OMirr75K9RZVwKVSiedfeIG/+OY3mZ+fQ9VCMsdxcN3dVZWapv8cv52uwnVrs4PvIHytVqtsFPJ+y+/aNWDb1k1n6iqliMfj/vxjZVAul7h06RL/7n/5fb773e9z5t2zDA+PMDU9zdzcHGNjY0xOTrGwsEg2myWbzZJbX6dcvr2WwIFAgKc/+1m+8uyzRKNRqtUqWmv+4lvf4ht/9g1GR8d2vS2/ijnPq6+/zr/63d/h9Om3cLdpv71ZOWsaJigwDYOiW7qmvfKu94kf9m44BTztYajNBtAa13PqQauBwkDhas8fba11rQr5xnNlGRZ9qR6+0vdTJINJVO25JafMxZVB/nTwL1ivbLBe2aDslNFoDKWIWBEsw9zx1yoTydCf7KUj2l6v2vW0S3e8iyONhwjboe2fqPw1Re0ItmFDbdYx2mO5tHJH500IIYQQYltP/zr0fXyvVyGEEEKI+9idff1fCCGEEGIvKQMjlsE+/AW87CTOxGko5XacnQsKPBe9Nodb3sBbm8WYegcj04/VegSVbEeFkigruHOl7nY8B13JowtZvMVh3LmLuIvDeNlxdG6uvtZtbQawDb3Yx5/FiDXdct+GMjBNE89zMU2zFp46txVEplJpDh8+RE93D3NzcygFC/PzvPLKK3R1dfGJp04Ri8XqM3m11lQdh8XFRb7z3e8ydHmIVCrFqVOneP75F7Ask0qlQja7THZ5mUhn5033X61Wca9peawoFou7mh+8ldYa13NxakGqX/lba3R8kypgpRSxWJS+3l4uXLjA/Pw8a2trPP/881y6eIlEIk4wGMSyLQzlt5c2ajOBDcOfmRwMhojHYrS2ttLT0033vm4yTRlsa+e/Wiul6Ozo4HNPP02pVOKb3/oWuVyO6ekpvv2d75BdWeGTn/gkDzxwgkQ8jm3f2OK4Wq2Sy+UYu3KF06ff4uVXXmZs7AqPP/Y4DY03tg6velWc2pcc/MtNUfEqVO/kiw8aPO1R9ar1MHfznG+GwvXXRDvXthj3nB3bJ8fsKIcbDvLF7qf59vj3WSvnMBSslXO8Mf8WXfFOlksrFJyCv0+UX6GrzNpk4xsFTJu+ZC8fazrBZH4aA42pLPqSPRxM9d8wO3iTQmEqk6gdrQXAtUNXmpXyGpWf8BdGhBBCCPER99O/Df/bF8Ap7/VKhBBCCHEfkgBYCCHu0M1mTAohPgRmAKOhG/vol9CVPO70WagWdw5clQKl0OUN9PwlvOUx1PQ5vNnzGKlOVLwFI96EijSgAhGwQmDWQiCtr1bxuhV0tYgubaDzy+j1WbzcPN7iMN7yGLq4dnV/O87F1aA9jEwf9oFPY3U/uqvg2XEdSuWSP4PVdalWq7XgdPd/HoXDIfp6+/jpL3+Zb/7lt1haXKJYKnH58mW+8Y1vsLi0SH9fP8lkAsMwyOfzTE/PMDI6wtjYGH29fTz00EMUiwXeeOMNCoUijutw/sIF/vbvvs3Jhx4iGArR09NNNBK5IcQslcpUKpV6aK21Zm0td9stoLXWOI7jV+K6LoZh4Dgu1apTnwm8k0AgwMc//nGWs1lee/VVsisrLC4uMj8/v2W9uvayK5Tht9xWyg+AA4EAoVCITCZD9759DOzfz+EjR3joYx8jmUxgmtu/lrZts39/P1/9uZ/FMAzePH2asbFRxsbGyGZXmJqa5uLFC3R2dtHUlCEajWKaFkpBsVhidmaGyalJhoaHGR4eQWvNZz79aR566GOk0+kb9ud4DlXPwdNeffZwySlR8baG5rs83/jhbtEpUvWq9RbinvYou2U/AEZT9ioUq0U8rrYaKrklitu0gAb/Sw3JYJxPdz3FxPokZ5cusFHN42mHxeIyL0y+iEaTLa3UA1/TMHYMf8EPclsiTRzPHOGV2ddYKa/SEW2nP9lLc7T5psdpKEWwFjB7WtfbnGdLWakAFkIIIcRPVlM//PT/BN/89b1eiRBCCCHuQxIACyGEEOLepUzMnsew8svglHHnLoBT3bnlMlwNiJ0KemUKZ2UClAnhJEayDSPVjhFpRIWTfntpXRu0qwxQoMvr6OKaH/quTvmVvpVauKXUTaqQt/A8VLwZ6+BnsQ4/gwrevPXzJqfqUK04JJNJDMPEsiyUUrdVAayUIpNp5Ktf/SrZ1RXeOv0W8/Nz5At53njzDS5cvMjRo0dpbm7GskxyuXWmpqbxPIdnPvcMzzzzOfb39zM9M8NTp57izLvvksvlGBkZ5Zsb32RmdoZ9+7ppaEgTCYdvCBkdp4phGESjUWzbplKp1OYC31515WYA7HoeiWQSQykM00RDfcbwzc7Bo488jGkaBGybF196icXFRQzDwLIsTMvEMi0Mw6gHp57r4rguruNQLBYpFAosLy9z6dIlXnr5ZQ4cOMDfe+45Tp06RWNjY73V9fWCwSD9/f388i/9Y/r39/PDH/yQy0NDrKys8Mbrr/P666/R1tZOV1cXjQ0NBIIBQLG2tsaVsTFy6zlCwRD79u3jc898jqdOnaK5qQnbtm/Yl23YJANJOmLtWMrE0S4NwTQBw0ajbxqibsfDI2JFaI22+M2ftSZoBkgGEpjKrO8zFUxhGCamMvDQJAPJ+v3bsQyL1mgLn+h4kqrnMLk+jW3413a+msc0DFLBBPFAjIAZoDHU6Le1vomQHaIr0cmjrSc5t3yBk00P0J/qJXiTGdubGkIp2qItWIZVn20cMG79PCGEEEKI23by78HEaXjrT/d6JUIIIYS4z0gALIQQQoh7mjID2Ed/CmWH0W4Vd+Y91E3CpqtPVLWguNbquLiGV1jBm3lv8wFoBUoZ/uO0rs0a1lefj3+fNszdR2lag2kROP5lrMPPYMRbd/k0TSgcortnH+FImHA4zMZGnkQiQblcIb67DBnwK1E7O9r59V/9VZ5//gX+7tvf5uzZsxQLBarVCm+//RZoMC2TTKaJRx95lOee+3kOHBggGokA0NHezm/91m/yZ3/255w5c4aVlRVC4TCu69LZ0UE4FNq2wtQwTDo7O3n00UdJxONs5PM0ZZqwrRsDzFuej1CI3p4eent6MA2TfLFAc3MTeheBuGVZHDt6FNf1WFld5YUXXiAcDtPY0EBjppFUKk0sHicSClEsFdlY32B1dZXl7DLZ7AqlUqneCaJcLnPmzBkunD/Pv/693+PJJz9OIpHYcd+GYZBIJPjqz/4snzh1itNvvc2LL77ImXffZWlpiYWFBb89N/jXl9bYtk1bWxuf+fRnOHXqFA8+cIKmpqadzw/QnejiSz2fA8DFRWtNwLBpi7Wxc3X6zmzD5pnuz2IpE9A42sU2LBJ2nIgdRqHYn+rjuYGfwVQGJa+MgUHQDNIcydxy+4+0PETcjpEtr/pBrVKEjCAhM4CLpuxW0FqTDiSJWpGbbkuhaI408fP7v8JDLQ/SFeugKdy4q+N8IHOMzmg7RbeMxkMDETNMU/jWxyCEEILb7jIhxEfes78N42/C0uher0QIIYQQ9xGlpYepEOIudqd/RN3seTvdt93t19+29eeb3bfTYyORm39gLYS4Uxpd3sCZOE3ljT/EnTnvf/C4m2rcbbblu0n75pvev9PT/LbPWDaBJ/5z7INPYyQ7wNj99/FKpRL5fB5QGIbCcVyCwQCRSATrJvNnd16SplgqsbKywvzcPNMzM4yOjWIaJq2trbS3t9PUlCHT2Fiv2N36ga7neeQLBYqFAo7jYJgmoWCQUChEIBCozxG+/hgKhSKu52LV5hj7c3ljBIPB21p7qVRiY2MD0zRRSuE4DoFgkFg0umMb5k1jV67wN3/zt3z3e99lfX2DL37xCzz2yKO0tbURjUUJBgKYloVC+e2PHYdKpcJGPs/C/AIv/OAH/OCHP2Bubr52nJpqtcpjjz3OL//SP+aJxx/f9viv57oelUqZfL7A6uoq2ZUVstksMzPT5HI5QqEwHR0dNDc30ZTJkEqliEQi2HZgxyrjTY7n4tVm7269ak3DvGlF7k601lS8KlebZPvbM5SBafgzeV3t4nrX71NhGsYt96nRtXnBXr06WaHqBf3+/5Xqa/Z3q+152t+mZZgY6uatoze5notba2m9SaHq2xBCCLGzQqE2s33L3xd2+vc7+Xmn2252+63uuxkJssWHZvgl+IOv7fUqhBBCCHEXO/P3f3Rbj5cAWAhxV5MAWAixa1qjS6u4s+epXvw27uhr6FKu1rp5jz+88zwwTFS6C/vEs9j7P4ERb4FdtKPdavPPks0PI6//+U65rkulUqVUKpLP51FKEQqFCIXDBOwAtn3zcFlrXa/2udVatv7ZuNleeevPt+NOzofrerxz5gx/9ud/xltvvU1LSwu/8NzP8+CDD9KQbiAUCtYD5a3b2TxG13UplyssLi7y6muv8jd/87e8c+YMhmHgeS7RaJSvf/3rfOXZZ0ncRlm239Lan+tcrVYoFkt+u2zTJBwKEwwGCAQC9bUJIYQQdyMJgIV4H57/d/CD39/rVQghhBDiLnW7AbC0gBZCCCHE/UEpVCiF1fUQKhjDibfhjr+OuzwO1aI/5/fD/gxPa0BDNI3ZegSr/xRW/ymMSCPcYobpdnbzoeidME2TcNgkHA6RTqfvaF27XctP8hhud1vVapXZ2Tn+9Bvf4MUXX6Sjo4MvfuELfPpTn7ppy+bNbSulMAwD27aJxaJEImHyG3mWs1muXLmCZZmsr6+zMD/P2trabQXASils26qF7WGSyeSunyuEEEIIIe4Dn/2nMP4GjP54r1cihBBCiPuABMBCCCGEuH8oBXYEs+NBVDSDkWxFjb+JuzCEzs2C5wLqg68IrgW/ygqg0vswO45j9X4cs+shVCD2we5bbEtrTXZlhe9873v88Ic/pFwu8/DDD/PpT986/N1JS0sLJ08+xNDQECMjI1iWH+rn8wUKheJPcvlCCCGEEOKj4Mv/Ev7Xz9fetwghhBBC3DkJgIUQQghxXzJSnRjxZoz24zijr+AMPo/eWEJX8uA6fkir4HbKgjdnnu78AO2Hy1YAFUpgptuxDn8Rs/tRjETbHc4kFj8JjuMwPTXNH//xH7O+vk5XVxf7+/tobWl5X9vt6Ohg/8DADe0tpWWkEEIIIYS4bc0H/BD4P/7mXq9ECCGEEPc4CYCFEEIIcf8yA5hNBzDS3dgHPo0z9EOcwR/gLY+hq8VaomvuuiJ4x0dpjUajtEbZYYyWQ9jHfhqr93FUOAWG/JVrrxWLRWbnZpmdncXzPNpaW8k0ZjDN22/FvVUkEiGVShIIBOpzgqPRKFGZ+S6EEEIIIe7Eo/8Qxl6Dc3+11ysRQgghxD1MPo0UQgghxH1PmQFUogP7+M9g9Z7CXRrCnT2PO3sBb2EInHKtbTO1MPi6NtGb/6rr/+WHvlr7lZ6WjZnpx+x8ELP9BGamDxVrQtkRMKTq925QKBRYXFrCcRy01oRCIQKBwPvfsFIow0ApcF2PYDBIY2MDicTu5/8CeJ5HpVIBwLIsTNO8popYa43ref41h38VGrWZxJuP01rj1R6znc2w2/O8a36+/rnX73srrTWO4+C6bm1usY2xzTW+9XGGYWCa5q72t93truvecEzqumO//ly6jovjOpimiW3b12xfa43rejd870NrjWEY2253cw2b92+9fet6PM+rn5vdrHXrMXueh1Jq2/PheV79PG53njefc8M1Uzv/W9e8eft266qff8C6yZcjtNZUq9X6urae46372KlrwtZrcfPP0a3HtnnMQH39W2+7Zi1c/V0A6udju2PePN6t53s7liVvk4UQQuyxL/9LuPI6rC/s9UqEEEIIcY+Sd7ZCCCGEuP8pBaaNCqdQwRgqlsFsPoTX/0m8tSn0xiJ6fQFvYxGdX0YXVqFaQG9tFa0MlGFBIOxvJ9KIimUwYk2oeDNGqgMj3oKKpP05v8b7qywVP1leLfTbDJsqlQpVp/q+t1sul8nn8ziOi+u6HD1ylK6ufYR3WQFcrVaZn59nfHycpWwWhSIYDNDe1k5nZwepVAqtNUtLSwyPjLCWW6+HYJZl0drczL59+0gmE6zlcly8eJGNfAHH8cO5ze8r2LbFY48+SjAYZGzsCsvZZTo7O+nt6QFgY2ODiclJ8ht5Dh06SDwevyYc8zyPUqnEpcFBFhYWKZfL2LZNQ7qBQ4cOEI/HMU0T13VZX19ncnKSqekZqtUqhmGQSiXZ19VFV1cXSilyuXXGJ8YpFov09fWRaWys3Z5jYnKSQqHAiePHCQQCnD9/gYWlRapVB+15oBSWZdGUaaSzo4NMJlNfazabZXx8nPmFBcrlCpZt0dHeTk93D4lEnFKpxPTMDCMjo3jaQ3u6Hi5blkVXVye9vb1EwuH6sbuuy/kLF8jl1unq6mRf7Ri01ly8eIlCoUBbWxvNzU3Mzc0zPDJMpVKtBaka27KIx+P09/XR0NCAbds3XAOXh4aZnZsjHA7R39tLS0sLhmEwOzvLxOQkG/kC6VSSY0ePEgwGAahUKiwuLvLe+Qs0NDTQ39dLQ0MD4Aee+Y08586fJxCw2dfVRVNTEwD5fJ5Lg4NEIhF6e3oI145Va834xARTU1NYlsWJ48cJh8PXXAeu67K6usrw6CjZ5SyVagXbtkmn0/T19NLQkMayLOYXFhgZGSG3vo5X+73bTIKj0SiPnDyJ47qMjoyynF0mlUxy5MgRIpEInucxOjrK1PQ0hmHQ1tZOb083E5OTzM7Oks/nqTpu/Us7ntbs6+ri4MAAnvZ44/Rp4rEYPd3dZDKZ+rV7+u23aW9rIx6LsbS8zOjYmB9eW/7r4dRCftuyeOZzT+/q91cIIYT4wEQb4af+B/iTX9nrlQghhBDiHiUBsBBCCCE+WgzLD3DDKYyGbnTlMLqUQxdX0IVVdLH2T2UDHAddCz+U1mDZqEAMFU7Wt+H/k0AFojLj9y4WDASIx2L1CsCV1VVyuVy9gvFOZbNZZmZmcRwHgMcef4ye7u6bVk9u8jyPiYlJLg8Nkc1mCUfCBCyb1dVVcuvr5At5Dh44QCKRIJfLMTZ2hWq1SiKRQBmK9fUcy0tLeJ5Hf38fhUKBkbEx8vkCmYYGgkG/wllr8Dw/LHMch/mFeS4PDbO+vk5LUzOhcIhSuczc3DwrKyt0d3cTi8WuCf6KxSKDl4cYHhkhEAhgWzbFYpGh5SE28hs88vBJEokEq6urDA2PMDo2imGYhEMhKtUK0zMzrK6uYRgGra2tlEolZmfnyOVyNDc3k2lsBKBUKjE3O8fq2hqHDx3Csiwmp6bq4Wg0GkVrzcZ6lWx2mVKphGVZJJNJCoUC586fZ3FhERQELJuNjTzn3jtPpVxh//5+lGGwuLjIpcFBWltbCYdC9ddf6+2rpz3PY2ZmloWFBaLRCF2dnfVzMzM7y+raKqFwiHQ6RXYly+WhYVLJZD08LRVLzM8vsL6+wQMPnKC5qemGKuLZ2VkuDw8RiUQIBgJkMhm01szMznLx0iDlcpmWlmYOHjhYD4Dz+TyjY2NcGhwkmUqSTCZIJpOYponWmlK5xMTEBKVyCddxiMfjBINBKuUyk1NTJBNJOjs66gFwuVxmYmKCi5cGiYTDNDc1sW/fvno1rOM4ZLNZ3n7nHVZWVwnYAWzbplAosLS4RHY5y8MnT9LY2EAul2P0yhVKxSJNmQymaV1tnlAL3YuFIpNTU0xMTtLUlPFfj3CYSqXC1PQMlwYvEwwGsSybfV2dLC4tMTZ2Bcd1aWhIY6irrxvaw9Me5XKZ0VH/2jNNi2g0SiAQoFKpMDY2hm1ZBGzbrwB2XaqVKlNL05imSSwWIxqN4Hny57gQ79dO1fVCiNt07KfgsV+E1/9wr1cihBBCiHuQBMBCCCGE+OhShl8RHIxBst2/TWvwqmi3Cp7rV/JqQDt+eGwG/Jm+8uHmPSUcidDS0kwikSCfzzM/P8/s7Bz5fJ54/PbaNW9yXJcrV65w8eJFDMOgs7OTxx99lJbWll09P5/PMzh0mYWFRdpaWzkwMEAwGGBxcZHBy0OMBITaWAAAIABJREFUjV0hFAxy7NgxPM+jWq3S2NDAwQMDWLbN2toab5x+i/GJCdLpFIZp+lWvpsnAwH4a0mn/Q3gNylBEIhHK5TKO41fpTkxMMnblCv39faD946lWq36V7RZaawqFAhcvXcR1XQ4OHKC5uake9i4s+hXB1WqVmdk5hoaHMQzFoYMHaWhIU61UGJ+cZGJikrPnzpFIJNDaw3FdKrU2wvV9eX5L463rKJVLBAI2XZ2ddHR2oj2P9dw67547x+TkFJnGDNFolCvj44yMjJJpbGR/fz+JRJzVtTXOnjvHcjZLW76VaCyG47hUqhX6e3tpasrUA06lFNFolOA2rcGrTpVypYLrXntuHMehWqnWW0S7jkulUqF7Xxetra2Ypkkut87g5ctcHhqis7ODhnT6mvbjm+2UXcelUq4wNz+P67o4jsPq6hq5XA7btqlUquhaiup5HrncOpNTU4TCIdbW1lheXqa9rY1YLFY7lx6O67C4uEQoGKK5uYXu7n21/Tn1duibVldXya6sUK74Vb2jY2O0tbXV20vn83muXBnn0uBlDhwYoK+nh1gszlpujZHRMRaXligU8qTTqfr6Y7E4x44eJRQK1fdjWRbBYJBcbp1KtYrjOBSLRebm5mlra2N9fYP19XVK5RKmaVJ1qmjAqVZxXJdUMsmDJ07UW0ZrDdFoBNu2KRYKVB2H9fUVxsfHSadTdHV2AlCpVKlWqwQCATo7OkgmEpRKJV58+RXC4TC9Pd20t7VLcCWEEOLu8lP/PYz+GBaH93olQgghhLjHSAAshBB3aLP9oxDiPqMUmAE/6BX3jVAwSFtrG0eOHuXMO++wvLzM5cuXGR0b4/ixY7ddBex5HgsLC7z11tucO3uWhoYGvvpzP8fBgweI7qL9s9aa+fl5FheXaGrK8MjDJ+vte9vb21HK4Nz584yMjnHkyBF/fUqRTCbp7OwkEAziui5DwyOUSiXyhQKJRKLW0tYilUyRSqf98FdRn9NaLpcBjWkYOK7L6bffIpNp9Gf0GkatVe+NAdjm3NzN2aqBYJD29nYaGxvJ5wvEYjEK+QILCwtUKhWefOIJ9u/vr4eriWQS7Xm8e/Ycx48dw9oyO/iawE3h73/zf2v7joTDNGUydLa3o7WmnCkzNn6FcqlMpeKHs+feO49t2xw6dJCB/ftRStHW1k4sGsVxXGKxOODPUDaUQTqdJp1OYxhmbey3uqYieCulFIZSOI5DoVCoL9bTujYD+urscMNQNDQ00tLcgmmZJOIJSsUic/PzOM6N84w3tx8Jh7Ftm6WlZSqVit+mvFolELAJhcLXPL5SqbCyusLqWo4Hjh9naHiYbDbL0vJyPQBGKRT+bN3VtTUGBwfpaG/zb1ebR3D1HE9NT+M4Lu1tbQRsm7Er4zz4wAMEAgEMwyCbzTI8OkoyleSRhx+msaEBpRQtLc20t7UxNzdPMpmsv56WYRIJh0kmU7UAWKOUgWVbBAIB/zxoTTAYxDBMZudmOeEeZ2VlBcdxCAWC183i9ef8hiNhGhob6zPZlVL1NXpao/B/npmdIZFI0NLc7M9Hxv+9tSyLdDpNKpWiUqkQeOMN4rEYra2tdHV13vDaCCGEEHvKsPxW0H/wtb1eiRBCCCHuMRIACyGEEEKI+55hGHR0dPBPfvmX+bVf/3WKxSKvvf466XSa7u5uUsnkrreltSaXW+dP/uRP+PZ3voNhmjz+xON87R/8J7dVTby2tob2POKx2A3PSyQSRCMRNvIbFPJ5wM9E8/k8S0vLWLbF4tISyytZWltaiEQiqFqcl8vleOnllzFqrYAt0ySVSvGJp07Vg8p4Ik5TJsPw6BgTk5O0t7Vhmka9wnQrpRSJRIJHTj7ECz/8Ed974QWSiQRtra309HTT19tLIOBXLm+srxMMBv0WvVuC1GgkQnNTM67nsZHPk6jNGNZw4x6vy59N0ySbXWFkdIx8Po+nNWtraywtLdPZ3k5zU4Zqpcri4iI93d1EI9F6CGmaBt3d3fXZz6urq4AfBL7y4x/783hrgXMoFOLJJ56gsaHhuuARTMOg6jhcvHiRqakpP+tFsbi0RCQSrrUWB1U7g8MjIywvL2OaJoVigdGxMZJJv03z9TOAwb+mwuEwsViUufkFNjby5HI5lFKk0w1Yll/dvTn3dm1tjcXFJQKBAB978AEUMD45wezcHPu6ujY3CgpaW1pQhmJi0m+lHYlErgndtfarrkfHxohGoxwYGMCpOoyMjTG/sEAkEiEQCLCRz7Oey9HV1UUoGKrP0q5UKvX5ybZl+2GrMnA9j6npab77ve+hDAPteYTDIbr27eORkycxDH8N8ViMWCzKcnaFUqnE4uKCPzc6ncZ1HLTnB8WGYeC6LuPjE2RXVkD7aw8EbA4dOMChQ4cwasfV2dZObn2dhYUFJicnaW1trb9mW0PvzdbtWmt/P0IIIcTdaP9T8Il/Ai/++71eiRBCCCHuIRIACyGEEEKIj4RwOMTRI0f41X/6X/P//MH/y+XLl/nu975HvpDna//ga/T2dBOJRHasBnYch9z6OiMjI/zRH/1/vPXWW8QTCb70pS/yM88+S6w2Y3i3HNdFA0oZXN92drOgVGuN47qbtzJ65QpzC/MoZeA4DqlEggMDA7Q0N5PNZuuVrPF4nFDInxVrGAbxeKIeoGk0kUiU/v5+goEgQ8PDlMsVCoUiN6SvNYFAgJ6eHr74+SBT09MsLi6xsLDA7Owsg4OXeerJJ3EcF09rDEPV2/NePR5VD/y0p+tVqKpWkbtpsyrUDxFVff2VapXF5SVy6zlW13LYlsmhgwcY2D9AIplgZXUV13UxtlS3bt33DVXGQDQaJRqNYpoGaE0gGLwaCG9DKYVpWQSDARSq9tpd/1iF9jTLy8ssZ7OUy2WUoWhraeX48WO0NDdve4142sMO2CSTKQrFIjMz0yxnsxiGQaaxkXx+g1Kp7D/W85hfWGBpaYmW5iZM06SpqYnxyQmy2Sy5XI5EIlE/ny3NzWQyjYxdGefHr77GsWNHcapObe0a13VZWlpiYyNPpjFDMpGgUCgQCYcZGRmhKdNEQ9pGe7r2+vpht+d5DA+PcO78eSqVCoZS9Pb0cPDggdrroGrVtiks08LTmmAwcE2FvNaaSDRCuqGB7MoKMzMzLC4vE41ECIVCLC4tbb04ULVrsTGVptbdHMuy6nOMde38tLS00NXVxez8HG+/c4aHTz7k5+E7tnfe9qsIQgghxN3jmf/WbwU9dWavVyKEEEKIe4QEwEIIIYQQ4iPBMAxisShPPfUUlmXz0ssvcfbsWX70oxeZm5tnYP9+BgYGaGtrIxqJoAwDlD97dHV1jfGJCS4PDjIzO8PS0jIPnTzJE48/zsMPn6S3p+eG0PNWQqEQSnFNFeWmcqVCpVLFNE2CQT/IVQrSqRTt7e2EQ6F6uNbU1EQoFKrHV+FQiIH9+0mnU7XnKSzbxrJtqhW/itQ0DZKJBOnjx/nBj37IlfErVCrVa2a1bvI8j0KhwPLyMqlUing8Tk93kdW1NaanZxi8fJkjRw4TDoUIhULk1tcpFoukUqn6NqrVai1g9is2bcuqVWKqa45ba/C09isy2Ww97RKLRtnX1UVDQwOTkxOMXbmCYRiEQn5oa1uWP+O4Uq5XdW6ufWlpCcdx6qHopoH9+2nMNGLWAlnTNIlFo/WfrzkHteCzs6ODgYH9+NGp/zqVSyW0pzeLcwHo7e0hlUoxOzfHxMQklXKZeCy2bfXv5nFbpkUykcB1HYZGRsjnC/T2dJOIx8nn8/VzUiqVWFlZYTmbpVQu8cMXX6JYyLOysorneczNzfnHWktI7UCAttY2lDJ48eWXuXjpEmu5HJlMBpSiWq0yMjJCsVhkamqKYrFIteq31Z6emWVtbY1UMkEwGCQYCLC+vo7ruiilSKVTdO/bx9pajstDQ6TTa/VZxYZh0NCQ5sjhw/Vr2H/NQrVj9gPlcCBAKpUiGo1y4eJF1nI5mjIZlDKYX1i45jVQhkFDOs2JE8frt2/Obt46msOyLNo72kHBu2fPcebsWUrlcu0J1599td2NQgghxN3nS/8C/s+f3etVCCGEEOIeIQGwEEIIIYT4yFBKkWls5DOf/hSdnR0cOniIi5cusbi4yIWLF5mcmiIWjWJZFoZpAhrP86hUqhQKBSrlMplMhkcfeYSHH36YgwcP0pBO36SycGeNDQ0EA0GyK1mmpqbo6urCsiw2NjaYmZ2lXC7RlGkiGAyiNWg0TU0ZDh86RDwewzIt7IBd37fWGjw/yEwkEzQ2NtZDsc0ZqJsBmV8NadDa2sK+ri6GhofJ5dYJh/1ZrVtprdnY2ODds+doaW6mr6+XttY2EokE5VKZs7UAO9PYSDKZYHp6muGREaLRKJFIBMdxmJubZ2p6mkQ8QSwWIxQMYlqmP8t2ZYXmpiYMwyC3nqNQKKCUUQ9iPdclFAzS2tJCb28P6VSS7MoKs3NzpNNpIpEIwWCQrs4OlpaWWVxaIp1OY9s2+Xyes+fewzAMBgb2E4tGaxcCxONxGtNpLMuqV/Pu9Dp6nofanMHc0VF/3HvvnadSLqO1B+j6uW5taWXfvi4a0g14rsfk5CRXxscZ2L9/2zbhqrb/UDhExshw4eIlXNclGAwSiUZxPa/+2i0vL7O6tkYgECDTmMF1HYKBIA3pNOVKhcmpafr6+q4ei9aEwyHa29toa21lbn6OSqXq3681hUKR0bEx4rEo8XisPi+6o72dyclJFhYXyGQaSSTiNDc3Mznlt5I2DINkMklPj8HszCyXh4bQ2kPXzoMf9gdIp9OEw+F6aK6UwvO8+lVmmRbxaJR0KsXg5SFCoSDRSBRPe7hbwvzaVwIIBgM0NDRgbM6shhuqqj3PJRIO097eztz8PMMjI/XfoRtJ9a8QQoh7xL6T8Nlfg+f/7V6vRAghhBD3AAmAhRBCCCHER040GuVjDz7IkcOHWV7OMjE5waWLg0xOTbC0vFyfv6rR2LZNMplkYH8/Bw4cZGBgP5lMhlAweFstn7faDKLb2tqYnJrk4qVLVKtVgqEQiwsLTE/PEAqF6e3drCz2g8VAIEg0GiGypY3u1m0ahqLqOMzMzNSCVFVvqdzc3IzWGsMw68GwaZocOniQ1dU18vnCtgGoUgqU8meqLi7iuA4tzS2USiWWlpdIJuJEIhFisRjNmSam4lMMj4wSDodJJVOUy2Ump6ZYWVnhwMAAiXgcOxAgmUhgmAYjo6P+TFlDMT4xSblcoSmTqQXfftXn5jzbQCBAW1sb/X19nL9wkdGRUdIpvwr60MGDvLb2JlPT0yggEomwsrrK8MgI7W1taM/zjweFoQxmZmcol8tYllkPJuPxOI0NDTdU6ipl1FpYXw15N8NHtblVpVCG8q8J5YeSzU1NHBgYYGp6mgsXL5FMJgmFQtds33/djHrL5GitDblt28RjcULBkP+6mf4c3dm5OUqlEvv2dfHQgx/zW1ijWFhc4NKlSywuLbKxseFv1/SPjdqxPfDACdZeWqPqOBiGwnFdVldXyK6s8rEHHqC3t4doNFar+s6zvp5jfn6BttZWWlpa6OvrZWpmmstDQxQKReLxGKVSiYXFRWzbIhqLEbCvfikhn88zOTlFMBjYPFps26a5uQlDGZimiWH6VcGZxkbOu5eIx+LE4jEKhYJf9Vur0DVqfdE3NvKMXbni/17UQt1YNEYymUAZhj9vuLa3TGMjBw8cYGpqmnKlUp//Wz/3gLFNC3YhhBDirvXpr8PIS3Dl9b1eiRBCCCHuchIACyGEEEKIj6xgMEh7exvt7W08/thjuK6L47i1Frf+YwzD8CuCjZ9sUBQKh3mg1sr24qVLTE3PYNs2xWKRTEMjB/bvp6+3t74G27K3bU+8yTRMgqEQhZUV3n7nnXorZYXCNA0+9clP0pTJYFkWtm3VZ/JmMhk6OztY31ivH+dWhmGQTqV48onH+dFLL/PuuXOY5gW/7TGawwcO0JTJEAgE6OjowHEc3jh9mjfeeBM7EMB1HWzLpru7m8cefcSvBlWKfV1d5NbXee+98ywsLAL+nOWuri6OHT2CZVlUq1Usy/bbVm9p1Xzs6FGyWb8N8vj4BK0tLfT09LCyusr5ixeZnJzCsiwq1QrpVJrjx4/R1tZGPp/HtExs2+bsuffqx+hpjWWZHBwY4ORDD90QANu2RSAQvKZdNYBlWwQCASzLb/9tmf62N68VO2DT0tLCiWPHeOvMOywsLNQqpZM3bMf1XEzTJB6PE4mEScTjJBJxTNPCskwi4TBVx2FpeZlgMEh/Xx/NzU31bYTDIVayK4yOjbG8vExDQwO2bWFafuAfDAbp6e5mZHQUb3IS0zCplMssLS1jB2y6e7ppb2+vH2O1mqS3p4fx8QlWVlfZt28f3fu6OXHUP8dTU9MYhoHnebieR0dbG/v7+kgmk6yt5TANk+zKCi+98kq9fTVAIh7nc5/9rN/ePBDAMk0CAb+qNxwKkWnKEI/HqVar/rm1LZQC2/Yfu7C4yOKPXsT1PFTttevt6eHBEycIh0MEA3b9Og6FQrS1tjLQ38/I2Bimad7wO2zZNpZl3/GXOYQQHy75woYQ+K2g//2X9noVQgghhLjLKb351XUhhLgL3ekfUTd73k73bXf79bfd7Ofd3LddxZYQQgghhBBC3A/q3Se22Prz7dx3q8ff6rG7ve9mJHAWd62X/nf4zu/s9SqEEEII8SE68/d/dFuPl685CyGEEEIIIYQQQgghxL3iqV+B/if3ehVCCCGEuItJACyEEEIIIYQQQgghhBD3ki/+d3u9AiGEEELcxSQAFkKID4G0DhNCCCGEEEKID8YH0f5ZiLte62H4wm/u9SqEEEIIcZeSAFgIIX5C5IMFIYQQQgghhBBCfGhO/RL0n9rrVQghhBDiLiQBsBDiviRhrBBCCCGEEEIIIe57X/zne70CIYQQQtyFJAAWQgghhBBCCCGEEEKIe1HrYfj8b+z1KoQQQghxl5EAWAjxkfN+qoOlslgIIYQQQgghdkfePwnxIXnqV6D3ib1ehRBCCCHuIhIACyGEEEIIIYQQQgghxL3si7+11ysQQgghxF1EAmAhhBBCCCGEEEIIcVeR6mEhblP7cXj61/Z6FUIIIYS4S0gALIQQHxD5wEIIIYQQQgghtifvl4T4AHzq69D10F6vQgghhBB3AQmAhRBCCCGEEEIIIYQQ4n7whd/c6xUIIYQQ4i4gAbAQQtTIN9CFEEIIIYQQQghxT+t+BD7xX+71KoQQQgixxyQAFkIIIYQQQgghhBDv2/30pdr76VjER9Az/w20HNrrVQghhBBiD0kALIQQN3GrN/3yoYAQQgghhBBC3Jq8dxLiQ/aFf7bXKxBCCCHEHpIAWAhxV5MPCYQQQgghhBBCCCFu08Cn4LFf3OtVCCGEEGKPSAAshBAfEgmzhRBCCCGEEEII8aH5/D+DZNter0IIIYQQe0ACYCGE+AmSkFcIIYQQQgghhBB3hUDED4GFEEII8ZEjAbAQQgghhBBCCCGE+Im6G74ce6druBvWLsRPzImvwPFn93oVQgghhPiQSQAshLjryZtvIYQQQgghhLh/yXs+IT5gn/8NsEN7vQohhBBCfIgkABZC3Lfuhg8Rrl+D1nqPViKEEEIIIYQQH5zbea9zJ+/V7ob3d0Lcs1Id8Mxv7PUqhBBCCPEhkgBYCPGR9H4+PHg/z/U8746fK4QQQgghhBB3q736sqsEw0Ls0hP/GfR9fK9XIf5/9u4+TM6yzhP9t7o7afJCogHCEE0UCIiayEsQkDBGguKCIwOsuNFRgzOIuA6Dly5wzoqeXcHdhRk5Oox7kHFXcTzKju7AMLtwRheQWdoFJcAMcYYVRtZkB8YgkYS89WudP6oDnaSTruquqqe66vO5rr6u7ue5n6d+1UT7fu5v3fcNAE0iAAYYo9GDB2YAAwAA7ehAH3at9TlLqAsNcvb/UXQFAECTCIABmsgMYAAAoB151oFp4NUnJG/950VXAQA0gQAYYAITffq8lk+nGxQBAADa0dhnHTN4oYWd/X8khx5VdBUAQIMJgAHq7ECDHeVyWQgMAAC0lZGREdvdwHRy9tVFVwAANJgAGKDB9g6Eh4aGCqoEAACg/oaHhyd9rdnCUIA3nJMcf37RVQAADSQABmgyM4ABAIB2UksAPJnAV0gMDfCOq5Oe3qKrAAAaRAAM0GTlctksYAAAoC0MDQ0dcPnnWsPbWtoLhmEKXvGq5B1XFV0FANAgAmCgrTXq0+V7t5no570NDg7WXBcAAECr2fvZRigL08jKjyRLVhRdBQDQAAJgoGM1c2BivNcSAgMAANNZKz/TCKKhSmYBA0BbEgADVKERgweDg4P2AwYAAKalkZGRmgPgWldOAprgyLckp36o6CoAgDoTAAMUaGBgoOgSAAAAajbes4yAF6apt1+ZzF5QdBUAQB0JgIFpoRUHDiaqqZrBj5GRESEwAAAwrQwMDGRkZKTuz2nj3a8VnwWh7cyan7zjyqKrAADqSAAMUCe1Dkzsbj80NCQEBgAApoWBgYEMDQ0VXYZgGOrtzb+VHHV60VUAAHUiAAYYR7M/eS4EBgAAWt3Y8HeiFY9q/blVtGpd0BRvNwsYANqFABiYNlrxQbyegx5DQ0Pp7++vc4UAAABT1yozf4EGWrIiecuHi64CAKgDATDQ0VotVB4eHs7OnTszMjJSdCkAAAAZGRnJzp07Gx7+1vPZrNWe82BaOeezyZxDiq4CAJgiATBADRoxkLD3PXcPsFgSGgAAKNLAwEB27tyZcrm8x/FmLf8syIUCdHUnb/8XRVcBAEyRABhoe5MdNJjsoMRUBzt2nx8cHMyOHTsyODhYVR0AAAD10OrPIo0KhgXOMOrNv5W89rSiqwAApkAADNAC9hcSl8vlDAwMZMeOHenv78/w8HAR5QEAAG1ueHg4/f392bFjRwYGBl6a9Vuv2bzANHP2VUVXAABMQU/RBQDUolQq7bP8WCvec6LXqPU1y+VyhoaGMjg4mFKplO7u7nR3d6erqyulUumlLwAAgAMpl8svfY2MjGR4eDjDw8Mpl8t1eaaYTGDsWQZa0JKTKzOBf/z/Fl0JADAJAmCAGo0X3k414K32HruPDQ0NZWho6KXjB3qtieqoR/jd6AAdAADazVRDz2q3lpnK8SJn/zZ6Kx+gCmd9Kvnr25OBHUVXAgDUyBLQAAdQz8GDyQyWTHYf4lruUY/Zw2NnIe/9BQAAnehAfeSp9JMnuv5A5+sZ/lZzn0Y8D9j/F5po7qGVEBgAmHbMAAY6wkQzcmudsVtN+3rMAt5fm2TfWbcHunZ/14zXZqJ2tTKQAgAAU9PID4ZOdknmyfTzLf8M09DKjySP/Vny7E+KrgQAqIEZwAB1Uq9PxE/lU/NTmQ0wXjuDMQAAUIxa+uTVPAfUcnwy7eo5+9dzCLSYsz5ZdAUAQI0EwAATaPTAxWTbTGZpt2qu3V9bgTAAADTOZPrd1bSd6nLQjVoeutrramnveQUa5Lh3JMveVXQVAEANBMDAtDPZh/p6DxZUO4DR6MGRAx1vxP6/9vsFAIDJqUdfutpr6rEXcDOXh67HtdPpNWHasRcwAEwrAmCAKtR7QGCyAyuTmfFby+DQVN/ngQa0pvIFAADN1kr92lruMVG7ya4itL82zZr9CxTssKXJr3+s6CoAgCr1FF0AwHRWKpVSLpcndaze95roNXYPsFRTx1gTtW8Gg0MAAHSSyfR/G70UdLVtGtV3t/wztIB3XJk8+t1k23NFVwIATMAMYKCjTGXQoNZl2SbTph4zgeu97LMZuQAA0DhT7W9XM+O3HuHvZJ8D6rWyEdACunqS1Z8ougoAoAoCYIApqnaQot6B70QDOfUOgse71tLNAACwf43qM1d7fb2Wgp7qB1UbbarLawM1OOWDyeITi64CAJiAJaCBaamaJZUbce9aXncqNdZr6edqln1u5JLPBlMAAKA+6rki0VRn5TZqNaP98VwBLebMTyTfWFt0FQDAAZgBDHScRgwe1HsW8GTaTnbZt/21NYsXAACKMdmZwpN9LmjEUtCeJaCNHXtmsuxdRVcBAByAABhgHI3cC7geAy6T3TNrMsGu5Z0BAKAx6tHXrua6Ru8DPNVQeCrPX5Z/hoKceUXRFQAAByAABqatVnvQb8SSaZM9Xu1+YPXad6zWLwAAaDfN7BfX2uefzLlaapnK9cA0dfhxyemXFF0FALAf9gAG2I9Sqfa9gGs9Xo/7Jvvft3ei83u3261R+yvv7/UAAID9m8ys4Mmeb5UPtk50DmgBZ16RPPKfkl0vFl0JALAXM4CBjlX0YMJkZ/bWck011x6ovVm7AADQPFOdKTzVpaDrsRx0tdfXQ6utCgUdZ9b85G2/V3QVAMA4BMDAtNboh/Z6fTJ+f8frGfbWsvfXZH5vlnYGAICpaUR/upbngAOdr+W6eiwdPVH7Rj5feHaBOjrjo8lhS4uuAgDYiyWgARqglqWcJ7vUdDK1pZ8bseyzgRQAAGises68bfQHXidzvFqePaCFvO3y5DtXFF0FADCGGcBAR6tm0GCyn0qvdSZwI/bEqmUmgdm8AADQemrtpzd6RnA9jk/E8whMM8dfkBz5lqKrAADGEAAD017RgwPNGjiZzLm920wlEBYOAwBA/dVjWehq208lGK5n+DvVpZ+n8kzieQYa5G2XF10BADCGABjoePUYYGhGCFzNuXoPEFVz/WS/AABguqpHf3iq/eLJzAqeqE2t5xqxihEwTR19RrL83UVXAQCMsgcwQA68D28tbWq99kDHk/H35T3QubHnD9Rmf+1ruW6qDPwAAEB1GrmUciNn6tZ6TaNn/wINtup3k8f/ougqAICYAQy0iWYNAjTik+yNnPE72ZkFZu0CAEDz1aMfXs/loOt9bqJ6gGnu116fnLq26CoAgAiAAV6Nadv6AAAgAElEQVRSjwGHqeynNZlz1Zzfu10RSz8DAEAnaWa/uZZ7VNNuqs8mkzlXranew7MJNMGq3026LDoJAEXz1xigRhMtBT2V85M9t/t8Uv3yzXsPfjRy2WcDLQAAUB+NWHq5mnZTCXct/QwdZN7hlRD4vi8WXQkAdDQzgIG20cxPlDdygGMqn7gf26Yeyz4DAADFmOos4VquadSs33qcB6ahVR9P5h5adBUA0NEEwEBbaYVlxaq9T6NC4vHaTTbQtcQzAAA0RqOXg66l/YHOT3R9I8/X2q7R9wCq1NObvPXjRVcBAB3NEtAAkzTRkszVtJnqss6tsuyzwRQAACjGZFb+aUabVgp/gQKc/jvJj76Z/PLvi64EADqSGcBA22mlpaCraVPtss7V3GOqyz4DAACtqx5LQjerTStptXqgY7z1nxddAQB0LAEw0JamWwhcTZvJLPtcK0s9AwBAcerdH6/22lqeNabaptYlqoFp7KSLklefUHQVANCRBMAAB1DvELien7hvxh7AE92v1i8AAGgHU+0XN6q/XOv96tmu3jOD6/X84DkECvbWjxVdAQB0JHsAA22rVJp4j94iXq+adrsHKerVbu/2uzXz9zPe6wMAAJM32VnB9W5b736+5wZoI284Jzl6ZfL3fUVXAgAdxQxggAkUOUBSS7vJzBowUxcAAKaHqfbba72myGebevFsAy3i180CBoBmEwADba2IZcNqDW3r1W7v9lN575ZzBgCA5mjk8tCTub4RzylFPD94ZoEWsvStyXHvKLoKAOgoloAG2l69loKu5T6NaFvrcs9jr9mtnks+G1ABAIDWMpWguBHtG3VfYBp668eSJ75fdBUA0DHMAAaoQSM+OT/ZtpPd78tMXgAAmP7q0bdv1Ozg3W1rraVePOdAC1pycvKm84quAgA6hgAY6AhFDiY0akBlbPtGLfcMAAAUpxF99UYuCz22fa01AR3gjMuKrgAAOoYAGOgY0yUE3t1+stfU+31O5QsAADpd0f3pqdyz0UHx7mvqyXMItLBFy5KTLiq6CgDoCPYABpikWvcWnsoevrXu3Tt20KOe+/7WyuALAAA031T74ZNdTroZ1zTzfkADnHFZ8sh3iq4CANqeGcBAR2mFAYZm7M013rVm5wIAQPupV1+/WbOEx15XT55xYJpYeEzy5t8qugoAaHsCYIApamagW88AVzAMAADTR6P671MNjZv5evWsAyjQGR8tugIAaHsCYKDjNGJwYKqfsp/KtY0YPLG/LwAANE+z+9/1mi08mevqzbMJTEOHvDY5bW3RVQBAW7MHMNCRat2/t9p7JpPbc3cq1469fir3mMprAgAAra1es4WLfP1m3BNokpUfTR68tegqAKBtmQEMdKxGDRYU8Un68e5hpi4AAHSmes8gLvoZZ3/3BaaxV746ectvF10FALQtATDQ0Ro5aNAqyztbxhkAANpXo/r59bhfIz90C7SBMy4tugIAaFsCYKDjNXrwoMhP21d7b+EwAAC0rmb224ueMVzNvYE2MX9RcvrvFF0FALQlATBAWj8E3n2PZg52HGiQSVAMAABT1yp97nqvQNQonj+gDa00CxgAGqGn6AIAWkWpVEq5XG7o/ZNM+TXGDno0st5qGYQBAIDpp979+OnwoVqgBc0/ojIL+If/oehKAKCtmAEMMEYzP11fz3sZDAEAACbSiOeHZjyPeN6BNrfyI0VXAABtRwAMsJdmDS40auBFKAwAACT7PiM04t6N5rkGOsD8RclbfrvoKgCgrQiAAcZR1F67jby3YBgAANpTM/v9zXym8OwCHWTlJUVXAABtRQAMsB9FDDY081P01XwBAADFaZV+exHPCJ5HoMO84tXJqWuLrgIA2oYAGOAAihp0aJUAttoBp1apFwAAWtl0618XVUcrvHegAKf/TtEVAEDb6Cm6AIBWt3vwoVwuF/baRb1+rQzUAADA9FZ0n77o1wcKdMhrkze/P/nxt4quBACmPTOAAapU9EBEq8wCAAAA2kurzDou+vWBFvAWs4ABoB4EwAA1aJVBkVYZoAEAAKafVnymaJU6gIItPCY58T1FVwEA054AGGASWmlwohX3CgMAAFpDqz8vtGJNQMFO/+2iKwCAaU8ADDBJrTxQ0eqDPAAAQH2N9wzQ6s8BrV4fUJAjliXL3110FQAwrQmAAaZougxa7G9AaDoMDAEAABXt0J+fjjUDTfaWDxddAQBMaz1FFwDQDnYPXpTL5YIrmbypDsBM5/cOcEDrv5uP3rpxn8NHvPO38q/evrCAgoqwPjdf+f08us/xxbns99+TEwuoCGA66+Tws5PfO1CDJScnx709eeK/FV0JAExLAmCAOmqHIHiyDOQAbWu////WSbOXShn/nZaS0v7OAcDLOudvJlA3p31YAAwAk2QJaIAGsKQZAADQ6abrEtVAi1j668lRbym6CgCYlgTAAA1kwAMAAOgknoGAujrNXsAAMBkCYIAmMQgCAAC0I6Ev0DBv+CfJq95UdBUAMO3YAxigyTp5n2AApqtluewPlhVdBAAtRNgLNM1pa5P//KmiqwCAacUMYICCGDABAACmGzN9gaY78aLkkNcWXQUATCsCYIACWSoNAACYDjy3AIU6dW3RFQDAtGIJaIAWMXYwxfLQAJ1lcMvTefRHj+XeR5/JP27uz46h0RM9PZm/YEFed+KyrD5lWY6aX0P3fWhTHrmvL9979Jls/GV/BkeSdPVk/qsOyymnrcw737wk87qSR/7kxtz813tfvCSX/cF7ctJLP2/KXTd8M3ds2qvZwhPyr69anSMmanf82bnlg8uSkf48+7d9+fN7/i5PPPvy+5xx8IIct+KEvOcdJ+SI3urfIgCNJfAFWsbpv5384A+THb8quhIAmBYEwAAtaH8DLYJhgDYztCk/+s9/kVt/vCWD454fypZNm/Kjv7w3P/rLezP/uFNz+cUrs2SCXvzWv70rX/jGE3l2aK8TI0PZsvHZfH/jd/P9/29h3vfRD2R+nd7KhDavy8033Z9HXtz31OCLm/P4D+7N4w88lnd89KJcdOScZlUFwBgCX6B1lSqzgO/7YtGFAMC0YAlogGlk7JLRlmADmOZ2rs9XP//NfHV/4e84tjzxUK679tt5YPP+2+xY/9189j+OE/7u7cVN+faN307f9moLnoLtT+TmL40f/u5haHO+/x/vzo92NqEmADxbANPLaWsT/18FAFURAANMcwZtAKahkQ35zv/9vfxookB0PNufzTe+dHse7x/n3D/emxu/sSE7qq7j2Tz+1CRqqNVTG/JItUHzzg25454NDS0HoN2N98FRHyYFpr05hySnfqjoKgBgWrAENECb2Xsgx7LRAK3nZ//l7nx/vFm8PXNy1CnLsnp0CeQt//B3eeCBZ/edzbv96fyHO5/MFy86ZuzBPPBfHsuGkXHu29Wbo058fc44bkFmJhn45VP5/g825NnxQuRG6p2fk962LCcd2ptke574/kN5YO/9gpP88tEn8rPfWJKjmlwewHQlzAU6xikfSh68tegqAKDlCYAB2txUB4MEyAB11r8u//WBcabDzlmSS/7Fe3LKwWOOnXhC3rHqsdz8B/fuM4N2x48fzo/OOyan9I4e2PJYfvDEOK/XNT/nf/J3cu6vjT14Qs44c0Pu+MPv5q5npvRuqrfohFzze6v32L/4lOMXZ9a/++6+YfiWZ/LzF5OjDg5ARxPsAuxl4THJ8ncnj/9F0ZUAQEuzBDRAByqXy1V/AVBnTz6dx8eZpXvcuefsGf7udvAJ+Z3zjtj3+MizeehvXp7Cu/XxJzPewslLfuOCvcLfUT1Lcv6aZTm02rqnZE7e8U/3DH+TJF1LsmJZ7zjth7PTPsAA+u0A47EMNABMSAAM0IGq3RPMjAOA+vvZz34xztEFOfENc/Z7zYxlx2b5OMcff+rpl77/+cbx1pRekJUnLth/MYuW55RmJMCzFmX5a8Y/deiC8d73UAbGW8oaoAPU0lfXbwc60mtPTY58S9FVAEBLEwADcEAGlgDq64Ut4228OzfzD7Tcce+iLB4vqN2+PYOj3w7uvU9wknTNz6EHXEb5iCx51YHO18nBczJ/P6fmvWLuOEe35x9/2ciCAIolyAWYolM+UHQFANDS7AEMQE0MSgGMmuRA/bhXLFyQRaXS+OeSJD2ZOd5HNzdvyfOlUo7Y330Pnps5B7zvfq7LaDgxYavJtqtGKf7kAAAwruXvTu69MXnu74uuBABakhnAAABQtE2b8+wBGwxlcLwlkRfMP/Aevlu25JcHXEp5S7Zsnbg8AABoOW82CxgA9kcADAAATTR/fu84R7dly4sHuKj/mWwYb0nkOXMyY/TbI44Yb5HlZ/LETw903yfz+M8PcB4AAFrV6b+T9I63nQgAIAAGAIAmOvqow8c5ujmP/GT7fq8ZXP9kHh/n+PKlR730/RGvWZjZ+7QYygN/fk+eHXcW8FAev+PBPH7AGcIAANDC7AUMAOMSAAMAQDO98bicNE4v/Im77spD480C3vl4vvrnz+x7vGtRTj1+zGziY0/IGQvGuX7TY/ns9X+WB36++aVlpAc3P50HvvXV/OGP+ifzDgAAoDW8+beKrgAAWlJP0QUAAMB0tOMffpqHHh0nmN2PQ486IUfPT9K1PO9a1ZdH7ttrxu/2DfnqdTfnvlOW5cyjKkvZDf7yyXzvv23Is0P73m/2KSfn1D1Wk16Sd71jUb73n8ap6ZdP59Y/fDq3Vl0tAABMAwtek7zpN5O/+fOiKwGAliIABgCASdjy+EP56njrMu/HSRefkI8tr3y/5Nzzcv5Pv507/mGvRkPb8/c/fCh//8MJbjbnmHzsnx6zz+HZp5yXjz3xtfw/f13tzN45OXTB9vxyc5XNAQCg1bz5/QJgANiLJaABAKDZuhblXR87O6cePIlrDz4yl1x5Xo4btyc/Jyd94P1Zu7x3vJN76c1xF5yX8xdPogYAAGgVR74lec3JRVcBAC1FAAwAAEWYtTyXXPPBXHLK/Myo8pIjTjkr//aaCw8cHHctyBkX/27+4GMnZPmC8Rf8mb34yFzyf16WT52xqOrXBgCAlnXy+4uuAABaiiWgAQCgKD0Lc+o/uySnnv9MHvmrB/O9R57Js5v7s2P3nr89PZm/YEGOO2l5zjxlWY6eX333ff7Ss/J7nz4r6d+eLQNb8uxT2zN76cIcOmt+Zr90m/7sGG+16IULcsQU3xoAADTNie9Jvn9DsvUfi64EAFpCqVwul4suAgAAqJP+/gz29lY3s7f/4fzhNffn8ZG9ji8/K3988QkNKA4AABrk3i8m995YdBUA0BCPrbm/pvaWgAYAgDby+B0354rrv5P/+vgzGdw72B1rZEse+k8P7hv+Jjl66ZENqw8AABri5PcVXQEAtAxLQAMAQLvofzj3PTyUwZENuePrG3JHV08Ofc2iLH/dkhx9aO9LzQZ/+WS+d9+GPDve8s9di3Lmm+c3r2YAAKiHeYdXloJ+9LtFVwIAhRMAAwBAmxhc/+SeM3pHhvLLpzfkvqc35L4q73H0b74zp/ZO3A4AAFrOyWsEwAAQS0ADAECb2J6HHn5mSnc49LRz83tnLKhTPQAA0GSvOSV5zclFVwEAhRMAAwBAW5iTMz5yST5z0ZE5otYZvL3zc8YHPpx/e9HrM7shtQEAQJOsWFN0BQBQuFK5XC4XXQQAAFBfg5ufziPr/i6P/M8N+ftf9mfLi0Mvn+zqyfyDe3PokqNy0unLcubSRZnho6EAALSLf3tisv35oqsAgLp5bM39NbUXAAMAAAAA0D6+9++Sv/r3RVcBAHVTawDsc/4AAAAAALSPFf+s6AoAoFACYAAAAAAA2schRyZveGfRVQBAYQTAAAAAAAC0l5PMAgagcwmAAQAAAABoL8e9PTn06KKrAIBCCIABAAAAAGg/J11UdAUAUAgBMAAAAAAA7eek9xZdAQAUQgAMAAAAAED7mXtocsKFRVcBAE0nAAYAAAAAoD2d+J6iKwCAphMAAwAAAADQno4+I/m11xddBQA0lQAYAAAAAID2deJFRVcAAE0lAAYAAAAAoH2d+E+LrgAAmkoADAAAAABA+5r9SiEwAB1FAAwAAAAAQHs7QQAMQOcQAAMAAAAA0N6OPiM5/HVFVwEATSEABgAAAACg/ZkFDECHEAADAAAAAND+Triw6AoAoCkEwAAAAAAAtL+DFybLfqPoKgCg4QTAAAAAAAB0BrOAAegAAmAAAAAAADrDcW9PXvnqoqsAgIYSAAMAAAAA0DmONwsYgPYmAAYAAAAAoHMcf0HRFQBAQwmAAQAAAADoHIcdnRx9RtFVAEDDCIABAAAAAOgsx59fdAUA0DACYAAAAAAAOsvx5yczZhVdBQA0hAAYAAAAAIDO0j0zOf43i64CABpCAAwAAAAAQOd5k2WgAWhPAmAAAAAAADrPUacnhx1ddBUAUHcCYAAAAAAAOtObLAMNQPsRAAMAAAAA0JmWn1d0BQBQdz1FFwAAbaVcToaHUx4eSUZGv8rlyhcAQCcolSpfXV1JV1dK3V1Jd3flGAC0mkOPSo5amfysr+hKAKBuBMAAMFUj5WRoMOWh4WR4uOhqAACKtfvDbyMjlR93H+/uTqmnO+mZkXQJgwFoIW96twAYgLZiCWgAmKzh4ZR37kp5+/aU+weEvwAABzI8nHL/QKXvtHOXvhMArWP5eUnJUDkA7cNfNQCo1fBwyjt3prxjZzI0VHQ1AADTz9BQyjt2prxzpyAYgOL1zk2Wv7voKgCgbgTAAFCtclLe1T8a/BqoBACYsqHhShC8q3/MWtEAUAABMABtRAAMANUYGk55x45kcLDoSgAA2s/gYKWv5UN2ABTl9Wcncw8tugoAqAsBMABMZGCwsjzhyEjRlQAAtK+RkUqfa8AH7gAoyLLfKLoCAKgLATAAHEC5vz/l/v6iywAA6Bj6XwAURgAMQJsQAAPAfpR39ZuBAgBQhIHBSl8MAJrptackhx5ddBUAMGUCYAAYR7m/336/AABFGhw0ExiA5lv2rqIrAIApEwADwN4GBs38BQBoBfplADSbABiANiAABoCxhobNNAEAaCHl/v5kaLjoMgDoFL/2+uRVxxddBQBMiQAYAHYrR/gLANCCyv39SbnoKgDoGMvOLboCAJgSATAAjCr39ycjI0WXAQDA3kZGfFAPgOY54cKiKwCAKREAA0CSDA8ng/aXAwBoWYODlT4bADTawYcnrz2t6CoAYNIEwACQpDwwUHQJAABMQJ8NgKZ54zlFVwAAkyYABoDh4WTIbBIAgJY3NGwWMADNsfw3iq4AACZNAAxAxysPWPoZAGC60HcDoCnmHpYsfWvRVQDApAiAAehsI+VkaKjoKgAAqNbQUKUPBwCNZhloAKYpATAAnW3IDBIAgGlHHw6AZnjDPym6AgCYFAEwAB2tbO9fAIBpRx8OgKaYc0hy7NuKrgIAaiYABqBzlcvJsMFDAIBpZ3i40pcDgEYzCxiAaUgADEDnEv4CAExf+nIANIMAGIBpSAAMQMcqD48UXQIAAJOkLwdAU8xeYBloAKYdATAAnWvEoCEAwLSlLwdAs7z+nUVXAAA1EQAD0LkMGgIATF/6cgA0y7J3FV0BANSkp+gCAKAw5XLRFexpaGt2/HVfBh98OMP3/yTZ0Jfy02POr1iZ0rFvTNepJ6fn5JU56Jh5/pADAJ2r1fpyALSvWa9Ilv568tR/L7oSAKhKqVz2xARAZyq/uK3oEpIkg8/0ZceXbsnQ1++t7cIjV6frkktz0AdXZlZvY2oDAGhlpYPnFl0CAJ3ioVuTv/hM0VUA0KEeW3N/Te0FwAB0rKID4JEtT2XbF67J4Ff6Xj648JiUzjqzMst3ybxk/pLMWDw/Ixsfz/CWrRl+7OEM33Nfyn1PjrlmZbo+d11mX7A0cmAAoJMIgAFomi3PJr9/atFVANChBMAAUKUiA+Bd99yQHZ+4KeVNowfOuyozLluTWSsOy4wqrh/pfy477rotA9ff8PIy0Ssvz8ybr8rBCxtUNABAixEAA9BUX70o+V8PFV0FAB2o1gC4q0F1AADj2pptX1qT7e8fDX9XrM2Me36S+X98eeZVGf4mSVfvYZl7weVZ8OBPMuvmS1NamKTvpgyctSYvPLQ1Iw18BwAAANCRjntH0RUAQFUEwADQNP3ZduOH0v9vKks+ly65JbPvvC7zls1Lz6TvOS+zL/hM5t1za7pWHpZs6svweR/K1nX99SoaAAAASJLXC4ABmB4EwADQJDu+ujb9169LclhKX7gvcz9/TmZNPvndQ8/C1Xnln/xpei46LMm6DF+8NlvW1+feAAAAQJJDjkxe9aaiqwCACQmAAaAJBtbdlF2f7ktyWEr/8o8z9wNLM7PeLzJnaeZfPxoCb+rL0FU3Zdv2er8IAAAAdLDXvb3oCgBgQgJgAGi0/nXZcdUNKSfJRZ/NrCtW1D/83W3O0sz/3B+ka2GSdTek/yvrMtio1wIAAIBOc9xZRVcAABMSAANAg+34+rUZXp9k4aWZef35mVXthdvXZ8tHTs/zh5+ezV9dn4Fqr1uwOnP+6NLK99dfmx2WggYAAID6WLS8shQ0ALQwATAANNL2vvT/0bokSelzl+XgOdVfuuObV2bozo1JNqb86Suzs4Ygd+aqyzLjvCRZl6E/66s+PJ6ydXnh8MV5/vBLs/WZpr1o1XbefmmeP3xxnr9x3RTu8ly2fmRxnj98cV6Yym2KsO6myvv/yB3ZWXQt9fDMHdl8+OI8f/hN2VZ0LQAAQOcwCxiAFicABoAG2vm9WzOyKcmyz6T3gsNqunZk+9jEd33K/bVcfVjmXvGZyrdfvjW7WjCMbRXbv7omm9+7Jps/e292FV1MR3kuL3529Hf/VdPUAQCAaeR1AmAAWpsAGAAa5rkM3nV3kqT04XNSw+TfJEnXwpVjflqZ0oIar192TnpWJcndGXrouRpfvXOUt/alfH9fys9urezTTH3tnnU8zqzr8rOjv/utNX26AQAAoFhHrUxm1/iQDgBNJAAGgEbZ8niG70ySleleubjmy0tz5o35aV5KvbXeYXFmnFcJkcsPPh4R2/jmfnJjDvnFxhzyxzXsz0wdHJZ5fzz6u//kiqKLAQAAqM3rVhddAQDslwAYABrlqZ9kJEkWrkz3kbVfPmvJ8jE/LU/XotrvMXvZ6Czir/8kg7VfDgAAAIxHAAxACxMAA0CD7NzweOWbVUvTM5kb9I6Z8rusd3J/tBctTSlJ8nhGCtwHeOftl+b5wxdn8+3PZWhTX174xPmVZYEPPz2bP3FLtm3a3bI/L37upJfajqf/risr1355fSVgT9L/5L3ZcvWl2byqcu3zp52fzZ+7Izu2VF/beEsU7+q7Nb/64OqX7/nlvuwaqv397+q7Nb/6yO73fFKev/DKvHDXUy/Pyn7mjmw+fHGe/8gd2Tn0XLZ9+crKe1l+U7a9dJet2f7ta7P53NNfrufGu7Nj+76vN7Llqbx445XZfNro633w2mx9YutLv6/xDGy8Ny98Yk2eX777mmuy5aG9rhmvztMWV+o598q80PdcXvr17F76+dwbKj9fv/v9v/zfdtuNi8f9bz34zLpsvfHKl9/r8tV7/TuZwPbR9z/238PVt1Z/PQAAwESOFQAD0LoEwADQIMMbHq58c9TCHDSZGyxYOBreVu5ROlDb/Vm4cPSP/cMZaYXw6+nbsvWsNRl+9KCUVq1M6ciNKX/72vSfdW1e3J4kvZlz4WVJkvJ37snOfW7wXPpvvy3JsvSsWpauJDu/c2m2nbE2Q19/OOVDjq3ct3dDyl++PDvfd1O2TXLt6523X57tF16Tke89maxYmdKSg1K+eU22f+K2Awape+rPthvPr9znzg3JypUprTo2efK2DH/4zGy7cV32yJOHfpr+T7wz/Z+7LeUnxoaiG7P1d9+WXZ+4JeXNCyvvccGmlK+/NDsvuinbxobA29dl6/vOzMD1t6W8/ZiUVh2b0vN3Z3DVh7L1gRfGrXJg3U3ZdvLaDH/7p8kxozU+dmuGzntbXrh94zjvd2OlzpvXJUtWprRicbLutgxf+M68eP/oL7x7XqXOFaPLnx+5ovLzqpUpHWBD7KF1N2Xriedn8PrbUs6SSvvFu0b/nVyerRN9kKF/fV64aPT959iXf1dfvyb9y9dky5MTXA8AAFCNmbOTY99WdBUAMK5JTUgCAKowPP4M1qotWpxSknKSLF2cmrcA3sNzyfDUyqmH8vVfS+mPfpj5Fy2udEKGnsqWD52ZoXtuyVDfFcnZ89K17PT0LEuG7rk1A+vXZNayMTd4+p4M3ZnkrLWZOXp81sq1GfzWVeldtTS9L/Vs+vPi596SgS/fkMEHL01W1fjbe+aO7LzsjiQr0n3nNzLv1HmVIH1oY7Z+4jczeGd1txm4/4b0X78uWXh+Ztx1U+bt3gp6aGu2f+dLGVq+Ys/O2F03ZXjF2sy456rMWjYvM0YP7/jK5Rn8znMpXX1H5nxyxUv/Fnbdc222v/+GDNx5fvK+xUn6s+0r12R4XZKLbsrsL56fWaMv0P/QTdl+3g37Frn53my/+IaU965x+1PZ8okzM/TZb2fHuVdl7thf4Z03ZPiimzL70Zfvv+Pra7Pz6nszcldf+letTu8Ja7PgT9dWZgKfe0Py3s9kQRV7/fasODMzv3h6ei5ckVljXnPHN9dm56fuyNC9VyUf2P+e2v3331Z5/x+/NXM/u/ql39XgM33ZfsNP0nPMhCUAAABU59gzk5/+oOgqAGAfZgADQMvqTdfu8PMVk1wCutW87/OZszv8TZKepZl5wTlJkpH1u6dmLsvMS1YnWZ+h+9fvMft0+123ppyk6wPnZtbug4tWZt5ZY8PfJOlNz/KTK/d9ovYpnzvuva0SvF9xZebsDn+TpGdx5n3qqipnYz+XXd+8JUnSdRimC14AACAASURBVP3nXw5Wk6RnXua87zOZv2zva1am50vXZd6Y8DdZl4E/Wpfk0sz4+Io9Pghw0FkXZ8a5Sfn2vuxIkv6HM3j9+iSr0/Opl8PZJOk99dLMvOKwfarcef9tGdmUlK6+as8a5yzNwZdcnmy6KYMP7j2Nek1mfm7P+88+64LK72XK+00vy8Hv2zP8TZLZr6/89yw//mQONKm7vKuy7nfpqGP2+F3NWLQyr/jipTnA5GMAAIDaHHNm0RUAwLjMAAaARuk+LMlUZgEvSddphyXrk66lS6ZYzGFJ9xRvUQ9LFu47k3mc3sisd67JrtybkZvvyo5Llo3OPl2foT9bnyy8PDPOmrdH+6HNT2XXgw9n6OkNKT/2SMpbkvzip5WT22tdA7o/wz/rS5J0nbx8TBA76shl6V6WDK2f6D4bMnxnkpyT7uXzJmo8amW6956hunFjZfnuhfdl8IM/yea9Tpf/Lsmm5ypB+TMbK8H1spWZceTe9+7NjJPPTX9u3ePo8E/vrtznW1dm894zm7dtqJzbvDXJ2PB4SUoL9mpbx39fI/3PZecDfRl6YlNGnrw35WderiWbD7yX8UEnn5sdC+9I+for86tdazNj1cmZeeRhmanXCwAA1Nshr01+7Q3JP/5t0ZUAwB4MhQFAg3QvOTnJ3cnPNmVXMol9gOfl4H/9P9J/VdI9f5ILQG/aNBqWnZyuhZO7RSEWrM6MKw5L/5duy+DDVyQrezPYd1cldP3suZk95tex855rsvP9lZnB9bE15Y2V70qHjBfcHp7SUUkmCoB3h7HJ1MLRTaP32fRkypv2N5v5p5WQePNzlbb72TO695DDs22PI89l5KnRb9f17fd3WN7wi+wZADfO4Ppb8+L7rkl5sntWLzonc//spmz/v27IyKcvTX+S/hyWXPDhzPzUpTn4mKktpg4AALCHY98mAAag5QiAAaBBZi1Znh25O7n/qQxN9iY9vemdP4UinnlqNNRbnq5FU7hP0/Vm9nmXpf9L12bkzr70rzw5A3felGR1es5dNmY57PUZ+De3ppzDUvr8H2fWRcsyY35vepLsvP3S7Ljs7km89ryURpdCLj+/NcneIfAvUv5ZFbc55LCX93CeigWj91n1+5n1p2sy+0Btt4+2/dmmcV+3//lf7HXk5ffa9adP5ZW17pVcd1uz608q4W/pilty0CUrM2Ph6HLYu/cSrsLMY87PzG+dn6Htz2XgicczdP/tGfzaDRm4/eFsefDWzN9ndjQAAMAkHfO25K/+fdFVAMAe2mI7QQBoSUvfWPlDu6kvw09P7hb9T67Ltr512bH3ur9V2rG+spRxLn7jvksZt7iuZeek56wkX787A0/0ZejrSd63JgftEd71p7w+SdZk5iUrMms0/E2S8vatk3zl3vQsH92X+OHH993P9un1GZ5w+eckvUvSdVaS3J3hxyZbS5JFi1NamOT+dRme6N/BkcdUZnqv78vgPv/m+jP48F17F5meY1YnqezBfKCllafsF1sOuHdvRX/Km5PknPR88JzMXvjyXsiD216o+SV75hyW2StWZ94nb8rc69ckuTfDj01lWXYAAIC9HHlaMusVRVcBAHsQAANAo8xfnu7zkqQvw30ba758x1fXZNsZ56f/wvOzc9WabKkmdNzDxgzeWQmAS6ct33fv3Za3ODPfvTrJbRm4+NqMJOk6d+Ve76M3pWVJcl8G+17eG3Zo4x3ZdX3fpF951qoLKp2kL/1+tt0/Zs/ZoY3Z+oUbqpzVuzgHXbw2STJy9aezdY9/Aluz4/Ybqvtv2rsyvb+7IsltGfjsbdmxZezJ/uzsuykvfG93wLwiMy5bluTeDH3htuzYPqblQ7dk4Ev7hp+z3rm2Ehp/7ppsuee5PWarD21en63/5rZs3+eqGhyxuLIc9V33ZmDCZZ17R/cWvjtDD2x8qZaRLeuy/fpbqnq5wb5b8qtvr8vOvdLm4WdG/wO0wl7YAABAezlmVdEVAMAeBMAA0DCHZca5lZmk5a/dXWOItj6D3x4TYG7qy1BfbQnwyPq7M3R/kpyTnlObs39rvc1655pKZ+XpjcnCyzNj1d7LMS/LQVevTbI+Ixe+Lb+6cE02X7g6W07+erouuXTyL7zgnBx08/lJ1mXkvW/Mr85dk83vXZPnTzw9g/lwus6t7ja9Z380My9ZkWy6I4Mnn5TnLxy9z/I3ZudlN2Xoe+uqWh589geuS8/ZhyXfuTI7jz09m99buc/m05Zmx4U3ZPgvH35pdu2ci69L94pU2p62utLu3NOz7bx70nX12nHe6+oc9IW1KWVdRt5/UrasGr33hauz5fXnZPBLt1T2Xp6sRasz4+LDkk23ZuC887P5c7fkhW+uy8C4jedlzgc/U1nG+hOnZ8u5a7L5vefnV8d+JCPvvGrcfY331J/++2/OyCfOz44lL/++N686KTs/3ZcsXJsZZ0zP/y0AAAAtTAAMQIsRAANAA806e3R25fpr0397LUvPLknX8j2PdC1eUsP1z2Xbl66tfPvxtTloWu3/O8aC1ZlxxWhgd9m5mT3ONObes6/LnDs/k9KKg5K+vpSff2O67/xG5p0xtSW4Zl1wU+bceV26zj4mWdeX8oZdKX341sz+4pp090x8fcXiHPz5b2TWtz6T0spXVOq7/6fJCWvT/bX7MveTK1LVreYsy/w/+UFmfe2qlFYelPL9lfuUF61J99fuztzrV788M3rOirziO/dl5tVrUprzZKXdIavT85ffyLxVh4//Xs++LvMevy09F5+TUn9f5f7PzEvp4uvS++jdOXhZte93PPNy8Of/Mr2fXZNS74aUv3xthjclM/fTumvZpZn7wE1jfu/z03Xzn2buRYureK3ezP2XP8isb12XrvOWjP6++1LuX5LSx38/B91/XQ5eMJX3AgAAMI6lAmAAWkupXC5Xt4ohALSZ8ovbmvI6O75yfnZ+dl2y8NLMfPAzOXhOddeNbLw3W66+JiP3JKWPX5dZn12dWVW+5sD91+bF996SZEV67rkj86cU4AEAtKbSwXOLLgEAKr7ym8nGR4uuAoA29dia+2tqbwYwADTY7Is/k+5lSTbdkoGr787OKq/rWrw6r/zWD3PIL36YBTWEvyMb78i23x3dL/Xqz2S28BcAAAAaa+lbi64AAF4iAAaARutdkdk3jO5f+p1PZ+dX1u9n/9M62L4uW6/4XMqbkqy4Kr0fXZEZjXotAAAAoEIADEALEQADQBPMXHF5Dvr8yiTPpfzZD2XbN5+qfwi8/alsufojGe57Llm4Mj03XJ65VS43DQAAAEzBa96czH5l0VUAQBIBMAA0zexLbk3v1SuSPJfyp96bbdffm11D9bn30Ma786uLzszQd55LsiLdX7/Vvr8AAADQTEf/etEVAEASATAANFFv5n7yG+n9l6MzgW9cm+3nXZOtT2zNyGRvObQ122+/JltPvjQj65IsXJnuO7+ReSt661c2AAAAMLGlZxRdAQAkEQADQJPNy9wrbsucb12e0sIk627N4Ko35lcfuSlb1z2XwSrvMtL/XLbdflM2n/HG7Lrs1pSTZOXlmXnPbXnFqfP8gQcAAIBmMwMYgBZRKpfL5aKLAIAilF/cVujrj2x5Ktu+cE0Gv9L38sGFx6R01pnpOvXk9CyZl9KS5emZtyVD6zeknK0ZfuzhDN9zX8p9T465ZmW6PnddZl+wNOb9AgCdpHTw3KJLAIA9/dE7k3/8u6KrAKDNPLbm/praC4AB6FhFB8C7DT7Tlx1fuiVDX7+3tguPXJ2uSy7NQR9cmVmSXwCgAwmAAWg5d38u6ftq0VUA0GYEwABQpVYJgF8ytDU7/rovgw8+nOH7f5Js6Ev56THnV6xM6dg3VmYHn7wyBx0zLz2FFQsAUDwBMAAt53/em/zJxUVXAUCbEQADQJVaLgAGAKAmAmAAWs5Qf/Kvjk1i2B2A+qk1AO5qUB0A0PpKpaIrAABgsvTlAGhFPb3J0SuLrgKADicABqBzGTQEAJi+9OUAaFVHnV50BQB0OAEwAJ2ry59BAIBpS18OgFYlAAagYJ6WAOhcBg0BAKYvfTkAWtXik5JZryi6CgA6mKclADpWqdufQQCA6UpfDoCWdtRbiq4AgA7maQmAztXdXXQFAABMlr4cAK3sSAEwAMURAAPQuUolA4cAANNRd3elLwcArUoADECBBMAAdLRSjwAYAGC60YcDoOUd/rpk/hFFVwFAhxIAA9DZemYUXQEAALXShwNgOnjtaUVXAECHEgAD0Nm6SklPT9FVAABQrZ6eSh8OAFrdkQJgAIohAAag45VmmkECADBd6LsBMG0IgAEoiAAYALq7E/vIAQC0vp7uSt8NAKaDQ45MXrm46CoA6EACYABIUpo5s+gSAACYgD4bANPOa08tugIAOpAAGACSykySGZYTBABoWTNmmP0LwPQjAAagAAJgABhV6u1NuvxpBABoOV1dlb4aAEw3rz2l6AoA6EBGuQFgt1IMLAIAtKBSb29SKroKAJiEQ45MXvHqoqsAoMMIgAFgrJ5uITAAQAsp9fYmPZZ+BmAaMwsYgCYTAAPA3mbOqHwBAFAs/TIA2sFr3lx0BQB0GAEwAIyj1NubzDDYCABQmBkzrMwCQHt4jRnAADSXABgA9qN0UK8ZJwAARZg5o9IXA4B2sPCY5OCFRVcBQAcRAAPAAZR6e808AQBoIv0vANrSkpOLrgCADiIABoCJzJyR0qxZSZc/mwAADdPVVelzWYEFgHZkH2AAmqin6AIAYFro6U6pe3bK/f3J4GDR1QAAtJfd+/2Wii4EABrEDGAAmshUJgCoVqmyL3Bp9qykp7voagAApr+e7pRmz6rs9yv8BaCdvfr4ZObsoqsAoEMIgAGgVt3dKc2aNRoEW0wDAKBmPT2V4HfWrKTbB+sA6BBLVhRdAQAdQgAMAJPV3Z3SrINSmjMnpd6ZBi8BAA6kuzul3pmVvtOsg/SdAOg8AmAAmsS0JQCYqq5SMnNmSjOTlMvJ8HDKwyPJyOhXuVz5AgDoBKVS5aurK+nqSqm7qxL2lqzxDECHWywABqA5BMAAUE+lUmVJQ39hAQAAgLFee0rRFQDQISwBDQAAAAAAjTZjVnLEG4uuAoAOIAAGAAAAAIBmWHxS0RUA0AEEwAAAAAAA0AwCYACaQAAMAAAAAADNsPjEoisAoAMIgAEAAAAAoBkOPSqZe2jRVQDQ5gTAAAAAAADQLK8+oegKAGhzAmAAAAAAAGgWATAADSYABgAAAACAZlm8ougKAGhzAmAAAAAAAGiWxWYAA9BYAmAAAAAAAGiWmXOShccWXQUAbUwADAAAAAAAzfTq44uuAIA2JgAGAAAAAIBmepUAGIDGEQADAAAAAEAzvepNRVcAQBsTAAMAAAAAQDO9+oSkq7voKgBoUwJgAAAAAABotkVmAQPQGD1FFwAAAAAAANUql5NyuZxyufJDuZyUk2T38d3f726cl8+Pq5SUXvq+VPl+9FipVBrz/ej5UuV4qbSf+1XrVcuT//3oFG8CAPsSAAMAAAAA0FLK5aQ8Us7I7oC3XE55ZEzwW9cXG5MN7w6Qx57cj5eC4K6XA+GuUimlrirD4UXLJ10yAByIABgAAAAAgMKMjFTC3ZFyOeWRSsA7MlLvlLf+dgfTGUn2Doq7RkPgUldpNBSuHNuDABiABhEAAwAAAADQFLvD3fJIOSMj5YyMzuptNy8F2MMvv7dSqZSu0SC41FVK16+9IaWe3mSov6AqAWhXAmAAAAAAABpid+C7+2v3DN9OVC6XMzycDI+GwqVSUvrgbel6+ofpevZv0vXM36T04rMFVwlAOxAAAwAAAABQNyMj5YwMjwl9OzTwnUi5nJSPOD4jRxyfJClt25Suf3i08vW/H0nX/16XA+1BDAD7Uyq34/oaAAAAAAA0xR6zfEeDX6auEgL/OF0bfpyujT9Oqf/FoksCoCCPrbm/pvYCYAAAAAAAajY8vOdMXxqn6xd/m66fP5iunz+Y7p//j2Rge9ElAdBEAmAAKNDISDmDQ0MZHBzO0PBwhodHMjIyknLZklcAQPsrlZJSqZSurq50d3elp7s7M2Z0Z0ZPT7q6SkWXB0AdjAyXM2ymb6G6nv2bdD3dl+7/1Zeu//XDossBoAkEwADQZMPDI9nVP5j+gcEMDg4VXQ4AQEuaMaMnvTNn5KDeGenu7iq6HABqUB55OfQdHjac3DLK5XQ//Vfp+tl/T/fP/iqlXz5VdEUANIgAGACaZGBgKDt29ae/f7DoUgAAppXe3v+fvXuPj7K+87//umaGyXEgMSSQaGIMdIBwCBoOolCDoBUVi/XQ1u223ba23fpo7f7u7v7c3u5ut+v2Z3u3u/Xe2q7ramt3l3alVSuuWIWKSxBQsiYSRhgJRgIJJIQEJ+QwM9d1/f6YQyYHIIHEyeH9fDwoycx1+Mw1oU7mPZ/PdwrpqSm43a5klyIiIucQG/FsmpamWo1xxuljOOtew1G3HWfdq2CZyS5JRERGkAJgERGRURYKhTnT2UNPUMGviIiIyMVIcU8hIz2FKVMUBIuIjBW2HZl0pW7f8ct5+DUc7/4B57vbMD5oTHY5IiIyAhQAi4iIjBLbtuk4001nV0+ySxERERGZUNLTUsjMSMUwtE6wiEiyWJYd7/jV2r4Tg+OED8e7W3H6X8FxfH+yyxERkYugAFhERGQUBINhPujoxDStZJciIiIiMiE5nQ6mZqZrLLSIyIfMsmzMsMY8T2TGB404D/4e58Hf4zjyRrLLERGRC6AAWEREZIR1dvUQ6OhKdhkiIiIik4InM430tJRklyEiMuHFRjwr+J08jM42nAe34DywBcd7O5NdjoiIDIMCYBERkREU6OjSyGcRERGRD1l6WgqezLRklyEiMiEp+BWj5wOcvhdxvvMCjvrXk12OiIgMgQJgERGREfJBRxddCn9FREREkiItLYWpCoFFREaMRj1Lf0ZXG07fCzh9m3E07E12OSIicg4KgEVEREaAOn9FREREkk+dwCIiF8+yoh2/YQW/MjgjcBxn7e9w7v8djuYDyS5HREQGoQBYRETkImnNXxEREZGxQ2sCi4hcGNsGM2xhmjaWpbeA5fwcLQdx1j6Hs/Y5jMCJZJcjIiIJFACLiIhchGAwTNvpjmSXISIiIiIJsqdl4na7kl2GiMi4YYZtwqaFZeqtXxk+R/3ruPY9g3PfM8kuRUREooYbAOu3JxERkSjbtvmgozPZZYiIiIhIPx90dJKT7cEwjGSXIiIypllmJPg1wwp+5cJZxdcQLL4G5+UrcO37LY73dye7JBERGSZHsgsQEREZKzrOdGOaVrLLEBEREZF+TNOi40x3sssQERmzbBvCIYtgUOGvjBxz0R0Eb/kB4ZVfx/bMTHY5IiIyDAqARUREgFAoTGdXT7LLEBEREZGz6OzqIRQKJ7sMEZExxzRtQkGTUMhCq/3JSLOzLiP00T8jdMvDmHNvTnY5IiIyRBoBLSIiApzpVPgrIiIiMtad6ewha5reyhARgcgyRuGwjRm2UO4ro80s+SjWpVdiFZThqv4Vxqn6ZJckIiLnoA5gERGZ9ILBMD3BULLLEBEREZHz6AmGCAbVBSwiYpo2waBFOKTwVz48doqH8NX3Elz3PczS9ckuR0REzkEfmxURkUmvs1vdvyIiIiLjRWd3D2633s4QkcnJtiEcttT1K0llXX41oZnzsWbMw/U//4Fx+liySxIRkX7UASwiIpOaaVr09Kj7V0RERGS86OkJYZpWsssQEfnQxdb6VdevjAV2iofwiq8Suum7mLOvT3Y5IiLSjz4yKyIik1q3wl8RERGRcae7J0RGekqyyxAR+dCEQxZhdf3KGGTOWo013Ys9fRauvb+EsKasiYiMBeoAFhGRSU1r/4qIiIiMP3oNJyKThWXZhIIWIXX9yhhmT7uU0PV/SejG72DlzU12OSIiggJgERGZxCzLJhQKJ7sMERERERmmUCiMZSkJEZGJzTRtQtHOX5HxILz4k4Ru/BvMOTcmuxQRkUlPI6BFRGTSCoUV/oqIiIiMV6FwmBT3lGSXISIyKsJhS2v9yrhkFS0nlFWIPe0yXG/8HNAPsYhIMqgDWEREJq1QyEx2CSIiIiJygfRaTkQmItsmMvI5qPBXxi97agGhtQ8SWvv/Yk/NT3Y5IiKTkjqARURk0gqbetNQREREZLzSazkRmWgsyyYcsjBNJb8yMYSXfQHbMxPXnn/F0Vid7HJERCYVBcAiIjJpmabWURIREREZr/RaTkQmEtOMhL9a31wmGnPezdiZebh2/wvOd7cmuxwRkUlDAbCIiExalqU3DUVERETGK72WE5GJIhy2CIdtbIW/MkFZhUsIpV+CnX4Jrpqnk12OiMikoDWARURk0rK1oJKIiIjIuKXXciIyEYRDFuGQpfBXJjw7p4Tw9Q8QvvrLyS5FRGRSUAAsIiKTlt4zFBERERm/9FpORMY1G0Ihi1DI0v+fyaRhp2URWv0XhCq+Be7MZJcjIjKhaQS0iIiIiIiIiIiIyIfEtqOdv2GNspdJyHAQvuZr4M7A9fpPMTpakl2RiMiEpA5gERERERERERERkQ+BbduEFP6KEF7yOULXfQs7uyjZpYiITEgKgEVERERERERERERGmW1Fwl9T4a8IAGbZXYQ++r+wc2YluxQRkQlHI6BFRERERERERERERpFl2YRDFqapBX9FEpnzbwPnFFyV/4Sj+UCyyxERmTDUASwiIiIiIiIiIiIyShT+ipybOXcd4VXfxJoxL9mliIhMGAqARUREREREREREREaBwl+RoTHn3Eh41f0KgUVERogCYBEREREREREREZERpvBXZHhM742EV34DK9eb7FJERMY9BcAiIiIiIiIiIiIiI8hW+CtyQcw5HyO88uvYOSXJLkVEZFxTACwiIiIiIiIiIiIyQmwbQmGFvyIXypx3C6Fr78OeWpDsUkRExi0FwCIiIiIiIiIiIiIjwLaJdP6GFf6KXAxzwe2Er70PO/2SZJciIjIuKQAWERERERERERERGQHhkEU4bCW7DJEJIXzlpwlf86fgdCe7FBGRcUcBsIiIiIiIiIiIiMhFUvgrMvLCy75I+JqvJrsMEZFxRwGwiIiIiIiIiIiIyEUIhy1CIYW/IqMhtOJPCS/9fLLLEBEZVxQAi4iIiIiIiIiIiFwgM2wTVvgrMnpcKYSv/jLm/I8nuxIRkXFDAbCIiIiIiIiIiIjIBbBMm3DYwraTXYnIxGZ7ZhJe8WWsK1YmuxQRkXFBAbCIiIiIiIiIiIjIMFmWTShsYVlKf0U+DFbePELL78XKnZPsUkRExjwFwCIiImNR6y4eefgJHnzOP6TNfc89wYMPP8321lGuS5InuI9f/uAJHnz4t1QGRuB4/i08OIyfsQt2vJpNL7zMpheqaRrdM4mIiIiIfGhsG8JhG8tU+CvyYbJKVhFe/iXstKxklyIiMqYpABYREREZBzpq/PgtgHb27G1MdjlD90ETNbUN1NQ20ZbsWkRERERERkg4bGGGte6vSDKYi+4gvOwLyS5DRGRMcyW7ABERERE5n0Yq97ZDqof8lABNb1ZRc20BZe5k1zUE3nU89ECyixARERERGTnhsEU4pPBXRpaNjW3bdIW7aAu280HPaQ6dfo/m7pOcCXZyKthKezBAT7gb0zIJWSZBswcTC8u2MC0bDBun4cBpOHHgwOFw4Ha4cTkcuJxuPK50PG4P06ZMZWrqVEoyi8jPKCA/fSYZU9KTfQmGJbzsCxinj+Gq/s9klyIiMiYpABYREREZ6w6/w97TkL18JZ+buouHX2mmsqadsqUaeSUiIiIi8mGyTBszrLHPcnF6zB46Q2eoC7xPY8cx3gs0cOzMMVq6TtER7OCDUICwFR64ow2GYUS+tKM/h0bk9gGMxH0iY8uJ/U30NiDFmcJPVv2AWdNKRvZBjrYp6ZhL/wRH+1Ec9TuTXY2IyJijAFhERERkTGun8r/r6SaLiiUFZGYspnzHdqr27qNp6Sryk12eiIiIiMgkEVn318KyFADL0Nm2TUeog9buVo50NLC3pZq3T9Zy7MxxbCwsCxwGWNGglmhQawAWYCR8bxuR4xlGQqgL8RA4mg1H8uDYfonbYWAYduS+6PbXXXrN+At/o6xcL+Gln2NKWz3G6WPJLkdEZExRACwiIjLBtR3axZbKg/iPm4QB3G7yS2az+rpllGY7B2wfbvOx5b+qqTneRXc4tn0pt91UTmFq4patbH/8Oba2FnDPA+soer+K51/14W8OEvau4qENXvBv4cFnGsldtYH7l0PNy9vZcqCdjiDgcpI/e+Egx43VUc/uN6qp8rfTcsYEwJWWhfeacm4rLybTcbZabiS/dhsbtzXQ1DXwPLHHV9XYRdgC17Qcyq+rYH3pYN20Jm21O9i0q57G1sj1c2Vk4b16GZ9YWsggZQ/Cz8aHd+CDyHW4NmdIe8Wd2Mee48BsL1d7AGZxddkeqvbUsfvwKm4/1+/pVoDDVZVseb0xci0cTrILilm7voKys+zie+4JNh7wsPbeu1nSsYtnXjyI/7TZd99pwJl6Kl+pYvuhdrrDsedmkOvSuotHHvfRklPK/feuIHeQ86x0+Nj8uypqmoOR5+RsxxIRERERSaJw2MI0Ff7K+dnYBM0ge1uqeKbud7zTdoiucJDYr7GGI5LK2nYk/LXpDWoTQ1wDMBxgWYnHTrgzlvzaCfcRPU7s3sQO4Ng3ho1hRwLl269YP5qXYtSZH1mLcaqeKdu+l+xSRETGFAXAIiIiE1jLzqd5ZEcgEoKWFJKXDl0nGzl8wMfGA4co3XAn98xNi2/f7X+ZHz/XQAdOsgsKmJPljG5fzWPvN3PPV9ZROkgi17jzaTbuCIDDSWaGG1xEwtLYBp1+Nv3MR00ojaLiQma5e2j0N9N0oJrH3m/nC19fQ0lChrRt8wAAIABJREFUoNtW9RyPvNJKGEjNyaH0inSmENnHt20bh09U8MCtswZ9IdO487ds3NlJbnEhZekJ52kzuf9Wk6d/7qMlIwdv6XRoP4n/aCt7nt9Mt/uT3DU7cVHdLnwv/IaNtUFwp1HknU62u4fmumZ8217m8LFVfGuDd9QDSn9VHW04Kb9qYfzx5i+ZQ/6eaqper+KGknIyB9vRamb7U5vZeoLo819AXnoPzXV1bHqsmbYVnnOeN3BgCz/e0YjrsgLKCqHt/UaOHK1j0y+CpH2+mL2/2IHP9OCdW0haZzv769vxbXuZtvAG7lsx9JA7cOBlfrizgW5PDt7SdKYkHOtw6xoevKl4yMcSERERERktWvdXhuLYmUZebtjGnhN7ORpootvsJtJqG+3kdUS+jY1v7tPA2y+0jYnfbgzytWGT0NxL7KCxTmI7mizb0Roi+/ee++oZS5g19YpRux4flvCSz2G01mk9YBGRBAqARUREJqrgPrbsDEBqAXd9dR1liUnlmXq2b/aTXdIb/tL6Bk8810BHSgF3fWkdZRm9d4VP7OKxp3xsfGEf37lzYb8XEI1s3+mm9Kb13L0oD1efztyIlrd8BLwreOC20t7O3XhAWU9lbZCSRb3ha7Z3Fld/UEr5tV5yEzNZq5mtT2xme20VlStmUTEgZ2xk+94C7rrv7t76Y/uc2McjP4f8Fet4cFVB/DF0v72Zh15spmb3PtbN7g1TW3ZtZmNtkNS5K/hmYt2YNO34LY/u3MHTtcV8doGbc5vFJ76ez22Aa8q5Q9cBgvvYXWvCNC9XJ3b6ehaycnY1mw4dpPJEOTfNGLhrw6tb2XoCUmeXc9+GxWTHnzSTpl3P8cSOxnOcOMCenVDxJ59n7YxYl3gXNc/8J5v8DfzysQZS+z2fdzXu4Ee/9NO0p5rDK9YwtAFiAfbs7KH01ru5p7T32tzVsotHf+6jqXofVdcXU36+SywiIiIiMoosS+v+yuBsbFq7Wvnvpl1UNu3iQJufHrMnnuzGu3lja/cmJLtGLBWOduLGmnptEr+Ib9x3md/E9XyjqXGf4DgaNht2rEpiOXT8QG6nm6/M/wIuxwSICJxTMMv/GMfJQziOViW7GhGRMWGQt2hFRERkQgh00GYBBZcxv3+bakYxFZ+6kbKEYM2/x0eT5aR8fd/wF8A1YwW3lbvhkJ+qMwNPlbviY9yzePDwFwB3MXf3CVEBRx4Vywsi5z7S0Hd7z0JuWt0v/I3uU1bqAQIcORYc9FTe1Wv61u/IoyzW5ezx8omE8BcgdcEsSgEaW4lHolYdlXsCkDpI3TjJX7WSlR7wV++j4ywPOXH71AwPmRkeUocZZDbt3IffgqJlC/ut9eum7KpiUulib1XdwB0tPzuqusCRx7pbE8PfaP0rbmbdeRprM8tXJoS/AGmUzY0lzXmsv7nfdSmYQ1k20N3KkbYhP0RSF1zTJ/wFIHcFK2cDNHP4yNCPJSIiIiIy4rTurwzCtE3ePX2IR97+GZ/7w5/y6Nv/QnXzPnrCPX3W3oWELl9H720QXcsX4p27iffFbk+8jYTb4mOgSegaTtgvduLY1Od4V3BCTfNz5nBZxqUXcRXGFmtGKeGrPgMpg87IEhGZdBQAi4iITFTZeRSlAvXvsPX9wHk2buTweyYwg5KzBIOFhdOBduqO9b8njflz8859+OJCvIO96sjNIhsgbJ6nvoHaAoM9Jg9Flw5MWXNnZEe+KCzoF6QCsU87W9E1kgGON3KwGyjKH7xuCii6FDjazKjlk1Ydu2u6ILWYiisHWZ+4ZB5LpkF3rY+a/ln4kQYOW0Bxcd/O77g05swabM3jXkWFBQNvnJEVWcM3dwZFAy6zs/cDAMOYjFcye9agtxfkRkJ7TdkTERERkWQKhy11/0ofJ7tP8jdvPMSX//BnbD68hR6zG0gIWKNpbGzd3kjXrYFtRztx+6S60TQ3FtI6Epp/7YTO4bPsZiTs3idMdtD3juidhhFZfzjV6eb+RV/DYUyseMBc8HHCV96T7DJERMaECTDfQUREZAKzwuff5mwcs1h3WwNHnqmj8ldPU+l2k5s3nTlz5lG2sJD81MTuzg5OBQAa2fSDJ9h0jsN2BAJAYsem6+ydv+et8ewvRjqO+9i710/N+wECXUG6L+JSxORmnzv07D15R6Sz17+LBx/edY4NOwmcATLOsckFCvt8VHVD9vJ5Zw2hVy7JonJbM1t3NlK2OiGwDQbpBlKnes56fTM96UD7hRWXHQ3uR9NEGEMmIiIiIuOaZdqEFf5KlGVb/OLgRp4//F8EQh04nZGA1o59aDWh8zY+kjl+kx0dx0z81kh4a/fZ1074AGxvuGv3uS8x142Pdu7TKWzE1xhOrCc+bhqb5QVLKMycON2/icJX/RGOEz4c71UmuxQRkaTSO2siIiJjkcMZ+Y9062laINJ1eVatNLcMfk9qSQX3f7OcBn8t1bWN7D/aSOXRRiq3Qe6VFXzxhll9x/imevDOziJt8MMBkD1teA/lQrTsfJpHdkQ6fF1pbrJnFjAnKxJYd7U04j8x/I7hC5E6o4A5uc5zbJE2SkFoO7v3NgPQtmcLD+4599ZtNe/gv65gQFDcfQGd1SIiIiIiEgn2wmGrb5Amk1ZzZzPfr/4xNS21vYGsHY1gY0lsfNbzwP2Nfl8YhoEVGwEd02//AWv+Eg2Fo1+nuzPoDJ3pu71NPOiN3Wg4EkZBE1n7957Zdw5e6ARgZxUSvvLTTDlei9F1gR96FhGZABQAi4iIjEXZeRSkQlNbOy0W5J6rw9ZqpbENcGRRkDPI/S4PhaUrKCyF9UA4UE/lCzvY+tZ2nrokh/uWZgFu0lKBbg9Lbr0xsiZu0tSxfWeky7jiT+7otw5tJBz2nzjfSOuL5HaTCnRnz+KuW72je67BHK5i+3EgO4eyS9PPuWno5Al8x+vZ7QviXRCdyxyrv7OTMIO/4OsIdI5w0SIiIiIiE4cZtjBNhb8Ctafe4aE3H6al61S8s9eywTAS+nCNyN+2HVlz0U7sAo6PciYezNrYfUPhePgbTXj7dRAT/dphOCieWsiSvCt5//QR3mx5C8tO6Cjuv1P0cJF9I3WvLazgI1kfGfHrNJaYc9fhaHob167Hkl2KiEjSKAAWEREZk4qZ73VS9XYjr+5ppXTFYMluRMdb+/BZwOx8SoZwZJenmIq1TVQ94aPpWDMszQKKmVMMVQdOcPAwlA7lQKOlrZVmC5iWz/wZA7tv205/CMFlUSEljnp89Q34Le9ZRjCPliA1/1NPN07Kb9jA7ed7LgJVPPpoNf69++hYUE4mJNRfT033QsoHrAPcxUG/PgktIiIiIjIYy9LoZ4l4p+0g/3vXX9Md6sZwRENeKxK2RsLdWPhqY9ngMKLjl2PrAJOwNq/RGwTHQmQS74d4+Bvr1jUcka8dhpPiaZfxjYVfxbQt/m7vD2jvOR09N/H1gvs09RqRTmPbtnHYkfM5HAYbStaP3gUbQ8Jln8RxrBrHkfOM1BIRmaAm1irvIiIiE4h3eSn5Dmja8SIbq1sZuASuSVvtyzy2rR0cHtauXtj3k12BKja94KMlOPDYHcdO0gakprrjt5VeW0ouJlWbN1PVNnB0cLjNx7MvVEfWxh1N0e5nTjewu76rz10dvi08/faHMNbY4eWGFR7orufpZ6ppG3DxI9d+01tDCVFNus8E6DgToHuQ52KAwD4qDwHTZnH1UIJ4z0JWzgaO+3ilvrf+1UvTwGrm2V/toqlP/SZNOzbz7PtDOLaIiIiIyCSk0c8CcLC9jm/v/i7d4W4g8sGA2Dq8sfV5+we7NnY84I0EsL2BL0QC4lhYG911IDshFLad3Fh0Pf+8+h/5p1U/5JWGP/CXu/82Ev7avcv7xiSGzUbsYNH/NQy45fIbuSKzaISu0NhmX1JMuOxucE5JdikiIkmhDmAREZGxKmcZX7yzk8eeqcP30nN85w9u8i+bQV460Bmg7mg7HUHAkUb5neup6Nck3Hagnv217dTU7iLVk0XR5R7SMGlrOMGR0ya4sqhYWty7Q+4KPnvzSR59sZlnH/sFW3JyKMlPZwo9NNc109QFpBUwp2sxpedaJPiiFbPu5gL2P9NI1a83cvCyAmZlEak7kE6pNw2fv+v8h7lIudfeyO0nNvPsoSp+9ONqcmfOoCDLCZ0BDh5ppzsMqXOL6b4yiwENtn3U8cw/7cAH5K7awP3Xnr2bG6Bp70GagPwlC8kfUqVuyq4qZvOheqr27mN9ceSDAPnXrWXt+5vZetzHoz8+SH5RAXnp0eeyx8PaawvYurNxaBdDRERERGSSCIctTHX/TnrHO4/z7d1/QyD4QTxlTZz4HOkCNno/KBAbvRwLhhM7eKOhsR1bn5eEADlBfEw0MNXtYU1hBbcU3UiRp4jaUz7u3/EXHDpdT+Kehh0d+9x/ZHTs9oS1gzOmZPD5uZ/BYUyenjBz4e2Ej+7F9davkl2KiMiHTgGwiIjIGJZaUsH93yilZuceKn2ttBxuoCl2nycL75XzWHdtKbnugftmL72DB2f7qXxtH7vfb8dfG+1WdbvJn7uQdTeUU5LRb59F63mgMLrP4VZ8ra2Rc+XkULaklLXLvWR/CK8eUr3r+Oanq3j+1X34jzZScxRSZxZy16fWUOD7LT7/6NeAI4vyO++hxP8GW14/hL+xkZajgMtJ7sxCVi4rZ6U3Z2RfTAX38cqbXZBawOqyrKHvVzKPJdPqqTzkZ3dgISs9gCOPis/eTVFVJVteb6TpcANNDifZBbO465ZVlLW8zNaRrF1EREREZJyzLVvhr/BB8AP++s3v0d59uk83rR1rtY0HqzZ2LBi2+4W60W3thNA4cigD27D7L9Mb7+SdnpLD9UUf5RMlHyc3NYeucBcb/U/zH/6nCZmh+BLB8X0TzplwqoSajVjmzPorbiIrZdpIXaZxw1x0F84jb2C01iW7FBGRD5Vha56JiIhMUidatAaqiIiIyHg2I3cYH5gSETmPUMgiHLKSXYYk2WO+X7Dp3d9iR0csOxxgWZG1FONjnwGHEVlXNzZ2ObY2cKyT14p19Ca8+x4bxdz7TeTLNFcat11xE3/s/TRprjRsbE51tfIXu/6K+sDRPscwoifs87Z+/2PaCbfbUOAp4Oerf4LLMTnHIbt2/TNTXv1BsssQEbko1Z96bVjbqwNYREREREREREREJjXLtDHDCn8nu13Nb/Js3fNYiV29VjTstRLCW2JBbyTxjWWx8b8jvb59A1k7MhI6ugEG4HSk8BnvHdxafBNZKVmRvWybZ9/bzJO+f6fL7OrtPo7ub9uxk0eOYRGfLN1nQWDbjtQdBj7zkTsmbfgLYC66A2f9Lhzv7Uh2KSIiHxoFwCIiIiIiIiIiIjKphU0LzUmc3Gzb4t8P/Doyahni458j90XD22iQG1vr17AT1vxN7MKNL76bcIKE8DcrdRq3Xn4THytaQ37GTIzohs1dLfxk32PsOv4Gtm33rvEbPVY0942Mnk48bULXb2yb2PaLcuZx/WWrR+gqjU92Ri7hhbfjrq9E/9BFZLJQACwiIiIiIiIiIiKTlhnW2r8CLx3ZysG2dyPfxALWWI6bOO6Z3u7aWAIcy3wHjHeO7eMwsC2baSlTWVN4HZ+cdSfT0y6Jn9uyLWpaa3n4f/6Rk10ne4+VOM45OnM6NobaGuR8dsJtkbza4HNzP82USdz9G2Mu2IB5eAfO2meTXYqIyIdCAbCIiIiIiIiIiIhMSrYd6f6Vya073M1PfU9Fum4dYNv91til7/q+8VzWIh4Wx7uCY8FvrHsYmOJwsTy/nPsXfo1LUrP7HDdoBfnVoWd46p3/iITKCceKfY0Nhm33XUPYkbDuMJEsuvfckfqXzlzC4umLRvBKjW/hBR/Hcfg1jM5TyS5FRGTUKQAWERERERERERGRSck0LSxT3b+TXU3r23SHOiAanBpE1/WNjm1OnPAcXxs44fvY/X3W4rXBwmBp3mK+tuBeCjMvxRFfBDiivaeNv3nz++xv9UU6dq3eoDl+HHq/TmwIjo+fpm8ncGR/m9QpqXyr7D6chvPiLs4EYpV8FHP+bbje/EWySxERGXUKgEVERERERERERGTSsW2NfpZIB+4T7/wHlmX1Hf0czWpj3yf+pNh27zq8iR3AvQGsweXTLudP5n6a5TOWDhjBbNkWe068wSP7HqPlzMnIPkYkAIZIBy/YfQLeeCgcW+vXiAbO8ZA4uk+0TfgTJevJSe0dMy0RZul6nO9uxWg/muxSRERGlQJgERERERERERERmXTMsI1lKQCe7Oo/eJ+60+/FA1w7ses29n1i622Ug+h9sXWCo99PT5vOx0tu4a6SDbgcA99+7wp38dvDv+Pn7/xHfMfYCOfejuPexDkx/I0FxfESHUbCtnZk9DM2xVOL+PzcP4oGyZLIuvRKzNL1uF7/WbJLEREZVQqARUREREREREREZFKxLRtTo58F2HNiL7Zt44iFrwlr6GL0jlqOrb8bC2vj2xk2tgVOh4vrLl3BfQu+TFZK1qDn6gyd4aH/+SG7G/dG1hJOWCe4T4exBQ4HWNE7YudNbPiNfG33BsTRoNqBgy/O+4xGP5+DOe9WnAd/j9F6ONmliIiMGgXAIiIiIiIiIiIiMqmYprp/JTKKufL4rug30bTXiHbgxpLWhNHOsb9joatl2dgGXD7tMh4s/38omVoyYJ3fmOOdJ/jzXX9FY0cTRsLawrFU14iNgI5+bdmRENhO+DHt34hsRYPiePcyNrcU38iKGctH6hJNSNaMeZjzbsZV+ZNklyIiMmoUAIuIiIiIiIiIiMikoe5fiTnWcYz3Tr8f7bC1e1tsE79MbLmNMcDAIMOdwR/NuYv1l68j3ZV21vNUNr3O99/6JzpDHYmHiBw21gVs9Z7HSFyLOPHvhH1tg2iQHEumweP28MnZd2r08xCYc2/G+c6L6gIWkQlLAbCIiIiIiIiIiIhMGur+lZg9zW8Stq3eNXUTun4NSFiHN3GtXXDg5Mq8hdy34MsUeQrPevywFebZ9zbz+P6nsGyzb8CcuJYvCSOmE+dB9wujE0dBx260saPTnx3cv+irFGTMvJhLMmlYeXMx59yE6/WfJrsUEZFRoQBYREREREREREREJgXbVvev9NrfdhCDSOqauL5uLGjtTWgjISsOyHBlct/CL3HDZdefs9M2bIX58ds/YUv9tt7ZzfEx0pE1hq3YKYyErl8inb12Qggc7xbu14UcY9lw1YwFfLTg2gu9FJOSOfcmnL7nMdqPJrsUEZERpwBYREREREREREREJgV1/0qiI4GjxMYnG4ljlhNC2kgYHIlmV8xcyp8tuo+c1JxzHrcr3MX/3v3XvHPqYJ+Fe2MdvnY0yXXExj/bvfcZRmRt3/iY54TgOH4MIiOoMWywDHLTc/jbJd/GaThH8OpMfNbMBZjeG3G98WSySxERGXEKgEVERERERERERGTCs20wwwp/JSIQ/IDWrrYBt8c6cu1oMGwD6VPS+NP5X2DNZatJcbrPedzjnSf4XtUP2d96oM9IaTCwregx7d4gNybxtlgY7CBhm4SwGBJGPzscfLH0s2RMybiQyzDpmd4bce57BqOrPdmliIiMKAXAIiIiY5KfjQ/vwHeOLVJzcpizeDHryovJdHxohU1aLTuf5pEdAXJXbeD+a8/9ae+xIfYzVMA9D6yjdNTO08ieF2o5AhQtuZHlI7zcVLjNx7NP76KmzcPae++m4jyXPtzmp3Knj5q6Vlq6Ire50tIomLuYu9aUkn22V7/BZnxvVlPpO0FjW5CwBTicZObN4OqVK6iYnTWSD0tEREREksAyLXX/SlxL10kCoQ6M6Hq8AxbkBTAM5ufM5c8WfY0rphaf95gNHUf57t7v894H9QOOZxh25DyDMPqFu4YBhsOIdwqT0CHcu1OkzNuuuIm1l1actzYZnFW0DOsjN+B8e1OySxERGVEKgEVERMayVA/e2Vmk9bs51H6Sw8dbqdm2jZrdhdxz742UpialQpn0OqirbcAHhLyMXABsBfC/soWNbwUID2X7cCOVv9nGS/VBAFwZWXgXeEgLdnKkvpUjb+3iR/6jg/xbMWl6czNPvdpKhwW43eQXF5KXHvl35m9sZOtvfkvV4gruu2kW+mcmIiIiMn5p7V9JVN26j2ifb2/ASqxZ18BpOLn1io/xtfn34nScf7Tyqe5W/vz1B2npOhXp5oU+HcCW1Rv0xtf7TVx4OPFresdEx8Y/29HtDUfvpkWeAu6d99lzrkUs52d61yoAFpEJRwGwiIjIWJZRyLpbV5A72H1WgJrnn2PTgQY2vrCP79y5UP9hlyTwcs8D3hE9YvfRXWx81sfhM0CGh2wzQFv3uffpqNnFS/VBMotLufuWZZR4Et+g6cL33G/YeKCBZ17y493g7f23YrWyv7qVjmkF3PSxlVxd7On77+iMj43/ugtf9R62XzmLm2aM5CMVERERkQ+LadoKgKWP9wLHer8xwEpY9zfdncbfLvtLFucswmGcf+TW0Y5j3Pff36Ij1BEZyxzr6I0d3gAc9AbDiV3H0XAXI7quL5FO4ch2RiyijnzviJVr4HZM4bvL/po0V/rFXQjB/MhazNmrcR56NdmliIiMGA2MFBERGa8cHspuu4byVOBQPTXBZBckMjJcne00noHcKyt44L41lA9hKavMK5dx12138MCnVvQLfwHSKL15MV6g21/P4cS7HHlU3L2BB+5dx8r+4S9ARik3XJUGdHHwUOtFPCoRERERSSZL4W/SBINB3n33ICdPtiS7lDjLtjjW0QD0hrUOB2DbzM+Zy08/+g9cNX3xkMJfX9sBvln5bc6EOiJhbqxbl8j/GIBtRbbt0xUcY0RrsCP9yHZ0e9sC27Axou2+du/mTHG4+Ktlf8FlmQUXcRUkzjCwZl+f7CpEREaUGoVERETGM0chRQVQdbiLQAAYD0vTipyHy1vBN+9zk+lxAkMMXR2FlJ1roWN3SuSFr2UOGCntmpZD5jl2zZ7mAbqGVoeIiIiIjDmWZWOaVrLLmJQ2/ebX1NRUY1kWK1d+lJvX3ZrskoBIAHyyuzXejRu5DSouW8WfLfoaHve5fkPodeh0Hd998we09SSMfY4ds18XsA04YmOmB7kvcQR1bK1gu9+PrRH937s/soFrZiwf6sOVITBnX48z999xtBxMdikiIiNCAbCIiMhEZAVoOlDLq28c4vDJIN1hwOEku6CYtbesoix7kPWLupupeu11tu9vpS3aTZyak0PZ0mWsXlRAZr8PPrcd2sWWyoP4j0cDNbeb/JLZrL5uGaXZTiBIzW/+jU2HnJTf/XluLxl4ynDtZr7zQjPMXcVDGwYZIxzcxy9//AZ+dzGf/cYavPEaTNpqd7BpVz2NrZHzu9LSKJi7mLvWlJLd/xVO6y4eedxHy9xVPHRbPoerKtmy+wRNZ0xKP/FF7omdOtxKzbYdbI1dA5eT/NkLue2m8uGt/Ro7H/Q9/rlcyHMGdLxfxfOv7os/D65pOZRfV8H6s4Wh/i08+Ewjuas2cP/iANv/63W213cRthL3zQIrELlOrzfS1NX3WhT2uRitbH/8Oba2elh7791U5AxynuVQ8/J2thxopyN4rmPFpJHpGcI1G45gT+Tn1OEc9gvgw0cjIXRurj5hISIiIjIeWaaNrQbgpHC5pmBZkRTz0KF3k1xNLxubrlB3/OfC5XBxz9y7+MzsTw5pvV+Atp52/uqN/0NLV0sk/B1sGd5oZy9G38bf2FBnAzu+b6xj2E7YNtYxbCQcr+Ky6/j83M8M6/HK+dlT87FmVygAFpEJQwGwiIjIeGY1cKQRIA1PLDAL1rP58W3sCRAJZYsKyUuHUPtJ/Efr2PR4M21fTAjqALr9bHxsB76uSAhY6k1nSrCTI/Wt7HlpC3veLOW+e1eQH928ZefTPLIjEAnySiLH7zrZyOEDPjYeOETphju5Z24a8+fmselQM/sP1HF7yax+xQfZf6A58qW/Dp/lpbRfyBz21+O3IHPhvN7w12pmz3/+ns3vB8GVRpF3OtnuHprrmjny1i5+dKCO2z+/nvJpg12vVrY/tYOtJyLXJtPjZIplAs4+1wB39Lh0cuRwNY891szac3WXXqwLec5IeB6A1Jl5zJ+eQtfJRqqe/y1H2krJPtc5O/1s/FcfflcO3tLp0H4S/9FW9jy/mW73eubXbmaj3yS3uJCy9B4a/c00HajmsTaT+/9k2eDrUp/lPJt+5qMmlEZRcSGz3AnHer+dL3x9DSUfwqIk3Qfq8QOU5DPIZxHOqsO3haffNmGal1WzR6k4ERERERlVWvs3eQoKLo1/feLEcTo7z5CePoQ1XkaZbVsEbQsMSHG6+aulf8HVM5ZF1+A9v9PB03zltW/S2hn5sGhsrwFBcEKLr+FI6OiNth7HxkXHbrITvujTCRzd5uoZ5Xyr7D4cWtlxVJizKnC9+RSEu5NdiojIRVMALCIiMl5ZAWqef52qbkidO4cyd/R2dzHzr5pFweXllBX0XdO027eFHz7fyNYdfioSOm6bdu3F1wW5167n/lV5CXuYtNVu49m2y+PhL8F9bNkZgNQC7vrqOsoSOzjP1LN9s5/skjQAXKVzKH2xGZ+/Hv9NsxI6eIHgQWoOAQ7AamSvL0jpAnfiBtGAOI3FC3rXNWrZtZ3N7wdJnb2M+z6xkOyEruCmHb/l0Z3NPPv0LoruXTEwpPT72JpRwO1fXEN5buK5uqh6PhL+5i9dw+dWF/d2PFsB/C9t5pdvDWMEcHY5X/n6gkhHbsoQtr+A54zGHfxyRwDS8rj9szdTntAhHD7xBk/+eh++c5yypcqH69p1PLiqIH6+2LlqnvktNSkF3HXfOspi781Yjbz02BYqT/iorF/G7cVDuhK0vOUj4F3BA7eVJlzTZrY/tZmtJ+qprA1Sssh9zmNctG5rlvcjAAAgAElEQVQ/z7wa+Vlaec3Cc7wADuB/bRc1ASDYSWNDKy1d4MqZxWfvWUWh3mMRERERGXdM08ayFAAny8wZM+Nf27ZNY1MTs2cl/5OVpm1iWhaZ7kz+qvxbLMkrH/K+HwQ/4C93f4eTXaciI52jIa6REP4aRG5P7AC2rYTviW0bPQB9w9/497YROTCwJO9Kvn3Vn5PqHNZ8KhkGq2g5ZskqnP5Xkl2KiMhF09tYIiIiY9mZBra88DKb+v3Z+O8beegfnmbTgSBkF3P3Td4+oVbJigrK+wWJAKmlsyLdj8dO0JBwe9vpLsDNnFl5/fZwkr3gRr6wqjeAJdBBmwUUXMb8/r93ZhRT8akbe8Noh5clC5zQ3cD++r6bhqMdmd5rS8kH/AcO9l2bNXiQmsNAzhWUz4jeZvl5ZWcAHHmsuzUx/I3Umr/qRm6aCbQepPIwg/BQ8al1/cJfoLU6sv00L7clhr8ADg/emypYOZyRxA43qRkeMjM8pA7x43bDfc58b/hpA7yr1/YJfwFcM5bx2dX9n8t+PF5uSwh/AVLnXh45lwXeNWt6w18ARwHlC9IAk8am9qE9KAB3MXcnhr8Ajjwqlkd+pvxHGgbfb8R04XtpD74uSF2wnLUF59o2SKO/gZraBmr8kfAXhxPPtBR9alJERERknLLU/TtibNuOj3MeqhkzZmIktMQeOzbar/+HxrQtslOn8nfLHhxW+Bu2wvzz/ic50HYIbDse2hrRP33C2z5znBNEt7OtyCjqxNCXAbtE0uNr8q/m75Y9SMaU5HdPT3RWyapklyAiMiIUAIuIiIxl3QH8tdFAKuGP72gXTMuhbM0aHrh3Dd7hfgA40EEg4duiS7OAIHtfr6YtfLadorLzKEoF6t9h6/uB82wM3rmFpGKy/0BdYgFUvd0MjgKWrJhH2UzgcD37g71bhA9Exj/nL57X28l7pIHDFlBc3LfzOC6LxQuzAJP9/vqBd2cXUjbI7OKO+kZagEzvrMG7PB0FeK8Y2jpQo6bPc1bPwXqAPObPTRt089RZBRSd63iXzqCw/22OGRTkAHgounSQrlxHJAYNW+aQy6a4sG/nd0xuVmREdXgYxxq2Lnwv/IaNB4Iwo5Sv3DzrPEFuDhX3fpGHHoj8+c43N/CFa7MI1ft48l+34NMUMBEREZFxxbZtjX8eAbZtc6rtFE8++Tiv76oc1r6pqal9xkAfP358pMu7ICnOFH587d+zKGf+sPb7N/+vePnItvib6rZN77jmwcY/J/74GQm303dbI2Hsc+LGToeLj5fczHeW/iVu5yhPThIAzCtWYWcN+G1ZRGTcUTODiIjIWJZTyv2DjTI+n3Arh9/yUbm/nsaASceZc4dsmeWrWF/3ezYfquJHP6wi1ZNF0ewCyhbOY/7MLFx9ujdnse62Bo48U0flr56m0u0mN286c+bMo2xhIfmp/YLSknks8dRTWevHd9OsyDq/AT97j0LqIi+ljiw6Fmbx0ivN1PiDlC1wA0FqDjQDWZTNzeo9VjBIN5A6dWCnbPyxeNKBdrq7gwPvPMtH37q6I9fnkqyzt/l6POnA+QPvCzas5yxIVzeQmk722d4DyPCQecHFeMg75wLCI8Ax+i9EW3ZuZmNtEDIKuefTK8gd5kcfXak5lFy7gW96NvPQi40884c6Sm/uv5a1iIiIiIxVpmlj2wqAL9av/3Mj+/fvw7Is2k+3s/Lajw5r/7lz53Hs2FEAmpoaR6PEYZvimEJOas6w9vnvptf5tf+3QLQv10gY82wkBLp2bxhs272joe34jn27heM3OwxsK5IC20CKK5Ufrvguc7Pn4DDUx/VhsbMvxyy+Flf1r5NdiojIRVEALCIiMtF0+9n4WGQ9WxxOMjM8eBd4iPSJdnKktpW2/vs48lj+qT+mvKWe3bXv4Dt0gsNv+fC/5WNTRg433b2elTN6g93Ukgru/2Y5Df5aqmsb2X+0kcqjjVRug9wrK/jiDbMSRv4WUFaaRuWeRqoPQakXOg7U04ST8rmRMC1zoRfvK2/g9x0kvGAhruBB9h8GLitm8XBGL1+kUHA0u1HP4UKeM4CgyfkatierlqrneGxHANIKuOfeGym9iGWyUucW432xGX9DMy3MGv4HMkREREQkKTT+eWRcvXwFtbVvA9DaepKdr+/g2muGPia3pGQ227ZF1lQ9ebKFnp4eUlJSRqXW0XLsTBM/fOuRAdOQYqHvgPV9Y3+MhEbghFC4TxhsR5b6tSwbwzCYd8lH2FB8C8tnLsMz5cI/1isXziq+BhQAi8g4pwBYRERkgml7qzqy3ql3Bd/c0G/tVfxsrN0xeJgIuHKLWbm6mJWrAStIi287v3yxgZd+tZ28b6zpO8rX5aGwdAWFpbAeCAfqqXxhB1vf2s5Tl+Rw39Lezt380kKy9/jx+fzgzaN6fzt4vCwpiW7gnkPZ7DfwH6qnJriQOfv8kfWBFy/s28XqdpMKdH8QIMzgL2Q6Ap0ApKYOfTxWWrRrOdDZCWQNuk0getzRMPznzE1aKtDdQyAIDPZQzwToGLWKx7Zu/xYee6WV7rQc1t+z7qLCXwDc0TWAuzoJgAJgERERkXHAsmwsSwHwSCgsLCInZzonT7YA8Npr21m29GqmTJkypP2zpk3DMBzYtoVlWdQdPkTpvOGNXk6mjlAHf7/3+5wJnuV3wsF+zGLdwQwS+vbbxuV0MTM9jyV5V1JRsJI52XNwO4Z2bWV0WMXXYuXOwdFyMNmliIhcMM2OEBERmWBaWiNjiou8c/oFiUAgcNbwdwCHm9wFN7J2NtDdSuN5dnR5iqlYO5tsoOlYc987Z5RSngP4D1LT+A5VxyG7dFbCGrRu5s/NA5qp2tfI/nfawZFHmbdfsllUSIkDqO+7XnCvLg7WtQNO5nuLh/pIySwuIBfo8NfRYA2ygdXA/rrR6w4e/nNWzJxigGb2H+ga9Jjd7zZwZGTLHBe6j+7gieca6XZ4WHvPBpYPIa1teb+Bcy7v23gici2nZ5E3MmWKiIiIyCizLBtNfx4ZLpeLO++4G4cj8stKR0eA6pq3hrx/enoGDkfv6rZ+//gK1Z55bzMH2+p6RzwnjnyOBbv9xkHHA1967zdifxsGKc5U8jNmsv6KG/iHa7/Hz6//GV9f+FUW5ixQ+DsG2OnZWJdfnewyREQuigJgERGRCaYgP9LB6q+upi0xzAw3svU31TQNso//1S1srw8MHCccbuDICQBnpOMUIFDFphd8tAwSwHYcO0kbg3Xf5rBkcRZYzWzd/B4tpDG/tKDPFq7SOZQ64Mgb26k8CnjnUNb/MA4vN1zrAauZzc/v6/v4MGmr3sqWw0DOHFaWMHQ55VTMBk77eep5Hx2Jx7UC1Dy/nT3DWf7XCtJ9JkDHmQDdQ5jRfCHPWekKL9mA/6XNbD3RN5wOn9jFEy+3DqPgCaJlF09s9NOEh5X3rKdiKK26gSqe/c+Xefjxl6kZ7Ie6u4GXfu+nA/AuKr2IdZVFRERE5MOk8c8jq6joci67rPcjvL/73TN0dg5tSlJKSgq5ub0fpTx6tGHE6xstB9v9bDy4qfeGWJALWAnr+do2OBLuMxK+JrKsL6nuNK6/bCXfu/qv2Xjjv/KL63/GN8u+zvxL5mmN3zHIunx5sksQEbkoGgEtIiIywWReuYq1b29m69FqfvTjOrzeLNI6Axw80g6zCyg50cjhxB2CdeyvbaRqz9NsdbvJzZtOQZYTovt0hyFz0WLKMyKbtx2oZ39tOzW1u0j1ZFF0uYc0TNoaTnDktAmuLCqWDuy+zZxbTP62aprauiCnlPIZ/TZweFmy4HV8b3fRhpPyRd5BH1/uigrWH/k9mw+9wY/+YR9FJdPJdvfQXNdMUxeQlsftd68Y5pheN2W3rsL/+A5qDuzi4cPVFBVPJ5tOjtS30uYsYG15gK1VQ0yB26p47HEfLUDpJ77IPYM/lLhhP2cAM1bx2euaefS1drb//BfsnpnHnOkpdJ1s5PBxk9xVpZTu8OEb1nUYGzoO7WBLvLPZpPkMQCf7X32ZltgHETzFrLvO2xvIBuvYtNFHkwWunDQC1TvYVH2WEyTumzGL5QvqePbtBjY98W88m5ZGQeF0st0Qaj+Jv7GLsAWZC1Zx96K0UXvMIiIiIjJyNP55dKyuWMNTv3wSAMuyeHtfDVcvXzGkfa9cfBVbXvovADo6OrDtyHq3AN3d3aSmXuy6LSPPsi0e3fcEITMUWa43+iMVX9M3kWFEb7PJnJLOjPRcijxFLLyklMs9heSm5TI9NYcpjikKe8cJq3A51vSP4Dj5brJLERG5IAqARUREJhpHHhV/vIHsbTvYur8Vf20A3Gl4V6zhEyuCPH+gse/27lncfl8eV79dxeY3G2hsbKTlaOSu1Jwclq9YxboFOfEXDdlL7+DB2X4qX9vH7vfb8de2R4/jJn/uQtbdUE5JxiB1eRZydUk1zx6G/MXzBg1ovXMLSX27nu7UQuafbYKzI4/ln74Hb+0ONu2qp9EfGXXsSkuj6MrF3LWmlOwLeYWT6uWuP83BG71uR/wNHHE5yZ+9mC/cUI6n+mm2XsBhh2S4z1lU7oo7+FZBFc+/ug//8WZqjoNrWg7lt65i3YJWnt4xWgWPrq4TTdTU9g/bTZoONfR2Q+d4qLiO3gA40ExjNDMOtzZTc64G6MR9HVmU3Xw381c1ULO3mt2+1vjPFC4nmXkFrFy9kpWXe0bq4YmIiIjIKNP459ExZ85cvB/x4n/XD8C2bS+zcMEiMjIG+wWwr7Kyxbz0+xexbZszZzrYtft1Go8d5eixo7S0NPOlL36FK64Yzhin0ffikVfwnToQ/942wGU4SXGlku5KIzslixlpuWSnZlGQPpNL0i5htucKpqVMY6rbg8NwJrF6uVh2ejZW4VIFwCIybhm2rZdDIiIyOZ1oaU92CSIiIiJyEWbkZiW7BBEZg4JBEzOstzxHw6G6d3nyycfj369evYYb1n5sSPs+9PffOevY6PKrlnLHHXeNSI0joccM8uCb38VhuchJz2KWp4giTxHT3FnMTM8lY0omBoa6eSc4Z+1zuJ//X8kuQ0QEgOpPvTas7dUBLCIiIiIiIiIiIhOCbWv936FoazuFZdvkXJIzrP1mlczm0ksv5dixYwC8+eaeIQfAU6dOGzQAdjqd9AS7h1XHaEtxuvn+8u/iMAwSVvOVScYqXIKdOQOj40SySxERGTYFwCIiIiIiIiIiIjIhaPzz+bW1neLRn/7/hMNhlixZxq233DbkfQ3D4PYNd/LTn/0TlmXR0dHBlpf+i3U33QLAwYPvsGPHa3z2s1/A7Xb32TfnkhxOnTpFcXExXu8c8mcWMC0ri6meqbhcY+9t6mF399rR1YF72iDUAaFucE7BdnswUrLAiD5GQ4HyeGFPuwzrsqtwHtiS7FJERIZt7P2XVUREREREREREROQCWJbS33NpamrkiSf/Jd6J+/rrldTVHWL9+o9TckUJQ+l2nTkzn4L8Ao4eOwpAVdVeii8v5vVdO6mrOwTA5hd+xx2f6DvS+ROfuBO3OwWncwKsjWv2wJmT2E1vY7ccxGp+D/vUYaxAACP4AbZlYdgWNmA4p2A7UzHS0nBkzYRpRTguyYdpxThmzoaMfEjVkgZjlXXplQqARWRc0hrAIiIyaWkNYBEREZHxTWsAi0h/Pd2mQuBz2PaHrWzb9vKg91VUXM+qldeRlpZ23uO0tZ3iH/7x/8M0zQH3GYbBtGlZ3Pe1b5CRkXHRNY8Jtgk9H2Cfqsd+bwdm7StYJw6DZWPHMnMbMCIRuo0d/duI3w6x+xK2x8YxdRqOyxbjmHM9xqVXYnhmgDsTtL7wmOBo2EvKv92d7DJERIa9BrACYBERmbQUAIuIiIiMbwqARSSRZdn0dA8MJKVXMBjk/zz8ED093RiGQVHR5bz/fn38fo/Hw5e+9FVyp+ee91hPPPkv8Y7fmClT3Gz4+O0sXnwVxkQYdRzuxj72BvabTxI69Bb0hAEL2zbO3SxtRyY9271xLwYGg70RnxgKG4YBqWlMWfhRnMu+hJ09BxwToGN6PLPCpPx8A44TvmRXIiKTnAJgERGRIVIALCIiIjK+KQAWkUThsEUoaCW7jDHvRPMJHn30EcLhMDNnzmTN9Tfy9NO/IhQOAeB0OilbVMZtt92O251y1uMcPdbAz372E2zbxu12c9v6DcybN39IHcRjWvcprANbsGpfxjpxGOtMW+84Z+KNuxGDhMCJN9ln6/7lLLfZdu8awU4njmn5OEuW4Fz+OZg+5+Iel1ywKS9+G1f1r5Ndhvxf9u48Tq66zPf453dOVVcv6W6y0EmAJCSBkICBJASCEERkT1C4KjggGFFwmXF0BkVn7ijD6DjqVeeKd9wQFDdQGBBEIAQQGRAIYAjp7Ctk6yydpLuT9FZV53f/qDqnzqmuXtOdSqe/79cr6ao6p079Th1CL99+nkdkiFMALCIi0kMKgEVEREQGNwXAIhKWbPdIpRQAd8day2N/fJRXXnkJgJkzz+TdF1zIo48+zMZNG4P9jj22hisun8fUqad2eqwnFz5ORXkF55xzLiUlJX1cUBpa9sHedXh766BhI/ZAA7Y9CR6ZlLQkhlNeha0ej1M1EjNiElQcCyVVucC0v6TboH4l3u63sbvXYOs3YXdvwh6sx7a0grUFK3m7kh/0FgqDgUi76Mjz43GcCbOInT4fc/JFUDq8lyuQQxF7437iT/5LsZchIkOcAmAREZEeUgAsIiIiMrgpABaRMM3/7Z3v3fkddu3aheM4fHTBx5k8+SSefvopXnjx+WC2rzGGs886h0suuYzy8vL+e/F0G7ZpO3bzK3grFuFtWYptbsOaXJ4bqbgll4taz4IFp3o47tiTMSdfiDn+DEz1cVA2EpxY/60zYDEHd+Dt2YR9+yW8rWux+7ZhD+zBth3Eeuns+vzpvwTVvMG6g7bQufOxoX06qw424edaizNiLLF3fxpnyiVQWk3XvailPzh1tSR+flWxlyEiQ5wCYBERkR5SACwiIiIyuCkAFhGf5v/23saN67n7nruC+1/64v/G8yzf/c9v4XkdK6k/+cm/Y8L4CYf2ol4KtrxA+smvkdqxA5vXHtlkE8+gzbIBEwpV/TA0uEN2tq61GAfcE9+Be86HMRMvgXg/BtadSbdBwwa89S+QXvUEXt0mbEsS45q8it/wWXSsBvYfyw+8w+9DIHvfSSSIX/klzKkfHKDQW3IsiXuuxNm5qtgLEZEhTAGwiIhIDykAFhERERncFACLiC+dsrS3KwDuracWPcnzzz8HwLhx42lqaqSxsRGAqqoqmpqagn1d12X+vPdyzjnn9v6F0u14S+4ltfgh7N5tYDMBczjb7BB8diOyX6i61hgDpZU4YyYRm/1BzMmXQnxY79fcW14K2hqxjduwdStIr3kG+/abeK3NHULcSNBNgZCbAmFw/jxha8E4OKNOIP7umzGnfRBVAw+cksduw619qNjLEJEhTAGwiIhIDykAFhERERncFACLiE/zf/umufkgd37/P9m/f3/wmDGGCy64kPdceBGvv/4aTy16kra2NmbNms3VV72fWKwX1abpNuyahaRevIv0jk2RZDda4dpx+G2h9s9QOBzuqorWjByDe9rluKdfBSNOBuP0fP2HwnrQug+7eTHeppdJb3gZu2cHWK9H838LVQN3CIf9KmnHwZ1yDu4Ff4cZPaP/5yILsVfvIf7M14u9DBEZwhQAi4iI9JACYBEREZHBTQGwiPja2tJ4af2Ysy+2bd/Kj3/8g2Du77hx4/nkJ/4Wx8kEpfv37+fppxdy1VXvx3XdHh/X7ttA+rnvkV72DBgTrfbNTzOhQ+VvZxWwnYah0VcnPzY2jkts1nyc2QswNaeA6fm59Aubxu5YivfX3+Ft/Cvphp1g08E6e1L53FkL6eB9Mg7xd38M56yPQtmI/lz9kOds+guJ+28s9jJEZAhTACwiItJDCoBFREREBjcFwCICmWCwrTWFfsrZd7+571esWFELQGlpGV+87Z8oLS3r28Gsxa55nPaH/wXak9hse2OTX6abvR0uVu1YBxxtfZzZP/OADT2/QJ5caFnZfQ3xGe/CvfybkKju2zkeKpuGrS+RevLrpOu2ALZHVcHdPk6mmNoZMZr4jXfB8JP7a8VDnjlYT+Knl2Ga9xV7KSIyRPU2AD5M/S5ERERERERERERE+p+1VuHvIfrQtddx7LE1ALS2tvCrX92L5/WhpXZbI6k/fJ62B/4Jm0xiDWAy4a8JlfPmt3S2gJd3P2Ci960f/ob2j96Istnn5IJiS3Lp87TfeSne/3wbUq29P89DZVwYdz6xmx+j5FMPEJs9P9KZ2vh/QtXR4Y/+e5i5nz1xmw3BDaT37aTtx9diX/oeeMmBPpshwVaMwo6aUuxliIj0mAJgERERERERERERGbQ8T+nvoYrFYlxxxXxMNnHc9NYm1q1b06tj2L0bSd3/CVJvLMTYvPA4r2LVhsJgX6EfVNvs3+HgMyxSPWwihcJ5eXCuwjaoFm7ZT/tzPyf5yw9jNz1PUX6LwIljRp+GO++bJD7938TPfC8mUVpg/RnhJeZu5lJiG9pi29toe/ouUo9+Hg7uGqATGFq8UScVewkiIj2mAFhEREREREREREQGrfysUfpm6inTOPvsOUBmDvCECRN7+EwLO98k+ZubSL1dG2nJ7G83JtuCObt7hyCXcKBp87ZlDmhsx802HA7b0Af/dmjfDq2lsx/TW1bR/pvP4L38A2jf3+3ZDgjjwqhTced/k8TH7sU9aQ4mO2850to6dBKdzwyOnmn6zWdo/83NsGftQKx8SLEjJxd7CSIiPaYAWEREhiyT/92fiIiIiAwa+lpORHye+j/3m0svuYKxY8byiVs+TWlpac+etH0JrT+5AW/v7kgomQl8s02Xg1m/NpdcFqxmzQa+dCzItYRC4Nwjmdre0CxgyHstOs4H7nDsVJrk0z8kde+HsQd39uy8B4IxUHM68Q//jMTHfw4VVUGgHcw8Jhz+2mjcm3defotor2497T+9DhreGugzOKp5IycVewkiIj2mAFhERIYso58aioiIiAxa+lpORHyqAO4/ZWVl/N3ffQ43W33aHbvmSdp/cTN4KcJtloFcyarN/dKO9YPf/ArgQhl+6MFwcGuCANmvDDaR8Df3nHANMrkQNXtsk/cMC6Tq1pG6+1qoe6Or0z4MDIydTeJvHyd+3t9gHP99zHuPI321yZsN7L9NmXteWwvtd12D3fzK4TiBo5IdMQmcWLGXISLSI8Za/YqciIgMTXv27SeVShd7GSIiIiLSB7GYy8jhlcVehogUmfUsra36vq4Y7IanST78ZWxz122Tw+N+/QDXFgiBw4xjMCOOwxlzClSPx6keAWXVEK8EpwJjD2KTzdC8D+9AAzTVYXdvxDbuwO5vCOYBR6p+w+vo5txM2TBKrv4K5uQri99ywqax6xbR/vi/Y5v2hR4nCHzzz9PkfSS03VQOJ37NdzDj3nk4Vn/UKf3JJZg9G4q9DBEZgpb+zfO92l+/riIiIkOW6zoKgEVEREQGKddVUzMRAU+lLUVhdy4l+fvb8Zr3F67oNQZrbTDzN8hQ/Upd0zGINcZgRpxAbOp5ODOugeGTwE10ugb/kJHPBq37YO8avPUvkX77DezuDdiDjdi0LVglnH+sIDRtOUD7b79EybVgTpkPpoifc4yLmXIFieNnkXrkS6Q2vJYbqNxZCJztl+03iA5v9/bvI/XQl4jf8GMYderhP59Bzhs+HlcBsIgMAqoAFhGRIevAwVYONrcWexkiIiIi0gcV5aUMq+jhfEoROWqlUh7JdvWADvM8D8cZwMDywA5a/998THtL8FB0hm/eY+EW0OQFv36AmSijZP4XMe+4pn/DVuvBxqdJ/fmHpHa8Balkx3VaG4wVyFXLWqw1GGMouf7/YE6e339rOkTpp75C6pWHsdkQOPN+5uLfTKV1OHUvXCXsDBtByd89AaVVh3X9g1180R3EXv9lsZchIkNQbyuA9euyIiIyZMXjPZtpJCIiIiJHHn0tJyKg+b/5PM/jv35wJ7/+zS/ZXb+7/1+gZQ/JX380CH8t/lzfXARsQ3+HxgB3CIkNgGOIn3Ulic8+hZl+bf9X2hoHJl9G7GMPU/r3j1My71ac4SPB2mBNxhgsNnwKWL+HNB7Jh/8VW7ekf9d1CNyLbyd+1b8EqW7wTmfXn6n+zU1ADgfu4evgHdhL6v6PQnvXLbwlylafUOwliIj0iAJgEREZsuIxTUIQERERGaz0tZyIQLbSUQKtra3s2FHHypXLufPO77J8+bL+O7iXIv3MN0nv2BwNdA3k4sYMv/VwZ5XBFjClZZRcdTvu5f8B5aNCewwA40LVCThn3UzJLY9QcvXtOKPHh8LRvJ7UwVIMXmszyQc+D80DEKj3hRvHOeNvSFz3HZzSsiB89wt+w9XW4Y+FpDavJv3yj7vZS8Js9fHFXoKISI8oABYRkSHLcQzxuH5wKCIiIjLYxOMxHGcAgwIRGTSU/0bFYjFqakYDmWrgE04Y32/H9pb+mtQbT4Q7C+eYgjcJB4vZsbSZltDlVcRvuAvnjA+Bc5i/Ly8biTPjOkpu/j3xKz6HM/y43DqNX51sInmw17CT1GO3QeoIGSNlHMyUKyj54Ncw5ZVAdiywzYtyu/n3YYDUC7/Ebnh2oFZ61LFVxxV7CSIiPaIAWEREhrRESbzYSxARERGRXtLXcCLiUwVwjrWWn/zkByQSieCxNWtW9cuxzcHdJJ/5AdbaDqG7P3PWQKglsb+o3FxaYzN3TeVwEn/7B8zxZ/bL2vosVoZz9icp+dvHiL/zgxiTGS2Q6Whts3N1AQzWQmrVq3ir/1i05XZk4KR5JD7wbzixeKaNdadBfOeP23Sa5JP/AanmgVroUcVWje3/VuUiIgNA/0Vsje8AACAASURBVKcSEZEhrTShHx6KiIiIDDb6Gk5EIFPxqPw3Z936tdTtqGPLls3BY08ufJw/P/8n0ul03w+cbKH9vo9hmw9m7pvch6BK1pjsxwLBY/YiWZOp/E3c+FOoqOn7evpbrAz3kn8j8anf4o6dlC1VBkJNq032ZFOL/hMObCvaUguadDnx//U1HJzcbOW8VtYGC55/t+M/GrtnB+knvqyh2j1gh9VgK0cXexkiIt1SACwiIkOa6zok9ANEERERkUEjkYjjuvpxhoio+jfftq1bMHn9mdvb21m0aCHf/vY3ePQPv2fHjrpeHtXiLfstXt3GaJtnk5vl2/EZkRG6wVBa47qUXH0H1JzayzUcBsaBmtOI3/gr4u+6EWMMJnR2QRTc1ED65XuKs8bOGIOZdiXxyz4NxgmC+PC1sZggCbChCxneJ137J9jZjzOjj2K24thiL0FEpFvuHXfccUexFyEiIlJMjnFobWsv9jJEREREpAeqhpUrABYRADwP0mmFwL6JEycxc8YsPGtpbm6mpaUl2NbW3sa2bVt59bXFbNu2jbLyMiorq3Bdt+uD7llP++9uhW4riHOxb3h2bvh+yWWfwzn9WjpvTnwEiJfhnHge7tgJeBsXY5OZnxWEA227dzOxmVdDvLxoy+zAGMzxM2HnMrzdW7KPRd/p8HXJVAnb7C8MZK6d9VJQ91ec098Prn5Rvivu+mdx9m4q9jJEZIjZ8Y6berW/vmMSEZEhr6QkpjlyIiIiIoNAoiROSUms2MsQkSOFKoA7GDFiJO9779V84fNf4oYPL2D48OE4Tu5HwNZaVq9eyb333sO6dWu7OZpH+i8/wLYn8+b65oJFv0rWYHKtnkP7+PFi7MRpOLMXcESHvz7jYE55LyWffABn+BggLzg90ET6tZ8Wa3Wdc+LEPnAn7rHjCr7NQURvbdC2O8ME0X1q69vYTc8fluUOauUji70CEZFuKQAWEREBKsoTxV6CiIiIiHRDX7OJSJjy366deupp3PqPX+Qf/uELzDhjZqQ9tOu6nHzyyV0+3255ldSbzwY/QY5Uwfr72HBf6OCZkX2cypHE/ubn4A6y/4dXTSD+sftwJ+S1rDaQfvNZ8JLFWVdXYuXE5v/vTEVw9qFwWJ8JgU3BymAD4EDqzz+CVAvSOVs+othLEBHplgJgERERIB6PUV42yL4ZFRERERlCyssSxOOq/hWRHOW/3XNdl1EjR3Httdfxhc9/iSsun88xxwzn8svnU1LS1ffAHqnnf4T10hgLxuZVwfq3s3dCdcDBx0ygaIi95xZIVPXviR0mZtgYYh/4f7gnngaEgu+mejjQ23nKh4eZcD7xcz4ENjenORPyZq6OjQT4uYpt/2O6bj127cIirHzwsOXDi70EEZFuKQAWERHJGlZRqnlyIiIiIkcg13UYVlFa7GWIyBFGFcC9M3z4CM4//wJu+8I/8c5zzu165x3L8N5+E8iFiP6d3LTfcAgfbf/sP8edOAvnjBv66xSKwlSOJX7Nj3BHT8qdd6odu/bxoq6rU8bBPecmTHlZgesUkj+omWygbyH9+gOdPUsAW3pMsZcgItIt/ZRbREQkyxhD1bDyYi9DRERERPJUDSuPtC4VEQGUAPeRMSYyF7gDL0V64VexybZc++BQP+GOrYX9tsI2t2/20rhzbwFzFPwIunwU8Zt+gzmmJhOAG0jVPg/WK/bKCqsaR8mln8kv0Q7dzg1yDqq1/SpgA+ktK7C7Vxy+9Q42pYOzol1Ehpaj4LOviIhI/ykpiVE5rKzYyxARERGRrMphZZSUqPWziHSk+DenpaWF5cuXsXjxy6xdu4b29va+H6xpK6mtG4BwRW/03Q5XBee2mGCeLMYSP/0SzIS5fV/HkSZRTcm138WUJLAWvN1roa2p2Kvq3LQPQFl15nb+0F+/XXeoHbQf3BvAppKkn/u+fsmiEzZRWewliIh0S99BiYiI5CkvS5BOezS3tBV7KSIiIiJDWnlZgvKyrmZUisiQpmyK5uaDPPTwg6xdu4Z0Oh087jgOo0ePYdrUU7nggguJx+M9PKLFe+N+SCdDZb8E9b1+wBsq8g09M8QDZ86Co6P6N2zsmcQvv5X0C3dhK08o9mq6lqgkPusKki/cjw2qfW1uFjD+Y6G23sZirQFj8N6uhfb9g3Z+84BSACwig4ACYBERkQIqh5VhgRaFwCIiIiJFUVaWUGcWEenSUM9/rbU88sjDrFq1ssM2z/Ooq9tOXd12Xv/rqyxY8HHGjhnb/UGb60m99nD0vc3rwB/cDQ0DjoyTteCMOwkz+h09PpfBxJlxPc5pV0G8MhKSH3kM7jm3kHr9UWxLc1D5G5UJhHPtvA022+bbtuzH1r2BOfGCw7rqwcCWaHyYiBz5jrJfwRIREek/VcPKVHEiIiIiUgTlZQmqFP6KSHeGeHvabdu2snxFLQDxeJzKykqGVQwjkUhE5qY3NTXxwx9+n/37u29X7G2vxWs+mJsLm+W/1Tb0BxN9/4PnuC7xy/8F3JI+n9sRzbhQUnWEh78ZtmIM5vhcEB+u+vXv5V9nE9z2SP/lJ+ClkTxxBcAicuRTBbCIiEgXKoeV4boO+w+0FHspIiIiIkNCpX4JT0SkR+rqtgNgjOGmj97MuHHjsdbS3t5OY2MDz/7paVauXAFAOp1myRtLuOBd7+7ymHbdc9G5sPhhb+aGMbmaUeuXimJDt8GpHAnHndn/Jyx94kycRXr9q0DueuZHvzZ7bY1/7bP30xvfJNayGyrGHPZ1H9Fi+jpFRI58qgAWERHpRnlZguHVw3BdfdoUERERGSiu6zC8epjCXxHpsSFeAExJSeb/l9Zann76KRoa9hGLxSgvL2fs2OO44cML+NhNtwT7b9u2pesDtu8nveaF4G5kNizhglcT+QAmt81CbMrZ4Kju6EjhTH535voU+PcSDvitDe3it/ZOW+yuNYdjmYOKVQAsIoOAPhOLiIj0QElJjJHDKzlwsJVmzQUWERER6VflZQmGVZRGWpaKiEjXJk2aRCJRSltbK5ve2sj37vwup0yZyrRpp3LssTWUl5fTnmwP9o/H4l0ez+6sxWvYlakCNaG2z9kUOAiDQ6lwJFe0YGIuzpnXEW0sLMVkhk/AVI2Apr2Z++QuoY0k/P6HTI23JRP6e28txp2oOcARbtf/lkREjgQKgEVERHrIGEPlsDJKE3EONrfR1p4s9pJEREREBrVESZyK8gTxuH48ISLSW5WVVbzvvVfx3w89gLWWdDrNylUrWLlqRcH9J08+qcvjeeteArLhYKga1JhoCBzOdsPtgi1gqsdAzemHdF7SzxLVmOHHY5v24pEJeE024MXkAt+AzfX7toC36RXcd6czs48lQxXuIjIIqJeliIhIL8XjMY6prmB49TASCf3Wp4iIiEhvJRJxhlcP45jqCoW/IiKHYMaMWSz4yE3E411/bzpy5EimTz+jy328ulXZVs42MgM4eiNa9Wuyf/n3nRNOV1B4BHJGTwL8y+j3d/a3hi5gNvg3xgSX3O7aiG3ec5hWOkgYxSoicuTTd1kiIiJ9VFISo6QkRjrt0dqWpK09STKZKvayRERERI5I8XiMREmc0kQc19UPTkVE+oMxhilTpnLrrV9k7ZrV1C5fxqZNG0mn0wAkEqXMnn0WF777oq5DYi8J+/wZwSYIeXs1ZtmAM256305EBlbliZFrmav+JWj1HNQCm0iXb7y2dti9CipqDuuSRUTk0CgAFhEROUSu61BRnqCiPIHnWZKpFMlkmlQ6TTrt4Xke1tpgfpKIiIjI0cqYTBjhOA6u6xBzXeJxl3gshuNoHqSIyECprqrmrLPmcNZZc7DW0tTUiLWWqqpqHKcHv3TT3oS3P1vlabM1wCZUKRruEJy932H+rwFT03WbaSkOk0hE7we3chfXWg+Tbfucv9nbvQn3RM0BDliv2CsQEemWAmAREZF+5DiGREmcRIlaQ4uIiIiIiMjhZ4yhuvqY3j1p13JItmKDeb6hMlDj38jMjiXv93kM2bGxxsGMmtYfpyD9zJRVElzcLJu9wLkg3xSoEs72hN6z7vAtdjDw1P1NRI586rkkIiIiIiIiIiIiMoR59ZvAy7X/JVTlC7nZsblRsTbIh73sg05VJbiqNzoixUoITwC22TDfkM2FIRLs5667wRiD11B/WJd7xEsni70CEZFuKQAWERERERERERGRQceos3w/sVD3BtaEZ/7a0N8mb28bPGKBoMN/WSXEoq2G5QgRK8nE97ZAtW/kuoeutiU3yqpp62FZ5mBhUm3FXoKISLf0K1kiIiIiIiIiIiIiR6h77rmL/QeaqDl2NNdddwPGGDZvfptUKkV5eTljxow9tBew4O3dFczxtdlWwUFrYJtt8Uy4hpRICAxgSivB0TikI5JxoUD77kLBbxD9m9wWb38jHYZBD2UKgEVkEFAALCIiIiIiIiIiIoNPJq0s9ioG3IaN6wFoamrKhLPAQw8/yO7du5h6yjQ+8pGbDu0FDNgDBwF/TGwuCjQYrMm1DbaRNsKRQ2DdkdmgUY44XoqO/1KygW7oQ07uFwAs4KSaoW0fJEYchsUOAsnmYq9ARKRbCoBFRERERERERERk0MkPIY9WjuPgeR6tra389nf3cfFFl+B5aQCSqSSNjQ3dHMFQVVUVCnbzWA9sS27+Lx1bP9vQjaBKOFRRagGT3gM2rRD4SOSlgmsHucpuY3LV3eEKX3+2s5P9b8KmU5jmeqwCYABMuwJgETnyKQAWERERERERERGRwWeIdKOdfeZZvPraYgCWL1/G8uXLgm0bNqznW//nP7p8fklJCbd94Z+pqKgovIO1WM9Gw99QvpvJenMPZO6H3nw/WGw/mAkaXQXARxrb3pwN+DNV3QbAGGykrXO0Gtjk7mLTaWxzIwwvzvqPOG37i70CEZFuOcVegIiIiIiIiIiIiEhvDZH8l3nzrqSqqnoAX8EGrbRDY18jtyM3w298KD/0mps0G/UIZVsP5sJc/zHIhcE+YyP3g9uexbbq2vqMAmARGQQUAIuIiIiIiIiIiMjg01lL46NMSUmCz/79P3LSSVMYNqySRCIRtHN2HIeSkpJu/3T9VoVbPdsgIbSR+tD81Df7TBMKFQ8cAC/ZD2cs/a49GVRxB9fLhq9k5jqGtmKyH/3a8CEwbrvnWpuKvQIRkW6pBbSIiIiIiIiIiIgMOkMk/wWgvLycmz76cdLpNOl0mh/88PvU1+/mpJNO5vrrbuz2+fGSeBdbDcbxY14TzIQ1PaixjsySTSehaTOUjez+hOTw2reWcKTrl3iHmj9jg7TfRCqFjc3+N+G1H9YlH8lMa3dzt0VEik8BsIiIiIiIiIiIiAw6Qyj/BcAYQywWw3Vdpk2dRlPT8Rx3/PGUlJQc6oExTmZub64RtA3dzz0SbA/PCPbnAluDV78ZZ/TMQ1uP9Dtv7/bQvXDFd+gR/yKbXHvo7GXNFg8PtX9xnTPN+4q9BBGRbikAFhERERERERERkUFnqOZRxhiuuOLK/jwinikN3Y/UiYaC38hTQntmK4At2B0r4bSr+nFtcshSLdjGnUAu+g2Nbg5kwvy8NtHZPa0BnK6qyIcW07y32EsQEemWZgCLiIiIiIiIiIjI4DNUE+AB4FQOy7RyDj2WmxXbcfhr/n7+k71tKwdwldInLXuxTbvyZv7m4t1owF8oFs58MK7+vQWa9xR7BSIi3VIALCIiIiIiIiIiIoOO8t9+YsCtGRfO+sKbcm90JCA2wYzgcIBod22A9qYBXrD0ht2zGpKp7J1wm+/s39YPg22wT+7JoT1jaibqMwd2F3sJIiLdUgAsIiIiIiIiIiIig45RAtxPDHZUZm5vrtjXZlo6k7sfLQ61ucAwewwA72ADbP6fgVys9JLdugrrD2wmehltaLav6eQ3ACzgxGKYYSMOw2oHB3NQAbCIHPkUAIuIiIiIiIiIiMigY4yqgPuLGX4sxjiZWb6ZR6KBoc1V+4Y/Bs8PfUwteazAHlIsXt2KyAUKz3YulPkWYmMlUDF2oJY4qJgDuzD7dxZ7GSIi3VIALCIiIiIiIiIiIoOSqoD7hxkzA2LxaGxrbcGgsNA7Hg6G05uXQ7p9wNYqvWDT2F3rOz6MP985735ecO9fb+skID5sABc6eJimOrBesZchItItBcAiIiIiIiIiIiIyKCn/7ScllTiVw6PhrjFBtagvPO83XPUbeV7zPtj4p4FaqfSC3bcRr3Fn5Fr5Hw02U0VPqPW3NbnQn9z1docp/PWZpu3FXoKISI8oABYREREREREREZFBSRXA/cSJQ9XxoRnAOQWbOduOd41fQ2otyae+A8nm/l6l9JKtfRibTEXbPgdMEPD6QXC4RXRkFPAxEw7PggcB07it2EsQEekRBcAiIiIiIiIiIiIyKBn9dLPfODWTuxwGG2zKKwvOhYsmGxwa0vV12K2vDdRSpSfS7aRqnwsuVTjcz6/s9h8L3w7fN9UjB2KFg5Jp3FrsJYiI9Ii+RBIREREREREREZFBSRXAPeN5HvX1u7vcx0yaDZ4tWPKbXz0abSlsI/v4M4PTL98DNn1oC5c+swd2Ypt25q6biYa+4RnAoV2CjUEVsAVnxPiBXOqgYhq2FHsJIiI9ogBYREREREREREREBiVH+W+3UqkU//Vf3+NnP/tpl/s5x83EKSsFcsEfNhcIB2+1ic6IjcTANrdfet1r2M0v9ss5SO/ZFQ9hk21AXrWvJVurHZ6hbaOhvrG5Wc8OUDNpgFc7eDj7Nhd7CSIiPaIAWERERERERERERAYl4xhVAXeivb2dPz7+KF//j6+yY+cOGhob2LBxfedPGHYcZvRJueDPEAyHDQpFbS7ozW8ZnHlS6DELqT//BKzXL+cjvdC6j9TLvwvuRmYAG7DZwDe41pgg6/dD/cxti4nFYNSph3P1RyzTsBWz7+1iL0NEpEcUAIuIiIiIiIiIiMigpTnAHS1b9ib/93vf4aWX/kJbW2vw+IrltZ0/yRjcKRfkZsb6DxMND43/YCeC+bLG4G1ehl1+f19PQ/rIbnoBb39D9DH/rwLJvSVcDZy5fk72lhk5HlNeM3CLHUTM3o3gpYq9DBGRHokVewEiIiIiIiIiIiIifeUYg1docO1RLp1Os3PnTrZu3UwqlWL06DEcf/wJ1Nfv5sH//i3pdG7+biwWY+rUaVxyyWVdHtOceB6YH+baOeeFgkGI6PeItgbjZKp9w4K7nkf7n35K4pSroGTYoZ2w9IyXJPXab4OL5183k71uQQW3yewSbeed2ckG1xiccaeBW3I4z+CI5ezZWOwliIj0mAJgERERERERERERGbSGYgVwMtnOj378X+zYsSPyeFVVFa4bi4S/I0aM5JOf+DSVlVXdHtfUTMEdPoL0vr2h1s820yI4czOoArY22x7aEmknHBzLf6xhJ6k//gOx//UTMG6fz1l6xq57Cm/j0iDA9azNBr3RQNgPgcFirMneNkFQnD0aZuLcw7r+I5nZs6HYSxAR6bEh+OWRiIiIiIiIiIiIHC0cZ2jNAPY8jx/9+Acdwl+ApqYm9u3bC8CwYcO45eZP8flbvxiEv21tbaxatbLzg8crcM78YCTN9efDZu+E5HbKrwCOpsGGVO3L2HWLujs1OVRemtRffkE2m8/8Mdlb2Wvnt/LOXUsTCXytv5/NRv+jpx2u1R/xnPouZmiLiBxhVAEsIiIiIiIiIiIig5YxJlPhOES6QNfX72bnzlz4G4vFmDz5JADWrVuL53kAXHrJ5UycOImmpkZWrVrJmrVr2LhxPa7r8sXb/jeJRKLg8d3T3k/qz/dCqj03MtZv+ZxNCjOP5fWHzuPv7VcRpx7/OvERE2HU1L6fvHTJ1v4Wb+uqSEV2/kxnQo+H2z/79cE2qAwG95hjMNXjBnLJg4Y5WI+pX1vsZYiI9JgCYBERka7sX8ei3z/PI7WNJD2IV45gznvnc/2ZNcSLvTYRERERERHBGDCOwaaHRgL89ua3sNm0e/ToMXzyE39LaWkpAMuWLeW3v7sPgHXr17Ksdhnr10dDK2MMDQ37GD16TOEXqBqLUzMeb9t6v9czGJNrA03ePGAsxuRaRBtDUIEabhvtNe4l+cd/JX79PZoHPBBa95J85kdY6wUFvn6A7+f3JqgCtkFLaMjMBw7aQfvX0oB71g3gFv5FgaHG7FqDad5X7GWIiPSYWkCLiIh0pqWWH337DzxY28r406ZzzVXTmT7iIC/e9yu+8Mtamou9PhEREREREQHAMQVKUI9SZaVlwe3z514QhL+e52Gc3I97awuEv77X//pq5y/gxInNvRHrt9Y2oarfLJu953cXDkJGE60qBYISVGvAe7uW9JP/RMd6VDk0lvQzX8U7sDd7L8N0+j7n5gGb3N3gGQYwsRLM9KsHaL2Dj7N7dbGXICLSK6oAFhERKaiNxfcvYklLNVd//mbm+78Y/a5LaXzjQW7/9SLu/usUPnumfhNWRERERESk2IbSHOBJk07KVGlay7r1a0gm21nyxl+pr99NS0tLp88bM3os5557HhMnTWb4McO7fA1z8vtwh99Feu+2jr2EM5NhI9WlQatosqGwDUW8NvxcSC17Ho75Lu67/hGM25tTl054a58i9ddFkfc6G9FHRv3a8LXwq36zj+W3inaqR2PKjx34xQ8Szk4FwCIyuCgAFhERKaStlsUrYNSFl+bC36zqmRcx//mf8+CSWpJnzlYraBERERERkSIzQ6jPYWlpKVVV1TQ2NvDmm0t5882lBfdzHIcJE05k6tRpTDl5KjU1NZieVkrHErinX076uXuC+cpBQGgN1u8ZbIi0Es5szxsJHLpjAbw0yT//DFM+Amf2R4fWxRsIe9aQfuLrQdvm/CA3EvrmXf5w9W9+zu9OvwRc/cQjw2J2rSz2IkREekUBsIiISCGNjdQD4yeML7BxBKNGAHWZfcYe3pWJiIiIiIhIHscxOI7B847+1sKO4zBh/ASW1TZ02BaPl1BTU8PUU6Zx1llnU1VV3ffXOetGnNcfwDuwPxMC+xv81LDAnF9fdFZwZmNonDAAySe/S0nMxcy4USFwX7XvJ/XHfyXduKdD8BuU+EZC31z1dviaBjODrcUagykfhnP2gsNxBoOCU7ccZ+eqYi9DRKRXFACLiIgUMmokY4H6fXuBEXkb91K/Fxg9su/hb+2D3HLvZsZefiNfvaSmwA67ePxbv+KRXeP59HevYVZfX0dERERERGSIGCoBMMC8eVeyfEUtnufhOA6JRIL3vOcSzpnzTly3n9oql9cQO/ODtP/551g/OAy1DIZcoGvDYXBWrujUBPsGM4ItGGtp+8O3KEm34cz+RP+seSjxUiQf/nvSm5aF2jvb7HXIRrr518Wa6LWywcMZ2XQ+NulsKFP7Z5+zY3mxlyAi0msKgEVERApxpjHrtGe5e9FTvPiO65gbyoDrX3mKx7fA9POnFW99IiIiIiIiEjGUikirqqp59wUXMqyyklOmTKW6uhrH6X3w6wfInXFmfgjz8q+xbckg/A13kbYmNAc4b74s4W3+E/0HQsdof+oHJFr2Y877HDj6cXWPeEnST91Oeu3rHdo729yNXODubzZ5Fdkmd9FyI54tzoz3DfgpDCamrrbYSxAR6TV9RhURESkowZzrLmXJNxbxi2/8Fy+edhyjSiBZv50lb7dRfsal3HxmotiLFBERERERkSzH6eF826PExRdf1ufnep7HK6+8xF9eepHLLruC06efUXjH6nHEL/4MySe/h/WH++YFixC9DRSYNWuCGbUddkslaXvuHmL79xK76IuQ6Hvb6iEh1Ub62W+SfPVRIFNJbY0f4ppMEJ+5kxPpBm1CobDpUJkdm3g65sR3HYYTGSS8FE7dsmKvQkSk1xQAi4iIdKZsOp++fTSLH3qc+5ZsYkMK4hUjmHv9tVx/Zg3xYq9PREREREREAkNpDnBfpdNpNr21kT/84RHq63cD8NhjjzL1lGmUlJQUeIbBOf1DmBd/iW3aA2TbBdu8UuDMrqGb0bm/+dvBZoPHbINoC+lXfw+NdcTm/xtUjTv0kz0atTaQXvR1km88DmTzeJOr4I3OaSav4jo6qDnYP+8yuud+DNzSgVj9oORsW4qzc2WxlyEi0msKgEVERLoSq2HOh25izoeKvZCM5k3PcvcDy1m9K0USKK85jrlXXsY1p40I7fMiv3j0r9RuyexTPXE6CxZcyvTK7A67nuX2by2Fy6/h5orF/GLhZjYfzM4azs4mnnXDzVxY/wR3P7OdxhTEq2u48Nr3c83UiuB1Grcs5vFH32DxloM0p4BEBdMvvIybL5lIub9TcLybmLX2YX7xeiNJD6qnzuDTN1zE2B3Pcvd9y6ndm4JYBdPf+z4+O/e4yDnXv/EEdz+xjg17U+DEGDv9HG6+fg7j9VWMiIiIiIjkcVwFwJ1paNjHb+77Fdu2bY083tx8kLVr1/COd0wv/MREFfF5n6f9d1/GWi/bSjg715dIUXCoEtjfbjHGRNoQZypNDRgbHMN/KLXmFdJbr6Xk47/EjDiJDunkUNbWRPIX15Oueys72zca6IbDX7+zs83OBnZMpjW0Df3T8MPf3HWzuJXDMSeef1hOZ7Bwti8t9hJERPrEveOOO+4o9iJERESOSF4bzXu2sHrN27y1Ywfb/D97WyitKKe85BASyF0reWxpI5UnncGFkysK7HCQdX9ZxuqD1Zx12WmMBdi2iNvvXMZbzjFccMW5XDx1GM3b3+blF96i8tyZTExAcsXDfOkny9ls/X1K2bViBQv/soOJ505jdAw4uInn/rKD5r1vs2hpA4wew4yTRzF+0iRG78usK7l1Df+zcxiXXj6bOePTbF61ndo3NlI5ZyYTS4G217nrGy+wxAxnxvkzueKcsVTXb2fxkuWsjJ3EBZMqIufZuGEVq+145l85lRNad7Jy17NmRAAAIABJREFUzTaWbNrAm3/ainfGLD4wq4r6zdtZt2wd+yaezYyRmafXPXs3X35oKwcqT+B982YzZ1ySDYtreXxFkrPeeSKVBd45EREREREZ2tJpBcBh7e3t/Oa+X/LEk3+koaEhsm3UqGP56IKPMWnSZEx+RW+IGTkFtr+Gt3dbkPYabK61M+EZspl5zNEKX5sbQht8iL6eJRtUJtuwbzyMiSUxx83QXGAs9q0XaL/3o3j7doRC2/AwZnKpL7nbBn/0cnDRon9yHzBOjPj1d2JGTD4cJzVoxF69B6d+fbGXISLCjnfc1Kv9h/pnTxERkQ6S9bU88vu/8NzagyS9LnZMVDD93PO4/vLpjDoMn1HrVm6mngQXLriJ6ydmHpvzrktprN9LeSXAZh55ZBPNZeO5+UvXMKcMYAZzzqjia19dzOOvNTJ9bm6WUmNDjKs//ynmj+n4WvWxk/nqbRcx1skcYzJ3c/vCvdSuaePCsxOQmM2CL59MdXXueHPOGEny9id48c1V1F9Uw6jQ8ZrHncOdt8zOVAafUUXz7U/w4qZdVH/oU3z27ExYPGf4QW65dzO1qzbDlPHQ9joPLmyEmhl8JbSWueP+wOd+upRFay9gwZT+e39FRERERGTwcxyTCbyUAdPS0sILLzzPy6+8RFtba2RbdXU173nPJcw4YybxeA8GHBmH2MVfwNv6UbyW5uxM2QLthMkGjp4fPPqVpqZjuXCYze0C4CXbaV/0Y2LrXyV26W0wupMZxUe7tka8v/yQ5OIHsO1tQH6ltd8GOnsreG+jlcHhoD68NfyYM+5UzAlz+vsMBjXTuBVn65JiL0NEpE8UAIuIiARSbH76V3xz4V6SsWpmXXoRl848mfEjKog7od3aDlK/Yx2Ln3+dx59bxD+/8DpXf/ZG5h8/sJ9Wx06ooZx1LF64iKnvO4/pYzPrqh6Vbf9cv4nVe4HTxjM11Ujj/uwTndFMHQWLNm6GuaGWXqfNLhj+AoyfPTMbuGZfe0w10Eh9YyNQAxAJf2k7SGN7jPIKIJlpPR053qRJubbQzkhGVQIt45kzO1T9PHoEY9lMXWNj5v76zdR6MGrqeMoPNtLo73f8aCazjg1v74IpNd29bSIiIiIiMoQYk2kDnU4N3QQ4lUqxYsVynlz4R5qamiLbEiUJZs8+m0svu5x4LBf8ptNpVq9eybHH1lBTM7rwgWveQezcG0k+85NccJi9YU1eMBkOeP1w1684NZGnBjeiwWYmtkxtXIL3848RO38BzqwboCw3/uio5qVg+xskn7iD9PZNwXsWCdptdIZvfjAcFnmvwzmxzV67RDnxK+8Apwe/DDCEOFtexxzYWexliIj0iQJgERGRrLqn7+VrCxsZdeZFfP7aGZ1X9SYqGDVhBvM/MoNL65fyi58+yyPfuxc+f3OngWoHVdVUA83Nrd3uGpjyPr5yw8N8/8FafvSftQCUjxvP/Csv5dKTqqGljWaAFS/yhRUvdny+s4s6yLSTBsYef1zHfbJG1XTzTbXXyOpnn+C+F7ZTdzBvW4FMtrPjRYL1PMnWzG831//PH/jC/xTYoW5n4RcTEREREZEhzXEM6U6jsKOX53nU1W3nZz//KS0tLQX3icVjXHHFPBzHBcBay969e7j7nrtobGzglFOmsuAjH+v0NZw5t+CsWJiZQ4vpGOaGBAW/fmWvzYW/vlz1au5+Zl25VNO2tdD+9I9xF99P7KqvYk58N7hHa1BpobUB77lvknz5D+CaILDNbs3tWahjd7b63YQqrY0tvG+4Sj525lUwalq/ncXRwtnyerGXICLSZwqARUREABpf5BeLGik/41K+cv30XLVqN+KjZnDzP7gkv7GIR/77ReZ+Zi7V3T8NRpQzCtiwZTONjO/4HG8nm+uBUSOCwBZg1Mz389WZkGxppG5LLYseWsyDP7qfxls/xTUJlzjAhGncfH6BcLcs2pb5UDS+8ge+u3AX8ZrxXD3vZEYlAA6w5LHF9FdzpHh2xnL19Dlcc8awjjuMGN9PryQiIiIiIkeTodgGOp1Oc889P2Hzli14XjqybezY49i3by+tra0cPHiQ+397Hx++/kYaGht46KEHeeutjaTTmeesW7eWLVveZty4CYVfKF5O7Jrvk/7hNZh0ezSQ9P8ygLXBTOHs3UhVcMdLk9mhQAfj3DnubyT9m1txx04iNu/LmONmd0yUB7N0Cm/xD0i9/ADegb0Y13TxawyZVNcUCIeDt8TfFgrpw2+X/1x31PG47/psf57JUcE078Pd8lqxlyEi0mcKgEVERID611ezgeNYcE3Pw99A2XQWXLmcJb9bzqJtc7nm+B48p/JU5kxczIZNS7mvdiafnl4R2Vy3aDFLPBg1/eRcANy4i/qKGkbFIF5Wzfgpc7n5yjoW37uZuh0pOPNkpo9YSl19iuozZjA1XF3rpUgSo79+R7r5YKY6d/q8a5jvd5VueZ3F9wGJfnqRKROZ7mym9gBMnTkjGpKnUiRj+jJGREREREQ6chyTqQJOD50E2HVdYvF4JPw97rjjueg9FzNt2mm8/MpLPPbYIwCsWbOKBx64n1WrV9LW1hY5zsiRo2hrb+/ytczwkyidfyttf/w2eOnoPNkgdDS5x8ibBxya92tDiW84yOy0nbGXJr1tHemffYzY5LNxz3o/ZuJ7IFbW7Xt0xGrdg1f7e1KvPYjdvRUbGpJcaFYv2S2FxioX/i8+ExY74WrtbPto4xhi878CiR79KvuQ4mxZjKlfV+xliIj0mX5yKiIiAmze1giV1TSvXsrivhzgYIxqDlK/F+hJAMwILvzgbF78v6+z5N4fc/vU6cydXUP1/l0sXryK2h0pOH4Gn52Xq3KtXXg/31+SYPK0Scw6o4bq/dt57k+bgWomj4sB45n/vvG8eO86vvvVnzPnvFOZPgrqN25k8V+3Uz7vJv5pbv/MS8rMI25kyUM/5759MxnftpEXX95OXX+FvwCJ2Vxz6VJqFy7mn7+1hQvfOY3xlQfY/OYmFq9qZPrHP8OCKf34eiIiIiIictRw3KEVAANceOFFbNiwnqqqas47dy7nnHMusewvzr7znHN5/fVXqavbTiqVYumbb0SeW1lZxTvPOZfzz38XrtvNj4yNgRk3EtuylNQbCzuGjkHq2/Gh3L3wINrc7uH9/PvhQBR/1rCXJrXuZVLrXiE27iScsxbgnDgHho0F08WsoSOFl4KmLXhrniH16n14ewvPmQ2/RZ0FvB3CXz9gD5dTh95uv+22MYb4BTdiJpzXb6d1NHHe7tNPh0REjhgKgEVERIDp50xj7IpVPPjrzX0+RrxmGnNP6sUTxlzAV758HIsee4UXV9fy4OrscSpHMOuquVw/92SqQ9+3Tp83j2vaXmTR6loezIwApnzceK5ZMI9Ls6Nwy6dfwzduXcyDD77G4kUvstiDeEUF48+8iJvP6Z/wFwjmEf/o95t47tFniVeMYO7185n+6MM80n+vwthLbuYbxy3ivj+u4rlHt5Mk8/5Mn38ZV/fmvRYRERERkSFlKLaBnnjiJG68YQFTp54aedzzPN56exNNTU0dnhOLxXjHO07nA+//YPfBb5gxuFf8B97ut/C2ro42cM6r7jXgF6EGeWQwpzYrqA4OHyf3Yl2Gyekt60ht/jIm5hKbdQXOmR/GjDwFYom84xSbxSabYfcqvJd+RHrVy1gv3DrbYvIqoTPxd7jGN9g5u8WQn7fbDv/dZ/bPhcSZ+86YyThzbwXjDsjZDmameR/O268UexkiIofEWDuUvgwSERERERERERGRoaC9LT3kqoDz1dXVcf9vf82ePfXk/xh46tRTee97r2L4McP7/gJ71tN+14fw2ltCD9ps3JhXnRpkmLnt/sORO6bA7ex9PzTOv6rhsN+4MagYTmzSTJzZ12HGzAS3pM+neMjS7bDjTdKv/ob0piV4zQ2YVCrXLhs6nmtWfhjesco3M2s5HJ7b0NDfcJvoMOeYY4nf/DuoGNM/53iUcVf+kZJHNBdZRI4sS//m+V7trwpgEREREREREREROeoMxTbQvj176nn66adYsXI56XQ6sm3C+AlcfPFlTJo0GWMOsUJ25EnEP/x92n/5aWw6lX0wOv83uBMuUTXR7UFI3Enhb/62/Iw4km2nU9C0m+TSRZg3n8ZUH4sz9hScE07DOf4MqHkHJKrAifftnLvipaB9P9Svxtu6FG/LMrztK7FN9VjPBgv2q6HzzzvcyjlzO3fS4VbQQUvnUPibfSByjPyPBiCRIHbV1xT+dsF566ViL0FE5JApABYREREREREREZGjjusaUsZ0qHw92qVSKe6+5y4aGxsij48adSznn38BZ80+u19fz4w7l5L330H7o/+ObW8l3HI42MfkZvka07HytbMrZInu2KHy198nFDCH97HWYht2YRt2kVr5QiZUTpTi1kzAjJoEY6Zjqsdiho2A0pGYeAnEyzJ/nAJVw14K0q2QbMG2tWTC3oO78Rp3wa5avJ0bsLs34rW0gGc7lN4GFcydnHfwHoVOKDcLmaCVdvj8goPmHbtg92vHoeSKL2FOfFeBjQJg9r2N+9Zfir0MEZFDpgBYREREREREREREjjrGmEwInBpaAXAsFuP8ue/ij4//AYBEIsG7zr+ACy54D47j9P8LGoM59f2UHNhD+1Pfx3rpDtW9+beCe4UqgQu0LrYF00yCrcHB/LsFwtUgfG1rJbV5DWxZAzyZeYJnwAETMxg3honH8ZxhmQpp18mEuZ6FdDOk2yCdwkt6odLaAo2WCyy5Qzjb4Wl+9XTuXGx4BLCJVgnnJ8rW5MJ2g8m9Xnbfkotvxpx+bafvpIC76QVMw5ZiL0NE5JApABYREREREREREZGjkuMaSHW/39Hmne88jyVv/JVx48ZzycWXUl5eMeCvac76ODEMySe+S7jSN9rSONSWOBtOGpvXBtkQqeot2Co6+soYQgW3nT0nNIM4Ul1rDcbJri1lsakktCWB5sgM48zHvOrm0I1o++bQLN5C71XejUJ5cOY9iVZNh49rwu9PqJW39Vdgo2uPz5mPmfMZMAPwSwBHEWfjC8VegohIv1AALCIiIiIiIiIiIkcl1zU4jsHzhlYVsDGGmz/+SUpLSw/jizq4sxdgvDaST/0gOneWjuFmEPSGQtlIQWzBFsmhlwsd068azp+hG3lO+MB5VbX5xyzUUjrcnDkcDBPZ7ofcpuNC8l46/7wiM4HJvRvRfUNBb4GC4yBUD7ZnKoFjs67Aufhr4CgO6IqzeTGuAmAROUro131ERERERERERETkqOW6XbUPPnod1vDX58Rxzv4ksYs+CfEEULgCOHxFbLC1Y4BrQgcwkT3zQtRQWBsc23YMjA3Zytm8Rdi8j6aT/2QKBb5BB+r8w4ZaNhPaL7JuG73ZadhbeDkdu0nnz0G2htiZ83HnfR3cRCdHEZ+74c+Qai32MkRE+oUCYBERERERERERETlqOa7pNNCTAeDEcOd+jpJ5t2HiJUDHIDafze5gs7fDoWYunC0wQ5hMpasJPWZDj+e/dlBxnLctf03RKtzwQf1V2NxrGb81dGa7DZ9Q+FjGRl8vL60On4O/OVwZnFdITHhpfrBtI2+0wZ19Ge4V/w5uEX4ZYJAxTXU46/9c7GWIiPQb9XwQERHpAWs7+31bERERERkoRomNiPQDxzG4rkMq5RV7KUOKM+M6EsNG0P672/BSaSDapthPLg3R+07+DN+8TwWZ50dn4Xao4A3ddsgFyxiLDSfG/pMKtI+2frobquS1xq9UNtF2y9ljGmM6HiMIm7uaCWw6nAN596OziDvua40NHceQuPAjmPNuBSfe6etKjrv+Tzi71xR7GSIi/UYVwCIiIp2w1gZ/REREROTw09djItJfnCHaBrq4DEy+jJKP/QKnegQQDUSDdsWhhLNDC+i8//2b6F+Z5xOtfO0Q5Eb2zoW/kQzYdgxe88tuI1XKoQPY0A65YxToLx3ctkG75ujcX5v/zMj9cGW03946XAkcTA2OxUjMvw0z9zaFvz1mcdb/qdiLEBHpV6oAFhERydPdDxj1A0gRERGRgdNZ1a//NZiqgkWkL1zX4LqGdFrfzx1WxsDYWZTc8t+kfv8lUhtei8wCzuxDNKXN3g6HrB1m5xZ4mcjzooeKHCvvZjR4tplj5bes9mymhXOmVjd37PCL+NW3mUrh3GtGKndN7gjhMDy8qvy3Irw5/J4FLZ/D5zXsGEqu/DLmlHn5b5F0wV37DO7654q9DBGRfqUAWEREJKuzYLfQ4wqBRURERPqfMabD11n5ga+CYBHpKwXARVQxhtj192D+9DVSix+FVHu0UjdbymqziWl+AOoHnR1D07yAN1xhTF7QHN6XjkFxsAN+W2mLNZm41gmqjk2mfjdcfptNjKMzh3PtmP374RbQ1k+bs3GwtZnjBGu2oQrp6MtEBwP7Hwy4I44jfuPdUH0i0jvu2meKvQQRkX6nAFhERIa8ngS84fsKf0VEREQGhrU2EuzmB8LhbQqCRaS3HNfBcSyep+/pisKJ4V70rzhT55P8zSfwWtuxWJyg8jXa1hlCQXAwgzcbzmaT0i5D0fDB8tpL5280frjs75NNVTsWJ9vIA0HVr8mFuP5BgrbOJtpL2t+fcEBsctW//gnYvKd3rJjOLSQ+6xKcy74J8bIOZyhdcza/irPu6WIvQ0Sk3ykAFhGRIa0nQW9n4a+CYBEREZH+4we54RA4fDscBucHwQqBRaQnjAE3ZvDa9b1c0RgHc8LZlHzmSVLPfIf0mwuD5DXaATp/Mm7oY34AWqAqOLx/ZHBuUHFL0LYZgiXklonFWhO8lh9AR4+X36LZBJtt8Hmpk7EGoa35raTzFlJgX5v9nGhwysuIzfsyzqlXat5vH7lrF2FaGoq9DBGRfqcAWEREhqzOwt+efix0DBERERHpvfxwt6tQt9B2hcAi0lOua0g7RlXAxVYxltj7vo075XxSz/0Qb/fWvJbMNhfU+kz+bROqpvWfl/2YPxuXXIVxeB6wzR0lt58laEWd/7qFq4jDr246Vi8HA4DpEPB2Gf6GZJ4eKnN2HGITZxKb92UYcUrnT5QuOTuW465dVOxliIgMCAXAIiIyJBUKfwsFvZ3d7uw4IiIiItJ7+W2f/Y89CYN9CoFFpCeMMbiuAuAjgnEw064mPvk9pJ7+d9LLnsG2t0ZbO4cS1/y5wHmbo4+FWz6H5/UGQa//+SUb9ua/Zgc2O9W342vn1mCi28JtqYPjR4/ih7rBa4dfMX8sgr/2skpiF34cZ/Yt0fRbes1dvRDTsLXYyxARGRAKgEVEZMjpLvwN/wHY17Cfzdt2snP3XvY1HuBgcwupVPqwr1tERETkaBSLuVSUlTL8mEpqRh3DuONGc0z1sCAADofAagctIv3BdQ3ptELgI0ZJFbH538J950a8p+4gufav0bm72TDXy84LjhbT5jeMBo9cxazBYI1fTxz+/GCDUNiEq307yGz3stN+rQ0PGba5GcBEA9z8IDkX8Ob298IjD/z9wrf9J4WeGz99Lu7F/wqVY+li0dIDzq7VuGsWFnsZIiIDRgGwiIgMKb0JfzdtrmPl2rdoaDzApAnHMfXkExk14hiGDSsjHtOnUBEREZH+kEylOHCghfq9DWyr283C516luqqCaSdP4MRxYyLBb5hCYBHpK+OoCvjIYzAjJuNeew/OWy+Qfu5O0ts2ZCtkM5xQe2UIR79+tW2outZmP09kj+3/3bF62N9mg9vBdmuxJq9BdLiy2F9PME+48/bQ+SGxtdGA1xTYL9vlGmshNn4q7sW3YU44Cxz9PKI/uKufwOzZWOxliIgMGGPVu1JERIaI7sJfz/Ow1tLQeIDFS1bS3NrGrOlTmDJ5fDGWKyIiIjJkrd2wmSXL1lBWmuCsmVM5pipaEWyMwXGcDu2iwxQCi0hXrGdpb/cUAh+pvCT/n727D4+yPti8f14vk8kLQyDEKESSIi8NmihJFby9aTyUFqzQW1qlLW7Vldpu72237lbbrX0efXZvj6N1t7hbba2tWq1Q4a6oDRWUUNGCEQlgEpiA4SVAAgEMEAhDMiSZl+ePZJJJCCSBkCvJfD/HMZ2Za66ZOWfack3mnN/vFyp/S8Etf1GwZpfCoXDn2Y57WDM3+vZui9+uo2/D4c5zR/eouwDnjkbuSecRv13WPA5L1riJsqZ/W2b2v0h2Qi8fFT0xP/tUcQX/hQIYwJBS9q31fdqfAhgAEDO6rt3bXflbeaBG6z8u04y865R3/eedigoAAABJJdt3qbhkh2ZOz9E1meM6Fb89lcAUwAB6EmgJqaUl5HQMXEgooPDu1WpZ9zuFTx5ROBBo3d7ln/hel67hLkNue3qMqPWDI9M9d3d71/WAOxW757nc/rzh1t659fawZNoykq+U65ZvyMj9j5IV15tXhj5w/eNXsjc+73QMAOiTvhbAzBcBAIgJXcvf6MuR8nfn7gMq2b5LX50zU1ePTXMiJgAAAKLkXf95pV0xWoXvb1JTc4umTs5UKBSSaZqS1H65fRRX9IgupoIG0APLZi3gQc+0ZWTdpbgpd0rHdim4frECO4sVNdmzpKj1fqO2GW1ta7jTyFwjaj3e9j3VsVf0f7YVs+GoHxV1LXy7HGbC0edR6/dG9u/uf2mRQcfhsGRdmS7rS4/KuOZ2it/LxKwplbXzbadjAMBlRwEMAIgp51vvt/JAjUq279JdX8lXasooh1MCAAAg4uqxabrrK/la+e4GueNcuiZzXKcSOPrHfZF1gSl+AfSGYRiybEOhZgrgQc90SVdmy7rnRZmnqhSuKFRw298UOnaobXpo45xRtpHDQ6QYji5sO4/EDUcVtK1FcfRRpFNhHOmBwx3b2x+r67TTxrnF7znPG5aMhERZ182SecPXZYy9XrITL/59Qo+snW/LOHXI6RgAcNlRAAMAhr3zrf0bOZ2qP6P1H5fpq3NmUv4CAAAMQqkpozTn9pv1dmGRUkZ5NCrZ014Cd/2sF13+UgYD6IllmQpaYYWClMBDgumSkTJJxi2TZE5/UOGqjxXa9b6C+7YofPKwFAy1T6cc0fW/2XCXUbzt2xRub4h7WmI4MrJXUdM3R98h3OW8UxEcloz4RFlXZ8ucfIvMrDlSckZPz4h+YO7bIGvH35yOAQADggIYABAzzlcEF5fs1Iy865j2GQAAYBC7emyaZuRdp63bdun2mXnt5W/kMx7FL4CLYRiSbZlqDgadjoK+shNlTJwla+IsWcEmqWazgt5VCu77RGFfndRytlOR217AdrdmrxEZB9yqUzkcva3rQr9dHr9dpEuOFMSGISNxlMzRY2Vlz5J57V2SZ1z/vRfoFbt8pYzGOqdjAMBFicx21Nt9KYABAMNaT6N/91cfUePZJuVd/3mHEgIAAKC38q7/vHZXVqvq0Gf63PirOhXAXaeCjqAMBtATyzZkhQwFA4wCHrIst5TxRVkZM2WFApK/TuGjJQqWrlR4/1YFfQ0yLOOcUlfqvAJw9HTO5z90RO17znrCUaN9g2FZV0+QNfV2mZNul1KnSnacZFj99arRB1Z5gawdBU7HAICL5o5z6WxTc6/3pQAGAMSkyBeEO3cfUF7OFIfTAAAAoLfyrv+8vDv3KvPqK9sLYNb+BXCpbMtUKBhULwfWYNAyWtcLTrpSxsSvyL5mjtTil6vxmEL1R6QTlQrX7lD46G6FfbUKN5xWuDkghdp+TBQ1nXPXwb6R0cPtQ4hlyLBNmQnxUuJVMtPGSWnXy0wZL42eIGN0uuQaIVlxA/0moAuj4Zhs71/F/8EBDGWepMReF8CepEQKYABAbIgeGRK5fPKUT6fqz2jKxAwnowEAAKAPpkzMUFHxNp2qP6PRozznlMCSKIQB9JlpGbJsU4GWkNNR0J8MU4pLkuKSZI76nJT5Tx23BRqlxhMKN/llNNYofOaEwn6/wi0BKdggBZulcLD1MVweSbZkmTLi3TJHjFE4KV2KS5SR4JHiU1r3w6BkbX9T5v4PnY4BAJckZZRHvobGHkvgeHecUkZ5KIABAMNXd9M/R1+urvlM12Sy5g4AAMBQc01mug4eqdWo5BGdlveIFL5dy1/KYAC9YVuGQkFDoRCjBGOCnSiNTGxbw3eKDEl9OVJwVBkazJoy2dvfdDoGAPSLcWljdLj2xHlL4Hh3nMaljZEk8bMkAEDMiXxB+NmxOqWPvcLpOAAAAOij9LFX6Njx+k7lb/RMLwBwMQzTkGVT6wHDibV9hYwTlU7HAIB+4XLZyky/UlekjFK8O06GYcgwDMW743RFyihlpl8pl6t17C8jgAEAMSX6S8GT9WeUmjLKwTQAAAC4GKkpo3Tq9JluC19G+wK4FLZtKhQKKxjgByXAUGeV/1X29jecjgEA/S5llEcpozwX3IcRwACAYS96/d/IeTgcVkOjXyNGJDgZDQAAABdhxIgENfrPSlK3I4C7ngNAX9i2yQ9JgCHOqDsgu+x1KdjidBQAcAQFMAAgJnT35V8gEJTLZjIMAACAocZl2woEghcseCl/AVws0zRkMxU0MKTZ2/4is7rY6RgA4BgKYABATOGLQAAAgOGl69q/fN4D0B8s25RlUQIDQ5FV8a6ssr84HQMAHEUBDACIOV2/JAQAAMDQ1LX45TMegP5iGEwFDQxFxqmDskuXy/CfcjoKADiKAhgAAAAAAAAAujAtpoIGhhq75DWZ+4ucjgEAjqMABgAAAAAAAIBu2LYpixIYGBKs8pWyS5c5HQMABgUKYAAAAAAAMGQx7TOAy6ptKmjTpAQGBjPzs52yS/4sNZ1xOgoADAoUwAAAAAAAAABwHqZpMAoYGMyCLbI+WSrz0CdOJwGAQYMCGACAPvjuI0/ru4887XQMAAAAAMAAsm1TtouvUoHByN76quyyvzgdAwAGFT61AAAAAAAAAEAPbNuUZTESGBhMrD3vyd7dhTKHAAAgAElEQVT6qtMxAGDQoQAGAAAAAAAAgB4YrAcMDCrmsd2yt7wqo77G6SgAMOhQAAMAAAAAAABAL5gW6wEDg0JLo6wtr8g88JHTSQBgUKIABgDgIiz+6U+1pPz8t5f/+af66eJ1qh24SAAAAACAAcB6wIDz7M0vs+4vAFwAn1QAAAAAAAAAoA9s25Rl89Uq4ARr+5uyN7/sdAwAGNT4lAIAAAAAAAAAfdC6HrAh02I6aGAgmfs+lF38kgz/KaejAMCgRgEMAAAAAAAAAH1kmoZctinTpAQGBoJZ+6lcxS/KPLbL6SgAMOjZTgcAACBW1JUVaPm7m1V1MiCZtlIypmvON+cpd0zH4ThwolQFrxWo5JBfAdNWypRZWrhwljIT2naoXafFiwuVdu/PlLN/uQpLqlQ34R79YtHntH7xYhVetVCP59VoyV83qqo+ILlTlHXrQi38UqYS2p+kTuX/WKV1H1eoxheQZCvh6ula+OB8ZXm6eZ7dL2tFSa0CspUyZZ4W/cdb5Klep+WvrVNFfUByp2n63Yt0z7SUTq+3x9cCAAAAAEOcaRmyw6ZaWoIKh51OAwxfhu+o7I9fkLm/yOkoADAkUAADADAQ9ryhZ5Z5lX7rvXo4P1MjfZ+ptKhAK17bqEk/ypdHko6u03O/LpR/2j36T/9hqlL0mTa/sVTP/dqvH/z3ecqMmrejcuVzqhqTo1vvvkVpqZNky992Q4F+fTRHc+57VPeP9qvqHwVasfY5LU/5hRbltR72/WUFWlZma9bsRbrn2is10lelda8v0ct/8OjRR2cpTdHP87LO3niHfvD/ZEpV6/TGnwv03IvlSqm1lfvAo1ow2q+9K5dq+bKlSpvwsPKT2+7Yh9cCAAAAAEOZZRsKy1RLc8jpKMDwFGiSvekFWTtWOp0EAIYMvn4FAGAA1FYdkH/0LZo7N1vpHo884yYp/xuP6hc/bCt/5dOG1wtVM+UePfyt6coc45FnzCTN+u4i5WuD1pUFOj2ef/wcPfrD+cqflqusqz0dN4RytODH92h6Roo8nnRlf3WBbhkjVeze275LQt4i/eLR+zVrxqS2LNmaPztXqi2X90SX4FPn6XttmdOz52tWtuSvrNPEBxYpv+05cr9xu7JUI2+5r+1OfXstAAAAADDU2bYpl4uvWoHLwfXx87K3/MnpGAAwpPCpBACAAZByVZoSTm5U4YdVqvNHFaCRI7HPK+8hKev6PHWaIdnM1KQJUtX+A50eLztvurqdSXlylrI6Hd3TlJ4uKdDNc0ZLTVOaWqRg580Tr83qdD3tqjRJ4/S5jKiNcYmyJfn9/ot6LQAAAAAwHNguU7bN161Af7I3/1H2xt87HQMAhhymgAYAYADY2ffr4Xvf0NK3/6Cn3m5dmzcz73bNv2O60hMk+f3yS6p6/ef66evdPMD1Z7s84CWE8ddo85oCbdhZq7p6vzqq4bQL3Kkvj9/H1wIAAAAAw4TdNgo4EGA6aOBS2aXLZW98Xgo2Ox0FAIYcCmAAAC5CmqSTJ32SPN3c6tPp05JSPEqJ2poy7R49PO0eKeBX3WGvCpe/oWcqavXwY/OUnpCgBElZdz+uBdd285B2t+N9L4JPG5c8o4Kjk5R/x33KvfZKjZSk2vV67g8V/fMUA/ZaAAAAAGBwMYzWEjissIKBsNNxgCHLKv+r7I+ek9FY53QUABiSmJMEAICLkHOtVFO0XlXd/ai7er02HJCypuV1/NIqegpmO0EpGdO1cG62dLJSFSckeXKUc7VUVVUjj8dz7imhv36zVaOq/VLKP83XvMgawB6P7OOH1W9/Ug3YawEAAACAwccwJJdtyrIMp6MAQ5L16Wq5PnpOxunDTkcBgCGLAhgAgIuQ+7WFymreoOd+tUTryqpU5/PJd6JKpe8t0VO/26DTV8/TvLxI0RlQ6Z+f0JMvrtLmPTXy+XzyHS5XwXvl0uiJyhojSR7lf+UW2SVLtPj1Ddp72Cefz6eaPRtU8NsntaQkcIE0fTFJOdkJqvu4QKvKa+Tz1amqeLmeW1vT/ZrCF2WgXgsAAAAADE6Gach2UQIDfWXtKpRd9BsZJ/Y5HQUAhjSG4AAAcDGSc7Xoxx5tWLla6998ToVNrZttT7qy5n5PP/jnSVGTQ9vKvXuRfCtXq3DJBr3RJMm0lZKRr0Xfmaf0yG6T5+uxn2Sq4LVVevnZVQqEJDspXVm3L9TXpvXXIdtW9r0Pa+EbL2vFn5/RhpAtT9Ys3X9fmlb8rrSfnkMD9FoAAAAAYPAy20pgKaRgkOmggZ5Yu9fKLnpW5rHdTkcBgCHPCIfDfPoAAAxLkUNcOBxuP4VCofbTH5et1n95aEGfHvO7jzwtSXrx6Uf6PS8AAAB67zcvrdC37/6STNOUZVkyTbPTyTCM9pOk9nMAGGihUFiBFkpg4EKsXWtlFz0j87NPnY4CAIOS/+d9mxmBITgAAAAAAAAAcJkwEhi4MKviXdlFv5FZW+F0FAAYNiiAAQAAAAAAAOAyMk1DLpcpGSEFA5TAQIS1429yFf1GxolKp6MAwLBCAQwAAAAAAAAAl5kRKYEVVjAQcjoO4Dhr2wq5Nj4n42S101EAYNihAAYAAAAAAACAAWAYhlwuQ4akACUwYpi99VXZG38n48wxp6MAwLBEAQwAAAAAAAAAA8Qw1DYdtBRooQRGjAmHZH/8e7k2/l5qPuN0GgAYtiiAAQAAAAAAAGAgtZXAkZHAYZYFRgww/Kdkf/x72ZtecDoKAAx7FMAAAPTBi08/4nQEAAAAAMAwYUdGAgfCCodogTF8GSf2yd70guxtrzsdBQBiAgUwAAAAAAAAADjEtk0ZRliBlpBClMAYhsyDW2VvekHWnvecjgIAMYMCGAAAAAAAAAAcZFmGDMNUoCWkYJASGMOH9ek7sotfknm4zOkoABBTKIABAAAAAAAAwGGmacgVZ8loCSkQCDkdB7hk9uaXZW/+o4zTR5yOAgAxhwIYAAAAAAAMWYZhOB0BAPqNYUiuOFOGKQVaQgozGBhDkHH6cFv5+4ok/kcMAE6gAAYAAAAAAACAQaR1XWCDdYEx5JjVxbK3vCJr11qnowBATKMABgDELNu21BIIyGVzOAQAABhKWgIB2bbldAwAuKwi6wIHA2GmhMaQYJf9RdbWV2XWVjgdBQBiHt94AwBijmEYMgxDSQnxOnPGr9GjPE5HAgAAQB+cOeNXYkJ8p+mfI5/xAGA4MU1DZpwhw5ACAaaExuBk1NfI/mSJ7K1LpECT03EAAKIABgDEGMMwFG77i3n0KI+O152iAAYAABhijted0qiRSZLOLX4pgQEMR7bLlGEaCgZCCgZpgTF4WJUfyPrkNVl733c6CgAgCgUwACAmRBe/EWmpo1Rz5JgmXzPeoVQAAAC4GDVHjik1JfmCZS9FMIDhxrIMmaYlIxBSkNHAcJjR5JNV8prsktdk1Nc4HQcA0IXpdAAAAC63yJd/0eeGYWj8uCu1r+qwk9EAAABwEfZV1Sh9bKqkjs920SOBu54DwHBhGJLLZcoVZ8m0+DcOzjCrNsn17v8r1wf/m/IXAAYpRgADAGJK9EjgUckjlDwySbsrqzVlYobDyQAAANAbuyurNdKTpFEjR3Rb8FL6AogFraOBTQUCYUYDY8AYTT5Zpf8uu2y5jLoDTscBAFwABTAAIOZEjxCZOjlTJdt3UQADAAAMESXbd+naKZnnjPztuhYwAAx3hmHI5TJksjYwBoC1b4OsstdlVbzjdBQAQC8wBTQAYNjq+gVg9PXIF4SfG3+VEuLdKtm+a6DjAQAAoI9Ktu9SvNuljPS0C5a/F/ocCADDjWUZcsVZcrlM/r1DvzNOHZJrw/+Va/XPKH8BYAihAAYAxISu6/9GX74pN0vFJTt06EitkxEBAABwAYeO1Kq4ZIdycyaft/ztbh1gAIgFhiHZLlNxcaYsm3//0D+s7W8qbvVPZRf9RobvqNNxAAB9wBTQAICYFFkL2DAMjRo5QjOn56jw/U266yv5Sk0Z5XQ8AAAARDled0pr3t+km/OmKtmTdN7yFwBinWkZirMsBc2wAsGQQkwLjYtgHtgo2/uWLO9bTkcBAFwkCmAAwLAWKXqjr3e9bBiGrskcp6bmFq18d4Pm3H6zrh6bNuBZAQAAcK5DR2q15v1NysmaoAkZY2Wa5nnX/+1uHWCKYQCxyLINmZbVvjZwKEQRjJ6Zx3bJKi+QVV4gw/eZ03EAAJeAAhgAEDPOVwZHviicOjlT7jiX3i4s0oy865R3/eedigoAAAC1rvlbXLJDN+dN1YSMse2f27orgaNR+gJAx7TQphVWMBhWMBBSmB4Y3TB8R2WVr5S1Y6XM2gqn4wAA+oERDnPYBwAMf5HDXfR55BQKhTqdn6r3acu2XTp7tll5139eUyZmOBkdAAAg5uyurFbJ9l2Kd7uUmzO5fdpn0zTby9+u591NB00RDAAdQqGwgoGwgkGKYLQy/Cdl7Vwla+fbMg9udToOAOAC/D/f16f9KYABADEh+nDXtQSOFL9dy+CqQ59p195q1fsadE1mutLHXqHUlFEaMSJBLptJNAAAAPpDSyCgM2f8Ol53SjVHjmlfVY1GepI05ZqrlZGe1qnc7a70jb4sdb/kBwCgQyjYNiKYIjhmGU2nZe1cLevT1TIPbHQ6DgCgFyiAAQA4j64lcHQR3F0JHDmdqj+jg0dqdex4vU6dPqNG/1kFAkGnXgYAAMCwYtuWEhPiNWpkklJTkpU+NlWjRo447/q+3ZW/ks6ZCpryFwAujCI49hiNJ2XteldWxbsy93/kdBwAQB/0tQBm+BIAICZFvhAMh8PtXx6GQiFJkmmanQrg0aM8GpU84pzSOPocAAAAF6+7qZt7Ol2o/AUA9My0DJmWIStkMDX0MGecPixrV6GsXYUyqzc7HQcAMAAogAEAMcMwjE6FbXclcHTx290psn/0edfLAAAA6J3uRuz2pQSO3u98jwsAuDDTNGTGtRXBwbBCwbBCIf7GHQ7Mz3bK3POerN1/l3l0h9NxAAADiAIYABBTeiqBz7c/o38BAAAurwsVwF2vU/4CQP8zTUOmaShsS8FgqH2KaAw91r71Mve8L2vPOhmnDzsdBwDgAApgAEDM6U0JHF38Rl+O7BdBCQwAAHDpzjcS+HyXu27r7nEAABfHMCTbNiVb7SOCmR568DPqa2RVrpdZ+Q9ZlR9IoaDTkQAADqIABgDEpPOVwOfbL3p/CmAAAID+1dNU0Bc67+4xAAD9w7IMWZYhO2QoGAozKniwCYdl7d8gc9+HsvZtkHF8r9OJAACDBAUwACBmdVcCn28q6O5uv9C+AAAA6JvuSuDoy+e7vbvrAID+ZZiGbNOQbLWWwCHWCnaSeWS7zP0fyTrwkcwDG52OAwAYhCiAAQAxrS/TQXd3GQAAAP2rr0Uvn8kAYGCZliHTMiRXxxTRoRBl8OVmfrZTZtUmmVWbZFV9LDU3OB0JADCIUQADAGJedOnbdVtke9cvIpn6GQAAoP/1peCl+AUA50WmiA6H1V4CMzK4/5iHSmQe2iKzeovMg1tkNPmcjgQAGCIogAEAaNNdERy9PYKpnwEAAC6fnj5n8TkMAAYfw+gog+VSpyI4FAqL31D3jnGmVmZNaevpUInMQ59I4s0DAPQdBTAAAF2crwjuejsAAAAGDp/BAGDoME1Dphn52zpqdHAorDCFcDvDkIzD22Tu39i6ru/hbTJ8R52OBQAYBiiAAQA4j67TQAMAAGBgUfoCwNDXaXSwOgrhcHspHDt/cxuGIdNsLciNtpLcWPotKdDkdDQAwDBDAQwAQC/w5SMAAAAAAJcuUgjL6vg7u7UQlkLhjhHCQ30dYdM0Wkf4moZMw5DRVvx2cmQn5S8A4LKgAAYAAAAAAAAAOMY0DcmULEXPxKXWUcLh1kI4HG4ticPhwTOFtGG0/mDcMNvODbWVva2Xe3TYe9kzAgBiEwUwAAAAAAAAAGBQMQzJsAyZOrdJbS+Ew61XwmEpLEmR7ZHLkZ3VcXv3T6aOZzGM1stt2wzDiLrcdrvRUfheEgpgAMBlQgEMAAAAAAAAABgyIgVs2zVHs1ySmu1OJwAADFOm0wEAAAAAAAAAAIg5jAAGAFwmFMAAAAAAAAAAAAykQ2VSKOh0CgDAMEUBDAAAAAAAAADAQGL6ZwDAZUQBDAAAAAAAAADAQKrZ5nQCAMAwRgEMAAAAAAAAAMBAOkQBDAC4fCiAAQAAAAAAAAAYKM0NUu1up1MAAIYxCmAAAAAAAAAAAAbKwTKnEwAAhjkKYAAAAAAAAAAABsrBT5xOAAAY5iiAAQAAAAAAAAAYKIcYAQwAuLwogAEAAAAAAAAAGChMAQ0AuMwogAEAAAAAAAAAGAjH90kNx51OAQAY5iiAAQAAAAAAAAAYCAdLnU4AAIgBFMAAAAAAAAAAAAyEgyVOJwAAxAAKYAAAAAAAAAAABgIFMABgAFAAAwAAAAAAAABwuTX7pSM7nE4BAIgBFMAAAAAAAAAAAFxuVZudTgAAiBG20wEAABgM6g8Wa/XKUhVVNaglJMmdpIlfyNW9s2cow+N0OgAAAAAAMOQd/MTpBACAGEEBDACIcQ3yrliqZzc1SO5k5eROUKIkNdSpZFORntxUqpnfuU8PZCU5HRQAAAAAAAxl1RTAAICBQQEMAIhpR/6+XM9ualDGbV/XI/Payt8I3x6t+OPftPaPy5X6yEOae1U/PnHtOj3xv8p0pJubXJ4UzfjqXN37hTS5+vEph7TI+3XDbL14f47TaQAAAAAA6DsKYADAAKEABgDErvoivbq2Xqn5C/T4vIxzb/dM1oIfLZB+uUIFv3paBb15TDtF8//bg70vizOn6qEvjuu47qtV8cdeFS1bquq6hXr8y+POf18AAAAAADA0HCqTmhudTgEAiBEUwACAmHV8a4UqQ+P0wB0ZUqhOFUU7VT3uWs2elNKxk5mh+d+5UxlHmnrxiGfkXVOsgqdfkno7YnjUeM3I7TyidcbMbBX8arlWr1mvovyFmunu08sCAAAAAACDDaN/AQADiAIYABCzqmvqpbQJmuiWqle9rqc/aJBUpuM//KHundCxn+uqqZrRyxG9M7KS1fLLta0l8E8e0ty0iwhmjtOMG5K0+u+HVbFXmnndRTwGAAAAAAAYPKq2OJ0AABBDKIABAOgtv1cv/a+1qrzuTj0+T1rx63fkzZytf/uatCxqe7+wWg/RLaG2675qFa1dr7XbanWkQZJpK3VKth769ixNTOi4W+P+dXrp9XJV1AbUIikxbZxmzpujBde1jWoO1al4xUqt2Fan+iZJbrcybrhJD/zLDGUkSCVLntbz25I0+8ff14L0jsdt+WS5/vOyw8r55g/1o+lRQ5Jr1uqx/+NV4/Q79cw3p0qSjpe+o5fe2aPKuoAkKXF8hubedadmT0hqv1vr82Toof+RrepX1+uDqgalzr5P//blNKmuTMuWbVLR/ga1RF7nl/rpfQUAAAAAwAnVW51OAACIIRTAAICYlZGeLG2rlrdemn3nN/TIyLYpoCd03q/l6KcqOVKrkpVbVeKTtOkdPbxZUkjS8bV6dJvUEojarmTNf+QiR/9KkppUfbBeUrIyxrZeL16xQq/uTdLE7Gl6YOoYNe4r1eqNZXrqeVv/9uNbNVaSatbqyd96ddyTotvuytVE1aq4+FOtfXmlUv/Hg7rN06TiP72il3ZIY2+Ypvk5I1T/6W59UFKkp80UPbNgsvKmT1bitj0q3lqtBekZ7XmKSw5LkrzbvGqZfqNcbbdUl+7TcSVp9szW8vfI31/SE2vq5Uobp9l3TdXYpn364MP9WvHbV1S96Lt66Lro+axPqODZd1TflKSM6yZorCcg+b16/tfrVNLgVsYXpum2qW4d2Vqhp1852/6cAAAAAAAMKbV7JF+t0ykAADGEAhgAELNSb8zSxDXFWr12j2YvmKys/JnK6rpTqFoFf3xHa+skmcma++P7NKNimZ5cK8195F7llC3Vk+vUeft/e7B36/9KUqBR9b76qA0Nqly/Tst2SJqQpZmpkuTWjAUPKSspWclm22650zQ28Iye3bxHJcdv1dxU6cjOah2XW7c98GD7FNYz8mer/nidEj2StFslOyRNmqmf3T9DiZKUO0Nzv1Gr4w1tbXXWVOUl7FHRtgpV3pWhiZLU5FVJhSRTUoVXRb4bdZtHkqpVvK1BSsnRjHRJTVu1Ym29lJKjR34yWxNNSZqmmTO36tkn1qu4YL1mXzdbkVpZalDj+NlafH9OaxZJlW++pZIGKeebD+pH09tGDOfOVN7K3+upDb1ZhxkAAAAAgEGmarPTCQAAMYYCGAAQu5Jn6oHZFXpizd/0ZMLX9ci8Ce1FpCTJv18r/vCW1p5K1vyfPNRR6qY/qN/Nart8x0N68Y5utvfWjiI9uqPo3GhTpuln989UcmSDJ7njcqhJjQ1n5YpvG03bNk302Mw0JWqPitesVda//LNyxibJZUrJqSmRgMqaIJXsK9WyTWmaf8N4pSbYkp2m1PYHn6zbbk5S0Qefqmj3bE2cItVv8cqrFC24P10f/MmrotI63ZafIlVVqLhOyrjrxtZSd/d+eUNS6hey28rfNgk3asZ16+X1Vst7XMpIjdyQpNtm50S957Wq2NskKUMzbkxStIkzJit1Q5mO9/HtBQAAAADAcaz/CwAYYBTAAICYNvbLC/WjU0v17Adv6eGNycrJzlDW1VL1rmqV7K5Xi5I08zsLez+it68yp+qhL45rv5qYMk4ZaSlKTuh8iK7fu06vvtmxtm+H5I6LU/5Fj3/7LT27wqvn/4+39fHGZ2juvNmaPSlZUopu+87X1fjnQq1e8ZaKV0hyJ2niF27WQ3dNU2rbU2bkXqPUD7wq2bZHD0wZo+KtddL4GZqRk6H6FK/WluxUff5MHS/brXqlaPYNrQVzS3Prmr8u69yPF65IIRyK3jpGGZ3e17NqDHTZP8IUU0ADAAAAAIamA4wABgAMLApgAECMS1LOgu9rcW6RVqwpV0mpV95P1FqM3jxT986eoQzPZXz6UeM1Izfnwvv4ivXSH8pUYSYr744c5aW2jvyt31akFd7Ou6bmfl3/liu1+Ot15KBXa98s1ornl6v+x9/XgnRJCRM097vf19xQkxrrDsu7qUjLPlinx+oD+t2itrV902/UbeO9WrHtU3lvS1HxQSnnmzcpWW7NnJ6stWv2qLj+Sh3Z0iRl3azb2jpoV1zrx4qWYOCcl9ASKX67FrudxCvRjto/et+QuhTfAAAAAAAMASf2S6cOOZ0CABBjKIABAJCUPGmmHvrhTKdjdM9/RvUhSTkz9K9fjpTFDSrauk5SfMd+9bU6npSmVFtyJSQrY8pMPTTviIr/VK0jRwNSelDHj59VamqyZLqVmDpBM+Yl6fiOpSo4UqcjUtv6vCmakZeiFSv3a+2bJ1RtjtNDN7SWzmOnZyljTbGKlhap3i/l5OV0jMydMkE5ZrW8n5Srcva4jmmg/VtVvENSSoZyUnUBacq5LkkFtdX6YGOdZsxMab+lsngP0z8DAAAAAIYeRv8CABxAAQwAwGCXmqGJSWU64l2vp96s123pTfJu3qOK450P4941y/VsiVsTp16jvBvSlOw7rA/er5aUrInjbal+k57/ZbGOXDVOM6ddo4mp0nGvV6trpcQbxmps1GMlz8hRzsr18u6uk667VXnuyA05mjmhWMv210kJk3VbrrvjTu4btWB2mbxrvHr6Vyd02z9N1dimfSr6aL8qQ27NmH9rW8F8fhmz/ll5m9eq5K+v6Il90zQ7x60jWyv0wcGAEiU1Xvq7CQAAAADAwDlQ7HQCAEAMogAGAGCwMyfrgf86S1qyXsUbi/WSbStj+mz969SP9NSajt1y7rxTC5qKtLbC2z41dOL4DC144E7NTpOkm/Wv957WS+/tUdGaw/pAap3q+pZZeuhrOZ3X2HXnaMZ16+XdIeXddGPUbcmaOX2clu0/rMScycrpMqXz2C8/pF+mvqOX3tmjtSsPd84wwa0eJeToX38Sr9X/vk6rvWV61WsrdUq2HnlQevW3ZRTAAAAAAIChhQIYAOAAIxwOh50OAQAAAAAAAADAsHJiv/R/b3U6BQBgGPD/fF+f9jd73gUAAAAAAAAAAPTJ/k1OJwAAxCgKYAAAAAAAAAAA+hsFMADAIRTAAAAAAAAAAAD0twMUwAAAZ1AAAwAAAAAAAADQnz7bJdUfcToFACBGUQADAAAAAAAAANCf9n/sdAIAQAyjAAYAAAAAAAAAoD9RAAMAHEQBDAAAAAAAAABAf9pHAQwAcA4FMAAAAAAAAAAA/eVgieQ/5XQKAEAMowAGAAAAAAAAAKC/7NvodAIAQIyjAAYAAAAAAAAAoL9QAAMAHEYBDAAAAAAAAABAfwg0SZUfOZ0CABDjKIABAAAAAAAAAOgPlR9JCjudAgAQ4yiAAQAAAAAAAADoD/uKnE4AAAAFMAAAAAAAAAAA/YLpnwEAgwAFMAAAAAAAAAAAl+pUjXT0U6dTAAAg2+kAAAAMdoFgUM1NATUHAgoEggqFwgqHWc8HAACgPxiGIdM0ZNuW4mxbcW5btmU5HQsAgL6r/NDpBAAASKIABgDgvJqaWtR4tkmBQEjxbpfi3XGykyxZpiHDMJyOBwAAMCyEw2EFQ2EFAkG1tAR08lSDbNtUYrxbbrfL6XgAAPTeXtb/BQAMDhTAAAB0EQyG5DvjVygUUmKiW/HuOKcjAQAADFuGYci2DNmWqXi3S54RCTrb1KyGxrPyn22WZ0SCLIsVrAAAQwAjgAEAgwQFMAAAUc42tei0r1FJifFKSnQ7HQcAACAmxbvjFO+OU0Njk06c9GmkJ1HxjAYGAAxmVVukxpNOpwAAQBIFMAAA7fxnm3Wmwa9RyUmKc3GIBAAAcFpSolsul6X60w0KhxOUEM/MLACAQWrvBkAC5OoAAA/GSURBVKcTAADQjjmUAABQ68jfMw1+jU4eQfkLAAAwiMS5bI1OHqEzDX6dbWpxOg4AAN2jAAYADCIUwACAmBcMhnTa16jkkUmybcvpOAAAAOjCti0lj0zSaV+jgsGQ03EAAOjMd0w6WOp0CgAA2lEAAwBinu+MX0mJ8Yz8BQAAGMTiXLaSEuPlO+N3OgoAAJ3tXe90AgAAOqEABgDEtKamFoVCISUlup2OAgAAgB4kJboVCoXUxFTQAIDBZA8FMABgcKEABgDEtMazTUqk/AUAABgyEhPdajzb5HQMAAA6UAADAAYZCmAAQMwKBIMKBEKKd8c5HQUAAAC9FO+OUyAQUiAYdDoKAADS/k2S/5TTKQAA6IQCGAAQs5qbAop3u5yOAQAAgD6Kd7vU3BRwOgYAANKefzidAACAc1AAAwBiVnMgIJfLdjoGAAAA+sjlstUcoAAGAAwCuymAAQCDDwUwACBmBQJB2bbldAwAAAD0kW1bCgSYAhoA4LATB6SjO51OAQDAOSiAAQAxKxQKyzINp2MAAACgjyzTUCgUdjoGACDW7fnA6QQAAHSLAhgAELPC4bAMgwIYAABgqDEMQ+EwBTAAwGG7KYABAIMTBTAAAAAAAAAAAH3R3MD6vwCAQYsCGAAAAAAAAACAvtjF6F8AwOBFAQwAAAAAAAAAQF/sft/pBAAAnBcFMAAAAAAAAAAAfbGLAhgAMHhRAAMAAAAAAAAA0Fv7PpIa65xOAQDAeVEAAwAAAAAAAADQW7vWOZ0AAIALogAGAAAAAAAAAKC3KiiAAQCDGwUwAAAAAAAAAAC9cdgrndjvdAoAAC6IAhgAAAAAAAAAgN5g9C8AYAigAAYAAAAAAAAAoDd2ved0AgAAemQ7HQAAgCGndp0WLy5U7Tk32EpIm6Sb7pyvedemOBBsMKrVusWLVXjV/frf3852OgwAAAAAABfv+H6pZrvTKQAA6BEFMAAAFynr7se14NqoDb7PVFpUoDV/ekZ19/9M92cnOJYNAAAAAAD0s4q/O50AAIBeYQpoAAAukp3kkccTdRo3SfnfeFT33yiVr1ynKqcDAgAAAACA/kMBDAAYIiiAAQDoZ1lTJkr1VarxOZ0EAAAAAAD0i/oj0oFip1MAANArTAENAEB/syUpIH9z23VfjTa/V6AN22tU2xCQTFspU+7QfffnKz3qSFxXVqDl725W1cm2fTKma8435yl3TNtO/ipteLNA63bWyB+Q7KR0Zd0+V1/750nyBEr18hPL5Zv7uB7+oicqTI1W/fIZbUier8f/8y2KvmXvm/+fXth9kx5+bJ7SJSlUp9KVy1VYUqW6JknuFGXmzdHCu3KVEvnJWNv6x2n3/kw5+9v2nXCPfrFouuxAnUrfWqqCsrZ8V2Vr3rdmXZa3GAAAAACAAVWx1ukEAAD0GgUwAAD9rKqySkqYqswxbdf/sVSFNVm6dcE8ZY9PkU6WquCVVXrh31P0+LezWw/Ge97QM8u8Sr/1Xj2cn6mRbesJr3htoyb9KF8e+bTxlee0ypere75/n6aOluoqN6rw7aUqvOJ/6p6sXE3PXq4lpaXyfTG/o+g9XKryk5JOlsrru0W3tN+wV2Xb/Ur74vTW8lc+bXxxsQqOfk7533xYt2aO1Omq9Vr95nItrvXrsf/UuTyuXPmcqsbk6Na7b1Fa6iTZqtW63y5WYf0k5d8bdf8/LlUd840AAAAAAIa6TymAAQBDBwUwAAD9JeBXzScrtORjn9Ln5GtS2+bMuT/T49ElqCdf8/NL9VShV3uVrSxJtVUH5B99i+bOzW4tZD0e5X/jUeWHIneq0t4DUta3Fmh6Ruvh2zNtnr53/bz2BR2yb5yuhJc3a3Ntvmaltd3rk1LVXT1Jk07s1ZYyn26JjA6uKJPXn65ZN7XtWFGowsqRyv/h9zQvoy1m9jx9b6T01G8LVVhxi+7J6ngJ/vFz9D8XTVdC5KWXrFDh4ZTz3H9DP7y5AAAAAAA4xH9K2vuh0ykAAOg1CmAAAC5S+ZKf6qddN9oeZX3pB1p4W1rHtm5GwKZcMVoKtSgQuX5VmhJOblThh1maf2O6UhLsLvdNU3qaVLhhlcqvmqOsqxJkm10ee0q2chI2q3R7rWZ9KU1Slbzbfcqa85jyq57UC1Gjgyu2e+W/epZyk1vvuneHV/7km5ST0SVoRo6ykzeodE+VlJXZvjk7r6P8laQD+6ukC9yfChgAAAAAMGSVr3Y6AQAAfUIBDADARcq6+3EtuDZ6i60ET8K5B9eTFVq3ulAb938mny8QdUN2xz2z79fD976hpW//QU+9HWhbf/d2zb9jutITJClNs37wA2n5Cq347Ub5A7YSrs5S/pfmada1Ka0PYmZp2vUJ2lzmVe2XZiltzxZt8WVp/vW2JqXdJE9xqUrr85XvqVD5Dr+yvtoxrfNZv19yJ3QqdVslKMEt+ep9nTd3eZE93R8AAAAAgCHr00KnEwAA0CcUwAAAXCQ7ySOPp6e9qlTw7MvaGJ+reXfPV/b4FLkkaecKPflm5z1Tpt2jh6fdIwX8qjvsVeHyN/RMRa0efmxe67TQCZmatehRzZIUaKhRxT9Wa8WfnlLVt36hRXmth/RJ/3STUoq3aPPhWcra7pU/a75y4iRl5Cp39AaVbvcp/4pyeZtai+GI+IQEqckv/zn5/fI3SZ7kC7/Qnu4PAAAAAMCQ1Fgn7f6H0ykAAOiTbialBAAA/ebEXlU1SNlzFir/2kyleDzyeDyqO1rTeb9A1MhgO0EpGdO1cG62dLJSFSckKdB5l6R0Zc+dr/w0qWL33o4bxuUqe3Sdyj9Zp7LtfmXfmNv2a6905V6foprijVq3dbP8WbmtxXCbSdflKKG+XN7qLvmrvSqvT9DUyZm6kAvf/4J3BQAAAABg8Nq5xukEAAD0GQUwAACX05gcZadJ5YXLtbm6Tj5fjcpXv6AVZdFTQQdU+ucn9OSLq7R5T418Pp98h8tV8F65NHqissZIOrxGi59YrDc+rFDVCZ98vjpVfbhKG2qlrCmToh4rXdNvSlPdR4XarOmaHjVFdfpNNymtdp0KyxVVDLfJmqM5E09rwysvaFV5a4aa8lV64ZUNOj1xjuZk9fA6s/KVP67u3Pu/Wi4lX+qbCAAAAACAQyiAAQBDEFNAAwBwWUXW7l2igt+W6g3TVlreAi26K15PLYvsYyv37kXyrVytwiUb9EaTJNNWSka+Fn2nbfrncXfoe/cEtPz95frD234F1DoKOOtrD+vevM6H87Sbpit97SrVXZetrOifeqVN1/SrC7XqROdiuJVHt3z3USWsXK7CvzyjDU1qXYf45kV67CtZ6nGma6Vp1g9/ppS3lqpg2TPaEJDsq7I17zv3yb/sGbFaEgAAAABgyGk4wfTPAIAhyQiHw2GnQwAA4ITPjp3SlVeMcjoGAAAALgKf5QAAl92W16SVjzmdAgAA+X++r0/7MwU0AAAAAAAAAABd7XjX6QQAAFwUCmAAAAAAAAAAAKKdOSbt3eB0CgAALgoFMAAAAAAAAAAA0byrnE4AAMBFowAGAAAAAAAAACDaTqZ/BgAMXRTAAAAAAAAAAABE+D6T9m9yOgUAABeNAhgAAAAAAAAAgIiyt5xOAADAJaEABgAAAAAAAAAgovwdpxMAAHBJKIABAAAAAAAAAJCko59KNducTgEAwCWhAAYAAAAAAAAAQJLKVzudAACAS0YBDAAAAAAAAACARAEMABgWKIABAAAAAAAAADiwWTpe6XQKAAAuGQUwAAAAAAAAAADlq5xOAABAv6AABgDELMMwFA6HnY4BAACAPgqHwzIMw+kYAIDhxksBDAAYHiiAAQAxyzQNBUMUwAAAAENNMBSWaVIAAwD60adrpYbjTqcAAKBfUAADAGKWbVsKBIJOxwAAAEAfBQJB2bbldAwAwHDifdvpBAAA9BsKYABAzIqzbbW0BJyOAQAAgD5qaQkozradjgEAGC6azlAAAwCGFQpgAEDMinPbOtvU4nQMAAAA9NHZphbFuSmAAQD9xPs3KRxyOgUAAP2GAhgAELNsy5Jtmzrb1Ox0FAAAAPTS2aZm2bYp22IKaABAP9n+N6cTAADQryiAAQAxLTHercbGJqdjAAAAoJcaG5uUGO92OgYAYLg4vk/at9HpFAAA9CsKYABATHO7XTJNUw2UwAAAAINeQ2OTTNOU2+1yOgoAYLjwMvoXADD8UAADAGKeZ0SCGhrPqrkl4HQUAAAAnEdzS0ANjWflGZHgdBQAwHCyfaXTCQAA6HcUwACAmGdZpkZ6ElV/ukGBQNDpOAAAAOgiEAiq/nSDRnoSZVl8lQEA6Cf7NkrHKp1OAQBAv+OvJgAAJMW7XRqRlKCT9WcYCQwAADCINLcEdLL+jEYkJSieqZ8BAP1pe4HTCQAAuCxspwMAADBYJMTHyTAMnapvUFJivJIS3U5HAgAAiGkNjU1qaDyrkZ5Eyl8AQP8KNkvbmP4ZADA8UQADABAl3u2Sy/bId8avupPNSkx0K94d53QsAACAmHK2qVmNjU0yTVNjRnuY9hkA0P+2FUgtfqdTAABwWVAAAwDQhWWZGpWcpKamFjWebZLvzNnWYthly7YtWaYhwzCcjgkAADAshMNhBUNhBQJBtbQEdLapRbZtKikxXm5G/QIALpdtTP8MABi+KIABADgPt9slt9ulQDCo5qaAzjY1K9AQVCgUVjgcdjoeAADAsGAYhkzTkG1birNtjR6VJNuynI4FABjOjlVKlUVOpwAA4LKhAAYAoAe2ZclOtJQo1gQGAAAAAGDI2/ZXpxMAAHBZsYgOAAAAAAAAACB2bHvL6QQAAFxWFMAAAAAAAAAAgNhQ8Z508pDTKQAAuKwogAEAAAAAAAAAsaGM0b8AgOGPAhgAAAAAAAAAMPz5aqXyVU6nAADgsqMABgAAAAAAAAAMf4z+BQDECApgAAAAAAAAAMDwV/am0wkAABgQFMAAAAAAAAAAgOGtskj6bJfTKQAAGBAUwAAAAAAAAACA4Y3RvwCAGEIBDAAAAAAAAAAYvhpPSqUUwACA2EEBDAAAAAAAAAAYvih/AQAxhgIYAAAAAAAAADB8la5wOgEAAAOKAhgAAAAAAAAAMDxVFklHP3U6BQAAA4oCGAAAAAAAAAAwPJW+4XQCAAAGHAUw/v/27dgEYTCKwujbfxMjpBeygj9WwUayQNLF3i288HLOBLf/uAAAAAAA/Zx71WtOrwCAvxOAAQAAAADoZ0zpBQAQIQADAAAAANDPuKcXAECEAAwAAAAAQC/vpWr/pFcAQIQADAAAAABAL+OWXgAAMQIwAAAAAAB9HFvV+kivAIAYARgAAAAAgD6e3r8AXJsADAAAAABAHwIwABcnAAMAAAAA0MOYqr5HegUARP0ABhZH1nsLIm8AAAAASUVORK5CYII=" height="600" width="800" />]]>
  </system-out>
</testsuite> <!-- testcases.LoginTest -->
