<?xml version="1.0" encoding="UTF-8"?>
<!-- Generated by org.testng.reporters.JUnitReportReporter -->
<testsuite hostname="DESKTOP-VC6KQ0R" failures="0" tests="1" name="testcases.FindAdminUser" time="2.574" errors="0" timestamp="2023-11-14T23:00:57 EST" skipped="0">
  <testcase classname="testcases.FindAdminUser" name="TC007_VerifyAdminIsInTheAdminTable" time="2.574"/>
  <system-out>
    <![CDATA[Expected User : Admin
Expected role : Admin
<img src="data:image/png;base64,iVBORw0KGgoAAAANSUhEUgAAB4AAAANHCAYAAADXAEDZAAAAAXNSR0IArs4c6QAAIABJREFUeJzsvX/UHUd55/mtvu8vWZIlW8KWZBsJbEsQbDmgNT8nMpmA2CTYh4mBHCbrkJwTyOwZkz0za042WWcXAjuZHZNkdu2TBEwmA4R1joGZYCc7a0MS7BAcTByIMT9ssJFs2ZJsSdZv6X3fe7v2j9vVXfV0VVdVd3X3fd+3vol59Nzb3fXruZ/71O2qtxnnnCMqKioqyi6egi+cBls8DX7mCHDuKPjJ54ATzwEn9iE9/CT4sSeB488CDABH2QJgrFk1jKfrytOUTw+3+RxAwhwuz8dtq7SG6th8fS+QM5QCDL61gxrYvKG0Q5wa1Fye4x+quNzPmlvqjorxb2qFRHeLN4zDrZ7h4NcZ/6oKuFhTD1vU8niHLr+KN7VsjXgTao0/nfCGWqlDfOLHVxPCG5/vm6C2gje5b1RLvKnFH2MPE5+o4/FvWn4nvOmSP9p8J8T3j2/80Q6R/CXMH+unY4L5Y29/n/xx7mHiE004f8T408N9qh+aP0K1eEPP6I0/ogM75g1Vy/FWiz+GaoWyQpQ/9XlD/Yb88YmfZcYbWr5ra5c2b4jf5icg/r6zhH7fiYpaWRp8fH/+76PHTuLk6TOYX1gEAMzOTGPt6vNw4fq1+TEs3gCOioqKCqj5k0gPfw849CjSg/8EHPwm0oOP6o/NEhcG1Eromk11/RNqxtpKqKkFyfj0ajzBqTGhCTfBceymNtWoPFOLG45/rXiiDTL5pPm6CY3m7NasbkJj6N1W1OsEys6b4NabN4H5E4A3jfgzibzpkj+d3zAlvqE6nfGnormd8Gei4q9P/oAMiORXxI83b6iN/GmBN9T35E+teKINMvmqJiHfKTXfsXeDaCJ5I9Qmb6hFMSBLjDeu/HGrID0hsBqV70tYn/Fviz+k+TreaPjTJW9c+RNEvcafgTcl/rQ4Asvg9x0v3pgasKz5U2f8u+FPVNRK0uDj+7G4OMRzzx/BufkF7TFzszPYctEGTE9PxRvAUVFRUa1qNA++/+vgz3wNfN/fIt33VelNNYFhJJexJsDShKqzHQhZBZT8fUkmuDY5JMDBE1vPBNiyArXxBMpmHeLNtTdrqet48yq/xoQpxATba8JUPYFy5c+KWQHcKe88edPXjpsa/AnKmy750+n4Ny2/Bf44xx+tsKuvb27u1xj/yJ+66pM/tMHC7Zg31NaIt4reDMOfLlWLN9QPzB+f+FkCvKHxZuJN6f5xG5oI3ojy2uSNIX50vKHhKNU4OH8CxJ+pd53U6fj7lk8/AC3wp/b3HW1AdfOMfg/8UXqrgj/9j3/T8h3iZeLmW6qdRP6YerOW+uZPVNQS0uDj+7Hv2UPGm79Cc7Mz2HrJxfEGcFRUVFSXSn/01+B7/wb8qb9Ceugx9U054U5gSXj0KRdrkvI5JrzlncC0ASbfoo4TPNOEiybYbaX5Lgm3UPjucJzwtDnBsU54POOnqTzjzzX6Q06wXOdDThOyRhMsUwnheeMcP7786XmCqeVNl/yp6O7wPzCbeCMq1AN/PG9oB1fD+JsE/gg58aZR+11L7JM/nor8KfMmGH8c4mXi+KOxbaphea3wx+U8TXWD8cf5igHioHa80QbUVNe8Aal9D7xxzXead8ck8YbGG+2QIA22y+cDXXG6zffiTZf88Wp/R7xpcUFNSQ3H31dOvGk4/m3xp7lM/Kkz/k1tpr75ExW1jHX8//weXjh6zOnYl1y4Pt4AjoqKiupD/Ph+8Cf/P/An/hLpU39tPI555NfQJJS6CbbmcG+rfSZwjYQ6bycC5H9KATSjbjW1hzHBDjmBsinwhMq19k3G39cKaf2g7TeVGGJC7ThhsvmT+AOyA28cT681oe5vhTItsAP+GBsudVDXvOmSPzXGv3Xe1G6/U4mq7Z0/IdtfQ0uAP0Lh+WPgzUTzJ7B64k+T75/J4Y8rb6hvGf8g8SVkiZ+ueeNZfnDeUOsQb0Kd8adUQhe8ofEnFJg/K4A3lfEjvWH8uDsrEG+65E/L42+Vy8fD/fAwvOmSP0qFTPxpgTvW+JM6aAnxx1bbSeZPJ5+3qKglpP3/2yPW3b9Cc7Mz8QZwVFRUVK9aOI308XuQfv/PkT7x3yoTHK+bweIc5V8kpdL+gOg+oar/TOBMgVcETmJCK/W2W0I7QRNKtXzXKV2ICZUt/mgDTL5f+9tcMKG1Ls0nvWvya6nV+HOIl4b8qW9F+zvmDbUt8MaVP8YKdqmueePCH5/4WYa88YofX7XKG6pJ4g2NN5ABqdd+b/7UGP/WedMlf7zK74g3Md9xyneCaCL40yFvaHwEXqARhD8NWydUmz9dyqv8APxpnTeW+HGpnsPV++BNkPDolDdU9APWJX8yWfOddvjjM/6t8qfX8beUWyrflaiTxJ+oqCihJ/+Xv4frLV3GWLwBHBUVFTURWjyL9Dt3g3/nbvKc4LLEjWDtDziGBNf0F6UbT7CyC9N8rrQgvA0FTbBrJMC1E1zHCZTN92y/dcLkawNMsFx7X6uJmmDRBtMPQNBPHqrjTxwWdsJUip8A4980/ky86WL4u+EN9S3jH6RnaQMNqsmbqtMb88fzOrR3KxV5Y//A+8SPY3NzPyumsjrhW13NGwN/WlHQ+AvEmy7549n+4PxxaH5Q3lAtCf60+An0znc64E97rS3HS9e8oQoabw68cRn/Nnnjwp8KNeZPi7xxGr6J4g219AMwibxpyB8db7rkj443XfInaPy5fiJcxr8pf2gDDb5n+xvzhtqVzp+oqCWkH/76Q17HxxvAUVFRURMkfvwZpN++C+ljfwZ+5IeVE57xDtzCt2VMrPaEhya8eW2zeoRqvEMz2pShO+iEy6e6TRNu04TL3h2TNOFxnABN2Pg3Ld97QlZjghV0AqZcoMwba/w0tY1XCDdUzxPMSeBNuB0SS4E3opyK09vUJPKmS/5UXsDEn5Z543VDuyF/Ao+/d/E63mj4E5w7wi5b/uQ9XO0vcf5484baHvljr2Cf/JE6KCRvvNqPfvjjWb3Q/BHyb74t4hzHP0jLaA8a/K55Q9Ww/Nr8mQje0AJNvKF+G7yh8Wfq0YbqmTem7uiMPxUf9/Z+35H83udbDqdHRUXVUrwBHBUVFbUc9PRXMfrWp5A+drf10PwGrGOCRQ+HxXexiWN+6TphqpUA6yZUpQlW0JRetbofcOgPfG2q4wS7FC+6CVXgCXZl/OgmVMb2u0ZgnfFvOqEy9bBFfU+oPMtvwhvXCbZX/FT4ZTnypxPeUCt1iE/8+GpCeNPmD3q2eDPxxr5DoiXe1OKPsYeJT9Tx+DctvxPedMkfbb4T4vvHN/5oh0j+EuaP9dMxwfyxt79P/jj3MPGJJpw/phsKPtUPzR+hWryhZ/TGH9GBHfOGquV4q8UfQ7VCWSHKn/q8oX5D/vjEzzLjDS3ftbVLmzfEb/MT0NbvO/bJwlgdx5+JN5Vf/47VbMob/3wnKmp5K94AjoqKilouWjyL9B8/idE/fhL86I+shzNmPUQ+GixwQu39TOCGNzAaT3BqTGjCTXAcu6lNNSrP1OKG419rqkAbZPJJ83UTGs3ZrVndhMbQu62o1wlUnxN4V94E5k8A3jTizyTypkv+dH7DlPiG6nTGn4rmdsKfiYq/PvkDMiCSXxE/3ryhNvKnBd5Q35M/teKJNsjkq5qEfKfUfMfeDaKJ5I1Qm7yhFsWALDHeuPLHrYL0hMBqVL4vYX3Gvy3+kObreKPhT5e8ceVPEPUafwbelPjT4ggsg993vHhDlcwgPW8d+OqNwOoLwOfWAbOrwadXA9MzwGC6aBEfgQ0XgdEC2PAs2OJZsIUzYAunwOZPgo0WbaWV1Ql/6ox/N/yJ8hUfjwlPwUcjIB0Cw0VgtAi+OA8szvddwagKxRvAUVFRUctM6VNfBv/GH2H05JfU9MeQVwF+CS4s7xsTYM0BjD5suE21OsFySICDJ7aeCbBlBWrjCZTNOkyoXHuzljqdUPuWX2PCFGKC7TVhajgBDzChrsubXlYAt8obKk/e9LXjpgZ/gvKmS/50Ov5Ny2+BP87xRyvs6uubm/s1xj/yp6765A9tsHA75g21NeKtojfD8KdL1eIN9QPzxyd+lgBvaLyZeOO6aayRJoI3orw2eWOIHx1vaDhKNQ7OnwDxZ+pdJ3U6/r7l0w9AC/yp/X1HG1DdPKPfA3+U3qrgT//j37R8h3ipMf7p6o3g6zaDn78FfN1F4LPrskGtzx+2eBbJueNIzh4DO/cikjPHJpY/pt6spb75E0XEwRfOAQtnwefPxBvCE6Z4AzgqKipqOeroDzD8+h9g9I9/nCV59gmO745cFmjCw5jqO6vjBM804aIT/JATLN+EWyh8dzhOeFppqZB+wqN0iE/8NJVn/Fkn8JrLNZ1geU3gK3y3Cla13s4fqw3+A4vND9n+5tLypkv+VHR3+B+YTbwRFeqBP543tIOrYfxNAn+EnHjTqP2uJfbJH09F/pR5E4w/DvEycfzR2DbVsLxW+ONynqa6wfjjfMUAcVA73mgDaqpr3oDUvgfeuOY7zbtjknhD4412SJAG2+Xzga443eZ78aZL/ni1vyPetLigpqSG4+8rJ940HH8GIJ1dC37BZUg3bAO/4LJsZ29FhRq1nyM5fTj/jy2cMhxn4k+d8W9qRdV75k9UUPHhAnDuFPi5U+OdwlG9Kt4AjoqKilquGp7D6KH/iNFDvw8Mz5VTb02+nySqb5sw0Q28dSfYSeKWUAsFyf+UAkRCS0voYoJNE2paQZPfUIEnVK61141/JyuUqR+0/Q4T8NYmVEIWfxJ/QKbdY65983hw6P7OedMlf4wNlzqoa950yZ8a4986b2q336lE1fbOn5Dtr6ElwB+h8Pwx8Gai+RNYPfGnyffP5PDHlTfUt4x/kPgSssRP17zxLD84b6h1iDehzvhTKqEL3tD4EwrMnxXAm8r4kd4wftydFYg3XfKn5fG3yuXj4X54GN50yR+lQib+tMAdQ/ylqzcifckV4BsuB19zQef8YQunMTj9ApKTh5CcPerdobbaTjJ/evm+jzKKz58GP3MCmD/Td1VWrOIN4KioqKhlrtE3/hCjh/4j+MkDzuklY5qUSvsDItkJ3CCFM+9AzhR4ReAkJrRSb7sltBM0oVTLd53S1Z9QuU/oaQNMvl/7RbGTNKGmvWvya6nV+HOIFwN/wv+g48ofvxZ684baFnjjyh9jBbtU17xx4Y9P/CxD3njFj69a5Q3VJPGGxhvIgNRrvzd/aox/67zpkj9e5XfEm5jvOOU7QTQR/OmQNzQ+Ai/QCMKfhq0Tqs2fLuVVfgD+tM4bS/y4VM/h6n3wJkh4dMobKvoB65I/maz5Tjv88Rn/Oq1Lz9uA9OLtSC/eAcyusVew7fEfLWBw8gCSE88hOXusZvmuRJ0k/kRNmvjCWeD0sfGfiI7qVPEGcFRUVNQK0Ohbn8Loq/8BOLEfcExwwdzTN6edwNILNJ+T69GagibYNRLg2gmu4wTK5nu23zph8rUBJliuva9VVxMsp/Jpg8X4C4WcYNviTxwWdsJUip8A4980/kr8ydTF8HfDG+pbxj9Iz9IGGlSTN1WnN+aP53Vo71Yq8sb+gfeJH8fm5n5WTGV1wre6mjcG/rSioPEXiDdd8sez/cH549D8oLyhWhL8afET6J3vdMCf9lpbjpeueUMVNN4ceOMy/m3yxoU/FWrMnxZ54zR8E8UbaukHYBJ505A/Ot50yR8db7rkT9D4c/1EmMefT60a3/jd9CrwNRc24I/cQEivOfCmov1s8TQGx5/D4MSzYItn/XlD7UrnT1Rt8fnT4CePAsOFvquyYhRvAEdFRUWtEKWPfhaLD/4OcPxpAAzMMbUz7szVZHgswA+8zjeB+074DN1BJ1w+1W2acJsmXPbuaD7hmfQfeIMrcPm2T4vThMuxWkEmYMoF6AzfIX6a2sYrhBuq5wnmJPAm3A6JpcAbUU7F6W1qEnnTJX8qL2DiT8u88cp3GvIn8Ph7F6/jjYY/wbkj7LLlT97D1f4S5483b6jtkT/2CvbJH6mDQvLGq/3ohz+e1QvNHyH/5tsiznH8g7SM9qDB75o3VA3Lr82fieANLdDEG+q3wRsaf6YebaieeWPqDhf+8PWXYnTpNeAbXuZVJEuHYGePIZk/AZw7iWR4Flg8hyRdBB8N8wLYYAppMg0+NQc+vQqYXYt07nykc+uBZEp3ZZgiLjlzGINjzyA5eVB9v/f5lsPpUctK/NRR8FMv9l2NFaF4AzgqKipqBWn0rU8hfeCj4KefzxMp419eprRn7tPFuhNqYU3PBAa5vskvS3OGbkJVmmCFSHBtEyzaIU4Naq6OE+xSvOgmVIEn2JXxI71hHG71DAe/4QQ75ATKpr4nVJ7lm1pb29aIN6HW+NMJb6iVOsQnfnw1Ibxp8wc9W7yZeGPfIdESb2rxx9jDxCfqePyblt8Jb7rkjzbfCfH94xt/tEMkfwnzx/rpmGD+2NvfJ3+ce5j4RBPOH9MNBZ/qh+aPUC3e0DN644/owI55Q9VyvNXij6FaoawQ5U993lC/IX984meZ8YaW79rapc0b4geOeD41h3TTKzC65NXA7OoybzS/7yQLp5CcOoTk1AtIzja/+ZWuugDpmpcgXX0x0tk1TuPPRgsYHNuHwYv7wEaLtco18aby699QrdC88c93ovoSXzwHfuIwsDjfd1WWteIN4KioqKgVptE3/hDDr/w2sHBaeb16KlxkbAywJtQsQEpX2nnc8AZG4wlOjQlNuAmOY7e1qUblmVrsYVu/YWqJH92ERnN2a1Y3oTH0bivqdQLVzQS+GW8C8ycAbxrxZxJ50yV/Or9hSnxDdTrjT0VzO+HPRMVfn/wBGRDJr4gfb95QG/nTAm+o78mfWvFEG2TyVU1CvlNqvmPvBtFE8kaoTd5Qi2JAlhhvXPnjVkF6QmA1Kt+XsD7j3xZ/SPN1vNHwp0veuPIniHqNPwNvSvxpcQSW+O876ar1SC99NdItr3Lq8eTEcxgc34/kzBHHCjpdVlF63gaM1l2K9PwtjnV6FlNH9oItnGiJP3XGvxv+RE2W+IkXwM+c6Lsay1bxBnBUVFTUCtTob/89hg/+jjbBBexpVcLc0678ejUSXBYyX2t1guWQAAdPbD0TYMMK1Pxt9Wj/CZTNOkyoXHuzljqdUPuWX2PCFGKC7TVhajgB95xQ17FK70lv9LICuFXeUHnypq8dNzX4E5Q3XfKn0/FvWn4L/HGOP1phV1/f3NyvMf6RP3XVJ39og4XbMW+orRFvFb0Zhj9dqhZvqB+YPz7xswR4Q+PNxJvS/eM2NBG8EeW1yRtD/Oh4Q8NRqnFw/gSIP1PvOqnT8fctn34AWuBP7e872oDq5hn9Hvij9FYFf/of/6blV8dLunYT0q3XIt2wzTr+U8f2YXB0L9jiaYcKh+EPnzkPwwtehtH6l1pbmpw5jKmjT4GdPtI6f0y9W0t98ycquPjpY+Anj/RdjWWpeAM4KioqagWKL5zG8K9uRfqP/wm6TMllBy+DPePTXyevhcUfy3gTuOMEzzThohP8kBMs34RbKHx3aFL2rn9gsU54qifQweUZf67RH3KC5TWBr/DdKljVelMJHjb4Dyxu/AnT/ubS8qZL/lR0d/gfmE28ERXqgT+eN7SDq2H8TQJ/hJx406j9riX2yR9PRf6UeROMPw7xMnH80dg21bC8Vvjjcp6musH443zFAHFQO95oA2qqa96A1L4H3rjmO827Y5J4Q+ONdkiQBtvl84GuON3me/GmS/54tb8j3rS4oKakhuPvKyfeaMZ/tG4L0pe/Efz8TZXXT04dwvThHwDzJ4Pzx7mNs2sx3Hgl0jUXk3fUDmXzJzD1wg+RnH6+xvg3taKyPfMnaiLEz50EP/Z839VYdoo3gKOioqJWqPjRJzH60q9j9IMvgSUoJbzg9gmT605g5wmWpRyQ6zXrALkgmlG3OLGumlGEnEDZFHhC5T3hDjChbjThDtp+hwl47Qm144TJ5k/iD8i0e8y1bx4PDt3vGj/N208L7IA/xoZLHdQ1b7rkT43xb503tdvvVKJqe+dPyPbX0BLgj1B4/hh4M9H8Caye+NPk+2dy+OPKG+pbxj9IfAlZ4qdr3niWH5w31DrEm1Bn/CmV0AVvaPwJBebPCuBNZfxIbxg/7s4KxJsu+dPy+Fvl8vFwPzwMb7rkj1IhE3+atTRddxlGl78RfO1Fhg5mYMMFTL3wfQyO78ekzLdG6y7B8KJXgCczxtOT+ROYOvJDJCcPaWu3lPjTy/d9VDDx+dPgLx7suxrLSvEGcFRUVNQK1uiH92N4/wfBj/5ofPM3V5ExMfG/2h8Qx5Yl1Ql1s2cCixqJ8gA1w0StBG8SE9qirY4J7QRNKNXyXad0Hrb2hJ42wOT7tZ8umJiECTXtXZNfS63Gn0O8VPCntx1YHvLmDbUt8MaVP8YKdqmueePCH5/4WYa88YofX7XKG6pJ4g2NN5ABqdd+b/7UGP/WedMlf7zK74g3Md9xyneCaCL40yFvaHwEXqARhD8NWydUmz9dyqv8APxpnTeW+HGpnsPV++BNkPDolDdU9APWJX8yWfOddvjjM/7y8aPzNyO9Yjf42pcYyxycfgGDg48hGZ6z86fj8edTcxhuugrpanP92fxJTL3wOJLTL5DyXYk6SfyJWsqKN4HDKt4AjoqKilrhGv797Rj91a3FBIuV06wE9jROd57yvvQCzedKC8INYk3yuaAJdo0EuLUVybSBBt+z/X1MsF2rV2sC3usEm5ZnmHDnamGibex4cVjYCVMpfgKMf9P4M/Gmi+HvhjfUt4x/kJ6lDTSoJm+qTm/MH8/r0N6tVOSN/QPvEz+Ozc39rJjK6oRvdTVvDPxpRUHjLxBvJngHVnD+ODQ/KG+olgR/WvwEeuc7HfCnvdaW46Vr3lAFjTcH3riMf5u8ceFPhRrzp0XeOA3fRPGGWvoBmETeNOSPjjdd8kfHmy75EzT+qj8B6eqXYHTFT4CvvwSlDs/s1JGnMHX48QD8oQ00+J7tFy8PL3oFhhe8zNwTZ49i+oUnwM6+GPkT1avin4MOp3gDOCoqKmqla/EsFv/f/wmjb/8ZRKbEmD6DUnbyajK8fCew4Qde1mCCI5TfBO474TPM/+iEy3B4kAmX6fcN/xtcrim4y4S36YTHcQI0YePftHzX6V7lhMuxWkEmYMoF6AzfIX6a2sYrhBuq5wnmJPAm3A6JpcAbUU7F6W1qEnnTJX8qL2DiT8u88bqh3ZA/gcffu3gdbzT8Cc4dYZctf/IervaXOH+8eUNtj/yxV7BP/kgdFJI3Xu1HP/zxrF5o/gj5N98WcY7jH6RltAcNfte8oWpYfm3+TARvaIEm3lC/Dd7Q+DP1aEP1zBtjd0yvxujK3Ug3Xm48dfr57yF5cW943mQHhP59Z3TByzC86BWa98c2OfU8pg59D2x4tjv+9D3+URMpfvoY+MkjfVdjySveAI6KioqKAn/6q1i891+DH9urJFhMk48x4tP3wezpnnViZZhgCfk/E1iTAOsmVKUJVogE1zbBoh3i1KDm6jjBLsWLiK+q+aZjNWtNuHUTKmP7bVP2QBPskBMom/qeUHmWb2ptyAm2V/xU+GU58qcT3lArdYhP/PhqQnjT5g96tngz8ca+Q6Il3tTij7GHiU/U8fg3Lb8T3nTJH22+E+L7xzf+aIdI/hLmj/XTMcH8sbe/T/449zDxiSacP6Ybmj7VD80foVq8oWf0xh/RgR3zhqrleKvFH0O1Qlkhyp/6vKF+Q/74xM8y4w0t37W1S5s3xPeNI5Zg9LI3YnTZq43HTR/89vh5v0vs953R+suwePFVxstNHduLqUPfsxaX+1lzK7/+HavZlDf++U7UJIufeAH8zIm+q7GkFW8AR0VFRUUBAIZf/Q8YfuWjpdfHN4HVjI1ZEmrTDuL8/QATOO0zgSsmZI0nODUmNOEmOI7d1KYaldfnBJ5a2iCTT5qvm9Bozm7N6iY0ht5tRb1OoAJN4JvGW4MdN978CcCbRvyZRN50yZ/Ob5gS31CdzvhT0dxO+DNR8dcnf0AGRPIr4sebN9RG/rTAG+p78qdWPNEGmXxVk5DvlJrv2LtBNJG8EWqTN9SiGJAlxhtX/rhVkJ4QWI3K9yWsz/i3xR/SfB1vNPzpkjeu/AmiXuPPwJsSf1ocAW/+qOqCP+mmH8Noxz831mH60HeQHHu63vfTBPBndMFLMbz4VcZDpg59F4MX92neqcGbCeNP1NJSemQ/sDjfdzWWrOIN4KioqKgoAAA/+RwW//x9SPd9tZRGiR23pddRkXZJuZaSv2eWBUhwmU8+12qC7ZAAB09sPRNgywrUxhMom9U1H/rq1JpA2dT1hMqr/BoTphATbK8JU8MJuMP4N7VK70lv9LICuNMJvSdv+tpxU4M/QXnTJX86Hf+m5bfAH+f4oxV29fXNzf0a4x/5U1d98oc2WLgd84baGvFW0Zth+NOlavGG+oH54xM/S4A3NN5MvCndP25DE8EbUV6bvDHEj443NBylGgfnT4D4M/Wukzodf9/y6QegBf7U/r6jDahuntHvgT9Kb1Xwp//xb1o+Q7p6A0av3AO++kLNBRmmXngcU0efqjH+k8WfxQ2XY7Rxu7YXkoVTGBx8DIOzLwbhT9F7AcKjb/5EdSq+eA78yLN9V2PJyvcGcNJSPaKioqKiehZbuwXJq94FDp7lSoVNueqPXY40s1xjecrHSRfn2dyLF0kYz64i+d4ZGs9yavkaVf/BwVYXp/qk7qIuXG6z7KPCavrcannZ8rxc2c/+Q+aDF1b6P1T6yH15/EuWV1hdnUmboPVR8pUB4JLvO/5NpLtmxX+cHKtWgZPLuY13yVaNAcqWftbVsScRkX1mSzGUWcixxqkv6sjVOpvaqrO2z1A+/mXe6Pij+USjUi4MscVbg/jj5FwNRDnuAAAgAElEQVQrf+BgfcZAxxvqV/LGhz/IfXX8eXWbbLyhlrQRWh/59dXDqE/+o+/prI8axl/n/EHZcuqTMa6KCD/+iDoR3kwUfzwV+ZPHgeoXY1o/30Huw+SH4I+ljdD6Jv5orG38m8hWngt/pIsF4Q/tcxt/yHX9+NMxb6h1iDeQPhKdmvtN1DVvqO/EG5j7KjvZhzfUlviTjb/6/VaOlTwOjNGF3A/Kmyb8WVb5jitvJN+lTy28acQfHW+ob+UPsfCwwfMdzyBoOP5a61Bc7svnMiC95JrxzV+5bdl/g2PPYHDkSXuf+YyBB3+M+U4N/kwd+SGS4/u1nZjOrMFo3aVFmxryB1qfDEBf/ImaaLHpObA1F/RdjRWjuAM4Kioqajlr8SwWv/BejJ68D+DlFYJ1dwJXrVgGb75C2WsnsNwg6wrhFi2XGy6vEKUVNPkNVdXBDS5n8+n4K9ZQrSArlKkftP2mEi3j3eWfeMzLqbhcm3L5OJhr3zweHLq/uxXKtMAO+GNsuNRBXfOmS/7UGP/WeVO7/U4lqrZ3/oRsfw0tAf4IheePgTcTzZ/A6ok/Tb5/Joc/rryhvmX8g8SXkCV+uuaNZ/nBeUOtQ7wJdcafUgld8IbGn1Bg/qwA3lTGj/RG8x2hgXjT6V+g8OiwNuTy8XA/PAxvuuSPUiETf9xaNLpoB0avfKv2/eTccczs+5qhg3VW6qAJ5s/CtjcinV2nfW/64LeRHN+/ZPjTy/d9VCdKDz8DDBf6rsaSU/wT0FFRUVFRikaP3oWFe/4VAC4leGrGxpJyRscqEuqqZwIz1wmWLoHOfCbuQHvIln73kdBKve2W0E7QhFIt33VK52FrT+hpA0y+X/vlBQyTMqGmvWvya6nV+HOIF+0NDJfxb2pF+yl//FrozRtqW+CNK3+MFexSXfPGhT8+8bMMeeMVP75qlTdUk8QbGm8gA1Kv/d78qTH+rfOmS/54ld8Rb2K+45TvBNFE8KdD3tD4CLxAIwh/GrZOqDZ/upRX+QH40zpvLPHjUj2Hq/fBmyDh0SlvqOgHrEv+ZLLmO+3wxzb+6dQc0lf9NNJ1l2ivO/30QxicPdacP72Of7m8dG49Fre+QXtocuZFTD33TbCheAbrUuBP1HIUnz8N/uLBvqux5BRvAEdFRUVFqRqexeLd/xLDp/46T7N0O3zByulY5U5gFC/QfE7cT64r5pLnBU2wXX9SCJHgOk6gbL5n+/uYYDeaQMGiiZpgGSbcuVqYaHuvSA7T3NwPMP5N46/En0xdDH83vKG+ZfyD9CxtoEE1eVN1emP+eF6H9m6lIm/sH3if+HFsbu5nxVRWJ3yrq3lj4E8rChp/gXgzwTuwgvPHoflBeUO1JPjT4ifQO9/pgD/ttbYcL13zhipovDnwxmX82+SNC38q1Jg/LfLGafgmijfU0g/AJPKmIX90vOmSPzredMmfoPFXnDC6ZCdGV1xHLjB+f+rIk5g6/ASqx78pf2gDDb5n+12uPtp4JYYbrtD20NQL38PU0b2RP1G9i794AHz+TN/VWFKKzwCOioqKilI1tQrJ9p8BUDybI80slyxPy885KT0TmAPgIvnneRKWTwYym9ZJzqRriHLo68p/9D2d9SlcOZeTNhXPR0FmaV9pLTxsXg7PfU59nvnc/GwYLp+b/58oi/qSdWkTlywcrLatyH3Ivjz+xM9ta+PveE1j+bzkq1UwPyenPP6SpX0uW5gsz33984HKfjmGilhTn0Mt+bXH3yP+tG2v4A8ZFi/Zxtsl/rwLK3w9b8R/juPv0+fGsTPwRvrPyB8pwky8yX1f3rjwR9tW6H3pMxt548AfONh8dB34U/kdJsou84ZX1dnUVp11jj8Tb8z8cVKj8TdYj8K1vKF+rfF3tL78kWKkF/64fGaU4Sj7kP3SZ1hjJ5g/XOdLB9Yff8k6xR9Xynfhj5k7nvxxbavOGtskxUclfxoqBH8aFG7iDei4V41/kzGw8UbyjbFijDCQV4qyK/lTizfUGnhD/a55Q9WofE6q4MGfznhDYoLwxTrfUs4p6libP87fdxW8acKfELypHX/jtvDpVUgvegXktokPA5s/hakXnij4AwfrMwY63lDfkO/U/31H8jnH4PAPwOZPajtztGYT0sFse/yR3pwI/kRNrlav77sGy15xB3BUVFTUChA/vh8Lf/ZO8Be+V7wGdRUQx3hhndh9K3xxnOznr5MFsXSFYOkvS5PzhXR+9eJZzRlKAQa/zTWzeUNph2iq24ZcqtlCcbnP9SuWq8a/qRWyrVgut991jWqd8a+qQJMVwha1PN6hyze1tratEW9C/iuUHfnTCW+olTrEJ358NSG8qbSO1awbbybe2HdItMSbWvwx9jDxiToe/6bld8KbLvmjzXdCfP/4xh/tEMlfwvyxfjommD/29vfJH+ceJj7RhPNHjD893Kf6ofkjVIs39Ize+CM6sGPeULUcb7X4Y6hWKCtE+VOfN9RvyB+f+FlmvKHlu7Z2afOG+JaWjLZcjdGV12nfn37umxicPGg+f5n8vjM6fzMWN/+49r3pQ9/B4NjTSnF58VlzK7/+HavZlDf++U7UUlP64gEg7gJ2lu8O4KmW6hEVFRUVNUFi6y5FcsVbMXzhu+IVgHOkDGBSAs0ZwFPkzwTmWWZlsilnYEx6nas25eNnAuevy+dLmSMnNzA4g/QMYp04SVAzXySBvPDHVhwvWY5x3assNOdJVmSduZ/96i/Kze8C6JLTNiaU3GJt5TtLjCPxs3EG18cDHX9Oxt8Wb9SKCMjHgmc+V/1y2ziZ0PB8ApO/D/v4lywntup4KUBFvBXxJLXJR1XjrTs29ATKufyCN5D54zn+JesZbzJv5B8Qi75vyJ/AvCnxJ+eNgT/yQEwibzzLL/Mme70ub2rxx86b4rMsxY/SXhN/ig6sxZsq/mjireCPXGcP/nQ8/k3LL/Em/7qqyR9T3FXGn8QbD/448cZz/MPxB0uTP46XN+c72XEd5Tuu/NG1rZN8xzn+qnnTGX+aqqr8Ct4U+Y44PFC+I9uG+Y6WN9TnIpw0498Cb5hUj154Q+Ubb87lG3hDfcqfVvKdwpbixZc3Gv7UG/+m33fV/DGqKW86+74z8KbEn3bznarfd2T+6Bpq4s3YNfCncvwZ+MaXQzkx67jk7FEkJw7kXemb70ze+JvLTY4/B7b+peCrLiidMlpzEZJjT+d9Y+JN7d93PPkD6nvkO1FLW+y88+OfgW5RcQdwVFRU1ArR6EcPYOFPbwBYOS90eSawLCV/5wAzbRHWnOsqZjux1Qk+vYDGl2eSXe68ydtfTKh07aXjZvJrW13zoa+Oza+loOMdunxTiwNa57ijFTb5+uYZfYfxb2qV3pN5Y2pum2qVN1SevOlrx00N/gTlTZf86XT8m5bfAn+c449W2NXXNzf3a4x/5E9d9ckf2mDhdswbamvEW0VvhuFPl6rFG+oH5o9P/CwB3tB4M/GmuIHVoiaCN6K8NnljiB8db2g4SjUOzp8A8WfqXSd1Ov6+5dMPQAv8qf19RxtQ3Tyj3wN/lN6q4E//4+9ffnrBSzHceUPmqReYfu5bGJw8IB3dZPwnnz/p2k1Y3PJqbT9NP/sIBqeeDzrfqqW++RPVu9LDTwPDxb6rsSQUnwEcFRUVFaXV4GXXIXnZbuTPuEJhS8/61djxs0kyf/xGkYSZfHjkaVy1PM3+bfpPc07JOhSX+6TuPCuHy22WfVRY1LC8bNXnrwqfQ/8cIfX/UOkj9/M66NrCK6yuzqRN0PqGyBADwCXfd/ybSHfNiv84OVatAieXcxvvkq0aA5QtJ+WoY08igkONHWIhxxqnvqgjV+tsaqvO2j5DFbwx8oeMQaVcGGKLtwbxx8m5Vv7AwfqMgY431K/kjQ9/kPvq+PPqNtl4Qy1pI7Q+8uurh1Gf/Eff01kfNYy/zvmDsuXUJ2NcFRF+/BF1IryZKP54KvInjwPVL8a0fr6D3IfJD8EfSxuh9U380Vjb+DeRrTwX/kgXC8If2uc2/pDr+vGnY95Q6xBvIH0kOjX3m6hr3lDfiTcw91V2sg9vqC3xJxt/9futHCt5HBijC7kflDdN+LOs8h1X3ki+S59aeNOIPzreUN/KH2LhYYPnO55B0HD8tdahOKF0wzbpjaItbP4UBicPdJLvuPLHmO805s/YJicPGp8FnK66sDZ/oPXFyz3zJ2rJic2t6bsKy1bxT0BHRUVFrSANXvompD96cJxAMZYtpMssY+OdwNLrip9vySXn5VdnZIUgc17AN76+5AhrXkBbllKAaYVwYRn1WeYz1WdwtFnDFZv10bgGFp/prdwC9/bDIUmmBagFi3EXx3Ho/dxyVoy7Mv7leNH6eZwRX9Mc24rlWitElfgTcUBLlOKlCHRl3FEaf4OlcZbbrERmiZe8HKm6UjUZaX8pfnSfN501KR8oUS5TrBh/Y/xIXKm0pvjJ4wwk7sz8kZuu5Y1X+6ULl5ZEO/DHwBtn/uh4o8RDTd4Y+FPdfoNVZOKNvkJW/uh448MfE2+kMJZr7sQbH/6YeLNk+KNWy8af6vZX2NIJmSaOP2Ur1zwsfwy8mWj+EGviTTD+0AuE4U9lvtOIP2Ur1zwsf1x5Q30Lf+T3bdbEn7xES/z45juaLtBa4xVM/KEDZuANjQNn3njwB/rh9+KPk2rwpul8y8gb+n0natAs3yl1R0/5TnPe0Diz8EfTHMqbWjtClf525Y+FN0HyHUf+kDyn/fmWA28ka8p3rLwJNt+yxI/Uzlr8UfrbxB89b/jUHPgFl0E3gIMT+9GMP+JyYflT3X6DVWTiz9gOTjyL4UteIR2Xxc3qDcDUNDBaDMQfE2/q88eJN1FLX3NrgFMv9l2LZal4AzgqKipqBYld9npwkUGlPP/bz+KZHGmW2OY+fcZvlhBbn9lBngmSKudluVs+c0DpmXjicuIlF3FIkzCetzJ/d+xLlgPBn1HFVSuy1CJflXxRYeeE3rETZGs71jKhKC4jxlPvOz2DlVopzlyfEQM5fnS+zzNhSHvzWMvGRcwvxcEu4+37DOC6z6jKfd0q2prtrxV/pnJ5dbwgH38o/PF+RpnPM6lovGh44yMtbzT88Rr/hrxhUj2q+FM0ALXbr1wuVPzlcoifGuPv+0xOVMWPjjdV7a/Fm4r4gSd/KnlD488hfqra7dD+duOvmjeoyxtP/oDEmy3f8Wm4N3+8xr9mvpN9Hy2ZZwB786fB908X+Y5z+4s8Iyh/quLFIf6svNG1yeGwcvsN1lfG8k38acgbW/w55jv2Z3DaG27ijfK+bfyD8Ub0dUX8dM0b3bmW8su8Ea93w5vSM8YNvMk/q1XzrcrPm5k3qt9uvlPEi0P8yG7w7xtHWcov8wbZMHWT77j+vlObP5Q3Jf7ox5+v25Q985bn8ZdVEsnx5/Tn66xjvlM0T5SH7vljib/k+LPAS3ZkBxcVSmfXIp27AMmpQxPLn1p9F7XkxKZmwKdngcX5vquy7BRvAEdFRUWtIA1e+gawi64Cnv9OloQBYFn6J60ELe0EZmOb+8A46RufkK8ALPkAiiSfJPvGFdHVp+UiCa3ritxScWz8KstOKPnZ/9ZdkQ5yXu6blhTnFaQTJOJ7TjBLVyuGq9rml3NdEey+Il10eKVvCgTjDjB9+0sil3XdEUCHZ2zFuBM/P77+inRj/Mh3ihUrDrNMsE3da+pu8pKxeDkeUBE/xhXBjjtiKngjjqtskIk3jvLmjWJdeePJH81xpvgxb2kQssSPL2+o78sbI38ceePKH9PIrRDeGOPH/oGXaguURjwQb8Qb2mqgIl7a4I2BP1rrmu+YtMTzHSNvXPkTKN8pfZxd+RNgB57ocOor1viBWAr80cRNoHzHzB1xWA/8ASrC0cQfR95IFTPyx6dBJv64ypE31LfyJ/vfun9hyRQvzfMdB/44dFfum/ijuazKGwTnjeLX5o0lfixhaeJN7lcO2yTOryhvRIUt/WGQKd9x5k9v+Y5wDbxx5Y/l+94n30nXXUIOGF8gOX0YyWg++0yEzXcm5fedEm/E66MFJGeOID1vI+k5gJ+3Hjj1/ITzB1ErQGz2PPB4Azi44jOAo6KiolaSBrNILtk1fuYvxqsY6XP8dDblmc8B8PHmYYDnSRgXNlV9WdZ8jeutuCY4+a/iHP/kkJNzedEG2efZcQ59xrOTnW1eDs99Tn2e+Zzn7+ltdm7+f6Is6kvWpU1yHMDBatuK3IfsS29SP7etjb/jNY3l85KvVoGTNleNv2Rpn8sWJstzvxhtGg28/H9KDBWxpj6HWvJrj79H/Gnbjvz6ojspb+oMv3W8XeLPu7DC1/NG/Oc4/j59bhw7A2+k/4z8kSLMxJvc9+WNC3+0bYXelz6zkTcO/IGDzUfXgT+V32Gi7DJveFWdTW3VWef4M/HGzB8nNRp/g/UoXMsb6tcaf0fryx8pRnrhj8tnRhmOsg/ZL32GNXaC+cN1vnRg/fGXrFP8caV8F/6YuePJH9e26qyxTVJ8VPKnoULwp0HhJt6AjnvV+DcZAxtvJN8YK8YIA3mlKLuSP7V4Q62BN9TvmjdUjcrnpAoe/OmMNyQmCF+s8y3lnKKOtfnj/H1XwZsm/AnBm5rxx9deTM4dt21w+gUzf+BgfcZAxxvqG/Kd+r/vSL6mDcmp57Wdm86uJ3U2WG1b7byZCP5ELQ3NrOq7BstScQdwVFRU1ArTYPOrMfrmpyF28o6XkyJfmQfNSj2xsi+RFsAiX/FXLIiVV10KX7Hy8VKdlAXFrOyLCUexaFRzBaUAg29dUlpY4zPysuPNK0bFadQvaq61TG9BfXJerlKzNCsotVcwFGypkFjpmfvZylBRrnnFqKgW3SHhaKVmyi2Rh9c43OoZqq8MUDkeSluuqCUB77pDobxiXXS3eF87WmWrqy5pcZVvDEjrFTKrG7CKGpfix3mFuiF+HHhTiz9aOfLHWgMpHmrzhlpxGUv8uH7cyXm5b21WN7yx78gz8YbukLDzhsabiTe5b1RLvHHgj5U3rvwxVNeZP1ag1eBNBX+ceVPij4k3dIeWJ39MvHHljzbfIbYObyw7wt3znaXNn/rPIEfhK9Xqjj+5Nao5f+o/k1N0c7/8MV84r2D1CZaBq/8MchIfMPGngjsG/sgtqeJPucM0V2iLPybe0Pjx5Q21nrwpyZk31LfwxxQvLvxBRbyU+OPJG9ISb964zrdc82XffCePO9HdffOG6X3TFQLlO/T7zT3fmUTeEF8TJ3x6DnzNxnKcMY7k9JH89eX7+465AoPTRzDU1JivOh985jwki2fz15fW7ztRy0VsZi4ObQuKN4CjoqKiVpjYxVeNv1A5R5rnw0x5JjDNsEzPhCm9z8nrXLXKs4ClmQNXZhJZLpuXrxOH+m7mi0yBF/7YiuMly8eTvkr7unsweOtufRWG54DjDyP91m3gDz2Y9ymkcvO7ALoMxmWeq9XtGPzWL4KdexDpbdcjld/iOns7Brdqjm+UQItxJ74Yf64ff99ncJbs6+/F1Nt2A3tvxfBTt6OY7EIqV3R74ZfbxvNwE4Ei5pP5+yDx4mI5sVXHSwFa+xl45WYZ2ms4NvQEyrl8Me6ifMfxt1nPeDPxpuj7hvzx5Y1nvBW8ob4mfmrzpkJa3hiuFaD8Mm+y1+vyxpc/jrwpPstS/CjtNfGn6MBavKnijybeCv7IdfbgT8fj37T8Em/yr6ua/DHFXWX8Sbzx4I8TbzzHPxx/sDT543h5c76THddWvlOTP7q2dZLvOMdfNW86409TVZVfwZsi3xGHB8p3ZNsw39HyhvpchJNm/FvgDZPq0QtvqHzjzbl8A2+oT/nTSr5T2FK8+PJGw59649/0+66aP0Y15U1n33cG3pT4026+Mwm/76SrN4JPzYCcACyeA5s/6RVv3fy+U6HQ8Td/EhieBabm1FOTafDp88AXzmSvqLyp/fuOJ39AfY98J2q5iAHxOcDBFW8AR0VFRa0wDS6+Gsn5lyA98ew4rWLIn/krci4mfABAsQNvPHfIfM7Gq/Y0S/l4ftb4fNnmK1ONOzCg+pK4fBhJaLV+qfTy5fU2WxEqDj5yP/hzx4uKnLcVbMMO4ILdSH5qN3DVnUi/cAv4i2JmWd7xWbJOS4p15xc9K69ApUlwMYGSjpf+XWcFuGKNO14KK5dZ8m1LYnVWCQlaYRovpsmlvjjTClyj1Q1X/r4Yf+qXd+DZdkAYR0D+JaNyx4UQ8fPy9d1lOVtbvFf8GHe8GOJFClQRb6UAVkdItd68MXSIhTf0bDfe0Opo4ifraGoh+1XxU5s3ov2iPPE29fXdlfsm3rjypxRvnvyROroWf3Qr7n34Y+KNK39chi8/XhM/dGenL3+0H3gdf4RsvPHkj0Px1byhti/+oNovOkz1Ws13aHX65I+QjT9qb5nONo+/JV6oNfJGHFeTP+YRU60vb+i7vryh1pc3rvwxxIsTf7QjJWTjj9r+/nhjiJ8K3uR+1Yg1zHcmgzeiXAN/gvDGED863tBwlPqrFD8m3rjyR8cbH/4Ey3dMFabxo8rIG1M4Uls5bGL8K+InC1BlPu/BH/d8xxA/Jt6Q7hUKzx8Db6gvxY2ooIg/E3/U8TdYb/6oCsafNRs0BzAM5o9Lw9M83ynZJcKf5NwJpGvKf2aXz6wBO3MkyHyr0rbEn6jlIzY9G58DHFjxBnBUVFTUStP0KmDDlcCJ/RAr69Is4eWMZTuBx5keZ9LrWcLL5aW84mYvR+5D/BMczJDk02RVeVG2NnGLtZyqm3CJBnFeTDJw8kGMvnh7OQ+/8F1gN/4ukovfh+TnZ5H+4QeQAqi1opkDpR1a+aRErP7mQH7OuNLSYYbukVfT8vyKxb+z5L3OCvGqFaBSTxlXkFdOeDRRQtvpMd5WecZfEffI4l2uLSeX812h7rhDgqyA18eL3BypUaIBFfNYU3fn45q9YBr/SuuwQrgUP5UrgEufaJTihzamYv6uHf8GvCldSuGNgT/524YdD9Q25U2+I1Tlj1Jppd3EN3SXmTfIhtGRPz47EGz88byhrbbbYH3UMP564Q/ljfgRtsQfDW+o78UfA28mij+eivwp8yb3pT6mla5obyVv2uCPJc78+KOxpgbWiTfdtTzyHVq+iTfU9+KPLW6a5DvU75o3LvzR8qaItxJ/qvIbm7rmDUh25sQb8Xa3+U7eHaV8R7Xm6Oon36nkz7LKd1x5I/k63njmO83nW6rl1M8PNvHHb/y7nW9Z1HD8tdaluFXrNOVz4NzJ8cvK+FP+hM13ms+3VOvPn7Jl504Aay6mHQQ+vSqvk898a/pX78P05Wv0g3J6L4Zf+jAWvvZEO/x592dx3rXbkH7jTTh3t+GYXJsx9bYPYOraXUjWrkH2PDzg9F6MHvsvWPz8F9S/rmfT7v8bq67fBTx5B87+0V0AgJkP/h2mLtqL4Qd/AQsA2OXXYbB+FvzYtzF68oDP1Ve2BtN912DZKd4AjoqKilqBGlzwMoye+pvsmb7FjlwGSCtFC5vIPrKVgCArkK0rlFUra1yO5EBzECyvKwWICY1SgmJLOw50O6KkuuQrieXzX/w8+CePg/+rz4BteDfYW38X7Et7Ia8QLS5h8ZnelptNdgBr2w8pSdbvAC51JCnY+gw8kBWg0kph0wpRtXrEt+6QIFVm6j+5sf2OUuJOxIFSgmLrPwNPjbeyzUpklnjJy5GqK1XTtCNV394Ka5JxR+TY1n8GHrGm+PHeIaE23baA3d5+6cKlJfkO/DHtwKTxYIofEnf2Z+I58sbAn+r2G6wiE2/0Far/DE5H/lh3SKg1L42md/sN3UF5s2T4o1bLxp/q9lfY0gmZJo4/ZSvXPCx/DLyZaP4Qa+JNMP7QC4ThT2W+04g/ZSvXPCx/XHlDfQt/5Pdt1sSfvERL/PjmO5ou0FrjFUz8oQNm4A2NA2feePAH+uH34o+TavDGkT/+vKHfd6IGzfKdUnf0lO805w2NMwt/NM2hvCH3Cx14I7c7+5+JyXcc+UPynPbnWw68kawp37HyJth8yxI/Ujtr8UfpbxN/yrzhs2uhG7hk8TT04x8q32nGn+r2G6wiE39U3iSLZzBSjs/en1k17lZP/uTVffp+pIeL6uHCq5G8dBum3nE7kulfwrkHDtTmjxNvKvUGzPybD2FqyxogPQX+3CNIDx0BLtyOZMs2DF73bzF42XbM3/Y7Wd+E0dRbfxPTl68Bf/IOnH3yroBXDqXtmHrH+zF1+Wa3w88eQPpPn8DC3z3RbrWm4g3g0Io3gKOioqJWotZdBnAgBc+TfzmTV57VC43Pxwlz6X2yQpAeJ/5MDAcAnu0Q5tlkwGVFYIU4pEmYcYWwZQcCtby4uHaFMDg47kf6tQcxuH4P2JW3Al/6lbx80YiiOZIvKuyc0NO2QCpH6gTZ0uMhHe8woSguw9RziV9rh4zDiuTyjgi5WXKrsv/12ZFF2ivCTwSSmF+qfei3Qtx3RbD3M/IsK4R92u8ef+QaWlsdL8jHH9mwuY1/mB2hUt+F5o2GP17jXxUvOmuMP0O8yI0MMaE2jr/jucbyHeKnxvh778Cqih8db6raX4s3FfEDT/5U8obGn0P8VLXbof3txl81b1CXN578AYk3BMt3DLyp4o/X+Nfjj/g+ovzJ/9nZ+BuOdS7fxJ8G3z918h3Km2D8KfKMoPypiheH+LPyRtcmh8PK7TdYXxnLN/GnIW9s8eeY7+T8kUbct+Em3ijv28Y/GG9EX1fET9e80Z1rKb/MG/F6N7xR5ucVvMk/q1XzrcrPm5k3qt9uvlPEi0P8yG7w7xtHWcov8wbZMHWT79Dfd0z5Tm3+UN6U+KMZ/5k1WSegSEwYBxbO6M+rso75TtE8UR66549D/HEAWDituQgDH8yCc9Eqv/EHAH7oQ5j/HJPGnYO9+XbM/ewuJG/8AAZf+Q2MavKnVlF8tWUAACAASURBVN9Jmvrl3xjf/D38ABb++DcxPCy/uxlTP/fvMLX6K0Fv/gJA+v37MDy2FjjY8g3TunrTzZh+0y6PT+U2JBfNIP27X8OwxWohibcrQyv2aFRUVNQKFDv/UoAV+WD+DGAAkFaCyjuEObKdwJBWBI5PVFYCyj4gvU7TCpatkWSFD/kwQxaSn0MSWtcVuaXisrppnxkknZS/nhWgrAR99EvgP7UH7MKdSACk+YrkbWDXfQTs6uvAzl837uj0HPDig+BffhfSH0gVZxzs2k8i+YnrgfPmxuUOjwMH7kd6//vAD4gGSistt/8fGPzUTWAbsz9ztHAI/PsfQ3rPnVKSXHH8uUPgT3wM6Rfv1Cws3oPBez4Ctm1HkS2ceRz84d9C+rf35+Oa/5B47R1IXrMH7MKLi+NPPAr+1ZuQ/sO+Im5efy+m9uwG9t6K0XevQfLP9oz75uAdGH7i1nGfbv8okrfcBHZh1mfD4+Df/SjSg2RElTigPqpFAsJ1R0BulbgT8UD8/Pj6K9JBzgOJP5SsOMwywS41yGAz0asZi88tWUEO4ht3JDjuiJECVuYNpOMqG+TIG5O8eaNYA2/k92GJH5k/FTsgTPFj3tIgZIkfyw8atqsZNzTkl7PEj+8OGGrp9x0FALXGHaf69pe0RHhjjB/7B16qLVAa8UC8EW9oq4GKeGmDNwb+aG2JN5786SLfyY/32QGj8sebN6780fHGhz/ZcJU+zq78CbADT3Q49RVr/EAsBf5U7KBqmO+YuSMO64E/QEU4mvjjyBupYkb++DTIxB9XOfKG+lb+ZP9r3THuyZvm+Y4Dfxy6K/dN/NFcVuUNgvNG8WvzxhI/lrA08Sb3K4dtEudXlDeiwpb+MMiU7zjzp7d8R7gG3rjyx/J975rvYGZOPSH7ECajeWl4wuc79C8clONhMvIdNlogPZdpMAvGmDd/igEp84Y/8BDSf74Lgwu2YsCYdudxqQF18x2jbsbUKzYAOIDRvfTmLwAcwPC//HIrNzRHX/m94DeVg+rvHkL61l0YrHY/hR98qPU2scGg/nBHaRVvAEdFRUWtQLE1F0Nec5tyy07gzC+t0FNWBEuTkjrf1p4Jr1QRs/UpXCmPrlAWbSsKGB8m7CfAz94Gdt4m4HUAvj5+PbnxHiSv3Aqkx8GPPAwcPAZc9jqwDXvArr8X7Peuz58ZjNffi+Qtu4HhIeCZB8FPzgFbrgG77F1Ifn4d0t9/F1JwqXE7kNy4G1jYB/7D+4HZ14JdshVs50eQnL0fo/v3qnXFVrDrd4Ml4vidYJt3gO28DYPzZzH69O3SCuG3IfkfPw22cQ449Tj4wUeBmdeCXboD7M2fRrL+FzG6575i5edPfglT/+y145vbRx8Ff34fsPG1YBftBNtzN9jR14E/pa4QxZqbMPiZHeNzjj0OfuzY+PUrb0fyzpvApgAcexT8uX3A+p1gV92GwUWPtjT+aBh/vOSrE7JiJTH1c8uBps/Es+8AhdYvt5+RDzHL66z4TXZgUltnhwLhDx0WL7mMt+6cWgXSEzjUH3hMOyQs42+LF1u8WXegQ/WN7TfEi9zBtXeoVOxIsMRL9Q4F2Md/ufPGxh8jb+j1HfhT2X6Wt0k6Ix9ntMUbbfyZeGPmj5Majb/BehSu5U2JP3XHvyX+ZO3Mv9+65o/PDiiND9kv3VDQ2PKwVVsfNeRPFiaqX8UbaoPyB+T61fyxt9+RPz68ceaPuDyJl6a88Wq/rsOk1xqXb+ZN/j4C5zvUuvCGNtTCG+p786cWb8z5Til+FP7Af7yDjX/T8mvkO9CNe9u8kRql4UvJzyXGWZwbgD+N852iOUsq35maHZ+glMeB4aJULwN/Wst3BN7H9bLlO2XryhvJN4w7G4obwOqA8MFUXidf/qjXI7xR3t6MqT3kObzpKfAf3YuFP7oDIw4A78Hsh2/GYFXxLF2I13+bvO6it12NJAFw+NtY+K7jORtvxMwvvBeDLRvGm17SBfDDj2D4l7dg0fUagOYZxVkb8AgW7zuCwVv3IMluvvLnH8DwT34Ti/kN6s2Yuv43MH3tLrBVWR323YvFo7sws2vb+M9KZ88exo/djNl3XI/BuqxPh6fAn7kPi3f/nuaGt6y7MP/JGcz+yvudbgLzJz+B+T+6K8jXQaVYYj8mykvxBnBUVFTUClSy5iUQ2Viek2Ur9ejKvfKKYZEmstwRv1eICT1dOKuep+b7HGIHMtTrSb5aURQFyVfWTahKE6yKGQhZqcmYmtaIlevi+NJOqZPHgQ1FAxjn4N+8F3y4D/yeO9V+eO9BJJe9Fuw6BvbA+LXkmt0ADoF/YQfSH0gFv+pOJNsfzFfs5h0xd/F4F+2f3lF05OvvweCtu8GuuAXs/g/kHckAYG4r2OHPIP3DDxQ9d+HNSH75o2DbPoDk1Xcg/da4oexf3IZk49z4+p+5o6jL5luQ/A+3gv34bRh8536kT2X1+Zt7kG58GPirW8GPFMOR/Nw/IblqB5LX7Eb61IPqPG/jDmDvRzH69Mfy6jNsBfvJd4FNAfzR9yH9888V84ar7sTgHe9Shlz+pzy8xuFWz1B9skLYvGPAYOWA99ihUF6xnlUj35GnNtdoddUlLa7yyxe0nUFO0C0xrqhxsWI4851XqEPva7jj+nsDra7ia+XIH2sNpHjQ8qciXuQ4U6y4jCV+mJuVW6z41mZZ4sW5AoZ4cd6RZ4iX0g4JgzU1r4I3pd/zSmqJNw78sfLGlT+G6jrzxwq0Gryp4I8zb0r8MfGG7tDy5I+JN6780eY7xNbhjWVHeJk/4rTlxZ/6zyBH4SvV6o4/uTWqOX/qP5NTdHO//DFfOK9g9QmWgav/DHISHzDxp4I7Bv7ILfGab+mu0BZ/TLyh8ePLG2o9eVOSM2+ob+GPKV5c+IOKeCnxx5M3pCXevHGdb7nmy775Th53orv75g3T+6YrBMp36Pebe74zibwhPq0BS8DZALoBY3yk+s7zLXEa9fXNsfLGlT863vjwx1QBnuprnAyk37wKzijfbxr+yOWXqnvldiSrAJw+gpQB7Mr3Y/ot14GdPYL0R4+AH58Bu3IXksvfg5n3H8HZO+9SWyKGVQw3ed1Fg4s2jNtz/Am3Uza+B7M334zBaoC/+BhGTx0BLrkKg01vwPRNnwX7k1/AQtO/6JxcjekbAP7cQxh+H0i270Jy0XWYvulmDH//DnAAg3d/DDPXbgPSU0iffATp4gYMtt6ImS301vd7Mfcv34NkdgF8/0MYHQKSl1+N5GU3Yvr6xzD8k/ur67L/U5i/ewvmbnp79V9efv4vsPBHn0JacUgwldgY1VTxBnBUVFTUChSbW4/xCkCRwDMg5dmdWOQTKrFyNMv8sklBeWVp/n7FDp3Ss4ClmYO681icLlLHsniW/BfvGnYk8Kw5uhWbfDzpq7T59cR8Q72OyDqZkkpy8f/AU/8rRk9p6v/cE0gu2wmsfyk43zdOqBnAcA4YZtcWl3zsVzB6TDl7XIf0UaR/ebuaCP/9/eA/sRts9VYwcKRcOh77wO+7uUjYOICjtyN97N0YvHYn2NU3g3/zdgDvQrJtK4DHkf4Fuf5ztyH94U0YXLUV7Np3gj/5ueyNO8DvlmYo2binP3wcyVVbgfN2AngAygrRhYeRfvpj2VhmcYD3IbloDjh1P/h/vVuNl2//CtLX7EGybV0+xsVkF1K5YnJQ+OVM37QDgfSxr/VZISwFaO1n4JWbZWiv4VjTjL2unMsXn3tRvhh/abzr2KoVypoV0CbeFH1vmngYdiBQ/vjyxjPexIdz+T2Ds7o45OOdve6yQt2wAl6xTnFm503xWZbiR2mviT9FB9biTRV/NPFm3YFgG5SOx79p+SXe5F9XNfnjs0MrjzOJNx78ceKN5/iH4w+WJn8cL5/zhvpN+VPre87OH13bOsl3nOOvmjed8aepqsqv4E2R74jDA+U7sm2Y72h5Q30uwkkz/i3wprTjsmveUPnGm3P5Bt5Qn/KnlXynsKV48eWNhj/1xr/p9101f4xqypvOvu8MvCnxp918p+7vO1W8GbsG/tDxR4rsOWUgJ4Bz7h1/pnxn8sbfp3yuuQADWALxDGDKG93ve8X4Z2fMvBWD10gFrnsNpt745vGV9t2PIefAE5/A4t1fw+gbXypGfOO/xdwHb0Sy5Q2Y4ndhKPpeaqf82TW236Bk9Vr3gwEM9tw43g2771M4d8cn8qIGN30eszu3Yeot78XCE5/yumZJszPgj9yCs3/20Njf+BuY+/W3I9lwNaYALOK9mN65DcARjD5/A+a/kZ238T2Y/bWbMZCvtXsX2CyA/V/A2f+r2LzBXn0jBqctN3+Fvvs7mL9vM+Z+1vA84NOPYPFPfqfDP2dt4kRUXcUbwFFRUVErUbPng4PlO28ZoEwOxn7xzF8AyFeOivM8V6SWrLQScVwsI4dVf+kz8T9Z3kgXENddkSlWPeqfASxe0qxAXrsOwPH8BLrjE+DA5reBbTx//GePAbC1N4Cx28fvP/M4sHEH2I0PY/Dtz4E/fjf43qdRztyzlZYLx4AXmdoPpIeYbM/tA3+qWKWZD9M3HgdeuxNYswOMMXBcB7YGwKl9wIvjg5RW7N8HXLUVWH8dGPu8NM+TdmpeuBu49GIA8+Pz1uyQej7TicfHN6Pljn/9zvF87dijSOkSWTCkRw8WN4BLFaPxYokfQzjSs42WxJ0ab2L8qV/egWdbgWycwZH4KybU1AoRPy9f312Ws7XF2+ab6nCZdrwUVlSMQeWNiLe6vFEtVL/oIH2HWHhDz3bjjYYvNH4EZ4iF7FfFj9MWhor4kX7AyQaE+Pruyn3NcGmtoRbleDPtuDPEj9TR1FesKX50K+59+GPijSt/XIYvP14TP3Rnpy9/tB94HX+EbLzx5I9D8dW8obYv/qDaLzpM9Rz5Y6yFIdwnjz9CNv6ovWU62zz+lnih1nmHryd/zCOmWl/e0Hd9eUOtL29c+WOIFyf+aEdKyMYftf398cYQPxW8yf2qEWuY70wGb0S5Bv4E4Y0hfnS8oeEo9Vcpfky8ceWPjjc+/AmW75gqTONHlZE3pnCktnLYxPhXxE8WoMp83oM/7vmOIX5MvCHdKxSePwbeUF+KG1FBEX8m/qjjb7De/FEVij/FCfIBDOPfm0Srm+c7Jbtk+MPImUX5+mcAU/7Q+Mm6eeeHMLOTXnQB/Mm7sPCf/yIboAMY/sOBYkwuvw6DdQvAPIAkO0TmjAd/TEpPnwSwxvn4wSWbAZzC6LHi5i8AjP7bt8F3bga7aBem8KmGzwzei5G4+QsAh/eCnwWwas24a8RN3cOPYOEb0mmH78LomV/CYLvUnu8+Af7Tu8A27cHcO09i8Zv3Y/TkAfBvfsGrjvwrv4aFiz6L2Wu3qW8M92J4969Jf5q6C3H7IVFeijeAo6KiolagWPZcFLEGMsX4T9lwhmwn8DjTU54VIiW8+dpJsQMhxXhCJe1IYCQlzVcAm6RLdB0Ozx2ddT1frh8H8hXK0vW0K5bzlag3A6sB4CD418cncADswneC7fkgkm07jN+44nrpX7wLmPpTJDt2gl17K9i1twLD4+B7Pw1+361Ij4qjpdWxXKxM1V+ZS5Ypr7Hi30fPjt+fmss7ggNg5w5KO4ilcX94L/h/vxssEStCOTi/Bsk77kCyfTswN+fa4+RtyR8ekybYkl44BGBH+RIh8sM68SfHB5RoJ5fzXaHuuEOCrIAXlS7vUIfiKw2omMfSLij8LB6yF9p6BqeRNyLolR0IuviqAI5l/q4dfxNnasSfyhsDf/K3DTseqLXFiyX+TDvSlUor7Sa+obsU3gDS+CMbRkMc0Ljx2YEgDaR2B4vnDW213Qbro4bx1wt/KG/Ej7Al/mh4Q30v/hh4M1H88VTkT5k3hh3pSqUr2lvJmzb4Y4kzP/5orKmBdeJNdy2PfIeWb+IN9b34Y4ubJvkO9bvmjQt/tLwp4q3yL0z4qmvegGRnTrwRb3eb7+TdUcp3VGuOrn7ynUr+LKt8x5U3kq/jjWe+03y+pVpO/fxgE3/8xr/b+ZZFDcdfax2KY+ki+GCGlMfB2QCMD8n4U/6EzXeaz7dU688fjc2fr0oGJB1Kv++4xZ/yiXz6fozym4QL4E//A9Knv4TRM6IYDmx8G6bf+X5Mbd0MRn8fO1vRwDr8yTR6/giAzWDrtjukPVcB09k/6d86PrwwbnHS6Ft4rLNHqusxMzsuI10oHTc8fhgz8g3tw3dg/p4NmH3bHiSvez9mX/d+YHgK6Q/vxfCLd1ieAaxqdPctWFz9cUz/2IassCMY3XeL+7OTQ4k3GPAoreIN4KioqKiVqMEMADH5K1aGqjuCs7RGWimasCyZHL9B0j51hSBKK5QLhyZeonwGQLq8VVn1JUd6kZdKUGxpx4FuR5RUl3wlMTmfgQPX7AabA/Dio0Wf8ZciufEOsIvngDP7wPc+PE5qAWDVTrArdki9CDD2NPgXd4//rMq268F2vBvs5bvBrvgA2Lr1wMfFs3ulZ60w6d+l+RjZAaz5NwDg5ReM/zXMdiWLa05doIy3WOmJa7dlyWg23mBIfv5zSLZfDCwcAt/7JeDEuayMrWA7X6uULU9SlFFhDEwk2XObpLiT4uUlF8vNU/7J1eH0nyQocSfiQClBsfWfgafGW9lmJQo/rwHx83Kk6krVNO1I1be3wppk3BE5tvWfgUcsqBXj7btDQm26bQG7vf3ShUtL8h34Y9qBSePBFD8k7uzPxCM+01tQ36n9BquIXNC0I4Cp8WGMH2lngtGiIn6sOyTUmpdG07v9hu6gvFky/FGrZeNPdfsrbOmETBPHn7KVax6WPwbeTDR/iDXxJhh/6AXC8EfeoRmWP2Ur1zwsf1x5Q30Lf+T3bdbEn7xES/z45juaLtBa4xVM/KEDZuANjQNn3njwB/rh9+KPk2rwxpE//ryh33eiBs3ynVJ39JTvNOcNjTMLfzTNobwh9wsdeCO3O/uficl3HPlD8pz251sOvJGsKd+x8ibYfMsSP1I7a/FH6W8TfzS8GS4Ag9nywE1NA4sjzfiHynea8ae6/QaryMQflTd8aoYcn0VROsx/3/HhT17d5z+MxbvL1SzGn2HqZ2/G9OUbgLN7MfruE8AQ4FiLwVVvyI9VWuLDG5Pu+zbSN1+FZOPVmPkxYL7yZuZjwGL2z4S8tXFmXK+0flWctZD9Jb1kptT0qXUbS4fzhz6Mcw99GLj0DZja/gYMXv02DF7xHszMnsTwD3z+XPUBLP7JrwLv+zimXw6M7vtVzH/lQMPG1BDv5EnDK0rxBnBUVFTUCpV4ji5S5Dt+0yyhTSHW9KkZl9sOB2nFuua8PIGRViBzpvo+CZ5yGi9ezBPO8QuZb9mBQG1+PTHf0K3w3IPBG/cAOAf+xEeQAtkK0fcBL5kDzj2I9PeuVxYQsp99OH9uB9fNnPbeA/6jewBsRfK+R5Fsem3epqItkF4r6ik7yvFzW8FezpE+JR3LAHbl1rF/6vHxkfwB8FM3gZ2/FbiAgx8FinEE2KbsJuyxB8Z1x7vAtlwMYB/4J67B6KjUkNfei6mdcn2UKUIeB/mK1IcfBd+zG2z9TiR8vDNdjp9k41Z14PPJrhgkpukHg8jMpFi4AMg7EuS6+q4Q910R7P2MPMsKYZ/22yeUhmtobREvkGqs+LzGjghqa+0ILfOnzoRSyxsNf7zGvypedNYYf4Z4kRtZZ7x1nVBlbecay3eInxrj770Dqyp+dLypan8t3lTEDzz5U8kbGn8O8VPVbof2txt/1bxBXd548gck3kLkO6Kh3vzxGv96/BHfR5Q/+T87G3/Dsc7lm/jT4PtHF29O/JH7MhR/ijwjKH+q4sUh/qy80bXJ4bBy+w3WV8byTfxpyBtb/DnmOzl/pBH3bbiJN8r7tvEPxhvR1xXx0zVvdOdayi/zRrzeDW+4HC8VvMk/q1XzrcrPm5k3qt9uvlPEi0P8yG7w7xtHWcov8wbZMHWT7yjxU5Hv1OYP5U2JP+Xxx8JZYHZNHnfCpoNZDBbOBuKPGi9F80R56J4/DvHHAaSDGc1FGDCch3gGsO/4j0+yc4itmgUApI/9Aubvzir2Y/8Oq14DaQfwV5CevhnJqo1gPwHgwfHr7M1vQLLKuwcB3IHF774Zszs3Y/DOj2H6D24hf854M6au/xAGqz+B+T97BKNnD2Dqos0YXPV+sK9IzwD+6avHrX3+kYZ//tlBDz4CvmcX2MZdmLkWyjOAB5fRP2f9dky96QkM/+4JYP9DGO5/CMO/nsXcbW9Hsn4bvbKDDmDxzhvy++B9iI+6e9rwSlG8ARwVFRW1UiWtAB4nhdkKPpal5ZoVocp50gpUsQKw5CO7oGTzH540K6K59LJ1bkASWVF34ZhW5ErFSVasACW+dFL+elYA4xzY8n4Mrr8V7EIAR+4G//LTRd/xeWAIYGY92IUMTNwYvfBmJDuKP2M8vu42JO/8CPjXfhFcLLATK1Kni+PGPS+ttJRWoJIZtHScsFvB3nYHkj8c7yTmDGAX3ozkqp0ADoF/+45x69jnwff+FthVO5G8/QPgn7kj6242Pv4VOwDsA3/48xg/I+b5cTsxB2wFcFSM/9sw+O9eW6qP+iMHpDhkAG4F3/8rYC/dDfYv3g3255/L445d9UmwS+eU66kTGuqjWiQgXHcE5FaOs3xFMPHz4+uvSAc5D3L8lZZgM6n9lgm2/uNZtpno1YzF55asIAfxjTsSHHfEVPBG4ZWpQSX+mLtKJ9cdAHpr4I38Pizxk3V0eQeMIV7oLwDGLQ1Clvix/KBhu5pxQ0N+OUv8+O6AoVb6AlB808gZd5zq21/SEuGNMX7sH3iptkBpxAPxRryhrQYq4qUN3hj4o7WafKeq/SUZPr5B8538eJ8dMCp/vHnjyh8db3z4kw1X6ePsyp8AO/BEh1NfscYPxFLgjyZuAuU7Zu6Iw3rgD1ARjib+OPJGqpiRPz4NMvHHVY68ob6VP9n/WneMe/Kmeb7jwB+H7sp9E380l1V5g+C8UfzavLHEjyUsTbzJ/cphm8T5FeWNqLClPwwy5TvO/Okt3xGugTeu/LF83zvnO4tnxiylO85nzgPOHTPHT8N8h/6Fg3I8TEi+M7Oa9FzmDeehfwZwNX+KC9j5M3zuOUxfvh3Jq+/B3NpHwKe3I7lsS/GX4BgAfgCj/QcwtXEzBm/5LGa3PAG+ehsGV2y3fYSMGn3md7F484cwvfUNmP7gfZh67nGkh44A67ch2bQdbDWAw29Hgkcwuv8LGG2/GYOt78Xcb+5C+tQR4JKrMNi0Yfw83C/77Kitq09h8dE9mL12GwbvvA9zux5BurgBg61XgSULAGbyI9k7bsTMm7Zj5if3Ij3wBNLTa5Fs3zX+645Hn+igri0obf0W+4pTvAEcFRUVtWKVPfsX45V6TFqZB8aUZwGnWcKr7OAFL5LALBkdPwtY8mGd58jV8Up483PouTAcaytcKY+sUF6zG8kN1xSHr98JrN0Edv668Z+GOXQnRl+4pbgM5+D4CPi+m8Cu3An2/seR7P86MNgBtnkH8OLjwHk7pKrfDOy4AckrjwHHHgc/9jgw3ARs2gm2BsALX0fKgfG6U6lx+UpUXbuLVc0cADu3D/y8m5B8cDf4/oeB2Z3jukwB2Hs70m8W45/+1w8Cmz6NZNtHMfg3N4EffBSY2Qm2ZQcwdQ78Wx/E6CnRYQ8g/f6jGLx+J9jP7sPgmq8DaVb3E4+DY0fWj2SFqFTZvA0MSB/4HNh7bgLbeScG224B3/8EsH4n2KatwPOPApt2li9hsj5qFH+85KuxX6wkpn5uOdD0mXj2HaDQ+uX2Sx9i6QxO/SY7MKmts0NB2ZFQHhYvuYy37pxaBdITOPmBx7RDwjL+tnixxZt1BzpU39h+Q7zIHVx7h0rFjgRLvFTvUIB9/Jc7b2z8MfKGXt+BP5XtZ3mbpDPycUZbvNHGn4k3Zv44qdH4G6xH4VrelPhTd/xb4k/Wzvz7rWv++OyA0viQ/dINBY0tD1u19VFD/mRhovpVvKE2KH9Arl/NH3v7Hfnjwxtn/ojLk3hpyhuv9us6THqtcflm3uTvI3C+Q60Lb2hDLbyhvjd/avHGnO+U4kfhD/zHO9j4Ny2/Rr4D3bi3zRupURq+lPxcYpzFuQH40zjfKZqzlPIddu7E+ASlPI50evX4r7BV8ae1fEfgfVwvW75Ttq68kXzDuPPp86SLFwPCFs/mdfLlj3q9Mm/yML73N7Fw3scwfc02JK/YM35W7de/gPQ17ynGBsDos7+LxbX/M6Zetg2DXduA+SNIv3EX0h9/Dwa1dgE/hMU7fgn8bR/A1LW7kGzZhcGl2VunDyB95AtY/PJd47/ad/guzN+xgJlfeC8GW67CYBfGz+J9/iEM//IWLHZ0T3V09y1YGH4I0z9+FZLLr0OSLoD/6C4sHHsDZrI+AQD+1buwuOG9mLpiG5JXbBv/5erhKaTf/wIW//iubiobWsM+9x8vTzHOa2E8KioqKmqJ6/iHz8/TNZH2JYz6TErj1ONKr2eJLCDNb7ITSvMdSCdL1xVKiF9WOQFm0EyoShMs2wyE2Nfdi8FbduurMDwHHH8Y/Fu3If37vy0anJ/OAXYN2A13InlldqM1PQ48/RmkP9iJ5K27gb23YvSn4x222Pw+JD9zC9hLLi6WZw2PA3s/g/T+W7M/xQwAt2Nw603jPy39sRuKXuAA2M1IbvkoGB5EetsNWaJ9Owa/lR3/xUfBfuomsI3rxuecOwT+xMeQfvFOTQP3IHnPR8C27Sjqc+Zx8Id/C+nf3k8m4FuBt96OwY/vBuYApOeAw/ci/dw5sH99E9jhz2D4Bx8Yd8vr78HUnt3A4c9g9Acf0Pf+lvchueHWcT2TcT/w734U6cHrMdgz7rfhp+9Qo0G6gHG41TMcfA8rz+zqnK6f0AAAIABJREFUxpthAuUklwl1m/Is39Ta2lbT/a6/N9j8sjRnhOBN03ir3KEQWC7VbKG43Dc132P8m8abiTel3/NKaok3tfhj7GHiE3U8/k3L74Q3XfJHx5sg3z++8Uc7RPKXMH+sn44J5o+9/X3yx7mHiU804fwR408P96l+aP4I1eINPaM3/ogO7Jg3VC3HWy3+GKoVygpR/tTnDfUb8scnfpYZb2j5rq1d2rwhvqbm6aXXYHj5T5ReH5w6iOlnv+neA9Z8p7JBzdVS/C1e8hqM1lxcen3q+e9i6sV9RfFZcyu//h2r2ZQ3/vnOMtDGzWCHD5Bmbsb0zf8PprcC6Zd/Eufu66luLYufeAH8zIm+qzHR+uGvP+R1fLwBHBUVFbVCdex/XwuW3WllWUYl/PGfuBkfN76pO86w8j/2wtTMi/yxM+X90p/ikl833MBgDhN63YQmYeX3Q05owk1wXCpou0BDNSqvzwk8tbRBJp80Xzeh0ZzdmtVNaAy924p6nUC5T+CDWe8bpv78qYyfALxpxJ9J5E2X/On8hinxDdXpjD8Vze2EPxMVf33yB2RAJL8ifrx5Q23kTwu8ob4nf2rFE22QyVc1CflOqfmOvRtEE8kboTZ5Qy2KAVlivHHlj1sF6QmB1ah8X8L6jH9b/CHN1/FGw58ueePKnyDqNf4MvCnxp8UR8OaPqlD8GV3wUox23lA+YPEc5p78m3C8MTVgwvkzf8VPAlNz5GSG6WceRnL6cO5beTNh/Fleym70XrYA/vxzSJ/fC764FsnLr0ZywRrg5ENY+O1b2n8WcU9Kj+wHFuf7rsZEy/cGcPwT0FFRUVErVXIyTnyGwnKIHb/FU1KyE7ID2Ph5IrqHjGB8HhPHSzZ/nbGifOWw6uRO+ww86pdKLV9eb03PqJJ8ktAyktiabnyXKmx9Jp4hAbasQLVOoDTD5ZWO655RhWJcS88wo75pAMwjplrrM6ks8UMuR8PNWgvdcOXva+IFalzQZwRZn4HnMsHymTCZnlGlP7rs6+Z15tqWLTM8o8oULxXPpFLH32CNH3ioftFB+g6x8Iae7cYbWh0zb6hV+FMVP8F548kfE29c+VOKN0/+SB1diz/ez8SrBoo3f1yGLz9eEz+mZ+A1fgYn5Y+QjTee/HEovpo31PbFH1T7RYepniN/jLUwhPvk8UfIxh+1t0xnm8ffEi/UGnkjjqvJH/OIqXZJ5jsO/DHEixN/tCMlZOOP2v7+eGOIn2DPHLfwp+gg1ZsI3ohy/Z/B2cr8ioaj1F+l+DHxxpU/xmcAO/InWL5jqjCNH1VG3pjCkdrKYRPjXxE/Yv7OZN+dP/VvYNEGVHevUHj+mJ4BTHwpbkQFRfyZ+KOOv8F680dVKP4kp15AOlwAn5qRDmDA9Bz47BqwhVMw88c93ynZJcAfzKwBpsp/Q5mli2Dzp6F/BjDlj+fvOx3xZ3npABb//A6wt/8cBlu3Y7Bp+/jl4Snw/fdj8bMfXrY3fwEeb/62oLgDOCoqKmqF6tiH1kKZEInEFkWiy7IElCXFhEeeKDEpiWckBS0mWGpiKkuZA0gJLhOJnqcscwpFpgkXTbAtaX44q5tfinahVndUiF7RMMNspaVCtgkPPb5l6arrcLjN9xlvrwl+RXVtvlsFq1pvKsHDNv2BxdsP2f7mmsQdEjJ/w84OTLwRFeqBP543tIOrYfxNAn+EnHjTqP2uJfbJH09F/pR5E4w/DvEycfzR2DbVsLxW+ONynqa6wfjjfMUAcVA73mgDaqpr3oDUvgfeuOY7zbtjknhD4412SJAG2+Xzga443eZ78aZL/ni1vyPeBJ1vWdRw/H0l1254zc8hXbelVN70C99DcnRv7fFviz/NZeKPakcXbsPwoleWapycPoLpZx4O1PJMffMnakmKL5wFP/pc39WYeMUdwFFRUVFRTuJg42ftcjbe4csyX7wurRjNVz3K74ORfC67TpbXAUyXhponUKxwxBzZs0HlCbaxZM2OA8OOqNLOTZM1rFAvmmXxmd7KLXBvPxwSalqAWrAYf3Ec3cmt27GgrhQtrxBVq0d84wplxwl30wklk62IA1qiFC+6FcGaFcLGeDGsSC+GwRIveTlSdaVqmnak6ttbYU0y7ohk2XzTEj/5eFusKX68d0ioTbctYLe3X7pw6RcEB/6YdmC68sewQr24TE3eGPhT3X6DVWTijb5CVv7oeOPDHxNvpDCWa+7EGx/+mHizZPijVsvGn+r2V9jSCZkmjj9lK9c8LH8MvJlo/hBr4k0w/tALhOFPZb7TiD9lK9c8LH9ceUN9C3/k923WxJ+8REv8+OY7mi7QWuMVTPyhA2bgDY0DZ9548Af64ffij5Nq8KbpfMvIG/p9J2rQLN8pdUdP+U5z3tA4s/BH0xzKG+P9wiop/e3KHwtvguQ7jvwheU778y0H3kjWlO9YeRNsvmWJH6mdtfij9LeJP3resJOHgPVbQAdwtPoiDF7ci2b8EZcLy5/q9husIhN/Ct6kay6SjitsMn983Da0me/U548Tb6KWhxbO9l2DZal4AzgqKipqpYrz7ObuOBkD50izxDb3lSSOg2eesCkfJ87561y142STZ8mgOC7L3TgvkkSR4TFWO8HjkCZhnOeXEe8Wbcgsx7juVVZ3XpXlqhWNKJoj+aLCzgm9YyfI1nasZUJRXEaMo943jT+NF8VKcWa05DzI8aPzxayyRvvVHQk8n1+Kg13Gu2Sr4qUy/rL4qIofQBxUHvdA4+90Da2tjhfk4w+FP7bxL1kab5b4U+KlDd5o+OM1/g15w6R6VPGnaABqt1+5XKj4y+UQPzXG38ofbbxU8Ifypqr9tXhTET/w5E8lb2j8OcRPVbsd2t9u/FXzBnV548kfkHgTvGme7xh4U8Ufr/Gvme9k30eUP/k/Oxt/w7HO5Zv40+D7p4t8x7n9RZ4RlD9V8eIQf1be6NrkcFi5/QbrK2P5Jv405I0t/hzznZw/0oj7NtzEG+V92/gH443o64r46Zo3unMt5Zd5I17vhjfK/LyCN/lntWq+Vfl5M/NG9dvNd4p4cYgf2Q3+feMoS/ll3iAbpm7yHfr7jinfqc0fypsSfwzjf/xZ/P/s3Xu8JGVh5/9vdfc5Z2bgzMCAw8AAI3Jx5KIOCiREIEqUqPw2Ei9Rs3ETc9lNzMa8Yszlt0I2cTfJ7uq+8tuXuWhWd5ckmoiJGGUNGFRQMYgCyiggF5mBAeYwnGGuZ8453V2/P7qru/rpeqqeqq5L9zmfty+sefpUVz1V9fT3PE8/Xad16vZ+x6S7bK87Qe36jGrNxRHzZ7C99A8v2J/Kz5+E9ufXZ9Red0Jkhbwjz/XOaWdT45U/mc4dJpK/eKTqKqxITAADwGoV/kSy3yl7wePhcmiV4LuAOx1cr9s/638CsPODULn37PAyYv+R5YT6Gx1a10/kDu2udwx+dLn7/1k/kS7jeb2y9bthggqaAySjnHKAObS1/uWKX/Y25/qJYPdPpAcnPLZsaxDWO8Cij3+IsVnXOwLMy+MFr5XuOxoD5d762T+Rbm0/4ZnigWWwWsIA23Z6bafbeMi6+3B7UEz7sX4i2PGOmJi8CdaLPaC0eWNInTcDS9e8SZk/EevZ2o/9loZAQvtJmzdmOW3eWPPHMW9c88d25VZJ3ljbT/ILPlRbaeiK55Q3vTewoqqhmPZSRN5Y8idyucr7O9a8cc2fnPo7Qy9n1/zJ4Q684ISb5YGl9QUxCfkT0W5y6u/YcydYrYL8kWKaoy1/HPMmVDFr/qQ5IFv+uHLMG7OcmD/d/8/6F5Zs7WX0/o5D/jicrl7Zlj8Rmx3MG+WeNwPlzHmT0H4SmqUtb3rl2Ms2juMrM2+CCiecDwtbf8c5fyrr7wRFS9645k/C7/s0/R3vuafkLeyTv+74/ouwu4H2hlM6fwY65/7OuLy/M5Q33WVrwxbjGd1X0uJB1RfmO+1grPNHWOH85hLf/1uQWtUVAABUpf+pV19S8Ik/37eVu2MeX2r3HuhuybJMWZ3kZfi/iHX8tvF4mp0PbMvvH0O47HfXM86RdWme47hlbz9+r+ybZb9b9v3ez6KX3ef2/hfsyyyHli7H5IeWclhGHqt6ZYXLoR+a5d4y4foPLdMYqf35Q+XBKvjGMcdd/9DSPOfhpWxLv1fuX22zNfjD/xtoQ/225g/sO1TOfP1TtL/IY1dv+8HpNPMmy+VPvN4u7S/1zvrl6LwJ/nO8/mnOufXaWfIm9J81f0ItzJY3vXLavHHJn8hjVXQ59JolbxzyRw7L3tV1yJ/Y32HBvofzxo+rs+1Yo5bO7c+WN/b8cTLS9bcsU+w8Mm/Mcqbr77hMmz+hNlJJ/ri8ZgYux3BZ4fLQazhiOcb540eVQytmv/6hpVP78wf275I/9txJmT+uxxq1tB5TqH3E5s+I8sifEXZuyxuZ1z3u+o9yDZLyJlS2thVrC5PxSH/fsfmTKW/MpSVvzHLZeWMaaf++UYUU+VNa3hhtwsiXxPHWwHP6dcycP86/72LyZpT8ySNvsra/1qJq84+Hnts/tvb6UxWZP3JYprkGUXljli39nezv74TKRt1b67dEntTa4b3yW02jzpZl5LEm581Y5A/G39FDVddgxeIOYABYpYLv7FXok3s1qf8JPUV8F7D83s/7z9Pgd//6/Q/MBoJyrbt++AN8vt99fuiDgOEP/EV/QND8CGDoI7HhHfY+MRhUKOkjpf2l9TvyuuvbPzEaPM0sDx5G3CdWw0uZ5ajToajDivgEZeQWLDtOqFDwSc9eufvJ0GC/9k+MBtUy75BwXIYOM3wk4ctrvdyDzxgsD1yg4fYwdMuVufRDO05xh8LwJ9aD0x38PPJqDS+jqmsccVzZ2iATt9BdRl2wmBoPtR/nT6hb2s/g6R98+VuW4SOJyh+7mPxxzRuzPWTOG3MZbCah/bi+3I3n9cqJh1VO3iTfkWfLG/MOieS8MdubLW/M33/DCsobh/xJzBvX/LFU1zl/EgMtQ97E5I9z3gzljy1vzDskUuaPLW9c8ycqb8xllrxJuCPcvb8z2fmT/TvI1S8PVKu8/OktrUbPn+zfyRmc5mrzx77hXgXjn5Bw4bJ/B7nRPmTLn5jcseRP+Eji8mf4hEVsoaj8seWN2X7S5o25TJk3Q5zzxiwn5I+tvbjkj2Lay1D+pMwb40hS543reMu1v5y2v9Nrd8HprjpvvOiybQs59XfM32/u/Z1xzBujHNdenv2BdOpLhi5ce+ZYtWZPVv3gU4Prp+7vRB9OYt645k9U3qTJn9COW7Ob5c/MRta0vvBs53Ra8mYy3t/BSuAzAVwYJoABYLXyfbUVdL46HVy/25Hqlbs9K9t3AQc9r/B3hHjdZa/shcrh9UMjB39gJNHty/Z6eJGV1+BPu+XQaCUod5Z+qO7dpS+N+p14Qa+zV+6+6x/stzcLENU5dRnnpuUnLJP27yy4jka534AGys7fEWO2p4Rlf7Cr0H6D094vDx+b32tuQUMJf36g375SLn1jGbd+qIFm/g684cOyHK9l3bwHUM77D657sP9s1z/Vd+JFtDdb3vTPfYb8kfr5k3PeDOVPL28s+RO+EOOYNyn3P5w33cez5k2m/EnOm/5rOdR+Bo7Xlj/9E5gpb+LyJ6K99fMnXOcU+VPy9R91/0N5E+rvZMofW7uLbX+hvEmRP055k/L655c/msz8cdy8vb/TXa+k/o5r/kQdWyn9Hef2F583peXPqOL2H5M3/f5OsHpO/Z3wcsT+TmTemGU/aE4R17+AvPFC9agkb0xp25vz/i15Y5bN/Cmkv9NfDrWXtHkTkT/Zrv+ov+/i88dq1Lwp7fedJW+G8qfY/k4h7+9IvexM8/6O99wTqu3bpfZxp4U7LJKk1nFbVTvwVOb+zvhd//j9No/fGvmk2uG98g7t7b02bHmT+f2dlPkjs5yiv4PJ5i8elprLVVdjxWICGABWq94nQrsd7W7nfKAcXs94Xvg7YTpP87rjjtAnBdXdQXfZW8/Y/uBSg2Vb9Y2O7cBXqgTlwYciNx+9DD6RHqwffBI0VA6PJM07INT/5Ki1J+70keKo53eFBlRRAwpzeDVU7l++wWV8rftL6x0v/WVwxiPLSR+JTVqm/QSs+VNjc7ZP4FqXUZer9/OI9qLBduF6B4T1Chjtrz+gtrQXs9zbf/TpSmw/EbtP1X6sd7xY2kuooQbtbagBD16hwWXqvLGcEMvL03YHgFvemNWx5425HMifuPaTe96kzB9b3rjmz1B7S5k/xu+z1PkTlTdp8seWN67543L5eutHtB/zzs60+RP5go/Kn0BS3qTMH4fdx+eNuawqfxRf7p+wwZJj/lhrYWnu45c/gaT8GTxbtmfbr39CezGX1rwJ1suYP/YrNricyP6OQ/5Y2otT/kReqUBS/gwef3V5Y2k/MXnTK8ddsRH7O+ORN8F+LfmTS95Y2k9U3pjNMXS+htqPLW9c8ycqb9LkT279HVuFzfYzyJo3tuZoLmMvW3D9Y9pPMH73wmX3/HHv71jajy1vjNMbyD9/LHljlkPtJqhg0P5s+TN4/S3L1PkzKPf8kS9v7yPS8acNbkBSe91Gtdd37gLutZ+U/Z2h5ZjmT3PDyfLXbow85/VDc5J8e95E5k/K93dKyh9MNv/IgaqrsKLxHcAAsEr56nzCb/A7aSRZlp3vJpH8dvBJwPAnArv/Z5al/jpxdfFlPLe7jPvPXDdqGbfPqDqE6h7UqbOMKCtmqQxLf3g5+P2rQdlX9PcIDf5PsWX1yr06RB2LH7OMqrNxTIosa6g8cAH8UDnt9R9FyvbnG+sOVsE3Nud2vYeWcddAw0vf2M/gtTdahK/BtmMsFW5rvlkO6ugP1tl2rFHLpNdQ7/r3tx+cVLM8eDEUftDOJUOS2tsI7c83npuYP3JYprkGUXljlmPzJk3+qFcevP5+/DEl5Y25NI5RkWX1tj+4mlk2/jN/FrVMY8T2V3r+aHhp9hli88Ysp8qfoE5G3oxV/qRE/vTawWC5f02z93fUK8tWziN/Eo5RkWVb/kQsk67/KJL255I/oY3lkj/mOU/KH2O76fKn5Lwxlw7tTcY5Ck5qrzyKsvPGLDvljeznqvvkNHljLofyp3v9B3+/DbeVXjuwti71yrnmzSj5s6L6O655Eyq7nNOEvBkpf6Lyxiwn5o+xVIpl7v2dlI1gxOsfuXTYXa/sS7VnHpV3YI+ijqV5wlnqXgbn65/qGqTIH2t/Z+T8kVobz4w8md7CvLyDcyPljyLLoQswsFrJ+YOJ4S8tSItHqq7GisYdwACwag1/YjgoB9/9WzPKvQ/gef3ndbbU3V7kJwSHP98YlBV+vu0Dga4GduD1O5gDe+wvh+44sNwRZf8uKmPZPXDzE+r9w0ko2z4g6Xo6zBOd2Ek2dzC448TvwDPbT+iTwrZPiA5Wzygn3iExWPOhcurjt5yOoDF6Ce2n39BjPyFs/y4q27K7Ry+hvfT2E6puxCekzcOLPt6YpY31jkiv+wnlhPYTujMhdmlrP6nvkBg89KQPsCcff2jDQx/Jd8gf2x2YrvkTlTcD7SFj3ljyJ/74LcsBtryJrlD27+B0zJ/EOyQGa+6UN2nyx5Y3E5M/g9VKyp/4449ZDj2ha+zyZ3gZrnm++WPJm7HOH2Npy5vc8sfcQD75E9vfGSl/hpfhmuebP655Y5YT8if886SlLX96e0xoP2n7OxGnIHJp3YItf8wLZskbsx04502K/FH05U+VP04y5M2o4y1r3pi/74IajNbfGTodFfV3Rs8bs50l5E/E4Zh507vcznkTPu7u/41Nf8cxf4x+TvHjLYe8CS1t/Z3EvMltvJXQfkLHmSl/Bs63LX8S8mZ5QbW5B9Vav3noQvozx6r5vHPU2Pv9geevpPFW88Sz7d/9e2iPaq2j/TzKLX9seZM9f5zyBpPr8HNV12DFYwIYAFYr31e72/8NvpOj3e3Y2r6jI/gu4Lbf/TMx3Q6y+Z0dbX/wcfM7zIL9dzfS6fyFysHmgn86HY66xyIp/F1RwU8HH/e7u09YRj0vbukPLoNear+/GioPVtihQ+94EsLLxBMWv+xvJrh+0WXrdwRFXv/uMtzObEvjef3BraLLwagyw/EHzS9oSMH4MljZ5Xqn/Q7grN9R1StHfYo24/Fnan+2/frx7UW966/uZXO7/iN9J5XZXiLyJo3g5avutiLLvb06Xv8R88YL1SMuf/oHoMzHP7C5vNpfj0P7yXD9034np+LaT1TexB1/pryJaT9KmT+xeWO2P4f2E3fcDsdfbPuLzxtlzZuU+SOjvYX7O6PljyVv4vIn1fXP2N/p/j4y86f3z9Kuv2Vd5/3b8meE3z9l9Hecj7/fz8g1f+Lai0P7S8ybqGNyWG34+C3LtKz7t+XPiHmT1P4c+zu9/Ald8bQHbsubgZ8nXf/c8iY41zHtp+y8iXpuwv6H8yZ4vJy88cPtJSZveq/VuPFW7OvNnjeD5WL7O/324tB+wsXcf984Stj/cN6oe5nK6e8MtJ+Y/k7m/DHzZih/kq+/t+ch1U48U+0NW4ZOYHPjmfIOzam+8FzK/BlsL/3D80u9/kPrhvbXXnOcmiecGbly7ci8avufkh+8nzDm+ZPp3GEi+IuH5XP3b+GYAAaA1Sr4xHGvkxiUvV65u+Lg+r1HvO44w1Otu+xsy+u+sWQ83+zsG5+I7n1i3rL6EKOD6/qJ3N7SCy+DTwBHlLv/n/UT6TKe1ytbvxsmqKA5QDLKKQeYQ1vrX674ZW9zrp8Idv9EenDCY8u2BmG9Ayz6+IcMN+/osqUWg5ctuO5Gubd+9k+kW9tPeKZ4YBmsljDAtp1e2+k2HrLuPtweFNN+rJ8Idrwjxsib8HfiBevFHtDQHRn2UxUldd4MLF3zJmX+RKxnaz/2WxoCCe0nbd6Y5bR5Y80fx7xxzR/blVsleWNtP8kv+FBtpaErnlPeBD+IrIZi2ksReWPJn8jlUN6kzJ8J7+9Y88Y1f3Lq7wy9nF3zJ4c78IITbpYHltYXxCTkT0S7yam/Y8+dYLUK8keKaY62/HHMm1DFrPmT5oBs+ePKMW/McmL+dP8/619YsrWX0fs7DvnjcLp6ZVv+RGx2MG+Ue94MlDPnTUL7SWiWtrzplWMv2ziOr8y8CSqccD4sbP0d5/yprL8TFC1545o/Cb/vs/Z3as0F+U99Tzpui/HszoZbJ52n+s47Vsz7O8GDzc3nGWv01Q88Ka+1KM8LHcXY50/koWDC+Qfnq67CqsB3AAPAKtX7nhH1P82YuOw8IfQJ4GBbwUaNsizlyAo5LMP/uTzHmW881zeOKTj27nou56r7ZOdlbz9+r+ybZb9b9v3ez6KXwXUN/hfsyyyHls7XP1zXhGXksapXVrgc+qFZ7i0Lu/6O27Tu3x8qD1bBN4457vqHluY5Dy9lW/q9cv9qm63BH/7fQBvqt7XB76EOlTNf/xTtL/LYY/LHuCypJF1vl/aXemf9cnTeBP85Xv8059x67Sx5E/rPmj+hFmbLm145bd645E/ksSq6HHrNkjcO+SOHZe/qOuRP7O+wYN/DeePH1dl2rFFL5/Znyxt7/jgZ6fpblil2Hpk3ZjnT9Xdcps2fUBupJH9cXjMDl2O4rHB56DUcsRzj/PGjyqEVs1//0NKp/fkD+3fJH3vupMwf12ONWlqPKdQ+YvNnRHnkzwg7t+WNzOsed/1HuQZJeRMqW9uKtYXJeKS/79j8yZQ35tKSN2a57LwxjbR/36hCivwpLW+MNmHkS+J4a+A5/Tpmzh/n33cxeTNK/uSRN5nbnz/w3PozD6n21P2hbfVzpz2zXssnne92ztJcg6i8McuW/k7293c6/1vafIH8mfWRJ7G2/3HV9u8uPn9CPxyL/MHY8Q/NS82lqquxKni+nynGAQATbu9161ULfSjTlwbKCn3grhZR7qzv9cu+VKt1lsEnB2vhT65q8AN8Yb3HjfUUse7wGt2y7w9syNNgudNrTfpI5QjL3oEHD5vlyAPJj0s1C9hdrxxcZ/N0hJeO1XRdBoLTHfzAerkHn+FQznL94yrgsrSd4QQFX++892872szLDO0tkFQelpw/5eWNuQydkDTtJ60xyZvYpWM1s7Y3W970ylYF5U2m/LGeYaNsKPn6j7r/UvKmzPyJyptcfv+kbX/mCQmVJzh/El8dY5w/ycdfZf44n2GjbBjz/Amuv7l6murnnT+BTHljPqOy/AlOYMl5Yyq4vWXKH0u18loGzPzJnjdmecT8SdN+VljemPt3PdrJzhujnOKI2secoNaLrpJ/zPGRP2/sfVCNZx/tPz6h7+80TzhTzRPPifxZbemQGk/vUG1hn3V3vXL3cGN//TtWc9S8Sd/fwbjzl4/Kf3Z31dWYWA//9tdTrc8EMACsUnuvnZW8biev+ydtvO7MrtftYXndHl/vj7sMlDX0c2nwTyvZHpei/8SSVxse0NuGZInDNy//AU1+A5yEDVc1oHBW5QA+nwF95IAm4tmFLaMGNJazW4hKB1CjD+BzaW9p/qSbwbX15Zk3I+XPOOZNmflT+oSpUbZUp7T8iTncUvJnrNpflfkj44KEyjHtJ3XemEvyp4C8Mcsp8ydTezIPyFYeNA79naHDdzy7uRjLvAkUmTfmUv0LMmF545o/bhU0n5CzkfafNmHTXP+i8sc4/Ki8icifMvPGNX9yUWn7s+TNUP4UeAVS58+gMvKnvflctV74KmsdpvZ8V7XndmX7/TQG+dM6/nQ1TzrPukpjz/dU37cz4icZ8mbM8geTpf3sE9LyYtXVmFhMAAMAnOy9bn2n++T1u1FmOZiPDe749bo/CO74DU/YDnzFSbe/Fu6eeUZfzdZ1M9ezruvQX4zalhuHDnDuHduUHeCET6COPIBKWkYdvqKrk2kAlaTsAVWq/WcYMOUxwE41YBpxAO5w/UeSzMi1AAAgAElEQVRdDpw943Vd+ieASx3Qp8ybqu64yZA/ueZNmflT6vUfdf8F5I9z+zMr7FqOPtxeOcP1J3+yqjJ/zAMOiiXnjbnM0N5izmY++VOmTHljlnPOnzTtZwLyxmxvtrwZmj8uwljkTbC/IvPG0n6i8sZsjqEa554/ObQ/29l1Uur1T7t/8wVQQP5k/n1nHkD84VnLFeTPwNmKyZ/qr/+o++9voPWCV6h12nYNnYHuiZ56+j7V9z8xcfnTPO40NU8633oG6s/t1NSe7+WaP8NndwRV5w9K4x94Rv6RA1VXY6IxAQwAcPLMdbPy1L8zN7gj1+v2+KPK0XcAd3jdnln/of56vXWM8dBAsdux84If+Jb1UoibALYNuMwOdlHdfJcOd/j48/1lHdFlL3uAkzjgiR9A5y7lACNxAB+xuVEHWKkG8DFltwrGHb1tDymWub/BklTO8/hHF5k3ZeZPzOnO/w1mW94EFaogf1JOaOduxPY3DvkTcMqbkY7fdY9V5k9K5M9w3uSWPw7tZezyJ2JZpBH3V0j+uDwvorq55Y/zFnNoB5nbm3kAGZWdNzJqX0HeuPZ3Rj8d45Q3ZnszT0guB5wszQs65ulJ5VR5U2b+pDr+kvKmwA/UDBnx+qfllDee1J4+Vu2zLlP7xDOt25qau1+1fY+Vlj+jah1/hpqbtoUeGaxR7dCcGnP3y1teKCF/uqrOH4wl//Bz8g8+W3U1Jh4TwAAAJ89ctz70Xb7dpSR5/W6b51TuTvOG+pG97wIOrRfej9k9DPf/oiZtnYYZAxvuVKS/rQIH1olv6JgVtJVHlPOAKvWAO4cB9UgD7lyP32EAnnlA7ThgSiqP4xvI5umx13709uBw+l3bz+jHb+7QHNGXlDexH6AoIW/KzJ8M17/wvMl8/E57HFxWnj95Hn8GE5A/gfzzx5I3Y50/Oasof0b5/TM++eOaN2Y54frn0r4CCe2n7LxJuf/c88ZcOrS3QGn5M7SHMvLGbH+BnPNnFeRNbPsJ/cD6cneWU96UmT8FX/9ELi8P99XzyZsy82egQrb8yXaE7WOep9bZl8nfsMW6XuPZR9XY+2DEgYdO0BjkT3PTNjWPP8O6mdrCPjWeeVDewr7Y2o5z/lTy+x65848elP/cXNXVWBGYAAYAOHnm2tneJyI7f8q5e4ev3/kuXq/b4+rdISyz3NGZZO1syPyu4PDz+o939fangR5maHM9Lt3oqA5sLW78VkKHNlx/pw7tGA0oB/fvOqRLsRyzTyRHfkLYvnopA2rz7NrKmRTa/hzaS+QEhsv1H3UZHH+wn2zH69oaU13/nI82EHl4VQ+oy84bl/xJ035WYN6kaj9pFZo3pnHKG7O9ybgg2Y4/df5kuP6F502Z+ZNq/yXlDf0dp/5OLsYif0rMG7N95PwBjVzyZ8SjC2TOnzKl2n8O+VN43iS0H5fqOWy9irzJpXmUmjcm8wVWZv50JfZ3ismfNNc/vH5r/clqn3WZ/NlN1n3WDz+j+tM7VGseTc6fkq+/31ij5ubz1T7medZ1vMUDajzzkGqH54z9uybqOOUPJpm/eFj+vqerrsaKwQQwAMDJM8F3AKvbrfKU7o5gP/i3N9Cvk9+/A7j3nJDwHHBUd86z9PGGHnboh9q2Fb31lB3gwj6RbB6gpZxygFHFANu1epkG4JUOsM39WQbcPQUMtK0nPlgt3wHTUPvJ4fqP2v7Cr/PC30A2jdTe0r4CHK9/LmfWPECLjHkT9/SR8yfldsyzG4u8SX7Bp2k/jofbK3d3E1ud/I86Pm8s+VOIXNtfTnlTZv6kPP7c88fh8HPNG9NE5E+Br8DU/Z0S8qe4ox1uL2XnjSnX9uaQNy7Xv8i8ccmfGCPnT4F543T5xipvzKX5AhjHvBkxf6Lypsz8icqbMvMn1/bn9opobzhVrTNfIX/2edbr7zWX1Hjmgc73ApedN5bjb23YouVN26TatP0MLB7U1LMPyTu4x/n6r+r8QWGY/M0fE8AAACdz187K80J39nZ79p7vR94RLL9zh29/UnX4u4DD3VnbRK91ArjbsfOCHxgdPi/Dbyv3CeDh/dkGXJbVcxlw2d7fSD/B5doFdxnwRlRopKV5BlOc0CLlvH/X4V7sgMuxWrkMwAY2YI7wHdpPEW+4pBpAj6jiAeY45E1+d0hMQt4E+4l5epHGMW/KzJ/YDdjyp+C8STWhPWL+5Hz9U+8+Km8i8if33AmWKzZ/emc4vjzh+ZM6b8xlhfmTXMEq8yd0gvLMm1THr2ryJ2X18s6fQPrDT2pxjtc/lyMzz6ClXHbemEbcf+b8GYu8MXdoyxuzXETemO3PdkZHVHHe2E6HmT/tDVvUOuOH5G84OXZztUN7NLX3IWnxYPa86a6Q9f0df2ZWzRPPVvvYzcYzBrfgHT2gxrMPq3ZozuH6F5Q/VV9/jAX+7HMxmAAGADiZu3a9al6oi9b9d7gcdUdwdNmT73cfDzrW6vcre4+H9uP3dzNY9qL7g95QyejwRgyovNpgOZ8ObtIAK3jYLNuuRE5K7mAPdfejBlQ5D7BjB9xRAyrr8ScN2XMaYOc5gEpS9YAq5f5tR5t5maG9BZLKw9zyp5y8MZehE5Km/aQ1JnlT5Bt6Se3NljfJd0gUlDeZ8sd6ho2yoeTrP+r+S8mbMvMnKm8KeUMvqf2ZJyRUnuD8SXx1jHH+JB9/lfnjfIaNsmHM88c2oZmm+nnnTyBT3pjPqCx/ghNYct6YCm5vmfLHUq28lgEzf7LnjVkeMX/StJ8Vljfm/l2PdrLzxijn1NLbs5vV3nqR2ic8v/+4pb/T2LdL9X0/kLd0JPaIRhaqpj+9Tq3jz1Dz+NMT21/tyF41nn1UtSPPZtpdr9w9/Nhf/8rj7CfnTfr+DsaBf/g5+QfTtUO4YQIYAOBk7n2zvQnS3p3Anjp32nqDdwYH3+lrfsfv4B3A/fWl/ncFh5838Hi35+hFTGB06jXYBTWHZi4DnGCiOq8BTX4DnIQNVzWgdFblAD6fAb3tE8DmswtbRg1oLGe3EJUOoIodwDu3txHuuHFtfXnmzUj5M455U2b+lD5hapQt1Sktf2IOt5T8Gav2V2X+yLggoXJM+0mdN+aS/Ckgb8xyyvzJ1J7MA7KVB41Df2fo8B3Pbi7GMm8CReaNuVT/gkxY3rjmj1sFzSfkbKT9p03YNNe/qPwxDj8qbyLyp8y8cc2fXFTa/ix5M5Q/BV6B1PkzqOr8aa89Tu1Tt6t9ynlOZ7x24EnV9z/Rn2gt4Pq3152g1oZT1V5/imOddqsx/5i8xQMF5U+W619O/mC8+AeekX/kQNXVWLGYAAYAOJm7tvsdwF7yd/+GJ1J75dCAzgutEMzvhrtmZjfN8+w/M38+8Hi44NBftG0nmUMHOPeObcoO8NCAavAIRh5AJS0dBlSuZzOTUgfUafefYcCUxwA71YBpxAF4ygF1luXA2TNe16V/AriAAb1dyryp6o6bDPmTa96UmT+lXv9R919A/ji3P7PCruXow+2VM1x/8ierKvPHPOCgWHLemMsM7S3mbOaTP2XKlDdmOef8SdN+JiBvzPZmy5uh+eMijEXeBPsrMm8s7Scqb8zmGKpx7vmTQ/uznV0npV7/tPs3XwAF5E/m33fmAcQfnrVcQf4MnK2Y/Kn++o+6f4f24vtSY0atzS9S67Tt0vQxTte/tnRItUN7VDs0p9rCc44HYs+f9prj1Z59ntrHnKT2zLFOx++1l1Tbt1NT8zvlt5dLyx/b2cyk6vxBLvzlo/IP7JWWF6uuyorGBDAAwMnctbOSOnfket0Ob/i7f8PfCSwv+o7gTrmjM9kaLvc7tOYwKHICODzgCGakzeelPMa4CWDbgMsc4Oc5wErb4Q4fd76/rC0DnjLfYEl8wyV+AJ27lAOMxAF8xOZGHWClGsDHlN0qGHf0tj2kWOb+BktSOc/jH11k3pSZPzGnO/83mG15E1SogvxJOaGduxHb3zjkT8Apb0Y6ftc9Vpk/KZE/w3mTW/44tJexy5+IZZFG3F8h+ePyvIjq5pY/zlvMoR1kbm/mAWRUdt7IqH0FeePa3xn9dIxT3pjtzTwhuRxwsjQv6JinJ5VT5U2Z+ZPq+EvKmwI/UDNkxOufllPeOF5//7hT1Tr1JfJPOCNVHbx2U97Cc6otHpCOHlStuSAtH1WtvSy/1eznT72hdm1KfmON/Km18mdm5a9Zr/aa46RaI9U+a4ef6dyJfPDpcE1GuP6jLruqzh+Uzj80L//QvqqrsSowAQwAcJLmDmDPKJt3BHvd/w862EF/0vyuYM/YT/DcoeGOZVwRO9wY6Hd2KtDfToED68Q3dMwK2sojynlAlXrAncOAeqQBd67H7zAAL2xAFUgoj+MbyObpsdd+9PbgcPpd28/ox2/uMLj+5h4LzpvYD1CUkDdl5k+G61943mQ+fqc9Di4rz588jz+DCcifQP75Y8mbsc6fnFWUP6P8/hmf/HHNG7OccP1zaV+BhPZTdt6k3H/ueWMuHdpboLT8GdpDGXljtr9AzvmzCvImtv2EfmB9uTvLKW/KzJ+Cr38il5eH++r55E2Z+TNQIVv+FJA73aXfWKP2SS9U++Tz5B+zMXTgoROUOn9SZFRCNb2lI6rv3636gSfkLR913lxSeRzzp5TXGzLzFw/LPzgvNZeqrsqqwQQwAMDJnvfNyvO6nT6vc6dv+A7g3lKdO4SDO3rN7/gNOo2dydb+zyXzTuF+F9Mb6FFGlDPcAWzrwAaTwFV0aMP1durQjtGAcnD/rkO6FMsx+0Ry5CeE7auXMqA2z66tnEmh7c+hvUROYLhc/1GXwfH38ybL8aYeQJvLsgfQtgOoakBddt645E+a9rMC8yZV+0mr0LwxjVPemO1NxgXJdvyp8yfD9S88b8rMn1T7Lylv6O849XdyMRb5U2LemO0j5w9o5JI/Ix5dIHP+lCnV/nPIn8LzJqH9uFTPYetV5E0uzaPUvDGZL7Ay86crsb9TTP6kuf5Zjq59zAlqbzpH7ZNeKM0cm1zBoq9/a1H1g0+rduAp1RZCd1um2r9roo5T/mDc+EsL0uHn5C8eqboqqw4TwAAAJ3vet75/h263X+V1/8/pjuDgsW5/rreCb3xHsPkcDT5u/sy2ztB6jh3cqO1EbzllB7iwTySbB2gppxxgVDHAdq1eUjlSpQNsc3/mAQfXP5DnADup/QWr5TtgGmo/BQ2w07S/4IFS3kA2jdTe0r4CHK9/LmfWPECLjHkT9/SR8yfldsyzG4u8SX7Bp2k/jofbK3d3E1ud/I86Pm8s+VOIXNtfTnlTZv6kPP7c88fh8HPNG9NE5E+Br8DU/Z0S8qe4ox1uL2XnjSnX9uaQNy7Xv8i8ccmfGCPnT4F543T5xipvzKX5AhjHvBkxf6Lypsz8icqbMvMn1/bn+opwuf6dZXvdCWo/72z5z3uB/HUbHSs8Yt6Elt7SEdUPzXW+b/jI/Oh5Yy5Xe/7Amb94WP6RAxITv5VhAhgA4KRzB3CnJ+V5xnf9evY7goNO5fAdwP3uZv8xDT0m28/MDq401OHLMpxymwAe3r9twGVZPZcBl+39jfQTXPkPeMbtDd7c5bz/1AOyDAOsXAdgAxswR/gO7aeIN1xSDaBHVPEAcxzyJr87JCYhb4L9xDy9SOOYN2XmT+wGbPlTcN6kmtAeMX9yvv6pdx+VNxH5k3vuBMsVmz+9MxxfnvD8SZ035rLC/EmuYJX5EzpBeeZNquNXNfmTsnp5508g/eEntTjH65/LkZln0FIuO29MI+4/c/6MRd6YO7TljVkuIm/M9mc7oyOqOG9sp2PU/GmvWS//uFPVPuH58o87VWpMO+0/2/G3VTv8rGpHnlXt8DPyFg91H3fIn8rHW3kcP8aF31ySjh6Sf/SQ1FyuujqrHhPAAAAnwR3AknqTpF7o39Lwd/hG3RHc+7kv1WpeZ+kF5cGO9kA3MbwfDXdfo8Ye3sC/ojq4wQ4Gy8FEdj4d3KQBVvCwWR4+nlyV3MEe6u5HDahyHmDHDrhDP7COZwaf4VAecYCd5wAqSdUDqpT7tx1t5mWG9hZIKg9zzJ9S8sZchk5ImvaT1pjkTZFv6CW1N1veJN8hUVDeZMof6xk2yoaSr/+o+y8lb8rMn8j+Th6/f9K2P/OEhMoTnD+Jr44xzp/k468yf5zPsFE2jHn+2CYU0lQ/7/wJZMob8xmV5U9wAkvOG1PB7S1T/liqldcyYOZP9rwxyyPmT5r2s8Lyxty/69FOdt4Y5SJfAQ7v77SPOUH+hlPkbzhZ7fWbpZlZDbyhloHXXFDt6H7Vjjwnb2GfagvPldL+bHkT++vfUq288yZ9fwej8+UvHZWWFjp/4nl5seoKIYQJYACAk+A7gOUrdKdvt9Pnde8A7q7gdXtYUd8J3P+5htaXhr87uPd4qCfnDfQkO6t5Q13QjuCRNAOcmhfRwcwwoMlvgJOw4aoGlM6qHMDnM6DP6xPAmZdRAxrL2S1EpQOoKgfw5lLGBQkktJ+EtYvIm5HyZxzzpsz8KX3C1ChbqlNa/sQcbin5M1btr8r8kXFBQuWY9pM6b8wl+VNA3pjllPmTqT2ZB2QrDxqH/s7Q4Tue3VyMZd4Eiswbc6n+BZmwvHHNH7cKmk/I2Uj7T5uwaa5/UfljHH5U3kTkT5l545o/uai0/VnyZih/CrwCqfNn0DjmT+jsJl+++rTaa4+Tf8wJ0rrj5a9ZL605Vv7Uus5dwvXpfkX8trzWktRakrd8VF5zQd7SEXlLh+QtHur8LK1S8ifL9S8nf5CW32uLfqsltZudO3tby/KXF5nwHXNMAAMAnOx53/pO98lL+K5fr3+HbvBhxuCOX6/7g8GJ5NBAL/Qcs6sW/mBkVDfO9sHJ3sMpOrjpP4Tp0AHOvWObsgMc8QnUsJEHUElLhwGV69nMpNQBddr9Zxgw5THATjVgGnEAnsOAOtWAO/SDSj4BPNKAOq2UeVPVHTcZ8ifXvCkzf0q9/qPuv4D8cW5/ZoVdy9GH2ytnuP7kT1ZV5o95wEGx5LwxlxnaW8zZzCd/ypQpb8xyzvmTpv1MQN6Y7c2WN0Pzx0UYi7wJ9ldk3ljaT1TemM0xVOPc8yeH9mc7u05Kvf5p92++AArIn8y/78wDiD88a7mC/Bk4WzH5U/31H3X/Du1l7MZbg8txzB/b2cyk6vwBJggTwAAAJ3veNyupc4du+Dt+5Xe++zfyO4G7M7uDdwT3O56D3wPsd7ev0GOhf5uPGx0829DJPqSKZ04C2wZcZge7qG6+S4c7fMz5/rJ2HPAUOcBJHPDED6Bzl3KAkTiAj9jcqAOsVAP4mLJbBeOO3raHFMvc32BJKud5/KOLzJsy8yfmdOf/BrMtb4IKVZA/KSe0czdi+xuH/Ak45c1Ix++6xyrzJyXyZzhvcssfh/YydvkTsSzSiPsrJH9cnhdR3dzyx3mLObSDzO3NPICMys4bGbWvIG9c+zujn45xyhuzvZknJJcDTpbmBR3z9KRyqrwpM39SHX9JeVPgB2qGjHj903LKmxGvf1H5Mzpb/mS5/qMuu6rOH2AFYwIYAODk6fetH7zj14v/rl8p/juBfb//HcBBR9sLPT/8vODxgPkdwJKGJmx7j9sOaKDfafaoB/9kdbEDbLNDbVbQVh5RzgOq1APuEgZUgchyrsfvMAAvbEAVSCiP4xvI5umx176QAXV1n1A2dzicP6XkTewHKErImzLzJ8P1LzxvMh+/0x4Hl5XnT57Hn8EE5E8g//yx5M1Y50/OKsqfUX7/jE/+uOaNWU64/rm0r0BC+yk7b1LuP/e8MZcO7S1QWv4M7aGMvDHbXyDn/FkFeRPbfkI/sL7cneWUN2XmT8HXP5HLy8N99Xzypsz8GaiQLX8KyJ3E9hc6QROUP0m1Hef8KeX1BkwQJoABAE6e/g+d7wD2JMnr3OkbvgNY/uB3/fZ+rujvBO5spt9D698B3O+xeaEuZv87gDs/9oY61IqcBLZ1qRO73175HdpwnZ06tGM0oBzcv+uQLo8BVWiZZoCedsBlqc44DajNs2srZ1Jo+3NoL5ETGC7Xf9RlcPzDeZNG6gG0uSx7AG07gKoG1GXnjUv+pGk/KzBvUrWftArNG9M45Y3Z3mRckGzHnzp/Mlz/wvOmzPxJtf+S8ob+jlN/JxdjkT8l5o3ZPnL+gEYu+TPi0QUy50+ZUu0/h/wpPG8S2o9L9Ry2XkXe5NI8Ss0bk/kCKzN/uhL7O8XkT5rrX2j+VHr9E/Y7tH/XRB2n/AEQYAIYAOAkyx3AA+v5SvUdwL3nh8T9zPz50HopO9hR2xrcasoOcGGfSDYP0FJOefxVDLBHGkApwVgNsMwDDq5/II+BtWv7C1bLd8A01H5KGGAntb/ggVLeQDaN1N7SvgIcr38uZ9Y8QIuMeRP39JHzJ+V2zLMbi7xJfsGnaT+Oh9srd3cTW538jzo+byz5U4hc219OeVNm/qQ8/tzzx+Hwc80b00TkT4GvwNT9nRLyp7ijHW4vZeeNKdf25pA3Lte/yLxxyZ8YI+dPgXnjdPnGKm/MpfkCGMe8GTF/ovKmzPyJypsy8yfX9uf6inC5/qPmj3mAlnLK4x85b8zlas8fYIIwAQwAcPL0+2Zl3uErr/tdv8EdwN7g41L/O337dwQH5e6y+1i/rKF1FPWziA6eV9NQhy/rkCp+AlhDHUzbgMuyei4DLtv4Iv0E1zgNeBwHQFV3+HPef+oBWYYBVq4DsIENmCN8h/Yz6nLkTwiPqOIB5jjkTX53SExC3gT7iXl6kcYxb8rMn9gN2PKn4LxJNaE9Yv7kfP1T7z4qbyLyJ/fcCZYrNn96Zzi+POH5kzpvzGWF+ZNcwSrzJ3SC8sybVMevavInZfXyzp9A+sNPanGO1z+XIzPPoKVcdt6YRtx/5vwZi7wxd2jLG7NcRN6Y7c92RkdUcd7YTkdp+RPzci/u/Z1QufLxlsPTAWTCBDAAwEnvDmB1O8Jepx/mdcu+Bu8IVvdnwXpD5aBDLa/Xse5NFnf7l+Z8rhfeboj5c5Nn7eCGnmiUvZE7tq4DrOBhsxx9LLkpuYM91N2PGlDlPMCOHXBHDaisx+86gBpxgJ3nACpJ1QOqlPu3HW2eA+xU7SemPMwxf0rJG3MZOiFp2k9aY5I3Rb6hl9TebHmTfIdEQXmTKX+sZ9goG0q+/qPuv5S8KTN/Ivs7efz+Sdv+zBMSKk9w/iS+OsY4f5KPv8r8cT7DRtkw5vljm1BIU/288yeQKW/MZ1SWP8EJLDlvTAW3t0z5Y6lWXsuAmT/Z88Ysj5g/adrPCssbc/+uRzvZeWOUi3wF8P7OBL2/A6wuTAADAJwE3wEsSf07fdW9E7f7nb/dnlX4u34H7hgeKAfbUuTPFdpe0IMM7jSW50V8B/DgHcZhaYZzvce90Qc0+Q1wEjZc1YDCWZUD+KEraxyQrWwcftSAJuLZhS2jBjSWs1uISgdQVQ7gzaWMCxJIaD8Ja0dd77wnDEJnMzl/xjFvysyf0idMjbKlOqXlT8zhlpI/Y9X+qswfGRckVI5pP6nzxlySPwXkjVlOmT+Z2pN5QLbyoHHo7wwdvuPZzcVY5k2gyLwxl+pfkAnLG9f8caug+YScjbT/tAmb5voXlT/G4UflTUT+lJk3rvmTi0rbnyVvhvKnwCuQOn8GjWP+hM5u8uVbFfmT5fqXkz/AasIEMADAydPvW9/rPvW+87f7gNf9P/M7gT11+m6e1HsgWNfrlb1+ubt+wOyuxf3M/PnA46H9u3Zwbduy7yGhA5x7xzZlBzjhE6gjD6CSlg4DKtezmUnZA6pU+88wYMpjgJ1qwDTiADyHAXWqAXfoB5V8ArjUAX3KvKnqjpsM+ZNr3pSZP6Ve/1H3X0D+OLc/s8Ku5ejD7ZUzXH/yJ6sq88c84KBYct6YywztLeZs5pM/ZcqUN2Y55/xJ034mIG/M9mbLm6H54yKMRd4E+ysybyztJypvzOYYqnHu+ZND+7OdXSelXv+0+zdfAAXkT+bfd+YBxB+etVxB/gycrZj8qf76j7p/h/YyduOtweU45o/tbGZSdf4AE4QJYACAk2eeeUaS5Hmeet/bG/PvuMfilrbHbOvYfu7yeJwszwEAAAAAAAAAoGr37vhBqvVryasAAFarvD8jxGeOAAAAAAAAAAAoFhPAAIBCpJ3sZXIYAAAAAAAAAIDRMQEMAEiFiVoAAAAAAAAAAMYXE8AAsErZJnKZ4AUAAAAAAAAAYHIxAQwAyDTpaz6HiWMAAAAAAAAAAKrHBDAAoDJMGgMAAAAAAAAAkC8mgAEAieImaqu4E5iJYwAAAAAAAAAAojEBDAAAAAAAAAAAAAArBBPAALDKhe+mtf27KuNQBwAAAAAAAAAAJgkTwAAAAAAAAAAAAACwQjABDAAAAAAAAAAAAAArRKPqCgAAAAAAAAAAAAAoX6vVUrPVVqvVVrvdVttvy/f7X8/neZ48T6p5NdVqNdXrNTXqNdXr9YprjjhMAAMAnPm+L8/zSnseAAAAAAAAACBfy82WlpebWm42exO9Nr7vy/eltlpSqyUtdx73PE9TjYamphqaajAZPG6YAAYAlIrJYAAAAAAAAAAo3+LSshaXltVut0felu/7Wlpe1tLysmq1mmampzQzPZVDLZEHJoABAAAAAAAAAACAFWppaVlHl5bUbsff7ZtVu93WwtFFLS4tac30tKaZCK4cE8AAgFjcsQsAAAAAAAAAk6fVnZhtNlul7K/d9nXk6KKWmk2tXTOjeq1Wyn4xjDMPABgbSd83AQAAAAAAAABItrS0rIOHjpQ2+RvWbLZ08NARLS0tl75vdDABDAAAAAAAAAAAAKwQC0cXdeToYtXV0JGji1oYg3qsRkwAA8Aqxh23AAAAAAAAALByHFlY1OIY3Xm7uLSsIwtMApeNCWAAAAAAAAAAAABgwh1ZWJZyoNQAACAASURBVNTS8vhM/gaWlpkELhsTwAAAScXcDcwdxgAAAAAAAABQvIWj4zn5G1haXubPQZeICWAAAAAAAAAAAABgQi0tLY/Vn322WVxa1tIE1HMlYAIYAAAAAAAAAAAAmECtdltHJujO2iNHF9Vqt6uuxorHBDAAIDP+xDMAAAAAAAAAVGcS/6zyJNZ50jABDAAAAAAAAAAAAEyYpaVlNZutqquRWrPZ4k9BF4wJYABAatz5CwAAAAAAAADVOrq0VHUVMpvkuk+CRtUVAAAAAAAAAAAAAOBucWlZ7XbON+q0lzT32EO6/5Fd2n2o89D6k8/QBeeera3r6/nuqu1rcWlZM9NTuW4XHUwAAwAAAAAAAAAAABNkMec/oTy/4/P66Gd2aa5p/OA7u3Tbzbdp9gUX6uffdpG25DizyARwcfgT0AAAAAAAAAAAAMCEWG621G63c9ve3O0f1x/9fcTkb8jBR+/Wn3z0q5rLb7dqt9tansDvMJ4E3AEMABji+748z6u6GgAAAAAAAAAAw/JyzExtWgfu0idvO9grbnzxRXr7K8/X1uOm1Ty6R/d/6TZ9/Bv71JSkp7+rj956hn731Vty2/3yclNTjXz/vDS4AxgAAAAAAAAAAACYGMvN/CaAd9/5gHZ27+pdu+0V+vVrLtTW46YlSY01J+mC175F/+6H1vXWn9/xsHbmtvd8jwV9TAADAAAAAAAAAAAAE6DVasn3/Zy2dkQ7nzzS/fe0tv/weVobsdbW807XbFA4cFAHctq71PlrlK0WfwY6b/wJaABYpfgzzwAAAAAAAAAwWZqtHL+EV+t06U//jC442pIa6zS7JsdNp9BstVWv82eg88QEMAAAAAAAAAAAADABWrlOAKsz8Xts/Co7v7tLvW8JPv0kPT/fGuR/TGACGAAAAAAAAAAAAJgE7XaZk6Ut7f6XG/XRfznSe2Tby17S/3PQOSn3mFYHJoABAAAAAAAAAACACdD2S5osPbpLt95wq/7p0aXeQ2vPvUJvf/F07rsq7ZhWESaAAQAAAAAAAAAAgAng+yXsZO4uffj/3K2H+zf+atPLr9Svvv4srS1gd6Uc0yrDBDAAAAAAAAAAAAAwAfzCZ0v36tYbQpO/x27Rm3/utbp4Y72wPRZ/TKsPE8AAAAAAAAAAAAAApCe+q6/t7f67dpLe/K6rdfGaSmuEDGpVVwAAAAAAAAAAAABAMs/zit3BoYM6GPz7nLNLmfwt/JhWISaAAQAAAAAAAAAAgAlQ+FzpurW97/lde+xswTvrYP43f57PH9YGgFVpz5498jyv958k53+bS9vPkh4z/+1STnrchk+RAQAAAAAAAJh0hw4vqNlqVV2NXDXqdR17zNrkFVexe3f8INX63AEMAAAAAAAAAAAATIBabeVN7a3EY6pao+oKAAAAAAAAAAAAAEhWr9ek5QJ3MPd1feij39HO5rTOuup1+rcXn1TgzjrqdSaA88YZBQAAAAAAAAAAACZAo+DJ0vtu+452LklqL+nhm+/WA4XuraPoY1qNOKMAAAAAAAAAAADABKjX6/I8r7DtbzxuXb+wfp1mC9tTh+d5qtfrBe9l9eFPQAMAAAAAAAAAAAATYqrR0NJyMX8HesuVV+vt+hfdr5N0xQ9fqC2F7KVvqsFUZRE4qwAAAAAAAAAAAMCEmJoqbgJYteO1/dWv1fZitj5kaoqpyiLwJ6ABAAAAAAAAAACACTHVqKtWm/wpvlqtpqkGf/65CJPfOgAAAAAAAAAAAIBVZGZ6quoqjGwlHMO4YgIYAAAAAAAAAAAAmCAz01Oq1byqq5FZreYxAVwgJoABAAAAAAAAAACACbNmerrqKmQ2yXWfBEwAAwAAAAAAAAAAABNmenpKjQn8Dt1Go65p7v4tFBPAAAAAAAAAAAAAwARau2am6iqkNol1njRMAAMAAAAAAAAAAAATqF6rad0ETaiuWzOjeo3pyaJxhgEAAAAAAAAAAIAJNT09pZkJ+JPKM9NT/OnnkjABDAAAAAAAAAAAAEywtWtmND01vpOr01NT/OnnEjEBDAAAAAAAAAAAAEy4dWvHcxJ4empK69Yy+VsmJoABAAAAAAAAAACAFWDd2pmx+nPQM9NM/laBCWAAAAAAAAAAAABghVi7ZkbrxuDPLa9bM8Offa5Io+oKAAAAAAAAAAAAAMjP9PSU6o26Fo4uqtlslbrvRqOutWtmVK9xH2pVmAAGAAAAAAAAAAAAVph6raZj163V0tKyji4tqd32C91freZpzfS0psfoT1CvVkwAAwAAAAAAAAAAACvU9PSUpqentLi0rMWlZbXb7Vy3X6vVNDM9NVbfPbzaMQEMAAAAAAAAAAAArHDBJO1ys6Xl5aaWm035fra7gj3P01SjoamphqYa9ZxrilExAQwAAAAAAAAAAACsElONenfSdkatVkvNVlutVlvtdlttvy3fV29i2PM8eZ5U82qq1Wqq12tq1Guq15n0HWdMAAPAStZakh78ovTYndJT35Xmd0qHn5WaS9pUn5K/dqNaG05Vc9MLtbzlQjVfcLnUmK661gAAAAAAAACAEtTrdSZzVyDPz3pv95i6Z8fDuuc7D+nRXU9pzzP7Bn72wjNP04vPfYG2X3C2nnfChopqCAAleOJe6a6/kb79aam55P68xrQWt71Oiy9+k1onXyDP8yQFn/Lq/9tc2n6W9Jj5b5dy0uM2adcHAAAAAAAAAGAc3LvjB6nWXzETwHfd+6D+/nO369l9B5zWv+TCF+mNV1+m4zfMFlwzACjRvl3SP3+wM/E7oqUXvV5Hf+Rdah93KhPAAAAAAAAAAABUZNVNAC8uLevP/tdn9L3v7xx4fN3aGZ12yiZ5NU9+29fC0UXt2j03sM709JR+9i2v0UXbt5VZZQAoxl0fl266Lt0dv0ka01p41e9q6SVvYgIYAAAAAAAAAIAKrKoJ4PnnDup//OU/aPfTe3uPXbR9m3700pfonBecOrT+ocML+ua9D+rzX7pL86E7hd/yr35Ur77iZaXUGQAK8X9/X7rjo4VtfvFl/1qLV/6OJCaAAQAAAAAAAAAo06qaAP7D/+/j+sGupyRJm048Tj/7U1fp7IiJX9Nys6lP/uNt+vLX7u099ss/+6904QVnF1ZXACjMp98rfevvCt/N8ot/Ugs//gdMAAMAAAAAAAAAUKK0E8CNgupRuBs+e9vA5O/v/trbdewxawfWeXTnU/qHm74iSVq3bo22n3+Wfvjl52qq0dBP/+SVWrdmRv/31jslSR/7xOd1xumb+U5gAJPl//5+KZO/kjT1nX+QP31M705gAAAAAAAAAAAwfmpVVyCLp+fmdcuXvylJmpmZ0nt/5aeGJn8l6Z77HtKDjzyuBx95XPfc95A+9onP6/3//a+055l9kqRrXvcKXXnZhZKkxcVlffIzXy7vIABgVHd9vNA/+xxl+pt/pal7byh1nwAAAAAAAAAAwN1ETgDf3J38laRrXvsKHbfh2Mj1fvii87TtrNO06cTjeo/t2j2n//KhT+ixx5+WJL3x9ZfphOPXS5K++e3va//BwwXWHABysm+XdNN1lex6za1/qNpzT1SybwAAAAAAAAAAEG8iJ4DvuvcBSdLxG2Z7d/BGOeWkE/SeX36L/vPv/rz+43v/jZ5/2mZJ0sFDC/rff3uzJGlqqqGrX/1Dved89c4dBdYcAHLyzx+UmkvV7Lu5pJmvfqiafQMAAAAAAAAAgFgTNwH86M6ntLi4LEl62UvOcX7els0n6j/8+k/rnBecKkna/fRe3X3fQ5KkC198dm+9+7+/M8faAkABnrhX+vanK61C47ufVf2p+yqtAwAAAAAAAAAAGDZxE8CP757r/fucF2xJ/fyfefOre/+eajQkSevWrtHzTzups/0nnxmxhgBQsLv+puoaSJKm7v1k1VUAAAAAAAAAAACGRtUVSCv8Hb3HHzeb+vmbN23Ude95h2qepy0nn9jf1oZZPfb4Hh1ZOJpLPQGgEK2lfO/+vezD0snfkj75kdRPbXz3szp06XukxrQ8L3i08w+v/0Dv31GPmf92KSc9bpN2fQAAAAAAAAAAJtHETQC3Wu3ev+v1eqZtnHbK84Yeq9cn7mZoAKvRg1/M77t/L/tb6dXnS1/4T9me31zSul13aumsHxua5GUCGAAAAAAAAACAakzcrOeaNdO9fx86dCS37R5ZWJQkTU9P5bZNAMjdY3fms51g8vdLPyV95fHMm5l68lv51AcAAAAAAAAAAORi4iaAN514XO/fu5/em9t2dz/V2dbxG47NbZsAkLunvjv6NsKTv18abXuNuQdGrw8AAAAAAAAAAMjNxE0An3XGlt6/dzzwWC7bfHTnU73vFj7nBafmsk0AKMT8ztGen+PkryTV9z8x8jYAAAAAAAAAAEB+Jm4CeMPsMXr+aZslSd998DE9/uQzI2/zi1+9p/fvC1989sjbA4DCHH42+3N73/n72lwmfyWpdnQ+l+0AAAAAAAAAAIB8TNwEsCS98kde2vv333/u9pG2tf/gYd159/2SpI3Hr9f5284YaXsAUKjmUsYnvl969aXS3aN9529+9QEAAAAAAAAAAEWYyAngl5x3pmampyR17gK+8fNfzbytNdPT2nj8eknST1x1aS71A4Dxc630hTukC/9Ouuy0qisDAAAAAAAAAAAK0qi6Amk98+x+feijn9bi0nLvsZv++U7VajX9qwwTuDMzU/q99/yMDhw8os2bNuZZ1XgHH9btn7lJtz2yRwcPNyVJjWNmddKZl+rKH7tC52+ehEuzQ9f/1vXa8eJ36L/+6/OrrgywOjSms991+5W3Svpb6dWflxr5fAewGtOjbwMAAAAAAAAAAORmEmYZe773/Z36yF99ToePHJUkzR67TgcPHZEkffaWr+v+h3bpHW9+jU4+KX4i98FHHtcLz+zfAbdu7RqtW7umuIobFnZ8Qh/463t08Jit2v4jb9C2Ezt3My/vfUB33Xmrrv/vN2vjy9+pd71lm2ZLqxWAiXDMCdL+p7I/vzcJ/HeSRp8Ebq8p8YMzAAAAAAAAAAAg0cRMAP/z7d/S333my73yGaefrKtf80P6i//zWS0vd+6gffgHu3Xdf/1fetE5W3XhBWfr5JM2ql6rqdVuq9ls6Xvf36lv3vug5p87qFe9Yrveds2ryj+Q9gO66YZ7dPDEK/Wbv3GVNg38Ee7tuvjH3qz5u2/Qp55ay+QvgGEbt442ASzlOgnc2nDqaHUBAAAAAAAAAAC5GvsJ4MXFZX3krz+n73zv0d5jP3Lx+brmda/QB/7sk73J3zUz0zq62PmzqPd/f6fu//7O2O3ueWZfcZWO88gO3bcgbX3Npcbkb6ChjRe+Tb9Udr0ATIaTz5N+8C+jbyc8Cdx8rfSVxzNtprlp2+h1AQAAAAAAAAAAuRnrCeB9+w/qQx+9Ubt2z/Uee9s1r9KrXrFdH77+s3p6bl6SdNYZW/Tbv/pWfeXO+/SVf7lPP9gVf3fcFT/8Yl31yosLrbvVzBo1JC0sLEhp7vFtz+uBz9+oz33zYc0dbkqNtdpy7pV6wxsv19a14fWamvvebfqnL96hR54+qIWmpJmN2nrhVXrbT2zXxtCk846//i1d/53z9Y4/vFrLn/2Ebr57p+bXXK53/YertVWSmvO6J3h8UVJjrTadul1X/tTV2n7CYNNpPnuPbvybG3X3EwtqSmpsPl9Xv/XtuvSUsW5iwOR5/iXSHR/NZ1tfeaukD0snv1bSRzJtYvmUl+VTFwAAAAAAAAAAkAvP932/6kpEmdu7Tx/62I16ak9nknf22LV618+9QWc+/5SBPwc9e+xaXfsbP6PjN/QnU5+dP6DHnnhau5/a23tsenpKZ5y+eeC7fyvRflifev9H9I2Fjdr+lnfqzS/dpEbkncDh58zp1v/xAd08t0nnv+pyXXDilLS4W3fdcrsebl+sX7r2TTqru42DX/+I3v/ZPdq6bbsuePEWzUpa3n2Xbv7Kw2pe9Ev6/Tee1dtsZwJ4k7acMqc9h7dq27nbtO2Ms/Sil27V7MIOXf9fr9eOhVltveQKXXrGrLQ4r/u+cqt27N2mt/2nd2h7Y4eu/63rtWPTFm2ZP6DGRd31Du7U7V+8Q7sXtuoNv/suXbqhsLMJrD6tJen950rNpaprIjWm9ey/+7r8+rQ8z5OkoWXSY+a/XcpJj9ukXR8AAAAAAAAAgHHw4KPp/ornWN6eObd3n/77hz+lZ+cPSJJOO+V5evcvvlEb1h+jH+x6euC7gH/pZ64emPyVpBM2rtcJG9frZS8+p9R6O6mdpTf92tukj96gb/ztB3TPJxvaePo2bTvnAm3fvk1bTlg7dFHmvni9bn56i6769Xfrys3Bo9u1/cVbdP0ff0I3fe0qvfuyzjmYveSd+sOLGmqEN/LS7Tqp/X796dfu0I5rztL5AxPOc5o/8R269tfPV/9G4qZ2/P0N2nF4k678jd/UVZv7a2+/5ArtfmJeW8Lbn1vQmb96ra4+PVS35zX1ex/7hu7ZcVCX/gjfZgzkpj4tveQa6Vt/V3VNtPjCq9WuTYlpVQAAAAAAAAAAxsfYTQDvnd+v//wnH9eRhaOSpE0nHq/3vuutWrtmWnue2ac/+cjf99Z96xteqW1nnW7b1Pg6frve9JsX6PVPPqa77rld99z9gO64ZYfuuEVSY1bbXvU2vflVZ2m2Jkk79Y0756Rz3qQrNhvbWbtdF579CV1/3306eNmlnT8oXWtE3lG8du1aqT2nPXul8zeFf7JJl78mPPkraelufeM7C9K214cmnAMNbTl10+BDz79cV5iX4QWna6u+oZ1P71GqP3UNINlFPz0WE8AL57+p6ioAAAAAAAAAAADD2E0Af/IzX+5N/m7etFG/+ctv0do101pebuov//qm3s9++GXn6srLLqyyqiNqaO0pZ+nyU87S5a+X1FzQ/JP36fZ/vFl33PIRfWDvO3XtW7epoYOa3y9p/6f0//7Wp6I3tWlBvW8Ubh/Uw1/7tG66/RHt2d/5Pt7QilFP1knmw88d1LykTac/362BrF8/PMU7va77XcdHXbYAII1TX9q5C/jbn66sCovbrtbySedXtn8AAAAAAAAAABBt7CaAv/fQTkndO39/5ae0fnadJOnP/88/aucTeyRJp578PL3z7a+trI6FaKzVxtMv1ht+9QKd8rHf06fuvlXfeP02XRrMrJ77Jl37xhdFP7e2tjsB29QDn/yAPnb3gmZPv1Q//vqtmj1mk87avF57vvyn+shXyjkUACX4sfdI372pmu8Cbkzr8CW/Uv5+AQAAAAAAAABAorGbAF5cXJYkzR67tjf5+/F/uFX33f8DSdLaNTN61zt/orL6FW+tnn/qRumBphaWJGlWGzdIOnBUmp1N+GPKD+ueexekU6/Wr//q5QPrLsykqMJxs9oo6YEndyv6rmEAlTv+dOn1fyB95ndK3/XBy35HzQ1b+O5fAAAAAAAAAADGUMS3xVZr66knSZIeeexJffAvbtDvf+B6felr90qSjlm3Rr/979+qEzduqLKKo9l/h66//huab1p+vrBD//T1een4M7XtBEnaqu0v3Sg9cas+vWMhYv15zfcebmhqRtLSsgbWDLbpavpCbT9X0o5bdfPTwz+e33fQfVsAinPR26VLf77UXR556U9r4YI3lrpPAAAAAAAAAADgbuzuAL7mda/Qh6//rBaOLumBh3b1Ht8we4z+/S9coy2bT6ywdqNrzs1r7oHb9cfvu1GbzrlY28/bqo3du3MP7r5H3/jaA5prb9FV//Zqbek+Z8tr36mrHvqAbv7rD+hPL7lCl54xK2lZ8w/cpTvu3Sn9yLt07f+zVdJZuvxHt+gbn79ZH/7LBV110RZNLe7WXbfcpQPHzEqHXWvZ0PZr3qZ7dn5Ct/7J+/VwsM/Fed33tVu1Y26b3vaf3qHtY9d6gFXodb8nLR6SvvV3he/q6LnX6OBl7+XOXwAAAAAAAAAAxtjYTeGd98Ln692/+Eb91Q1f0O6n90qSLnjRGXr7T1452Xf+djXOvlq/+QdXaOe3btOtd96j2z9zhxa6dwM3Zjdpy0Vv0rt/7GJtCf/95tomXflrv6MtX/ycbv7aP+kTX29Kamjtpi3afs27deVFW3qrbnrlu/TuNR/Xp265Q5/6eFOa2aSL3/huvWHvx/SBW1JUdMN2vfM3ZnX7Z27SbXd/Tp/4uqTGWm069WK97b1XM/kLjJNr/ps0c6x0x0cL28Xhl7xdhy7/rcK2D6TleVKt5qlW8+TVPHme5HmdJQAAyI/vS77vd5ZtX+3uf75fdc2AyUQ/FgCActCPxWrn+T7NHQBWhLs+Lt10ndRcym+bjWkdeMVva+H8n1TwjoQXLNUve+bPQu9exD1m/tulnPS4Tdr1MX48T6o3aqrXO2+YAQCA6rTbvlotX61mmzfRgAT0YwEAGB/0YzGpHnz08VTrMwEMACvJvl3SP39Q+vanR97Uwjmv06GLf1mtDVs6k6dMAKMitbqnRvcNMwAAMH5aLV/NZlvtFm8vAGH0YwEAGG/0YzFJmAAGAEhP3Cvd9TedieA0dwQ3pnXkrNfq8Hk/qeZJ5w9O3jIBjJLVap4aU7xhBgDApGi1fDWX22q3eZsBqxv9WAAAJgv9WEwCJoABAH2tJenBL0qP3Sk99V1pfqd0+FmpuSS/PqX2mo1qrt+ipRPP0eLJ27W09TKpMS0pYmKXCWCUaGq6pkajVnU1AABABs1mW8tL7aqrAVSCfiwAAJOLfizGGRPAAAAnOx/b3Zu8DU/S2v7NBDDKUK97mpqucb0AAJhwvu9reamtFn9OD6sE/VgAAFYG+rEYV2kngPlIIgAAGAuNqZqmZ+q8aQYAwArgeZ6mZ+pqTPG2A1Y++rEAAKwc9GOxUtCCAQBA5aama5qiYw0AwIozNVXT1DS/47Fy0Y8FAGBloh+LSUfrBQAAleJ70gAAWNkaDd48w8pEPxYAgJWNfiwmGS0XAABUhjfNAABYHXjzDCsN/VgAAFYH+rGYVLRaAABQicYUb5oBALCaNBo1vksNKwL9WAAAVhf6sZhEtFgAAFC6et3ju9IAAFiFpqZqqte9qqsBZEY/FgCA1Yl+LCYNPVYAAFA6/nQOAACrF/0ATDLaLwAAqxf9AEwSWisAACjV1HRNnscnJgEAWK08z+PNM0wk+rEAAKxu9GMxSWipAACgNLWax/elAQAANRo11WpMpGFy0I8FAAAS/VhMDnquAACgNA2+Lw0AAHTRL8Akob0CAIAA/QJMAlopAAAoRa3uqV7nE5IAAKCjXvdUo2+ACUA/FgAAhNGPxSRgAhgAAJSCP5kHAABM9A8wCWinAADARP8A444WCgAACud54q4JAAAwpF735NFFwBijHwsAAKLQj8W4YwIYAAAUrs6nIgEAgAX9BIwz2icAALChn4BxRusEAACF464JAABgQz8B44z2CQAAbOgnYJwxAQwAAArleVKtRocYAABEq9X483kYT/RjAQBAHPqxGGeNqisAAABWtkLfNGvu1yPfvFO3fPNRPfLkYe1f7D4+M6OTTzlJF7z85XrNy8/QBno8AACMtVrNU6vlV10NYACTvwAAIAn9WIwrz/d9WiYArEI7H9stz/N6/0mK/bfC/5bkybJeaJn0mPlvl3LS4zZp10d+pqZqakzl/UdHDuuRL/yj/vyfn9T+ZsKqjWN0wY9dpV949Rlal3MtAABAPprLbS0vt6uuBjCgmH4sAABYSejHoiwPPvp4qvWZAAaAVYoJYJRleqae73eiNHfppg/doBvT9Xk0ddoFes+/fY3OXJtxv/fdoF/837tSPGGD3vDbv6ALv/0/dd0/7ZcknfzjP6M/ePWmjBWYXE99ITgHM3rNr/2q3rw1er1HPvMh/fHti9J5V+jP3vlyTUWtdPCr+uP/eKcekXT6T/ycrr18Y441ndNN/+WvdOOcpE0v1R/89pU6OcetAwDsWi1fS4utqqsBDMi9HytJB3fpgQMnaNuWY/LdbqJ+P+fEV75Zf3T16c7rl9GH3fW5v9D7v3RY0ka9+bqf02s2FLq7wb79S16jv3zHBQXvEACwUtGPRVnSTgDzMUYAAFCoXOfe20/qpv+RfvJXkpYfv09//Oe36ik+lDmyu6//oH7xPR/UL77nBt3tsP7JF29T5y3GRd15r20SfZfu/nb3b3jf/5DuXoxea/+3H9IjkqSNuuQleU7+AgCqxGf1MI5yb5cH79Wf/7cb9MEvPKTlnDedxt7bvqavLsSvs3zfbbplrpz6qH2/vvQvh7uFeX3py2k+dBlj7lZd955Ov/W6L5R1MACA1YZ+LMYV34gHAAAKld/d14u672//QTfutvx42xX6s59v6H++91b7pOTue/XHf3uKPvD2F0XfXRrngjfrLz84+FD/zlbpwp99j3456saBV/+C/vLVaXe2wmw4V5ecdqd2PS7t//YDeuQnTteZ5jrfv1df3d/9d/tJ3f196ZKh8zmvO7853/nnGWfrkqLvDAEAlIa/1oJxlFu73Hub3v9H39RTDWn5pJfqD97xUk3pSd34R5/QTXvTbGiD3vC7v6DXnzhifdpP6qZbdukVP2G7C3iXbvzHXToy4m5cHfnmvQMT0nu/+jXd+eOn65KZAnca0bcHACAL+rEYV0wAAwCAQuXWD/7+zfqf37LcFipJMzNy+Yq2I9+6VR9/+Yv0b87JqV5wsFGXXLhRNzw+L+1/VHfvls7cMrjGA9/+wcCbjHffc590gTEDvP97urN79/eZL71AzP8CwMrB+2YYR7m1yxNfrre/cpf+/LHT9Z5fuUIn1yTpFL3+139Br2ym2VBD62bzqdLer96qL/3oz+mVER2qI9/4mm6Zz2c/yXbppi88KUk68fKXattd9+qrC0/qljvndUmuX/UBAEAx6MdiXDEBDAAAJsCi7vzqF3YaEAAAIABJREFU/8/e3UdldZ6J/v+KIAKaR5GgYMQXRDFKVMSQGBJjTTAnRpumtdNk8tbWtLW/TtLWzmlm5iRnVjozaVdjT5vpic2pfUnSMW1sE6PVGhJrTYgJxqAOWvEFiaCgiESigAji7w8QAUFRUZB+P2ux3M9+7n3va29Yrnvta1/3vbODqhCqyczcwH2j2lhjtqM1WV/sdJVw87Vmn7i/DyuWvE9OYS01QcFEjRrH3PunEx9aRtZrK1j6YQml1RASEUnqZz7NQxNbPAyrKyc3M4MlbxVQUAEEBRM1NIG7v5BOalT7hnvlhZvIXLORNbvKKG+YgS98SBwz70onfWT9k8GmFc/1Clg4v6F04hxrpwUmJhD/ehZ5VJC9sYA5g5tUnNRtI2tz/dPPqMgISssqICeX7Lokkpsk9cs376T+TsaSNrnJ08q6MnJWr2bpOw3XD4RHR5N62wzmTIpu8ntuct/Hp/PcnSdY/Ju1ZBXWUhM9gae+23b8Ta89fPx0nrp/AgEXU5EkSe0SQfxdD/BMi70hYYHOe6GtroylGTuZNiehxf7TCdmWTq/TG0H6t7/GnBYv9JG7jMd+vpNKgkl75DEeSmxHHLmbyCwDiGTardNJ7V9A5utlFLyVSW7abBLbGm8d2UnGa5lk5JZRXg0EBRMYHMu06VNJTzrAovkZzWYFKl71Eo+sAghw93fnMpPVPPmDTRTTyhrH7R5b1i+NsnAzQBzzfpBK+eLVLN1aRmXtWcburcQeNTSBmZ++ibQhvuIoSZI6xiVPAH/88ceX+hSS1GX179+/s0OQuocjH7Bmawf2tzWHzCMpTOugCoqLcmQbC35cTeWptYnrainN3cT3f1FNes9tZOw63bSmoozM3yyGiG+crmCuK2LFsy83Xxe5rpbS/G0s+kERpfPnMnPQ2UMoXr2IJ1eWn7G/srCAJQtfouBLjzB37EXOwdc3idThWeTlQ+nmXAruiqMxBbxjJ9lVAJGk359A5rNZFNQVkLUVkhtzsmVkZTeUoiQmnJ4SsGobL/x4JZktpk+sLClhzeKXyNqaztMPJhHeMp6KLSz8QRE5p+579Yk2XzCozFnC908lvgdP4HGTv5Ik6ULVVVNTF0pIJ5ZkBCIjKC+roHJ9JmvSE5pVAVduaKj+DQsQ06uc4iZDxLibxxG3JosCKsja0OKFPiB7fcMLm5FjmNae5C9lrHmr/pjw8SlMC0BIahJJy9eSU7GTjI3VJE5qZQy6fzXfW7CJgrom++pqKS8sYOmvX6LgwdvaeyvOdKFjS8pZ8ewSCposV3Nq7F7Tq8lYuiqHhT/MILuiyaENY/cXfryNrDlfY/4NERcevyRJUoNLPtw0+SFJki5aQQl5HdphGXkFMG1sh3Z6YaqqYWQqjz84kRhKyHj+VVbsA/K3kREUQdrD9zBnZASVf13J9xYXUEk1mRu28dCoMQAUr17ZmPyNu2U289JjCa8oYsWLy8jYV87S32aS9s20s1aXxCTGEbVqGyEpk7gvLYm4qN5QuolFz2eSU1FN1poPmDM2jZiG9YybVTosmENyuy40QNr1sSzOL4Ky3WTtg7iGqpGcU9M/JyaRNjQBhmexOL/FNNBNpn9OSk5qqLyoJntJRsMDulAS75jBQ2lxBOoOkbXkVV7IqaZycwbPZg7m8bQWlRe7isgJCiZm/DjSkwYQiBxOHNXktgx7/2oWvNiwBl5EHPPmTW+YtlGSJOk81RWx4scvs7TfVJ770mWajaYV4dffxLTsDJaWlLF01Tam/d2Yhvh2suSP9dW/cek3kfzeSpY2PTAwmfSxWSzaCuUfbCJnVhxJp8ZF1RvIzKnfjLs5hbZWF25m3wYy8gEiSJveML4LTWFayrvkrK8l550PKJ/UYhxbt5MXnmtI/gZFkPqF2cy5dgDhdYfIWfcuS98NJS1pPEkLxkPJWap8S1oL6CLGlpRTcDiWOY9OJy06gspdq1nw652UcnosHQCKM7Pqk79BAdIfmc3MoQE4UkTO+5ksWVtL0hiTv5IkqWM4BbQkSerySvd3/CJkxfvLYGxXWFcsljlfSiM+FGA4d0+LY8Vv6ic6DqTdyUNJ9Q+qwifdxLSMAlaUAoVFFDOGGHaSsbahLGNIKo9+OqH+AVlYAnO+nEruU1kUFOaSWZLGzOhWTn3K4Jt4/Ml0Ak0rogenMnPSB+S8XQ17SigA2p4guX1CxieQ9LsicppOA123jeyc+umfk8YnEUIoyRMiWZxf1mwa6Mbpn4NiSR3XUEFx5AMyGqaODr9+OvNvPzWFYSxpD86m+OklZJRB3rsbKU6bTkyzaEJJfvCLzEtq+pCtxZPAqhwWNj5gDHD31+eQHHaRN0GSJP3tObKBZ5/bSchVh8g+HMtDD6cQQhlrfr6YFcXn0U9oHA99czZJFzkxCwxk5mcSyHh+J5Xr32XFtDHMjIbydZlkVgARCcxJG0Dee2cEQOqUBBZv3UllVT7ZOyCpodK3/IOc+plVgmJJT23fGDsncxulAEPGkd5kOumkOyYRtz6LgsJNLN2RdnrmG6Bmw4b6GIGkOQ8wd9KpsVwsybfPIXlaLVzoy3oXObac9sV7SR9a/yk8aQYzE3fyQi7NxtKlBxvG7pHDSRsVXV9JHDqc1LuGkzq9ghrHmpIkqYNYvyBJkrq8mrpztzn/Pms7vtMLER3dkPxt0OT1vPgRcc2+CGk5cistoqCqfjMu6drm1RGBOBIDAOUUHDhXEBHNk78NwsN712/UnaDmXF20R2gSqQ1V16Vbd1IMsHULmVXUJ3bH19+IwOSk+mRzwzTQzaZ/Thp3evrnJpXhideOaX6uoDiSTyWKS8qaTxEIEDWGu5POUmFRV8bShaem5wsl+cF7zzmVtiRJUqsiYokPLSK7eAAPffNe6otHI0gcP4rEkbHt/klOTiCmo8qGR6Vx93CAcjJW5VBTt5OlGfXjraS7pre99u6ohIYX4mrJXLehYYxYRtaG+mPDUyacHqudTXkmKzbUAsEkT5/cYhw7mfSxANVkZm5oNg7N3XVqfeLI1qtlgy+i1uVixpYMJHF408+hhJ+6D03G0omjY+s3SjfxvR++zJK3c8grraj/Piyi06rCJUlS92MFsCRJ6vLOSHy2aSCJo0LJ3lHdjj67wTCorrbxYVLByl/xyMoL7aecgvVZLH1/BwWHT1B+5FIlx0NJHh8LW4ugJJ/sEojZWF/tzJgEkk89JAtNInXsWnK2NkwDHVfeOP1z8sQmdch1J856tvoEdjVQTmkp0LQK+lx/U6UFZDdshoxN46GzJYslSZLOJiiWmd98jPTa4CZr/4YSc306c6/vrKAimTYriYxncyjdnMXi0J71lbWRScxMiQAqWj8saAzTblhL5poK2LaT7OoUUks3sKYQIIK0tDGtH9dCwTtbyKsDqCX71z/lkbYabs1hTXkK6Q0Z4prGYWqfVl9gvCgXM7Zsp5BJc3iiYgnPriiifH8RGa8XkfE6EBxB0m0zmHv78FbWF5YkSTp/3eDJpyRJ6u6iBkUC5WdvtGsTK3bMJv2r3yB512peWLyJnLMcEjOoK0z/fJGCghurBOLveoB5Ka2XW4ScdSq5anJ++xLPflgNEdGkfyaNaSMjCQGK//wyC95u4+HfBQqZOI7k3xaRXVdOVvZqYhrWikue3HQdvCaJ4pxcMgYfrZ/+OSyBtKbrNgf1POu5KiuPNWwFiIo6z0Cj4kgNKyCrEGq2rmbBm9E8cXvseXYiSZJ0StPkbxcxdCpzxm9j4eZyMtcDBJM8eyrx53hRLu7mccStyaKgrog1H5QTdWhHq1M5t6luG2veb+8Ys4wVq7aR/nctE8u1VFYDFz0ddhOXcmzZKJi4W+7lmbRqKosLyMnLJytrGzn7K8hZ9SrPhn2xlfWFJUmSzp9TQEuSpK5vZNy515+tKGHp84t47AevkttvKo8++RhP3zecmFYftMWSOLLjw7zsomKJa0ju5u0qIKRvgEDLn4gA4Wd92LiDzA/rK6ajbpjKnInDiWo4tuZY65XUMdGnqmGPUn7kPGMOSiK14ZdZvHoT2XVAUFzj1NCnhIxLICkIqCtgyaqGKQWTGvadEhdNfMNm7l+3tThRAdlbGuKPjiTufEe9QZHMfPRe7m54iFmw6lUWZBad/RhJkqSzqiDvj7/in/6ws7MDaRBK8qcn0bjoSPQ47m7PAsONUzRD3oaVLP2gfsyVdHOLqZzbUJ75fv0SIERy97fn8sy/tv7zxB31idDKDZvIahjWxY84lRwtIntzK0nkplMzRw1oXKe3/PA5XiaFSzu2PKW2YQafoFDCByeQeks6j/7jY8xtGB/nbdvdMUuvSJKkv3ld7d1DSZKkMzWZEvhcakryWfT0T1iSOIG5X7iHedN+xpNvtng4NDahfWuTdXkJpE8NkLmqHHLX8r3FwcyblUBML6g8UkLO2r+w9EgSTz+ccpb1xBrWFq6D0vffJXP8AJIjKyjIfINF61ufCjrq6gD10wKWseatnSTPSiBwHqPK5OsTCN+8k8qGB3ThKeNIbvkQLTSFtKS15Gym4UFeMMnjW1R+9J1M+vgPWbi5lsr1q3k2pjf3TY4mvLacnOUraVjGjvibJjY+/DsvQbHMnJdOwdMZZFdUk/vaqywMfJF5TgctSZLOR10RmSsLCQnOYdGaYyQ/HAtUk7t6BZkHzqOf0DhmfiaFmI4s5wikcd9nSlhTAPE3TW/nmCmU1CkJLN66k8rCInIBwhKYNrE9A+wCMt5pGKSNTSJ9cKDNcWrgliSSMtaSU1dERlYZqbdEEpicRNLra8mpg5wlL7Go52zmXDuA8LpyCnIyeWFVMHOenF3/0mBQJFGRQBlUbt7AmpvjmDboLDFe6rElULBqEd/fOoCZ6SmkjowmEBZMzYFNZO1uaBDhOsCSJKljmACWJElXgFBS0xoeMrXziPLcTSz4102t9pWWdraE6JUlZvqd3LfrVRbvqqb0w9V878PVzRsEbSOrIoW0NnOWY5iZ/i5Zq8qhoogXfvQzXgAgmJjoUCpLzqwCDpl4E+mrlpBRBsWZy/hOJhA9gae+286HhqMSSA7b2VD50Upit0FjohggbDipiS1bhJI8J520fSvJLK0m5/VX+afXm7cIH5/OoxczjV5YEvO+Xsb3/s8GCmqryX7xZVbMn8vMQRfepSRJ+htTU07u+kyyqkJJffiLzE2KAMoo31dC7ketv3DXqtBgUmsgpoNfZIxPu6ex8rXdEieQFrmzMSkadcOE5jO1tKEmJ4vMMoBg0qacY0ze5IXAgoxMctJmkxSawtwHC3jyxXzK6yrIWvwyWS0Oy8ypJWl8MBDHzNtjyfhdEVQVsfiHP2UxkPzwfOYNbPWEl3hsWUR2TgU1pRUs/U0BS1t+HRTKtJT2raEsSZJ0LiaAJambqKo8/eCg7PARjlRUUn28fvKo0F4h9I0IJ7Jf384KT7p4o2Ywd1JB/Vq1FyF80nTuG9VBMXUFQbFMm/c1kj7MYNFbOykoqZ9WLiQigrjEcdw9K43EcxSsxtz+ME9HLmPh6/kUVAChAZJn38ndR1by5KpW7ndQHHO+fQ+BJX9hxdYyKs/juWX98WNITsogc31tG4ndBk0SxeHjx9Bqs7AxPPTdgSSvXs3Sdwrq4wfCo6NJvW0GcyZFX3yyf9BUnvhWLd9bsImCunKWPreEqH+cQ6r/pUqSpPYIHcPcf4wg7ZMBJA4+NTCLJPXBr5HaqYFdjDhSJ0aQsboCiCB5Ytw5j4Ay1qwuaHy5L7kdY/LGFwKrdrJmQwVJ10cQnnQPT383h4yVG8g4NRYNDiZmyBDS7phO+sjTjzvDr7+Xp0NWsmjlTvLK2jFovaRjy1ju/se5JK5bzdL3iigoraam7lTsCcz8QjqpF7y2sCRJUnM9Tp48ebKzg5AkXbyqylpqamopKjnEserjrbbpHdqL2OgBhIQEU1JygB49ejT+AGfdpuk20IM22jX591z7Wm635/O59rflfNur44SdfQHa81NXxIofv8zSfRd4/OAJPPXN6R07bZ4kSeoQVef9RpF0aXXoOLbbKWDJv9fPCMOQVJ75Zlq71v+VJKk7chyry2H77sLzau/jT0nqRs6W/AU4Vn2copJDlzEiqYMFxTLz0TncPeT8Dw0ZMoEnHjX5K0mSJF203E0NUzlD0s2TTf5KkiR1MT4ClaRuouzwkbMmf085Vn2cssNHLkNE0iUSHMfMb36Nx++IJdCeoozgCJLuuIdnvjmdOIs4JEmSpItUTda6nQ1TOScwbWIHL0osSZKki+ZjUEnqJo5UVJ5X27CLXhRT6kwRxN9+L89MKydvQxYZG3aTV1RB+anlakNDiYkdSFJKCukpw9uXKJYkSZJ0buUfkLG1fjPqhgkkWV4iSZLU5bgGsCR1E5u3fkR7/0vv0aMH/SJCXANYl4Vrp0mSpPZw7TR1NY5jJUlSeziO1eXgGsCS9DfqfN7n8d0fSZIkSZIkSZK6JxPAkiRJkiRJkiRJktRNmACWJEmSJEmSJEmSpG7CBLAkSZIkSZIkSZIkdRMmgCVJkiRJkiRJkiSpmzABLEmSJEmSJEmSJEndRHBnB3Aumeu3sPujIooOHGJvcSnV1cfP6/hrYq5mcEwU0VH9mD1jyiWKUpIkSZIkSZIkSZI6X5dOAP/0l0vZvDXvovrYW3yQvcUHAdi8NY9vfPkz9A/06YjwJEmSJEmSJEmSJKlL6XHy5MmTnR1Eax6Zv6DZ5/hhsYyIi6F3717n1c/uPcXk7Sni2LHTlcM/fPKr9DMJLKmb2bQl/7za9+/Tix49ejT+AGfdpuk20IM22jX591z7Wm635/O59rflfNur44SFd+n3zSRJUhdRVVnb2SFIzTiOlSRJ7eE4VpfD9t2F59W+S45kl72xrnF7eFwMn7kzjTEJcRfc38FDh3ltZSYfbNoOwLO/eI0nv/3ARccpSZIkSZIkSZIkSV1JUGcH0FJW9jaWZ7wHQMr4UfzzY/ddVPIX4OoB/fjKA3fx8BdmAFC4r4Q//PHti45VkiRJkiRJkiRJkrqSLpcA/uuOPY3bd91+Y4f2fdPkcQyLGwRAds6uDu1bkiRJkiRJkiRJkjpbl0sAF+0/BMDQawYyOCaq2XfbdxWyJffMNS6XvbGOktLDzfbt3lPMX97ddEbbhGGDASgp/ZiqY9UdFbYkSZIkSZIkSZIkdboutwZw8YH6BHD8sNhm+/fsPcAzC18BYFb6jcyeMQWAZ557he15hSzPeI+fL5gP1CeKT7U9XlNL+q0pjf2MGBYLb38IwP6SjxneUBEsSZIkSZIkSZIkSV1Njx49OHnyZLvbdrkEcPXxGgAiwns323/kaGXjdkjImWH3jQjjyNEq+vYJo/bEicb9x6qPN2uXMn4Uq64ZSE3tCfoH+nRk6JIk6RI6cPDwuRtJkqTLbuDV/To7BKlLcxwrSVLX5DhWV5LQXiFn5DzP1rbLJYDbMi5xOLPSb+Rw+VFGxMU07p+VfiNkwHXXjqBvnzAA4ofGcse0yXxytJIpk8ee0df/+tb9ly3u9ijcV8KPnv89PXr04Ftf/RxDYq8+7z4Olx/l6f98maqqar711c8yvMk9ulh/eXcTuwuKGREXw603TeiwfiVJOh8OyiVJknQlchwrSZKki9U3IrzdCeC+EeFXTgIYaJz2uanRI4cweuSQZvt69+7FZ++65XKFdVFOnoSs7G0cragCYP3G3AtKAF9KO3bv5YNN26mtPWECWJIkSZIkSZIkSbqMIvv15UhF5TmTwL1DexHZr++VlQC+WAcPHWZvUSkflx8hflgsQ68Z2NkhcfDQYdZv3N5Yvfzh5h3ceuN4BkRe1cmRnfaVB+7iKw/c1dlhSJIkSZIkSZIkSX+TYqMHUFRyqM0kcO/QXsRGDwC4chLAR45W8fyLy+nbJ4yJSQlcPzERgGVvrGN5xnvcfsskPv/pW1s99lj1cV5+7c+s+2Brs/3xw2J5+At3MOjq/pc8/rZkZW/j4/IjzJk1FYAly9fy4X/vIP3WlE6LSZIkSZIkSZIkSVLXERISzNDBAyk7fIQjFZVUH68B6tf87RsRTmS/vo1tr5gE8Iebt7M9rxCAurqTjQngd7JyAHjz7Q+ZMnks17SYPrm29gTPPPcKe/YeOKPPvI+KeOL7v+Tpf5lLVGTgEl/Bmco/qSArexv9A32ZMG4kAG+9nU3m+hxSJ40h0DfijGPq6k6yfmMuyzPe4+Chw4SEBJMyfhS33TLpjLan1gUG+NqDs/jT6ixycvOpq6tjxNBYvnTvHfTtE87rq9bx7vocqo4dp1+gD/d+5lNMHJdAjx71/SzPeI9lb6xj9owp9Wsut9g3JPZqlix/m4OHDtOzZxBJicO577PT6XdVn0t05yRJkiRJkiRJkqS/PZH9+jZL9rYm6DLFctGuTx7TuH3d2BGN28OHDAJg6DUDz0j+Qn1i+FTyN3ZQFA99Pp1/+PJnuDHl2sY2i/5rJbUnTlyq0NuUs203JaWHGZc4jKsH9OPqAf0YlziM/SUfszX3ozPanzwJK1dn8cuX/0TZ4U8YO3ooE8eNZOfuvSz89etUVVW3ep5PjlTw4//3e0oOHWbSdaPoF+jLrvx9/N9fvs7//eVS1m/cxrjE4YwcPphPjlTwy8V/Ylf+3nZdw4ZN2/nly38iOipAyvhRhIeFsnHLLhb9ZiVVx9q3GLUkSZIkSZIkSZKkjnHFVACHh4Xy8wXzOXK0qnG9XICvf/HTbN9VyOiRQ1o97tS0z6Pjh/Cdr3++cf91145g1IhreOGVDPI+KuLdrC1MnTL+0l5EE5VV1ax9bzO9Q3tx8w1JjdW2N6Zcy/qNubyTlcPEpATCevdqPGZvUQmr38kmIrw33/jS3cQPiwWg9sQJXnwlg/c2/JWw3qFnnKu29gT/41PXMyt9Cj161Fce//C537Fvfylxg6P53/Mf4qq+4Zw8CS8tyeCdrBw2btlFwohrznkdnxyt5LFHPtsYy8FDh/nRz35Pwb4DFO0vbdwvSZIkSZIkSZIk6dK7YiqAT2ma/D2lreTvwUOH2V9SBsDkiaPP+L5pcnLXR/s6KML22bl7L4VFBxmTEEfc4IGN+0cMjWXs6GHkFxSzo2HK61NycvM5WlHFxHEjGTH0dOzBPXty+y2T6BNx5r2B+ns26bpRjUnmq/pGcE1MfbX0pPGjuKpvOAA9esCYhDigfvro9khOSmh2HyP7XcXgmCiqjh2n/JOKdvUhSZIkSZIkSZIkqWNcUQng7bsK2br9I461mFp42RvrKD5w6KzHRoSfmRzt3aRaNijo8t2K48dreOvtbACmTB5Lz56nz92zZxBTJo8FIHP9lmZTU+8tOghA/359G5O5p/TtE06vXiGtni8kJISI8N6Nn3v0gKCg+g4GXR3ZrG3Pnj3P61r6BZqv89uzZxC9Qq6YwnJJkiRJkiRJkiSpW7liMnXbdxXyzMJXALhj2mQ+e9ctAPz0l0vZvDWP9Rtz+d/zHySkSfLx6gH9GBB5FYfKPuHDzdtJGT+qWZ/rN+Y2bo8YGnMZrqLe7oJi8guKOXGijp/+cmmb7bbt2EP+nuLGqZibJoolSZIkSZIkSZIkqaUrJgHctML3k6OVjdu7PyoC4MDBjyk/UkFUZKDZcUmJI/jLuk1s2LyDmDfWMXHcSPoF+rI9r5DfL18LQHBwT4YNGXQZrgJOnKhjTeYmjtfUMiYh7owK2lMOlx8ld1chb7//34wYGkvPnkHEDBwAwP6SMk6epFkV8JGjlRw/XnM5LkGSJEmSJEmSJElSF3XFJIBvvWkCx2tqOXionBnTUhr3f/cf7uWlJW9yfXLiGclfgPRbJ/Hh5u0cqahiecZ7LM9474w2c2ZNZeg1A8/YfykU7S9lx+69REf148v33UngqohW25V/UsEPn/sdW3I/omh/KUMGR5M0ZgRvvZ1NzrZ8duwuZHR8/drHtSdO8ObbH3K0ooqwJtNaS5IkSZIkSZIkSfrbcsUkgAHSb005Y9/Aq/vzna9/vs1jrh7Qj//vS3fzyrK/sHtPcbPvQkN7Me+hWYwdPazDY23NyZOw5t1NHK2oIi01qc3kL0DgqggmJiWw6s/rycrexjWx0VwTczWfSpvIsjfW8aOfLWHE0FgG9L+K3Xvqq6BN/kqSJEmSJEmSJEl/266oBPCFih8Wy7e/+jm27tjD4fKjVB+voX+gL9fERnFNzNWXLY4DB8vI2ZZP/0Bfbk5NOmf7m1OTyPpwG1nZuaSlJjEoOpKZt91AdFQ/Xl+1jryPiviocD+TrhvF9JuT+dmLy6mqqr4MVyJJkiRJkiRJkiSpK+px8uTJk50dRFOPzF8AwKz0G5k9Y0qz737z+7eoqa1l6o3jGTE0BoBlb6xjR95ehscN4rN33XLZ45WkrmLTlvzzat+/Ty969OjR+AOcdZum20AP2mjX5N9z7Wu53Z7P59rflvNtr44TFv438b6ZJEm6SFWVtZ0dgtSM41hJktQejmPVFV0xI9l3snJY+95mAE6cqGtMAL+TlcPh8qNszyvk5huuIzqqX6vHf3z4CMUlZewtOsix6uMMio6s/7m6P716hVy265AkSZIkSZIkSZKkS6XLJYBDQ3tRXX2cY8eON9s/9JqBjdvXxJ6etjl24AAOlx8FaDX5W1Nby6L/Wkn2f+9s9Xz9An24OTXpjGpjSZIkSZIkSZIkSbrSdLkpoL//ny+T91ER8cNiefwf7m323YGDH1NXV0fMwAGN+45VH2dP4QFiB0XRt09Ys/aF+0p46kcvteu8/QJ9+OGTX734C5CkTuIU0GfnFNCdx6nzJElSezh1nroax7GSJKk9HMeqK+pyI9nYgQPI+6iIvI+K2LazgDEJcY3fDby6/xnte4f2YvTIIa329czCVxq3h8UN4rabkxmXOJyI8N7s3lPMltx8lme8B8Dh8qMse2NM7f5NAAAgAElEQVSdlcCSJEmSJEmSJEmSrlhBnR1ASyOGxTZuv7Yy84L7efm1P1NZVQ3ArPQb+ZfH/p7U5DFEhPeuP8/QGGbPmMJT//PhxmOWZ7zHzt37LvickiRJkiRJkiRJktSZulwCOO36cYwfGw9AfkExz7+4nH3FpefVR2lZOX/O3AjA+LHxZ63qjRk4gH/48mcaP2dlb7uAqCVJkiRJkiRJkiSp83W5KaABvvGlu3lk/gIANmzewYbNOxh6zUDih8U2VvC2FD8slrGjhwFQfKCscf/EpJHnPN91145gyOBoCveVsLf4YAdcgSRJkiRJkiRJkiRdfl0yAQzw8wXzWfbGusY1evfsPcCevQfabD8g8iq+/y+PAFC0/3TF8Oj41tcHbml0/JCGBPD5VRtLkiRJkiRJkiRJUlfRZRPAALNnTGHg1f356449FO0/RPGBQ1Qfr2m17ZSUsY3bM6ZNZt2GvzJsyECiIgPtOtfY0UPZuGVns34kSZIkSZIkSZIk6UrS4+TJkyc7OwhJ0sXbtCX/vNr379OLHj16NP4AZ92m6TbQgzbaNfn3XPtabrfn87n2t+V826vjhIV36ffNJElSF1FVWdvZIUjNOI6VJEnt4ThWXVFQZwcgSZIkSZIkSZIkSeoYJoAlSZIkSZIkSZIkqZswASxJkiRJkiRJkiRJ3YQJYEmSJEmSJEmSJEnqJkwAS5IkSZIkSZIkSVI3YQJYkiRJkiRJkiRJkroJE8CSJEmSJEmSJEmS1E2YAJYkSZIkSZIkSZKkbsIEsCRJkiRJkiRJkiR1EyaAJUmSJEmSJEmSJKmbMAEsSZIkSZIkSZIkSd2ECWBJkiRJkiRJkiRJ6iZMAEuSJEmSJEmSJElSN2ECWJIkSZIkSZIkSZK6CRPAkiRJkiRJkiRJktRNmACWJEmSJEmSJEmSpG7CBLAkSZIkSZIkSZIkdRMmgCVJkiRJkiRJkiSpmzABLEmSJEmSJEmSJEndhAlgSZIkSZIkSZIkSeomTABLkiRJkiRJkiRJUjdhAliSJEmSJEmSJEmSugkTwJIkSZIkSZIkSZLUTZgAliRJkiRJkiRJkqRuwgSwJEmSJEmSJEmSJHUTwZ0dQEeprq6h/EgFHx8+Qv9+fQn0jSA0NKSzw5IkSZIkSZIkSZKky6ZbJIBfef0vvPn2h2fsv/2WSXz+07d2QkSSJEmSJEmSJEmSdPld8VNAP//i8sbk74ihMcxKv5ERQ2MAePPtD3n+xeWdGZ4kSZIkSZIkSZIkXTZXdAXw1u0fsWHzDgDu/cyn+FTaRABmz5jCnzM38vJrf2bD5h2kbf+IsaOHdWaokiRJkiRJkiRJknTJXdEVwMsz3gPgO/M+35j8PeVTaRP5zrzPN2snSZIkSZIkSZIkSd3ZFZsAPlZ9nLyPiugX6MPokUNabTN65BD6BfqQ91ERx6qPX+YIJUmSJEmSJEmSJOny6vJTQC97Yx0fbMxl/8GPGXrNQK67dgSzZ0xhT+EBAAZG9T/r8QOj+nO4/Ch7Cg8weuQQlr2xjv/+62727D1A7KAoEkcO4d7PfOpyXIokSZIkSZIkSZIkXVJdOgH8zHOvsD2vsPHznr0H2LP3AHuLDvKVB+8iJCSYov2lZ+2jaH8pISHBxA+P5blfvc7GLbuafVe0v5SPDx/h61/89CW7jqaqjh3n2UWvsit/X6vfB/pGkHxdArPSb6Rvn/DG/csz3mPZG+uYPGE0X3ngLgAOlx/l6f98mZ5BQcz/2hwGRF511nMX7ivhR8//nkHRkTw69x7CevfquAuTJEmSJEmSJEmS1Om6bAJ42Rvr2J5XSPywWG67ZRIp40exYfMOnn9xORu37GLlW1lcO2oom7fmsWrNB9wxbfIZfaxa8wFHKqoYPzaelW9lNSZ/v/rgLFLGj2JLbj4rGvYve2Mds2dMuazXODp+CJH9+zZ+rq09wc78fax5dxNbt3/EN7/yOa4eEDhnPwcPHeYv723mszNvbrPNiRN1ZKzdwNGKqg6JXZIkSZIkSZIkSVLX02UTwIc+/gSgMfkLkDJ+FLunTuLNtR+y/+DH3Dk9lc1b8/jDH98mrHcvpt44vvH4te9t5g9/fBuAO6en8tY72QDcPvV0f+MSh1NXd5L//MVr7D/48eW8PAA+lTaR5OsSmu2rPXGCF1/J4L0Nf+VPq7N4YE46PXqcu6/3N/yVmyaPZVB0ZKvf78zfy8acXa1+J0mSJEmSJEmSJKl76LIJ4CNHKwFIGDG42f7BMVEAVFVVM2JoDLPSb2R5xnv85vdv8cc332dgVH8OlH7M4fKjAMxKv5ERQ2M49mY1AMOGDGrW39AhAwE4dqz6kl5PewX37MnUG8ezacsu9u0v5Vh1NWG9Q8953OFPjvLWO9n8/T23nZEwrj1xgtXvbKT6eM0lilqSJEmSJEmSJElSVxDU2QG05VQl67r1W5vtz8zaAkB0VD8AZs+YwuOP3svI4YMJCgpie14hQUFBjBw+mMcfvbdxWudT/b234a/N+jvVf1uVs52hb58wevUK4ZMjlRw/XnvO9oMHRTF4UBTrs3P5qLD4jO+37ShgS24+1107gv6Bvq30IEmSJEmSJEmSJKk76LIVwOOvjefNtR+yas168guKmX5zMssz3mNX/j4Abp1SP91z9fEaegYFcfcdN53RR3DPnhw/XkOvXiGN/W3JzeeZ515hVvqNrH4nm+15hY3n6yqKD5RxtKKK+KGx9A7tdc72YWGhfOqmCfzyt6v4c+ZGHv67gfTsWZ/brzp2nJWrs+gTHsbtUyfxq9++canDlyRJkiRJkiRJktRJumwCePTIITz57Qd4ZuErbNyyi41b6tev7Rfow9cenEVpWTn/76UV7C0+eM6+4gZHc/f/uImn/ufD/OzFP7I9r5DtC+sTv+FhoTz57QcYMjj6kl5Pe9TVnWTH7kJ+u3QNdXUnSb4ugdDQkHYdO2bUUMYlDmdjzi5uun4viSPjANiybTf5BcXMvO0GBl3ddaqcJUmSJEmSJEmSJHW8LpsABhgyOJrH/+FedhcUc6jsE2IHRZGUOIziko9Z9F8rqayq5tpRQ4kdFEVY7zMrZY/X1LK36CBbt3/Eov9aybe+OocnvnU/H/73Dg4c/JgBkVcxIi6GmIEDOuHqYOELy1rdHxTUg0+lTWRqQ5Vze/Ts2ZM7p1/P9l2FrPrzB4yIi+F4TS2r/rKB6Kh+3HLjdRwuP8qxY8c7KnxJkiRJkiRJkiRJXUyXTQDvKTzAm2/XT9lcUXmscX/fiDD69AmnsqqaWek3Nq7xezbL3ljH8oz3+OXLf6KisopPjlQ262/8uJFMHDeS664dcUmupS2j44cQ2b/5mrxDrxnIhLEjGRB51Xn3N2xIDNcnJ5KZlcO2nQWUlpWzt+ggD3zuNgJ9Iyj7+BNOnjzZUeFLkiRJkiRJkiRJ6mK6ZAL4VMK2NUcqqjhSUUXfiLB2JX8BZs+Ywpp3N1F84FCr/WVm5ZCZldPuhHJH+VTaRJKvS+iw/nr0gNtuTmbzljxeWfYXamtPMGJoDJPGj+6wc0iSJEmSJEmSJEnqurpcAvi//7q7Mfn7wJzbmTgugb59whq/376rkGcWvkLsoKjz6nfwoCi25xXynXmfZ/TIIY37KyqPsfqdbJZnvMfyjPcYf208Q4cM7JiLuUyOH6+hrq4OgEHRkdxy43Use2MdwcE9uf9zt7c6PbYkSZIkSZIkSZKk7ieoswNoafPWPABmpd/ILTdc1yz5eylEhPdm9owpzP37OwH487sbL+n5LoWjlceoqalt/DztpglcO2ooE8bGMzr+mk6MTJIkSZIkSZIkSdLl1OUqgHN3FQBw8w3XXdbzxg+LBWB7XuFlPe+l0CcijG999XOdHYYkSZIkSZIkSZKky6zLVQCXlB4GoH+gz2U9b1RkAIBDZZ9c1vNKkiRJkiRJkiRJUkfpchXA3V1Y71589xtfOO/jZqXfyKz0G5vt6xfoww/+1yPt7mN4XAzP/vs3zvvckiRJkiRJkiRJkq4MXa4CWJIkSZIkSZIkSZJ0YUwAS5IkSZIkSZIkSVI3YQJYkiRJkiRJkiRJkrqJLpcAHhB5FQDbdxVe1vOeOl//QJ/Lel5JkiRJkiRJkiRJ6ig9Tp48ebKzg2jq+ReXs2Hzjk47/4xbU/jcrKmddn5JulCbtuSfV/v+fXrRo0ePxh/grNs03QZ60Ea7Jv+ea1/L7fZ8Ptf+tpxve3WcsPDgzg5BkiRdAaoqazs7BKkZx7GSJKk9HMeqK+pyFcBffXAWM25NueyVuAMiryJl/CiTv5IkSZIkSZIkSZKuWF2uAliSdGGsAD47K4A7j5UTkiSpPaycUFfjOFaSJLWH41h1RV2uAliSJEmSJEmSJEmSdGFMAEuSJEmSJEmSJElSN2ECWJIkSZIkSZIkSZK6CRPAkiRJkiRJkiRJktRNmACWJEmSJEmSJEmSpG7CBLAkSZIkSZIkSZIkdRMmgCVJkiRJkiRJkiSpmzABLEmSJEmSJEmSJEndhAlgSZIkSZIkSZIkSeomTABLkiRJkiRJkiRJUjdhAliSJEmSJEmSJEmSugkTwJIkSZIkSZIkSZLUTZgAliRJkiRJkiRJkqRuwgSwJEmSJEmSJEmSJHUTwZ0dgCRJkiRJkiQJKFnNkz/MJ/Uf5zIz+owvWfGDlyi4cz7zki6oc1b84CWWljTfGxIRQeLNM5h7+3DCLyzqdp87K/kBnro9muI3F/HkqgDzFswh+ZKds4ncZTz28yLSvv015gw+z2OP5LB0eTHxs9JJ6lu/K/vFBSwsnsBT351OTIcHe24F614lgxTmTom74D6yX1zAws0tdoaGEjc+jXlzJhB1kaVjNfsyWfjrD8kpqyXmjvrfuyTp8jEBLEmSJEmSJEldRV05S3+zmuRvTifmEszfmPxwkwRyXTWVxZtY9PyrPBv2RR5Pi+z4E7Yi5pZ7eeYGLmHCualqstbthIhQMjO3Mefvxpzf4VUlZH9YQMhtNCaAk+bM5Zm63gQ6Pth2Kd2VTxYJzJ1ycf00T8zWUlmaz4oXl/G9P0TwkzkJF9FzPkuez6J8yj385LbhhJuFkKTLzimgJUmSJEmSJKnLCBDHJhZmFF36UwWFEj44lYfSI8lbn0PppT9jvdAIAn0jCLkc5yr/gIxtsdz39QlEbdhEVvXFdxkSFiAQEXrxHXUpwYRHJTDnrgRYn0POxXRVspvcigDJySZ/Jamz+N+vJEmSJEmSJHUZAWben8CKH77KCyO+wUOjztK0Kp8Vv3mDFTsqqCGYqFHjmHv/dOLDLi6C0o2vsvC1fAoqICQQy8wHZjNzeARA/fTNxUk8HrObhW8VUV4LgcRU5n857XTF8pFtLP5FBpmFtdSERpB899TmUyXnLOGRlZENUyg3TG099R7ict5gRW4FNcERJM2azaNpsY2HVOZm8OwrOeSV18c05ytjyP3hBuK+29p02acVvLOF0pSppA4aAWOyyMgqI/WWFpXOdeXkrFzGC++UUF4LIZGxzLxvNsm7XubJVeUALP3BApYS4O7vziV58yKeLE7l5w8mteP30J7rqyDnD6+waH0ZlU3Of+qeN7lxLJyfQTYAGTwyPwPGp9fHcYn+FirzV7No8RZyymohNEDanHt4aGL9/Wv6t7BoTREh0x5gHstavWczo8rIWvI6i7PrrzF8yHDue/AeUht+Fa319dTtB1g4P4uY+xMpWJ5FTjmEDBrDvG+kE/hgCc+uKKK8LpiYG9J5/LNjLlNFuSRdGUwAS5IkSZIkSVJXEj2V+feV8E+/WULSP80hudUkXgkrFr5KRr80nvi3VGIoIvO/XuX7C4N56ttT2702bU15DkvXlhE1fjpRQM3WV/nea9XM+erXSB0cSuWOP/Psz14h/J+/yLRTcx7v+IClgRk8/lQCgWM5LP5pBgtXj2qYTriEFc+tJOvqNJ74j9NxvVDKWWPKXZlJ1P2f5ydfvorKrSv5/q9XsmJUQ3K3ZC0LfrGDwGfv5ScpsYSUZrHwhUzy6M1ZV8Gt28aa9yFtXv20z6lTElj8hw0U3JLe7LjcP7zEs7vimPfdz5PcD0p3ZbJkawEz75rLz8ev5skf5JPaJNFcfAG/h7NdX/m6V3l210Dm//MDJEZUU7BtLUuyC5g5vOV01UnMW5BUv34v6acT0B30t0B1ASsy8qkccxOJNNz3n+WT+OUHmDcyEkqyWPjcYl6IaPJiQk4mC+tSmfftO4mKiCAQ1to9qyZn8WIW7R/VcI0V5K5YwoIfv0r4v9xDUmjrfcEBoJyMtZU8+thjPNq7iKX/dwmLflRA3LjpPPHvCYQXr+b7z2awJGnM2V+WkKS/MU4BLUmSJEmSJEldTPjEO3lo5AFe+N0mKltrsON9MorjeOjhVGJCgdBY0h6eSnLxJjJ2tN1v9q8X8Mj80z9f/7c/kzdyOvPvjAPKyVyTT/xd95A2OIIQggmMSue+KRVkbig73UnfMdz36QSiQiEkkET6pAiK9xWdjutIAnNbxnWO6w3cPIM5oyIJCQomkJRCalQ5Bfvqv8tdu4mCMTcw74ZYwoMhZFAqj376rKlfAGo2biIzahzpgxt2JE4gjW2syW3S6EgmS98PJv3B2SRHhkJQKFGjpjPvrnauFdzO38PZrq+yohoGxpIYCIbgCOKS7mT+Z89jreIL/FsoXvVSs7+FR/55CWtCx/H4vSmEUH/fy6ekN8Rdf9/n3TWAzA3bTnfSL4lHH04jPipAIKyNerMjH7Diw97cfX96wzUGSPz0bO6OyGfFB+Xn7CtpesNxoXHMTIul8vAAps1KIBAMIUPSmDaqlrw9Je2/X5L0N8AKYEmSJEmSJEnqciJIvn8GOf+6jGcz43g8rfm3pYUlVEYNPz3tMkDQQOKiaskuLINRLaY5bpA0Zy4PjT3VvneLtWyLyNsDOfk/5ZHfNT8ucMtRoKHPmOjmVaU9g+HAofrK2D0lVPYdTtQZcbWsnG0uZlDTeZyDCQmC4tISIJi8wlpikuKarxk8PJZ4zpb0K2PNO0Uk3XwPgcZ9caTffBXfWbeB+xLrk5wUlJDHgNNJ4vN07t/Dua4vmpjxicS9tZrv/HQ301KSSBo/nLi2kqkXFEPrfwtRt8zm8U+diiuY8GbrMpeRV1hL+b4lPPJ2iwMTE6g5tT0k5uxV2NBwjwOkN5uqO5qYGFhaUASnfkOt9hUgbuDpTyFhwRAV2eRaQwnvbssxS1IHMAEsSZIkSZIkSV1RUAIPfX0CTy54lRUj7+yQLkMiAgT6tvVtLTV1waTe/zBzRrb4KrjlerRt9N9V5pzMzWRFIVQu/imPLG75ZQ5rylNIDwB1JzohuBai03ji35PI255D9rpMFry2jKj0e3lieuy5j70IIeEBAn0DbXxbCzUQd/scHr2pRZug3s2T8ZKkLscEsCRJkiRJkiR1VYOmMy99Ed9b/C5Jdad3Rw2JJnxNBaV1nK6GrDtAQWkwcUNar/g8tzgSh9eSsa+cwMRzT7Hcmqgh0YSvKqP4jLguMCQiiR8SzNLCAmqIPp14zC8iD4hv9ZhqstbtJDxtNk/dFn3Gt3nLf82SvxSQ/uk4GBZDPFvI2wfJrVUBBwWfNdl57t9DO6cmDg4QPzaN+LFpzMlfyXeee5+c6feQ1ErTkGCg9nxiuBDRxI8IZmlRCeF94y4u4RsXTTw7KS2H0+XYJRQXQ/xNlzbJLUl/q7rK+1iSJEmSJEmSpFbE3H4Pc3oVkN00iTrqBtIjd7Lo11kUVwPVRWT+ei3ZMRNIH3WhZwqQNm04lWszWLKjjJo6qKkoIut3v2Jx7rmPbowrpoAXWsZ1oSEBiVMnELftfRa+X0RlLdTsz+LZ1wvaPqD8AzK2RjLtUwkE+gbO+EmeOgYy3yWrGug7mZmTasn4XQa5ZdVQV03pjtUs/GPDOrdRccRHlJO1oYCaOqCuxbk64PeQ84df8cKHRVRWA7UV5G0vorxfH9qqzY0bFg07csksr62P55L8LbRy36tKyH3zJRZmlp374Kb6TmbmpAqW/CKD3PJaqC0n9/VlLK0YzszJbV2lJOliWAEsSZIkSZIkSV1aJNO+nE7u0xlN9kUzc9498Js3+N7/yqSGYKJGjePxeVObr897nkLG3sMT961k0W9/xdfLgeBg4pKnMq/llNBtimbmvDup/MVavvfPmdSEBkibM52ZB1deeBI4eirzv1zNs6+8zGNLICQQy5yvpBHyww2tNi94ZwsFY1N4vK3c4uAUpg3+FRlZZaTeEknSF+5j7pLXWfiDn1JZCyGRscz8u5SGxsO5+4sTWPTSEr6+GpIfns/dZ1zvxf0e4pMTyHx9Cd9ZXEsNEDJoOHPnpbe5tm7ghpnMLXyVF/7tJ7wQNYGnvjv9kvwtED2V+V/vyQu/X8JjS2ohqL7fh75wvlXFoafv8X/8hMpaCB8ynLnfvIck1++VpEuix8mTJ092dhCSpIu3aUv+ebXv36cXPXr0aPwBzrpN022gB220a/Lvufa13G7P53Ptb8v5tlfHCQv3fTNJknRuVZW1524kXUaOY6UurjyT7z1VyLT/uJc0k4iSOpHjWHVFV/xIdsPmHfxpdRb7D37M8eM1jftDe4UQM2gAk64bxR3TJndihJIkSZIkSZKkC1aSycJV1aROv4GkmAioLiLrD5soSLyBZJO/kiSd4YpOAL/xlw38fvnaVr+rPl7DRwX7+ahgP1GRAVLGX8RiB5IkSZIkSZKkzhGVxLRhGSx5/mcsrKBxKuLH708hvLNjkySpC7pip4Des/cA//Z/ftP4+ZYbriNwVUTj50Mff8K6D7Y2fv7X7zzE4JioyxqjJF1OTgF9dk4B3XmcOk+SJLWHU+epq3EcK0mS2sNxrLqiK3Yku7+krHH77++Zzq03TTijzfAhg/ivV1cD8NHe/SaAJUmSJEmSJEmSJHVrQZ0dwIU6cPBjAAZEXsWk8aNbbTNp/GgiwnsDcKjsk8sWmyRJkiRJkiRJkiR1hiu2AnjK5LEc+vgTpt44nr59wlpt07dPGPO/Noe33slmyuSxlzlCSZIkSZIkSZIkSbq8rtg1gCVJzbkG8Nm5BnDnce00SZLUHq6dpq7GcawkSWoPx7Hqiq7YKaAlSZIkSZIkSZIkSc11+VcZ9xYdJL+gmOKSMvaXfMzx4zUX3WevXiEMGXw10VH9GBIbTdzg6A6IVJIkSZIkSZIkSZI6V5dOAGfn7OSF371BZVV1h/eds203UJ8MnnFrCrNnTOnwc7Sm6thxnl30Krvy9zHvodkkX5dwWc4rSZIkSZIkSdL/z96dx8dd3/e+f/9m075L1i7ZlmR53w22AUMg2EBshy0kpCW0NLRJmyZtyb3tue05p/eec09ue8pp2pM0DUlJAiGBQMJiMGCzGmN53zfZsmVtlmXt++xz/xAzSPKMNLJlzYx4PR+Peeg3v9/39/19f2Me+Od56/P9AgCmv6gNgP/tZ6/q0PGaEfuKCnKUlBB/zX3bHU7VNbZIkpxOl7Zsq9L5umb9xR8/cM19AwAAAAAAAAAAAECkRGUA/JtXPwiEv3E2qx6+/w4tmFOq9LTkSbtGd2+/9h48rd9t/Uhut0cnqi9oz8FTunH5vEm7BgAAAAAAAAAAAABMJVOkBzDayTN12r7jgCQpOSlBP/jet3XTqgWTGv5KUlpKku68dYV+9A9/oazMVEnST5/bqvN1zZN6HQAAAAAAAAAAAACYKlFXAXzkxLnA9n333Dwl13z0oQ36X//+oiSpav9JzS7Nn5LrhsPnk07X1Ot3b3yk+qYW+XxSTla6vnjXWq1aOleG8Wnbru4+bd9xQAeOnFFHV698Pp/S05J19+036La1S2UyGdq555ieeXG7KsuK9ed/dK9sNuuI6+3ad0I/f+Ft3bh8rv7gy3fJbDapvbNHr775sQ4cOyun06XkpAStXjFfX7xrreLjbFP8iQAAAAAAAAAAAAAIJeoC4JbWTklSQV621q1ePCXXnFdRotycDLW0dqq5pX1KrhmufYdP62fPvyWTyaT5c2YqId6m6nMN+ulzW9XW0a177rhRkjRod+jffv6a6hovKTcnQzcsmyun06XTNfV6/pX35fP5dMcty7Vo3mzNyE5XbX2z6hpbVDG7KHAtp9Olqv0nZbNatG71YpnNJrW2d+v7T72kto5uFeXnqDA/W/VNl/XuRwfV0HRZf/bYvUqIJwQGAAAAAAAAAAAAokHUBcANFy9L0lVV4T774nbt2H1UN9+wUI9+ecOEzp1ZnKeW1k5dvNQ24eteLw0XW/X8K+8rPTVZ33n8fuXNyJQkDQw69MOnX9EHHx/RyiWVmpGdroT4OH31/tuVnZmm5KSET/touqz/9eOXtGvfCa1eMV9pqUlatqhCb723V1X7T6p8VlGgiriusUW19c2aVZKv0qJcOZ0uPffbd9Te2aNHH9qgNSsXyDCGqpLfeGe3tmyr0qFjZ7V21YJIfDwAAAAAAAAAAAAARom6NYB7egckSRmj1vz9eN9xPf7Ek3r2xe0hz91/pHro59EzE77ujOx0SVJv/+CEz71ezpxrUG/fgJYtKg+Ev5KUmBCn29YuUVdP34jAemZx3ojwV5JSkhNls1nVN2CXy+WWJN2wtFLJSQk6c75RPb39koZC3ar9J+V0ubVm5XzZbFa1tnervqlFhXnZWrKgLBAUG4a0duV8paUk6dTZuuv8KQAAAAAAAAAAAAAIV9RVAIdy6FiNJGnH7qN6YOMtSkyIv6JNfm6Wzl24qILcrHH7+3jfcd20amHgfVFBjlKSErRo/uzJG/Q1utBwSZK0/cMD2v7hgaBtLra0a+nCcklD02dvfXePqs81qLunX263J9AuMyM1sF1UMEPLFpZr597jOlF9QWtXLVBre5eOn76gGdnpWlA5U5LU2t6lvn67evsG9Rf/+YdBr9/R2SuHw2umH3kAACAASURBVKW4OGvQ4wAAAAAAAAAAAACmTswEwKVFuTpy4pwkqbW9W6VFVwbAf/PnD6u6pkGV5cVj9vW33/sPXW7r0uCgQ59ft0KStHxRhZYvqpj8gV8Dj8crSSounKGi/Oygbfxhd8PFVv3zj19Sb9+AEhPiNLe8RCnJCXI63Tp+unbEOYYhrVk5X3sPnVbV/pNauWSODh+vUWd3rzZvWKu01CRJktfrk8/nU0pyouZVlMhsvrJgPDc7QyaTMZm3DQAAAAAAAAAAAOAqxUwAnJeTEdj+4OPDIdf4HS/8laTLbV2ShtbSjWZFBTnad7has4rz9MiX7hyzbV1ji3r7BrRo3iz96R9+URazWZLU0dmj83XNV7QvLcrVrJJ81dY36+SZOu07fFoZaSm6cfm8QJuszFQlJsQrKTFeX7n3c0pJTpzcGwQAAAAAAAAAAAAwqaJuDeBQli2qUHHhDEkKTF0cjuqaBlXXNEgaqpL915++HDi29d09euv9fSPa2h3OSRz1tVk0b7ZSkhN18NhZnbtwccQxp9Ol0zUNgSrh5MR4GcbISlyfT9q1/6S6evqu6Ntms2rNyvlyutx67nfvquFiqxbOnamcrPRAm/wZmZpVkqeW1k59WHVUPt/IvmvrLwXWbAYAAAAAAAAAAAAQeTFTAWyxmPWNr23S337vPyRJ33/qt1pQOVOzS/NVWfZp1W9uTobS05IlDa0b/G8/f1WStHrFfO0+cHJEnx6PV799fYfe+fCAZpfm69DxGpUW5erv/vL3p+Senn1pu1549f2gxx750p1aUDlLd31ulV5+c6f+8YfPa3ZpgXKy0tTbN6gz5xtlMZv1V994cKiatzRfeTMydOxUrf6fJ5/RzOI81TddVl/foGzW4H/MCypnakZ2ulpaOxX3SSA8PEO22ay69+6b1dzSrlff+li79h3X7NICeb1ena1tUld3n+6752bdc8eN1+PjAQAAAAAAAAAAADBBMRMAS9KM7HT95796RP/wg+fldLp0ovqCTlRf0BZVBdoU5GXr//4/HpUkOV2uwP7h4e+Dm25VQW6WauubtWVblbp7+3XoeI0kKScrbYruRurrHwx5zOl0yzCkO29dqdml+Xp9+26drW1STW2TbDarKmYVauOdq1VSmCtJSktJ0ncef0AvvPK+jp2uVUtrp+ZVlOqr99+h//jVm0GvkZaapGWLKvTWe3s1qyRfpUW5V7SZWZyr//Ttr2rru3t08OhZ7Tl4SiaTodycDG1ef+eIKaMBAAAAAAAAAAAARJbh8w2f2DfyHn/iSUnSpvVrtHnD2qBtBgbs+sWL21RT23TFFMTDA2BJ2n/kjH78zJbA+588+cSI9i9t+VBvf7B/3GsCQLQ7fLx2Qu0zkm0yDCPwkjTmtoZvSzIUot2wn+PtG70dzvvx9ocy0faYPAmJMfX7ZgAAIEIGB9yRHgIwAs+xAAAgHDzHIhrF5JNsYmK8vvnoZklSW0e32jt6AsdyczJGtC2bWRDY3rR+zRV9PbjpVlUdOKme3gG1DesHAAAAAAAAAAAAAGJN1AXAcXE2ORxO2e3OsNpnZ6YpOzP0tM2dXb3j9pGemqye3gH19Q+M2xYAAAAAAAAAAAAAopUp0gMYrSg/W5J0vr55UvqbXZo/5vHmlnZdau2UdGX1MAAAAAAAAAAAAADEkqgLgAtysyRJ5y5c1Kmz9dfc39/8vz8JbG/ZVqWXtnwYeN/c0q5/f+Z1OZ0uSUPrBe8/cuaarwkAAAAAAAAAAAAAkRB1U0DPnlmgj/YckyS9vHWn5n3nq1fd1wcfHx6xPrAkvf3BflUdOKnM9FQ1t7TL8Un4K0ld3X368TNbtPLJJ676mgAAAAAAAAAAAAAQKea///u///tID2K4ksIZqm+6rJbWTnV196m5pV35M7KUmpI44b6SkxM0aHcoOytN3/76/ers7lVzS4ccTpe6evrk8XglSbetXarbblqiwUGnNm1Yo5LCGZN9WwBw3V263DWh9gk2swzDCLwkjbmt4duSDIVoN+znePtGb4fzfrz9oUy0PSaP1Rp1E44AAIAo5HZ5Iz0EYASeYwEAQDh4jkU0Mnw+ny/Sgwjm8SeeHPG+tChXZTMLlJQYP+Z5GekpmpGVrsry4qDHa2qb9A8/eF6StGn9Gt1zx42yWMyTM2gAiKDDx2sn1D4j2UYAjCmRkBh1E44AAIAoNDjgjvQQgBF4jgUAAOHgORbRKGqfZH/y5BN67e1d2rKtSpJU19iiusaWsM59cOO6kAFw+azCEe8JfwEAAAAAAAAAAABMF1EbAEvS5g1rlZuToZNn6nTxUvsVa/YGk5WZqvzcrDHbbFq/Rrv2n9DM4rzJHC4AAAAAAAAAAAAARFTUTgENAJgYpoAeG1NARw5T5wEAgHAwdR6iDc+xAAAgHDzHIhqZIj0AAAAAAAAAAAAAAMDkIAAGAAAAAAAAAAAAgGmCABgAAAAAAAAAAAAApgkCYAAAAAAAAAAAAACYJgiAAQAAAAAAAAAAAGCaIAAGAAAAAAAAAAAAgGmCABgAAAAAAAAAAAAApgkCYAAAAAAAAAAAAACYJgiAAQAAAAAAAAAAAGCaIAAGAAAAAAAAAAAAgGmCABgAAAAAAAAAAAAApgkCYAAAAAAAAAAAAACYJgiAAQAAAAAAAAAAAGCaIAAGAAAAAAAAAAAAgGmCABgAAAAAAAAAAAAApgkCYAAAAAAAAAAAAACYJgiAAQAAAAAAAAAAAGCaIAAGAAAAAAAAAAAAgGmCABgAAAAAAAAAAAAApgkCYAAAAAAAAAAAAACYJgiAAQAAAAAAAAAAAGCaIAAGAAAAAAAAAAAAgGmCABgAAAAAAAAAAAAApglLpAdwreobL+tC4yU1NbfpQsMlna9r1uzSfM0szlNhfrZmFuWppGhGpIcJAAAAAAAAAAAAANddTAfAL7z6vt7beVher3fE/vN1zTpf1yxJMplMuv3mpfryFz8XiSECAAAAAAAAAAAAwJSJyQD4QkOLvv/US+ofsEuSNq1fo4K8bBXmZSk/N0vNLe1qutSui5fatGVbld7ZcVBV+0/qL/74Qc0szo3w6AEAAAAAAAAAAADg+jB8Pp8v0oOYqMefeFKSlJQYr0e/vEHLFpZLkqprGgJtKsuLJUmHjtfoFy+8HQiLf/LkE1M8WgCYGoeP106ofUayTYZhBF6SxtzW8G1JhkK0G/ZzvH2jt8N5P97+UCbaHpMnITEmf98MAABMscEBd6SHAIzAcywAAAgHz7GIRqZID2Ci3nxvrySpIC9b3/9vfxYIfyWp+lyD/ulHv1H1uU+D4GULy/X9//ZnKsjLHnE+AAAAAAAAAAAAAEw3MRUAnznfqN+98ZEk6S8ev39C5/rb/+6Nj3TmfOOkjw0AAAAAAAAAAAAAIi2mAuC9B09Lkh6+73ZlpKdM6NyM9BQ9fN/tI/oBAAAAAAAAAAAAgOkkpgLgusYWSdK8ipKrOt9/nr8fAAAAAAAAAAAAAJhOLJEeQLi8Xq/qmy4rId6m/NyscdtX1zRcsa+yvFgJ8TbVN12W1+uVyRRT+TcAAAAAAAAAAAAAjClmAmB/aJubkzFu2y3bqrRFVSP2ffebD0mScnMydKGhRfVNlzWzOO+6jDWUg0fP6ke/eC3s9quWVuoPv3KXtn2wXy1tnVq+qEJLF5ZfxxECAAAAAAAAAAAAiGUxEwBnpA2t+ds/YB+zXWVZ8ZjH/ef7+5tKmRmpWrNy/oh9HZ29qj7XoKzMVM2ZXTTi2OySfLk9Xh2vvqCa2iblZKUTAAMAAAAAAAAAAAAIKWYC4LTUJGVlpqq1vVsDgw4lJsRd0WbzhrVj9jEw6FBre7eyMlOVlpp0vYYa0sziXD328N0j9h08elbV5xo0uyT/imN+f/2tr0zF8AAAAAAAAAAAAADEuJhaBNc/ZXNzS/tVne8/b6qnfgYAAAAAAAAAAACAqRAzFcCSVJCbpQOSXt66U9/904cmfP7LW3cG+oklTz37uvYdrtY3H92s5YsrRux7/Pe/oLaObm3/8ID6+geVnpash++7XUsXlGv/kWq98uZOtbZ3y2az6tbVi3Xv3TfJZrMG+vZ6fdp76LS2bKtSa3uXDEMqKczVg5vWjTudNgAAAAAAAAAAAIDoElMVwJs3rFVhfraqzzXohVc/mNC5L7z6garPNagwP3vcqaJjyfOvvKd3PzqoeRUlml2ar+6efj39qzf1i9+8rV/8ZptyczK0bGG5zCZD23cc0JbtuwPn+nzS1nf36Olfv6mBQbuWLijTkvllamnt0Pef+q0OHD0TwTsDAAAAAAAAAAAAMFExVQEsSV/70np9719/pXd2HFDZzAKtXDJn3HP2Hzmjd3YcCJw/nczIztC3v36/EhPi5PNJz764TR/tOaYDR87oT/9gsxZUzpQkHTlxTj/6xWs6WX1Bd31ulZIS43X8dK3eeGe3ZpXk6c//6D4lJyVIklrbu/X9p17SW+/t1byK0qDrLQMAAAAAAAAAAACIPjFVASxJs0vztWn9GknSj5/Zol+//J46u3qDtu3s6tWvX35PP35miyRp0/o1ml2aP2VjnQqrllYGAlrDkOZVlEiSSotyVT6zMNCuuCBHqclJ6huwy+VyS5IOH6+R2+3RLasXB8JfScrJStMNy+bqclu3Wtu7pvBuAAAAAAAAAAAAAFyLmKsAloamgr5h2Vz97Pm39N7OQ/pozzHl5mRoRla6CvOz1dTcpsvtXWpp7ZTL5dbs0nz94VfuUt6MzEgPfdJlpKWMeG82myVJaalJiov7dK1fk8kkw2QE3jscLl263CFJ+sULb+sXL7x9Rd+GYaizq1elRbnXY+gAAAAAAAAAAAAAJllMBsCSlDcjU//p21/VS6/v0IEjZ9R4sVWNF1t18NjZQJvszDStWDJHD25cF8GRRievzyevzydJqiwrVmZGStB26WnB9wMAAAAAAAAAAACIPjEbAPs9uHGdHty4Tm0d3Wq42KqGpssqLpyh4oIcZWemRXp4USsh3qbszFTV1DZp2aJy3XHL8kgPCQAAAAAAAAAAAMA1ivkA2C87M03ZmWlatrA80kOJGTcsm6f9R87ovZ2HtHh+mXKyPg3MB+0O1TddVmVZcQRHCAAAAAAAAAAAAGAiojoAPnW2Xh1dPeru6Zfb7Zn0/q0WizIzUpSakqR5FSWT3n+0mzenROtWL9b7Hx/Wf/nHn2luebFSkhPV1tGj2vpmZaan6IlvPqTMdKaBBgAAAAAAAAAAAGJB1AbA7+08pF+//N6UXW/1inn6o6/eM2XXiwYWs1lf/uLnNLe8WG++t0+naxrkdnuUmBCn5Ysq9IXPryb8BQAAAAAAAAAAAGKI4fP5fJEexGg/fW6r9hw8JUm6YdlcLVlQprSUJP3Tj36jyrJibVq/ZkT7YPu3bKtS9bkGffebD41oO3x//6BdR06c0659JyRJm9av0eYNa6/z3QHA9XH4eO2E2mck22QYRuAlacxtDd+WZChEu2E/x9s3ejuc9+PtD2Wi7TF5EhKj9vfNAABAFBkccEd6CMAIPMcCAIBw8ByLaBR1T7JHT54PhL/f+9uvKztzaF3a6pqGQJvK8k/XpXV7PEpPTVZdY4vS05KVm5OhltZO1TW2KCszVeWzCmU2mwLtt2yrCmwvX1Sh5YsqdOuaJfrev/5KW7ZVaUHlTJXNLLjetwkAAAAAAAAAAAAAky4qA2BJemDjukD4OxaL2azC/GydqL6gZ1/cHthvdzi1aN6sEeFvKLNL8/UHX9mgnz//tnbuPU4ADAAAAAAAAAAAACAmRV0AfL6+WZK0YnFF2Of4A+Dqcw0j9mdlpIbdR/nMwqHr1zWHfQ4AAAAAAAAAAAAARJOoC4Abmi5LknKy0sM+5+KldknSQ5tvVUlhrmrrm/XbNz7S5bausPvIzcn4pK+2CYwWAAAAAAAAAAAAAKJH1AXAV6Oto1uSNKskX+WzCtU3MChJutwefgAMAAAAAAAAAAAAALFu/AVyo1xf/6DaO3okSbNK8iRJi+fPliS1tHZqYNARsbEBAAAAAAAAAAAAwFSK+QD4cluXXG63MtJTZDabJUlWi0XJSQlyudxqae2M8AgBAAAAAAAAAAAAYGoYPp/PF+lBDPf4E09Gegj6yZNPRHoIADBhh4/XTqh9RrJNhmEEXpLG3NbwbUmGQrQb9nO8faO3w3k/3v5QJtoekychcVqsOAEAAK6zwQF3pIcAjMBzLAAACAfPsYhGMV8BDAAAAAAAAAAAAAAYEnUVwACAq0MF8NioAI4cKicAAEA4qJxAtOE5FgAAhIPnWEQjKoABAAAAAAAAAAAAYJogAAYAAAAAAAAAAACAaYIAGAAAAAAAAAAAAACmCQJgAAAAAAAAAAAAAJgmCIABAAAAAAAAAAAAYJogAAYAAAAAAAAAAACAaYIAGAAAAAAAAAAAAACmCQJgAAAAAAAAAAAAAJgmCIABAAAAAAAAAAAAYJogAAYAAAAAAAAAAACAaYIAGAAAAAAAAAAAAACmCUukBwAAAABg+vD5fJPWl2EYk9YXAAAAAADAZwUBMAAAAICrMplhb7j9EwoDAAAAAACMjQAYAAAAQNiud+gbzvUJgQEAAAAAAEIjAAYAAAAwrqsNfsM5b6KB7vA+CYMBAAAAAABGIgAGAAAAENJEgt/rERKPF/D6zyUIBgAAAAAAGEIADAAAAOAK4YS5odpcyzTRo4Pc0X2FCnqpCgYAAAAAABhCAAwAAAAgYLzw9mpD31DHxwt8R7cJp+KXdYIBAAAAAMBnGQEwAAAAgDED3GDHrmXf6OOhwlr//mDVveMFwUwNDQAAAAAAPqsIgAEAAIDPsGsNfoe/v5oAeCIMw7giDB5v6meCYAAAAAAA8FlDAAwAAAB8Bk1kyuZQoW+o/YZhyGQyBbb94Wuo6Z59Pl9g2+v1jju2UFXAY1UTMy00AAAAAAD4rCAABgAAAD5jwq36HW97eABrGIbMZnMg+A1HsGDYbDZLGgqC/WHwWOMdXgU8ejvUvREEAwAAAACA6YwAGAAAAPgMCRWmhlPlGyz4nWjoGy6TyRTo1+v1yuPxTDgIphoYAAAAAAB8Fk2LANhud+pc3UVVn2vQmXON6ukdUE/fgCQpNTlRqSmJmj+nVPMqSlUxuzDCowUAAAAiI5zwd/R2sGP+cPZ6BL/B+K/lrwr2er2SQq8B7A94x6sGJgQGAAAAAADTkeEbb4GtKNbd068Pq47ooz3H1NXdF9Y5pUW5WrdmsdatXnydRwcAU+vw8doJtc9ItgWm7Bw+BWeobY2aptNQiHYa+UX7WPtGb4fzfrz9ofAlf+QkJE6L3zcDYt5Ewt9QP69nxe9E+CuCvV7vVf09NBx/PwDRY3DAHekhACPwHAsAAMLBcyyiUcwGwB9WHdHr23cHgt/cnAwtWVCmxfNmKz0tWWmpSZJP6uzu1aXLnTpRfUEnz9Sptb1L0lAQ/IU7V2vZwvJI3gYATBoC4LHxBX/k8MUZEHnBHvknEvz6fD5ZLJbA+rzRwuPxyO12h/x7aLy/g8baB2Dq8cUZog3PsQAAIBw8xyIaxWQA/Nrbu7RlW5Wk0BW9re3dMptMysxIGbF/x+6j2lF1VHWNLZKkL3/xc/r8uuVTM3AAuI4IgMfGl/uRwxdnQGRdTfg7fNswDFmt1qj9/6jP55PL5QqMlRAYiF18cYZow3MsAAAIB8+xiEYx9yR79OT5QPh7y42L9LWH1kuSBu0O7T98Rmdrm1RT26jW9m5JQ5XBc8tLNKskT4vmzda61UNh8Y+f2aL9R87ohVff14zsdC2ePzti9wQAAABcDxMJf4Ntm81mWSzR/U8GwzBks9nkdrvl8XiCru3rXw949BrBw7EmMAAAAAAAmC5iqgK4tv6S/se/PCdJ+tZj92rJgjJJ0vHTtXrlzY8DVb2SlJ2ZJpPJ0OW2rsC+rIxUfe7mZdpw20pJIyuJ/6/v/J5mleRN1a0AwKSjAnhsfKkfOVROAJFxLeGvf8rnaA9/R3O73YEpocf8O+0TVAID0YXKCUQbnmMBAEA4eI5FNIqpJ9nnfvuOJOmPH9kYCH9/8PQrOnLinKShiuDK8hKVzcxXdmaaJKmzu0/nLlzU4eM12nPwlF7a8qF27z+p//rdr2nzhrXyeLza+u4ePffbd/R3f/n7kbkxAAAAYBKNFf6ODoGDBcBWq3VS1vv1er0ymUyyO5xyOl2Ki7Opu6dPkk9Zmenq6emTDEPpqcmTErxaLBYZhiGXyxX0eDiVwAAAAAAAALEuZgLgHbuH1u1dt3qxVi2tlCT93f/3tFpaOxUfZ9O3HrtXleXFkqSBQYcami7LYjErOytdK5fM0colczQjO11btlWpsblVP3j6FX3rsXt13z0360T1BdU1tmjH7qNXrCUMAAAAxJLxKn+H77ue4W9re5cGBu263Napvr4BDQw61NXTq/g4m5wulwbtTmWmpyohziafpPTUZBXkZauk6Npm5fGP3R8C+0Nfv/FCYEJhAAAAAAAQ62InAK46Kklat2YooP3Nax+opbVT6WnJ+p//5U8C7fYfOaMfP7Ml8D49LVkb71ytW9cs0eYNa7V5w1o9/sSTOnLinI6frtXCubO0bs1iPfvidu2oIgAGAADA9BVsqufhr2sNf/v6B9TV3afzdRfV1tGl5pY2mc1muVzBp8Pq7x+UJJnNJpnNZh0+cUZWq1VlpYUqn12kovwZVzUOs9ksn88nl8s1Yvpnv9Eh8GiEwAAAAAAAIJbFRABctf+k6hpbtGpppUqLcnXqbL22f3hAkvTtP7ov0G74mr6Z6Sny+nzq6u7TL196R3k5mYEK4W89dq9+8PQreuXNj1U2s0DrVi/W1nf2qK6xRSeqL2hB5czrdi+Ddqf+9ae/U01tU9DjNptVs0vydc/nb9Tc8hLFyvdOFxpa9N7Og0pKTNCm9auVmBAf6SEBAAB85oQz9XOo8Pda1vz1+XxyOFyqqW3SkRNnNTjokMs9FPp6veOvheTxeOXxeCVJLpdHx0+f1+maOs3IztCcshKVFOYqNSVpQmOyWCzy+XxyfzKOsSqBgwW+hMAAAAAAACBWxUQAvOfgKUnSnNlFkqRDx85Kkh7YuE7FhUNVAYN2RyD8/e43HwqEvR/vO6GfP/+WXnnrY/31t74iSVqyoEw337BQO/ce1/7DZ3TL6kWqmF2k9gMndepM3XUNgP3MZpPmzylVclLCiP1NzW06c75BNT9t0lfvu123xEhFckdnj6r2n1RmRqo23LZSiZ/c1lPPvq59h6u1ecNabVq/JrKDnKAt26r02tu7tGpppf74kY2RHg4AAMCEjRX+Dn9vMplktVqvqn+326NBu1MOh0uSoYEBu9wezzWP2+Vyq+VyhwYHHWpr79KcsmLNyM6UxRJ+hbLVapXX6w28TCYTITAAAAAAAJj2oj4Adns8OlF9QZK0YsnQ2r8XL7VLkpYuLA+06+jslSTlZKUHwl9JumnVAj3323d06XLHiH7nVpRq597jOlvbpFtWL9KSBWXafeCkai5cvK7342ezWrVp/RrNKsm/4tihY2f1H796U9s+PKClC8uVkpw4JWO6FssXV+gnTz4R6WEAAAB8Zo2u/g0V/g4/7n9vs9kmfD2v1ye73Sm7wymXeyjwTU9LUUlRns7XBZ/tZqLcHo86unrU0dWjpkutWjSvTBWzi5UQHxd2HzabTXa7XT6fLxACS59+LuOFwAAAAAAAALHGFOkBjKend0CSlJKUoJTkobLSusYWWa0W5eVkBNqZTENf1PinmhvO5XIHjvuVzRwKXmtqGyVJhXlZI64XSXMrSlSYn63unn61dXRHejgAAACIcsGmfg51PNi6vxMNPb0+n/oH7OoftAfCX0lKiI9Tfl72dfkFxs6uXh04Wq1Dx6rV09sf9nmGYchqtY4ZhI9lvOMAAAAAAADRJuorgP2BbGZGqiSppbVTdodTRQU5I9plZ6UrPS1ZXd19+njfCd20aoGkoXWBJamstGBk+8w0ZWemqbW9W63t3cpISxm6Xl/kA+BQfD7pdE29fvfGR6pvapHPN1Tx/MW71mrV0rkj1gse3dbr9SktJUkrl1bqi3etVUJ8nGrrm/XPP/6tCvOz9dDmW/XKmx/rzPlGLZlfpq89tEH/+z+G1ir+5qObtXxxRaDvru4+fe9//1qS9J/+/GGlpyWP6OvbX79f7+w4EPjspaE/h9fe3qWE+Dj95Z88oIy0lEAf3/jaJr357h4dO10rr9er2aUFeuzhu5SSnKhX39qlj/ce06DdqfS0ZD183+1atrBixL0O2h169a1d2nPwlPr6B2WzWbViUYXu33iL0lOTA+3801H/ySMb1dM3oDff26uu7j7ZbFatXTlfD2xcp/g4mw4ePasf/eK1wHn7Dldr3+FqSbriswAAAIhGo6t//dvDX/5q2Imu++uf8nnQ7gwajs7IzlRmRpr6Bwbl9forjK1yOl1KT0uWyWSS3eFUcmKiXG63Ort6wr6nvr4BHThSrf4Bh5YurFB2ZlpY4bXFYpHb7R5RAeznP58qYAAAAAAAMF1EfQCcEB98OjqLeeTaX1aLWRvvXK1fvvSOfv78W3rut+/I5fq0GjjY+rMW87Avf6LoO55jp2pV33RZRfnZys3JDOzfd/i0fvb8WzKZTJo/Z6YS4m2qPtegnz63VW0d3brnjhslDYW/b7yzW6+9vUtms0llMwuVnZmq+qbLem/nIXX39Onx3/90TduW1g79849fksPpUmpykrw+n1wu1zXdQ3FBjtasnK8z5xvV3tGj4sIZKsrPls1qGbHucU9vv77/1EvKSE/RisVzdLa2STW1Tfrh068qJTlBF1vatXDuLHV29+l83UU9/as39Z3HE1TxyXrQA4MO/fDpV3S2tkk5WelaUDlT7Z092nPolM7XN+uv/uTBLNeU8AAAIABJREFUwC8P+G19b6/aO7pVWVYsFQ8F5R/sOiKX26NHHrxTmRmpWrNyvhqb29TQdFlZmamB9adH9wUAABBp4U79HOw10XV/PR6v+gcdcjpdIStjzSaTCvNydLm1Qx6PRyWFeUpPS1ZBfo58Pp9SkhJksVrV29svr9cnw5Aut3XqQkOzLl5qC2scdQ3NirNZdOOKhYqzhXcPVqs1MBV0MGNNBU0oDAAAAAAAYknUB8C5ORmKj7Op+5Np3vzve/uvrNS9dc0S5eVk6pW3Ptalyx1KSoxXUX6OPnfTUhUXzhjR1u5w6lJrp3Ky0pSTlaaW1k5JUuoUrbfrdLm0ZVvViDDU6/Wptv6SWtu7FB9n0z133KjEhKH1zRoutur5V95XemqyvvP4/cqbMRQM+wPQDz4+opVLKjUjO13V5+r11nt7lZQYr289dq/KZn5a/XzxUrtkaMSU2L19g1qxeI4e/fL6wHpqg3bnNd3f0oXlWrqwXE89+7raO3q0bGH5iBC+q7tP0lAFyd2336BN69fKMKTunn79z397QU2X2lRSOEP/9YlHlZqSKJ9PevbFbfpozzEdOl6jitlF8vmk3239SGfON+oLn79RmzfcFLivvYeGwvL3dx3RA1+4ZcTYHA6n/u4vH1FOVpokqaa2Sf/605d1srpO3T19mlmcq8cevltbtlWpoemyZpfk67GH776mzwMAACASQq376/P5ZDabZR71S5Vj8Xp9Ghh0yD7Oc6LJZFJOdoZuvnGxEuLjlZ6WrLTU5Cuqb9NSkj7p16vC/BytWDJXnV09qq6pV82FpjErgwftDp2orpVP0g3L5oe1JrD/fr1eb2Df8Orf4e8BAAAAAABiWdQHwJJUWpSr6nMNI95faLgUtG1lebH++ltfGbfPxoutkqTyWUOVnf5AMjVlagJgj8erY6dqr9hvs1l106oF2rh+jbKGVZueOdeg3r4Brb51RSD8laTEhDjdtnaJfvLcVl281KYZ2enad6haDqdL69YsHhH+SlLBJ2sdD5eVkaqHvnhbWF+cTbaU5AStWDwnMKVzakqSivJz1NLaqRVL5gT+PAxDmldRoo/2HAv8WfX1D6i6pkFpqUlau2rBiFB70bxZKimcofMXLsrhcCku7tPKkNtvXhYIfyUpPzdLOVlD04F39/ZT5QsAAGLGeNW/w/cPP+b1ehUfHz+h69gdTjkc488SkxBvU0Z6sqyWoYpff+g7euplv+H709NStHTRHJUW5elsbaNq6y+qt28gaNWu2+3RmXP1SklK1IK5s8OqBLbZbBocHJT0acWvf3v4vVIFDAAAAAAAYllMBMAFeVmqPtegQ8fOatmiisD7t97fp7s+t+qq+qzaf1KSVDGrUJJ09NR5SdKcsqLJGXQYhq8nOzDo0O+2fqQdVUfl8XqVlpo0oq0/8N7+4QFt//BA0P4utrRrXkWpLl3ukCSVzywMaxwZ6SkRCX+loan4khI//fLRGFadnDds+mtJV1SodHT1qqd3QAODdv3t954O2n92ZprsDueIANi/3rOfyWSSLcypAwEAAGLFWFM/m83mkIFsMK5P1v31DKueHc1iMSs+3qaEOGug74kGpoZhKD7Opvy8bCUlJSgpMV6Hj5/VwKA9aHu73amaC43Km5Glgrzscfs3mUwymUzyer1jTgUNAAAAAAAQy2IiAK6YXaT3Pz6sQ8drtGxRhZYtqtD7Hx/W258EwDt2H9WOqqOqa2wZs5/KsmKtWTVfeTmZ2rH7qEqLcrVy6RxJ0pET5wJtIiExIU4PfGGdmprbtPvAKZUW5eqOW5YHjns8Q1+2+dfSDaYgN0ten0/eEF9mTTf+L+7ibFYtnDtLNtuV/zknJSbIag1/akMAAIBYFar617/vatf+9Xi8sttdcrs9IdtYLGYlJcYpzmadtAA1NSVJi+aXKT0tWfsOnVJre1fQdpdbO3Wiula5ORlhTWk9ei3gYOOlChgAAAAAAMSymAiAVy2t1Mtbd6pq/0ndcctyzaso0Z23rtD2Dw/o8SeeDLuf6nMNI6aSvvfum5QQH6cdu4+qpbVT6WnJKistGKOH6ysh3qbbb1qq2vpmfVh1RCuXVgbWRisqyNG+w9WaVZynR75055j9ZGemqqa2STUXmgIVxhNlMZtkswb/z6O9s0eDg3YlJIw/baDZHH5lyURlpqcqKTFeDqdTm9avUWGIYPxqXc+xAwAAXKtQFaz+Y8Nfw/dJksUS/j8DnE6XXK7QUz+bTIaSEuMVHzf5M6rYrFaVzSySx+PVgSOn1dbRfUUbn8+nxostqjnfqMqK0nH79N/7WIE5IS8AAAAAAIhlMREAS9KKxRV66/192lF1VI986U49tPk2HT15Xg6nS7fcuEi3rllyxbTJo9U1tmhH1VHt2H1USxaUaeHcWZKkHVVHJUm33LhI8fG2634vY1myoEwVs4p0uqZeO6qOatP6NZKkRfNm650dB3Xw2FmtXbVgxNq+TqdL5+svqWJWocxmk25YNk/7j5xR1f6TWrF4zoi2Fy+1y2IxaUZ2xpjjsFotys4cWif3fN1FLVtUIcOQ3B6PPqw6okG7M6wAOD93aM3h+qbLcns8soRRlRGu1JQkLZg7Ux/uOqK3P9inrz20fkT/4d5rKAW5WTIMQy1tXerrH1RyUsJkDR0AAGBShVP969+eSPgrSXaHK+TUz2azSQnxNsUFmYllMpUW56tvYFDte49dcY9JiQnKykiXLc4mj9crcxhTW1ssFrnd7pDrAEtU+wIAAAAAgNgVMwHwHbcsHwqAdx9Vfl6WPn/Lcv33v3lM//jDF7RlW5U+2nNMt9y4SEsXlKkgPzsQBDocTjU2t2nXvhPasXso6M3NydC3HrtXkvTMb7aprrFF6WnJunXNkojdn5/NZtX621aq5kKTdlQd1aqllcqbkami/Bzd9blVevnNnfrHHz6v2aUFyslKU2/foM6cb5TFbNZffeNBlRblat6cEt24fJ527Tuhf/rRbzSrJF/Zmamqb7qsi5fatWblfD360IZxx7JqWaX2HDyl7TsOqLG5TakpibrQcEld3f2yWMILcv3B9ZET5/Tf//mXKimcodtvXq70ccL6cBiGdM/tN6i2rllV+0/qRPUFVZYVy2Qyqbb+klrbuwL36l9XeCJmleYrb0aG6htb9D/+5TnNLi3QyiVztHRh+TWPHQAA4FpcbfXvRANgp8stl9ujUJez2ayKj7Nd96A0zmZVZVmJurp6daK6ViaTSRazWYX5OSrIy1HejGxZLGZ5POEHwC6Xa0T4O/oz9d8T00ADAAAAAIBYEzMB8M9feDuw/cIr7+vzn6yP+3/+2Ze1c88x/eI327RlW5W2bKuS2WzSjOx0GYZJFy+1jejnzltX6KHNt0kaWvf3oz3HJEkb71w9bgXxVJk3p0QL587S4eM12rnnmB7YeKsMQ7rz1pWaXZqv17fv1tnaJtXUNslms6piVqE23rlaJYW5kiSL2ayvfWm95paXaOu7u3XuQpPOnm9UWkqSbr95mb5419qwAtHKshJ9/ffu0YtbdujkmTqZzSYtmjtLjz60QU/98o2w7qW4IEd/9Y0H9cuX3lFtfbOamtu0dEH5pATAkpSZkarv/ulDevejQ9q555j2HzkztD89RZs3rNUdtyy7qvBXktJSkvSdxx/QC6+8r2Ona7Xn4Cnl5mQQAAMAgKgUKhQeHQKHs06un8PhCtmvxWxWQpxtypbNSEpMUGV5iQbtDkmGCvJylJ6WosRhs9I4HK6Qy5gMZzabA59HsLV+/cY7DgAAAAAAEI0M31jlA1Hi337+mg4dO6uMtGTdfOMibdlWJUn6zuP3B6ZxPnfhoqr2n1Rjc6sam9vkcDglSfFxNpUW5aogL0vLFlVoXkWJJGnf4Wo99ezrkqRN69do84a1EbgzAJg8h4/XTqh9RvJQxZb/JWnMbQ3flmQoRDuNnEZzrH2jt8N5P97+UPjiPnISEmPm982AmDD68T1Yla8keb1e+Xy+ET8Nw1BycnLY12pt75E3xPTPSYnxSkyIu+pftrsaLpdbFy+1yWyxyGI2X/H/dpvVopTkhLBmq+nr65PP55PJZJJhGFf8HOvvtmDvAVy7wQF3pIcAjMBzLAAACAfPsYhGUf8k+9PnturQsbMym0169MsbtKBypiRpy7Yq/ctPfqd1qxdr3ZrFKptZMGKt2+aWDplMhnJzRq7/OnwdYEn68z+6T4vnz566GwIAAACus9FrAl/V9M/O0NW/khQfZ53S8FeSrFaL8nOz1dXTH3RsLrdHXm94v99qNpsD00APr/Id3i8hLwAAAAAAiEVRHQA/++J27Tl4SgV52bp4qU07P5mu2f9TknbsHgpzb1g2V/MrS3XTqoWSpPzczECb3r5BHThSrTPnG7XvcLUkqbQoV7/3wOc1qyRvCu8IAAAAmBqjw19JMoWxPq6f0+UJecxqtYRVZXs9mM0mxdkssjtcQY+73B7ZbOP/M8dkMo2omg411TPTPwMAAAAAgFgTtVNA/+z5t7Rr3wllZaTqO4/fr39/5vWh6d7MJnk8Xi2onKk/fPgu7dp7Qrv2n9Clyx2Bc9PTkpWWMrTGbEdnj3r7BwPHSotytW7NYq1bvXjK7wkAriemgB4bX95HDlPnAZNr+ON7qErfYNM/e71eJSYmymq1hnWd7p5+OZwuBfvXQnLS0PTPkfp/a1+/XQODjqBVwAnxNiUnJ8g0zthcLpcGBgZGTP08fPpn/7bENNDAVGHqPEQbnmMBAEA4eI5FNIrKJ9mf/PIN7T10WslJCfrjRzYqPzdL3/jaxkAIvGxRhf70DzZLku6+4wbdfccNOnjsrE5W1wXWAO7q7hvR54LKmbpx+TytWTk/ErcEAAAAXLOxfndz9BrAwfaHWwHs9nglGUHDX0myWiySIhd+Wq0W+QbsQY95vT75vD7JPPb4hlcA+4Pc0dsSIS8AAAAAAIg9URcAv/neXu09dFo2q0WP//4XNLs0X+frmvXUs6+rvbNHNy6fp6//3j1XnLd8UYWWL6oIvG9u6ZDD6VJqSqJSUxJlMUdmijoAAAAgEkaHwRMJgCWfvD5v0CP+5+rI5qK+wMxAo3k8XhlhrE08egpopnoGAAAAAADTRdQFwHsOnpIkPfbw3Zo/p1Qnz9TpJ798Q339g1q3erEe+dKdYfUzfA1gAAAAYLoKVhU8OvidaDWr2WSW2x1iDeAoyEjNJlNgKYLRDJMhj8cr0zhrFIf6LFgHGAAAAAAAxLqoC4DjbENrkiUnJejAkTN6+tdvyulya+2qBWGHvwAAAMBnXagQOBxuj0cmk0le75UhsNfrldkcbiXx9WEYRsgK5Ync5+gKYH/QGyrwJQgGAAAAAACxIOoC4GWLKnS+rln/9KPfBPbdsGyu/vArd0VwVAAAAEB0CRV0XkvwO1yooNNkmK66z8ni8XjHDKgnY/mX4fc4kWphAAAAAACASIu6AHhWcZ7W37ZSR06ck8Vi1o3L5+nu22+I9LAAAACAqDW8gnUymM0m+bwhAmb55PF6ZdG1h6zXJMStWixmebyesELgYJ8ZoS4AAAAAAIh1URcAV5YXq7K8WF/adGukhwIAAADEpGChps/nk9c7VDk77vlen8xmk9yeKytsPR6vIrkQsP/Wgo1NGqpQDmd8Xu+nU0iPngIaAAAAAAAglkV28S4AAAAAYZlodW+wquBw+zBMhkym4EGoYRhyudwTGsvk8snlDn79oezWJ0sYaxSP9VlEeoprAAAAAACAa0EADAAAAHxGeEJUzY5mMgyZzeag1bA+n08ej+eTSuCpZxiGHM5QAfTQuMPh8XgmddpsAAAAAACAaEEADAAAAEwjoQJNf3AbLqsldJDqcLojFgC73Z4xK5Bt1vADYL9wQmCCYgAAAAAAECsIgAEAAIDPCHeIqZODMZmMkCGwz+eTw+Ga8lDU6/XJ7nCFPG4Yhmw2a1h9hfosCHoBAAAAAECsIwAGAAAAPiMmEgBbLGZZLMGngZYkp9stlzv8iuLJ4PF45RgjAI6PCy/8lSSXK3Q/AAAAAAAAsYwAGAAAAPiMcLkmVrUbF2eVKUQA7HZ7ZLc75fVOzVTQHo9Xgw6n3CGmsTYMQ3FhBsA+n48AGAAAAAAATFsEwAAAAMBniNPpDLut2WyS1WYJeXzQ7tTgFEwF7fP5ZHc45XQGD20NY2jNYps19FiHczgcISubQ+0HAAAAAACIFQTAAAAAwDQyXrDpcDjC7stsMinOapHJFDoUtdudcoQIZieLw+nWwKBDHk/wamOzyTSh6Z9HfwbhhL4EwwAAAAAAIFYQAAMAAACfEYZhyG63T+icuDir4myhw1W326P+AYfs16ES2F/52z9gl9cbum+r1SrbGGMcbXgATLALAAAAAACmGwJgAAAAIAZMNKg0DCPwGs7r9U4oBDYMQwnxNlkt5pBt3G6PevsGxqzSnSiv16sBu1P9Aw653cHX/ZUki8Ws+HirzObw/mljt9sD6xYzDTQAAAAAAJiOCIABAACAaWZ0gDk8CDYMQwMDAxPqz2IxKz7ONuZU0F6vT4N2p/oHHXK5PGNW7I7F5/PJ6XKrr9+uvr7BMcNfs8k0bjg9mv/eh39GocJyAAAAAACAWGSJ9AAAAAAAXJvhweVY0zAPXwfY5XLJag1v2mTDMBQfb5PH69Wg3RnyGh6PV4ODDrmcbsXFWRUfZ5XFYv6kvaGx8lWPxyuPxyuHwyWn2z1m8Os3dA1b2MGty+WSw+GQyWQK3FewsBwAAAAAACCWEQADAAAAMcgwjKBB7PD9YwWcfX19ysjICPt6JpOhpKR4SZLd4Ryzwtft8cg94FH/gF1Wq0VxNouslk//6WE2m+Tz+eTxeiUZcrnc8ng8cjjdYa0jbDIZstmsSkyIG7MqebS+vr7A9nhBbzgVwYTFAAAAAAAgGhEAAwAAANNQsCB4+DTQg4ODSkpKks1mC7tP0yfrAXt9PtntzrDOcbnccrnckiSL2SwZQ+v7mgyTfPLJ4/GGDLND3Vd8nE0J8baw1/2VJKfTqYGBAZnN5hGfw+iXf//w6wXbBgAAAAAAiFasAQwAAADEsGCh5Fjr2w7f7unpmfD1LBazkhPjlZgQJ7NpYv+ccHs8cruH1gd2ezzyeLySxp62ejiTaSiATkqKl2UC6/5KQ/ca7DMYbbzPEwAAAAAAINoRAAMAAADTUKjpn4eHoA6HQ/39/RPu22w2KSkxXomJcRMOYq+W1WJWUkK8khLjZZpgINvf3y+HwxE0CB8dkAMAAAAAAMQ6poAGAAAAYsRYUyWPDjCDTf8cLPzs7u5WfHy8zOaJBbn+alyLxSy73SWXyyWP16swi3kndJ04mzVwrYkGtW63W11dXWN+Dn7BPh8AAAAAAIBYQwUwAAAAEKPGCyjHCzf9gXJHR8dVX99mtSgpMU6JCXGyWiyTEpoahiGzyaT4eJtSkhKUkpwgq/Xq+u7s7JTP5xuz4jfU+r+jxzTWewAAAAAAgGhBBTAAAAAQ44JVBvv3DQ96Q4WgdrtdXV1dSk9Pv6rrm80mJSTEKSEhTk6XWw6HS3aHa9iYfONWBvvHYrWYZbGYFRdnldlsmvA6w8N1dXXJbrfLZDIFvfdgFcGhxgUAAAAAABArCIABAACAaWJ40Ov/6d8f6mX6JGDt6emR2WxWSkrKNY3BZrXIZrUoJTlBTqdLTpdHHo9HkiGvzyu32xMIZH1en8xmk0wmQ2azWVaLWSaTMSnrCvf29qqnp0f/P3v3HR/Xdd75/3tn0DtBEiRAgAR7ryIlklbvktWsZhXLXjuWWxw7dpLNxkkcr7OJd+39ORsnTtwix0VRs9UrZXWJFIskUiTE3gmQBEESvc/c3x+DuXPrzIAC0fR58wXNzL1nnnPOPWfmBfHhuScUCqVMAEv9u/0zSWEAAAAAADCckQAGAAAARhD3at+g1/EkZdDKX79E8OnTpxUKhZSfnz8gbc3KylRWVqYkqTcSlWQqHAqrNxKRFFs5bEZNGSFDoQFMqra1ten06dNp9TvottAAAAAAAAAjFQlgAAAAYIRJdsvnoLLpJkAbGhokacCSwHEZ4cStnDPtK3zDA5t0bWtrU0NDg7Xytz+rf91SnQcAAAAAABiOSAADAAAAo4g7WZnuraDdSeBoNPqhbwc92FpaWnTq1KkzWvUbtBLYfT1JBgMAAAAAgOFuxCeA9x6os24hN7VqonWLOQAAAOCjwr33r/uc1L9bQUejUZ08eVK9vb0aM2bMUHSp306fPq2mpqa0Vv36JX7dSPQCAAAAAICRakQmgFvbOvTsH9Zr7aYatbV3Os6tWDpHH7/8PE2aOG6IWgcAAAAMrWQJTXui1080GrXONzU1qbu7W2PHjlVGxvD8X4fe3l41NDSos7PTkfi13wK6P0lhEr8AAAAAAGCkG55/i5PEgcPH9eNfPq7Gplbf8xvf26F3tuzSZ++4WivPmTvIrQMAAAAGh3u1b7JVwPHz8cdkt4SOJ4aj0ahCoZA6OjpUW1ur0tLSYXdL6Pgtn03TtBK8yRK+fsf9BO39S3IYAAAAAACMBCMqAXys/pR+9Ivfq6W1Q9nZmbruilVatnCmysaVqK29U1tq9urJNWt18lSz/uO/npUkksAAAAD4SEqW3LQnON0rgeOJX/vzaDSqhoYGtbW1qaSkRDk5OWe38Sl0dnaqsbFRHR0dVh/8Erz9XflLghcAAAAAAIwGIyoB/PCTr6qltUOFBXn686/crooJY61z+Xk5Wr1ivhbOnaYf/eJRHTh8TA8/+YqWLpih7Gz2BQYAAMDok84qYHtSM34untQNui20/TbQ9iRwR0eH2tvbVVBQoOLiYmVnZw9ib6Wuri41NTWptbXV0Wb7Y1AiON39f1n9CwAAAAAARjr/jb+GodpjDdq6fb8k6VO3Xu5I/toVFuTqa5+/WdnZmWpp7dDr698fzGYCAAAAQ8qeqPRLYrpviZxs5az9uP11a2urjhw5oqNHj6qtre2s96mtrU1Hjx7VkSNH1NramrRtQYngoCSw/boAAAAAAACMBiNmBfCWmr2SpPIJpVq2cGbSsoUFuVq9fL5eeWuz3q/ZpysuPGcwmggAAAAMumR7/sZX/Aa9T5JjNbDfrZ/jx0zTlGma1jHTNK0VwaFQSAUFBcrLy1NeXt6HTqaapqn29na1t7ertbXV0T6/Vb1+iexUK4CDVgTbH93XCgAAAAAAYCQYMQng+oZGSdK0KRVplZ9eXaFX3tqsk6ebz2azAAAAgGEn1a2gpUTiN37OL+HrfnQ/t/80NzerublZpmkqJydHWVlZys7OVmZmpjIyMhQOh61EbDxGNBpVJBJRb2+venp61NXVpe7ubnV2dnr2KfZL2rqTvUGPQYlg9zXzu04AAAAAAAAjzYhJAEciEUlSRji9u1aHbasXAAAAgNEsaBWw33m/W0S79/qNr/CV0k8Ax38Mw1BXV5e6urrU3Ny/f4xpb0/8dbKfZKt9/c7ZY7qfp2oTAAAAAADASDFiEsClJUWSpNpjJ9Mqf+zEaUlSfn7uWWvTmejo7NaPfvGoao826BtfvEVTJ5cnLd/U3KYf/NtD6umN6K/+5E6VFBcMSDueWrNOT76wViuWzNYX7rnujONEo6Y2vLdDT61ZpxMnG5Wbk61vfulWTamcMCDtBAAAQHrcSWD3KmD7ytv4eXty05389UsEp5MAttfhTkq7X6dahTsQCWB3eXtdqW79DAAAAAAAMBKlt5x2GJg9o0qStPdAnY4eP5W0bCQS1dqNNZKkeTMnn/W2nYmOzi49//JGRSLJVyi//vb7Ot6XzB6Onn9lg+574Dk1Nrdq/uxqrVgyS3m52UPdLAAAgI+k/iRU3a/99tB1P0/1E7/N80D89CdWsv1/k/XZ7xolu54AAAAAAAAjwYhZATx35mRNLCvVsfpTeuiJV/TVz92kjIywb9kXXt2oEycbFQ6HdMHKhYPc0vTV7Dyg3fuPaM4M/yT1sfpTen3d+4PcqvS1tLZr3aYPlJWZoa/+0U2B/QAAAMDQCVoJnEx85a/fil/366BzcUGrgJMlXJMlqYP28w3a8zfeH3csd31BbQEAAAAAABhpRswKYMMwdPctlykjHFbNzgP6558/qkO19Y4yzS3t+s0jL+rx596UJF118QqVjRszFM1NS1d3j55/eaO6u3s850xTenP9VjU2tw5By9LT3NKutvYO5efnauL40qFuDgAAAJQ8cZlq5a97Va37XFDZcDjsWLGbbPWuu6z7Pe44QbH82hLUXnef071OAAAAAAAAI9GIWQEsSXNmTNYnb7pE9//+D9qx55D+/oe/0cSyUhUX5qunt1f7Dh61yi5dOFM3XLV6CFubXHFRviaOL9WOPYe0pWavViyd4zh/5OgJrd30gaZXV6i7p1dt7Z2SpNa2Dv3Tz36v2qMn9OXP3KDF86c73tfe0aV/+ukjOnr8lL5+782aOa0y7TbF9wW+4arVqqoYr0eeet1aSb1wzlTddctlKikqUGNTq773Lw/o1Onmvnd26C+++1NJcuwpfPJ0s5547i1t+WCv2ju6lJWVqZlTJ+nW6y9UZfn4M7xyAAAA6C/7/sB+K4H9VgbbVwG7V/VGo9HA1cD2Y/b4qdpnfx6UqHYfC7rVc7q3fXY/93sNAAAAAAAw0oyoBPCuvUe0ffdBx7Fj9ad0rD6xJ3BebrauvXylrrp4uaRYInX77kPad6BOew/USYahGVMnaUrlBFWWj9P82dWD2oe4cDisqy5ZoboHT+rltzZrwdxpys3JkhTbw3jNq7GVwVddskJrXt1kJYAL8nN13tI5euTIca3dWKMFc6YqHE4s5N6974gO153Q4nnTNW1KxRm1bdPmnXrxtU2aXl2hKZVl2rn3sN7btkftHV3648/dpKysDC1bOFPHT5zSB7sOKiMc1oI5U5WVlaFpk8tZlcvnAAAgAElEQVQlSfsOHtW/3ve4Wts6VDFxrBbPn64TJ5u0ffdBfe9HD+i/3X6lJ+kNAACAgWFP+Pod68/toO3vd0uV/A26/XNQzHRuAW0/5re6N1l5d50kewEAAAAAwGg0IhLAp5ta9OuH12jbjgOO49OrK1Q2tkTjxhZLkiomjNXCudOUnZ0pSVq36QP916MvqbOr2/G+je/t0Mb3dkiSVq+Yr8/ecfUg9MJrUvk4rV4+T2tee0fvbNmp88+L7Vd8qPa4ttTs09KFMzRrWqXWvLrJ8b4lC2boD6+/q/2Hjunk6WaVjSuRFEscr91YIynWL3tiuD+aW9v19Xtv0fTqWAL5xMlG/fAnv9Oh2uOqO9ag6dUV+uSNF2v/oaPas79OubnZuuOmS1RSXCBJ6u7u0ZMvrFVrW4duuGq1Pn75SsX/bm3Dezv0ywef11MvrtOsGVUqLsw/ozYCAAAguf4mgd0J4fh5+098VXA88RqUAPZ7TKe9QY/JVvSmk/BNN/lLQhgAAAAAAIwGwz4BvH33If3sN0+rta1DklQ1qUxXXrRc5yyeqcyM4Ob/8CePaPvuQ5Kk669cpfKyUk2unKCSonwdOdqgI0dP6PW3t2rtxhq9s2WXvvml2zRtSvmg9CkuZBi65GNL9e7WPVrz2iYtnDdN+Xk5evalDcrICOvKi1eotzeixibnPsDjx5ZowZxqvbF+qzZv26Mr+1Y7H6s/pd37j6iqYny/bv3stmzhTCv5K0mlJUWaVD5OW2r2qqm5LeX7j9af0v5Dx1Q2rkQXnLdQ9r9HWzJ/umZUT9LOvYe1/+BRLVkw44zbCQAAgOTOdCVwsvf5rfZNJ/kblAju7ypg9+t0k74kfwEAAAAAwEfFmS0RHSRbavbqX37xmFrbOpSbk6XP3H6lvv3Ne7TynLlJk7/f+cGvtH33IU0sK9Xf/+VndcNVq7Vi6Rzt3HtYP/vtMyoqzNdFqxbrb7/xKS2YU62u7h5970f/pUgkOoi9ixlbWqTLLliqY/Wntf6d7dq+65C27div1cvnqbJ8vEzTVNTzl2/SquXzlJ2VqY2bd6i9o0uSVLPzgFpaO7RiyRzl5WafcZviK3njwuGQsjLT/7cCpxtb1NHZpcKCPGVlZTrOZWVlqrAgV6Zp6nDdiTNuIwAAANKTKtmZKskaCoWsvXbjz/1ep/oJh8Mpj8Vf+5V115lqL2B339K9HgAAAAAAACPdsE0A1x5t0E9//bR6entVNm6MvvX1u61bJCfz7EvrVXusQbk52fr7v/ysJpaVSpJ6IxH99ncv6v0P9ukPr79jlf/6vbdo9Yr5kqSHnnjl7HQmhfOWzVXVpDK9+No7evjJVzWmuFCXfGypkv091JTKCZo6uVyH605o38E6tXd0aePmHRpTXDjkq2qjUTPtW/0BAADg7AtKegYlSP1+7EnWD5MEtv/0571B9aZzO2h3f1NdGwAAAAAAgJFsWCaAe3sj+vEvH1dPb68mlpXqL796h5XITSYSierN9VslSZ+88WLHuYxw7JbKc2ZM1gUrnYnku26+TGNLi/TKW5tVs9O5z/DZEolE1N3TI0kqyM/V1RcvV0tbu46fOK3LLliqsaVFSd+flZWpVcvnKRo19e77u7V73xEdrjuhBXOqNX5syWB0IdDY0iLl5eaopbVd3d09jnPd3T1qae2QYRiqqhg/RC0EAAD46AlKdPb3lsvuRLD7cSB//OoIWvGbLOGbqu8AAAAAAACjybDcA/ilN97ViZNNkqR7775WRYV5ab1vS81enTjZpKULZ+hj5y7wnL/1ugt935edlanLLlimh594Vevf3a75s6vPvPFp6u7uVVt7p/V66aKZOnf7fjWcbtbyJbPTijF/drXKxpVoywd7te/gUWWEw1q1fF7SlcODobysVFMnT9QHuw7qjfVb9fHLV1pt2lyzV3sO1Gpi2RhNHeQ9lwEAAD7q/Pb2dR93P49z7xVs3z/Yfs79vL/tS/Y82S2dUx1LVhcAAAAAAMBoMuwSwF3dPXru5Q2SpKsuWaHJlRPSfu/Lb74nSaosd64sbWpp06PPvKHtuw6psDBP3/jCLSrIz3WUmTWtUpK0btMH+tyd13yYLpyRjHBYn7urf/UWF+Vr6cKZev7lDWpuadecGZM1pR/X62zJysrUDVet1qHaej35wlpt2rJTkyeV6cTJJu07WKeMjAxdf8UqFRfmD3VTAQAAPnKSJYElbwI3VRLVr7xfAjl+PqjeoGOp9vFN53mq+gAAAAAAAEaTYXcL6E2bd6qtvVPZWZm6+pIVZxSjYuI4x+sTDY06d+kctXd26tCR49q597DnPVMqJ2hMccEZ1TeUzl0yWwX5uTIMQ6uWz1NWVuZQN0mSNG1Kuf76T+/WymVzdbqxRes2faBDtfWaO3OK/uprd2rF0jlD3UQAAICPrKD9cN3ngm4Dnep40P68Qbd5Dnpfqls9p3ru1zcAAAAAAIDRbtitAH53625J0rKFMz2rdNPV29vreD1j6iRJUn5ujrq6epQRDvu+LxQ6+/nw3Jws/eVX70i7fElxgf7P39ybslzZuJJ+3br6+itX6forV6U8FveFe67TF+65znFs6uRy/egfvhpYx9gxRf1e1QwAAIDBk+xWzUGrgFOtCk43flDZoGNncj5VfAAAAAAAgNFo2K0A3r3viCRp0bxp/X5vcVHslsJ79td6zpmmqeaWdklSaUmh5/zR4yd18nTzGSedh8qGzTvV2tahpQtnWv0HAAAA+iPVbZ7didZkq3/P1o+7/nRW/KZzHgAAAAAAYLQZdgngru6eM37vOYtmSZL27K/znGtsblVvJCJJKh1T5Dkff8+yhTPPuP7B1tTcpve27taY4kJdcN7CoW4OAAAARjC/ZKvf+WTlg5K3QbdyTna76KAkc1B7UrUXAAAAAADgo2LY3QJ6SuVE7T90VPc/+pJeXbsl7fctmFOtC1cu0piSQtUea9Arb23WJR9bYp3v6YlYz9s7OtXc0q7yCaXWsfXvbpckLVkwYwB6MTg2bdmp+oZGnX/uAo0fWzLUzQEAAMAoYRhG4G2b3beDdh9zn/N7X6q6z+TcmZQDAAAAAAAYjQwznQ25BlHtsQZ9/18fVHtHV7/f+9MffEN/eP1dPfLUawqHQ/rJ979hnYtEovq7H/ynjp84rZLiAt1982VWsvf+3/9Br67donOXztG9n/r4gPUFAAbT5m37+1V+TEFW0ttoup/L/lySoYBykmeFVtAx9/N0Xqc6HoRkwNDJzRt2/94MQJrO5H8VBvJ/L/rz3c33PDDydbT3DnUTAAd+jwUAAOng91gMR8MuASzFbtf81vptikSjab+nbNwYrTxnrnp7I/revzygQ0eOa9qUcn398zcrLy9HkmSa0tH6k6qYMNZ6368eekFvbtgmSfrW1+/S1MnlA9sZABgkJICTIzEwdPiLM2B0ONP/bUj3fWf6Pc33OzB68BdnGG74PRYAAKSD32MxHA3LBPCHdfT4Sf3k10+r7liDJOnuWy7X1MkTVVpSpNycLJ1ualFTc5sefvI17T90VJL0xU9fr+WLZw1lswHgQyEBnBwJgqHDX5wBo89w+F8IvteB0Ye/OMNww++xAAAgHfwei+FoVCaApVgS+OEnX9W2HQeSlps0cZyuu3IVyV8AIx4J4ORIFAwd/uIMGN0G838n+C4HRjf+4gzDDb/HAgCAdPB7LIajUZsAjlu36QO9tm6LjhxtUFdXtyQpIxxWRflYnbNoli67YJmyszKHuJUA8OGRAE6OpMHQ4S/OgI+WodoDGMDIx1+cYbjh91gAAJAOfo/FcDTqf5NdtXyeVi2fJym2KliSysaVKBwOD2WzAAAAgFGJpC0AAAAAAMDQGvUJYLvyCWOHugkAAAAAAAAAAAAAcNaEhroBAAAAAAAAAAAAAICBQQIYAAAAAAAAAAAAAEYJEsAAAAAAAAAAAAAAMEqQAAYAAAAAAAAAAACAUYIEMAAAAAAAAAAAAACMEiSAAQAAAAAAAAAAAGCUIAEMAAAAAAAAAAAAAKMECWAAAAAAAAAAAAAAGCVIAAMAAAAAAAAAAADAKEECGAAAAAAAAAAAAABGCRLAAAAAAAAAAAAAADBKkAAGAAAAAAAAAAAAgFGCBDAAAAAAAAAAAAAAjBIkgAEAAAAAAAAAAABglCABDAAAAAAAAAAAAACjBAlgAAAAAAAAAAAAABglSAADAAAAAAAAAAAAwChBAhgAAAAAAAAAAAAARgkSwAAAAAAAAAAAAAAwSpAABgAAAAAAAAAAAIBRggQwAAAAAAAAAAAAAIwSJIABAAAAAAAAAAAAYJQgAQwAAAAAAAAAAAAAo0TGUDfgw9pSs1dH60/p6PGTOlx3Qodr61U1qUxVFeNVPmGsystKtXj+9KFuJgAAAAAAAAAAAACcdSM2AXy6sUW/eniNanYe8Jw7XFuvw7X11uv5s6v1mduv1JiSwsFsIgAAAAAAAAAAAAAMKsM0TXOoG9Ff6zZ9oPseeE6SVF01UauWz1PZuBKVjRujsnElqm9oVH3DadU3NGrdpg904PAxSdLn7rxGq5bPG8qmA8BZs3nb/n6VH1OQJcMwrB9JSZ/L/lySoYBytsdUx9zP03md6niQ/pbHwMnNG7H/3gwAAAyijvbeoW4C4MDvsQAAIB38HovhaMT9Jrv3QJ2V/F2+eLa++OnrrHO9kYh27jms6VMrVDauRJJ06flL9dNfP61NW3bqvgeeU9m4Ek2vrhiStgMAAAAAAAAAAADA2TTiVgB/9Vv/oq6ubn31czdZe/ueONmoh554VR/sOqienl5lZmZo3qwp+uSNF2v82FgieEvNXv3rfY8rOztL//qPfzKUXQCAs4IVwMmxAnjosHICAACkg5UTGG74PRYAAKSD32MxHIWGugH98dizb6qrq1vXXnaelfw9dbpZ3/rH/9CWmr3KycrU7OlVysnK1JaavfrWP/6HTp1uliQtnj9d1152nrq6uvXYs28OZTcAAAAAAAAAAAAA4KwYMQngmp0H9OxL6zWxrFTXXbHSOn7/71+SJC1fPEs//O5X9OdfuV0//O5XtHzxLMd5SbruipWaWFaqZ19ar5qdBwa3AwAAAAAAAAAAAABwlo2YBPDeA3WSpPPPW6jMzNgteE43ter97fs0b9YUffHT1zvKf/HT12verCl6f/s+nW5qlSRlZmbo/PMWOuIBAAAAAAAAAAAAwGgxYhLA+w4elSRVVYy3jsVv71wxcZzve+LH4+Xs74/HAwAAAAAAAAAAAIDRImOoG5CuvQdjK3ZnVFdYxyaUjZEkNbe0+b4nfjxezv7+eLzB1tHZrR/94lHt2V/re764MF/LFs3U9VeuUmFB3llsR5eeeH6t1r+7Xa1tHZo1rVJf+/zNys7OPGt1AgAAAAAAAAAAADi7RkQC+OCR4+rs7NbkSWXKykokKAvycjVtSrk2vLdDSxfOtPb9laRNW3Zpw3s7NG1KuQrycq3jWVmZmjypTIdq63XwyHFNqZwwqH2xmz29SqVjCq3Xvb0R7d5fq1fe2qyanQf0p1+4VePHFg94vR2d3frxfU9o597DKiku0IolszVp4jiFQsaA1wUAAAAAAAAAAABg8IyIBHBRYb4k6VRji+fcxauXaN/Bo/rpr5/S2/OnW8ndLTV7rfNu8TjxuEPl0vOXatmimY5jvZGIfv3wGq3b9IGee2m97rntShkDnJfde6BWew7UanLlBH3jC7eoID839ZsAAAAAAAAAAAAADHsjYg/gMcUFGj+2RK1tHTp45LjjXHXVBC2cO1WStKVmr55as85K/i6cO1XVVc4VvgePHFdrW4fGjy3RmOKCwelAP2SEw7po1WLl5mSp9liDOru6BryO4ydOKxKJasK4EpK/AAAAAAAAAAAAwCgyIlYAS9K0KeU6cbJRu/fVWrdt3rp9v3739OuqO9YgKXZL5VnTK7Vr7xHt3HtYW7fv18nTLbr1ugutJPHufbVWvOGqsCBXWVmZam5pV3d3r3JzsmWa0o49h/ToM2/oUO1xmaY0fmyJbrx6tVYsmWOtEt5/6Kj+6ae/16Tycbr9hov0+HNvade+I1o8b7pWLJmtn/z6KauejZt3auPmnZKkL3/mBi1bNNOq57Fn39Thunr19kZUXJiv5Utm68arVys3J9t6/1Nr1unJF9bqhqtWa8L4MXri+bU6cbJR9959rWZOq9T3/uUBSdKXPn29nntpvbbu2K9oNKppUyr0uTuvVmFBnp54fq3e2rBVHZ3dKiku0J2fuFRLF8y0+hONmtpSs0cvv7lZ+w4dVXd3jzIywpozo0p33XyZxo8t8W1PVcV4PfLU6zpxslHhcEgL50zVXbdcppIiZ9LfvRdyRkZYVRVl+sS152vOjMkyDKV97QEAAAAAAAAAAIChFv7Od77znaFuRDp6env17tbdOt3Uqks+tkQtrR36fz//nRpONenClYt0z21X6NrLztPsGVVavWK+Fs+fLknatmO/tu8+qNXLFyg7K1O/eniNWlrbdc2l56qyfPyg96O3N6L1727XqcYWrVgyW+UTxnrK7Nlfp7UbazRp4jh97NwFysgIa+PmHfrpr59Sa3un5syYrCmVZTp+4pTefme7MjJCmjmtUpLU2NSqt9/Zro7OTq3dWKPjJ06rMD9PJcUFmjtzskzTlGEYam5p09jSIi2ZP11VFeM1b3a1iosK9NzL6/Wrh15QS2u75syo0tTJ5WpubdO2HQe0uWaPFsyZpvy8HEmyEu0Np5v01oYa9fT2qrgwT5UV41UxYaze3LBNzS1t2rh5h6KmqTkzJqu9o0u1Rxu0Y/dhbanZqx17DmnerCnKy83RsfpTer9mn2ZNm6SxY4okSRve26Gf/fYZtXd0asbUSZpeXaFIJKp9B4/qg10HtGzRLOVkZzna09LarnWbalRVMV5TKieouaVNB48c16Ej9Vq6cKYyM8KSpBMnm/T9Hz+obTv2Ky8vRwvnTtX40mIdOHxMmzbvjO3RXFKY9rUHhtqx+sZ+lc/NCsswDOtHUtLnsj+XZCignO0x1TH383RepzoepL/lMXAyM0fEDUcAAMAQ6+2JDnUTAAd+jwUAAOng91gMRyNmBfCCOVNVWlKoumMNevKFteru7lFzS7vOWTRL99x2haf8lMoJuue2K9TW3ql33t+lF17ZoKysTNUda1BpSaEWzJk6BL1ILho1tWvfYT34+CuKRk0tWzRT2dmZOlx3Qg8+/opKigr09Xtv1sSyUklSe0eXfnzf43r1rS1avni2ysYlVsO2tHbonEWz9JlPXulYtTtreqWeWrNOh2vrNW1yuT535zXWucN1J/SH199VXm6Ovvq5mzS9ukKSc1/iF17dqLtvvtyx6rWpuU13feJSXbhqsUKh2InGptbYe3sjuubSc3X9latlGLGyP/i3h1R7rEGTJ5Xp7/7sMyoqzJNpSr95ZI3eWL9V723bYyVVF86dpr/62l2aUjnBim0vu3X7fp1/7gLHdWxubdfX773Fav+Jk4364U9+p0O1x1V3rEHTqyvUG4no4SdfVX1Do1Ytn6dP336lMsKxxHB3d4/2HKjTlKoJZ3TtAQAAAAAAAAAAgKEyYhLA+Xk5uvbylfrt717Ui6+/o0gk9i8qrrj4nKTvu+Lic/TO+7v08lubFQ7H/uXmtZevtFaxDqV//9WTvsdDIUOXnr9UF61eLEna1beqdeVF51gJSEnKy83WxasX6+f3P6u6Yw2OJOTYMUW6/caLHcnfVLZu36eW1nZdcN5CTZtSYR3PCId1xYXnaOv2/arZcUDNLW0qLsq3zi9bOFMXrV7ieyvkwoJcnbNolnWuqDBfleXjdfzEaZ2zeJaKCvMkxRYWzp05WW+s32olj+N9nDp5oiOmYUhjSgolSacbWzx1Lls400r+SlJpSZEmlY/Tlpq9ampukyQdrz+tvQdqVVyUr+uuWGklfyUpKytT82ZNkXRm1x4AAAAAAAAAAAAYKiMmASxJF61apB27D2rTll2SYknh6bZEpZ/pUyqUn5ejtvZO9fRIyxfP0kWrFg1Gc1OaPb1KpWMKHcemVE7QkvkzNLa0yDp24PAxSdKLr72jF197xzdW3fGTWrJghvV6TElhv5K/knT0+Enrve5kbmFBnrKyMtXW3qlTjc2OBPDEstLAfXAzMzMdyXbDkLWSd+L4UkfZsC0JG9cbiWjDuzv0ylvvqeFUs1rbOlL2o6TYuc9vOBxSVqZzqp842ajWtk5Nr65QYUG+gpzJtQcAAAAAAAAAAACGyohKAEvSFz99vcL3P6v1725XW3unfvng87rgvIWaMXWSp+ye/bV6Y/1WtbV3SpLOWzZXn7/72sFucqBLz1+qZYtmpiwXX+1cNalMleXjfMtU+Owl3F/xeoYL05QefPwVvbZ2i0IhQxPGj9H82dUKhQwdOdqgw7X1Zxw7GjVlmmbKcoN17QEAAAAAAAAAAICBMOISwJL0+buv1azplXp93ftau7FGazfWaGxpkSomjFV11UQdOHxMdcdP6uSpZkmxVbUXrlqkC1cOj5W//VVZMV4bN+/U1KqJvvsdD3Q9pxtbZJpyrOptaW1Xd3eP8vNyVFpSFBxkALV3dGr/waPKzMzQH3/2Rs2fXW2de+L5tz5UAnhsaZHycnN04mSjWlrblJuT5VtusK49AAAAAAAAAAAAMBBCQ92AM3XhykX6m298SvfcdoVmTJ2krq4ebd2+X0+tWaet2/erq6tHM6ZO0j23XaG/+canRmzyV5IWzp2mwoI8vbt1t/YeqHOc6+7u0Y49hwdk9W68nve27dG+g4l6eiMRvfj6O2pt69D8OdUqKgy+ZfJAygiHlZPtTcyeONmkDe/t+FCxy8tKNXXyRDU1t+npF99WbyRinbNf08G69gAAAAAAAAAAAMBAGBErgBubW1VSVOB77sKViZW9jU2t2rXviGZNq/TsA+sbt6k1rXJDrbJ8vK6+ZIUee+5Nff/HD2ralAqNH1usltYO7dp3RBnhsL75pVs1pXLCh67n8guX6Ynn39L//feHNWdGlfLzcrXvYJ1OnGxS+YRSXXXxisD9fgdadnamli2aqd37a/Vv//mk5s6crJBhaOfew8rN7d/+xm5ZWZm64arVOlRbr3WbPtD23Yc0c+ok9fZGtGPPIRlGSN/80q2aPGnCoFx7AAAAAAAAAAAAYCAM+wRwW3un/u77v9KcGVX68n+7IWnZI0dP6Oe/fUafveNqrV4xP2nZn/7maX2w86D+1//4nAoLcgeyyQPOMKQrLlquaVPK9fSLb2v3/lrt2V+rrKxMzZw6SdddsVKTJ334BKRhSNdcep6mTi7XY8++qR17Dqu3N6LiwnxddsEy3Xj1auXmfLjEa39d8rGlys3J1mPPvaktNXtVVJinG6/+mFrbOvTUmnUfKva0KeX66z+9W08895a2fLBXGzfvVEZGWFUVZfrEtedr8qQJg3btAQAAAAAAAAAAgIFgmKZpDnUjknns2Tf17EvrJUnf/uY9qppUFlj229//pY4eP6Xiwnz977+9VxnhsG+5w7X1+u4PfyNJuuKic3T7DRcPfMMBYJBt3ra/X+XHFGTJMAzrR1LS57I/l2QooJztMdUx9/N0Xqc6HqS/5TFwcvOG/b83AwAAw0BHe+9QNwFw4PdYAACQDn6PxXA0rPcAbm3r0Etvvmu9fvTZNwPLbtqyS0ePn5IkNbW06c312wLLPv78W9bzV9/aota2jgFoLQAAAAAAAAAAAAAMrWG3Avjx59/S1g/2qbmlXY3NrZKk889doA92HdSpxhZlZ2WqqDBPxUUFysvNVsOpJjW3tFtJ3BuuWq0nX1grScrPy1FRYZ7Gjy1Re0eXmprb1Nzapq6uHpUUFWjx/Gl6bd37kqSS4gIVFeTpnMWzdO1l5w1N5wHgQ2AFcHKsAB46rJwAAADpYOUEhht+jwUAAOng91gMR8PuN9m31m+zEr95udmaNb1KN3/8Ap13zjw9+szr2n/omE6cbNKJk02O940tLdKKxbN1/ZWrlJER1pvrt6q+oVFt7Z3WyuC46qoJuvnjF6qqYryaW9q1c+9hNTa1qrGpVZ1d3SSAAQAAAAAAAAAAAIxIw+4W0F/6zPXKzcmSJJ27dI7++LM3qrAgT3NmVOlrn79ZkyaOkyRNKh+nKy48x3rfJ2+4WLdcd6Ek6ZpLz9U9t12p7KxMSdJFqxapumqCJGliWam++kef0NyZk1WQn6uvfPZGnbt0jiQpNydLf3TXtYPWVwAAAAAAAAAAAAAYSMMuATy9ukJ/9uXblZ+Xo1fXbtG2HYlbmv7+mTdUe6xBM6ZO0n//4zt0+40X6/YbL5Yk/fz+Zx1xfvabp9XV3aNrLztPn7r1Cv35Vz6pWdMrdaz+lH7/9OtWuZqdB/Tq2i3Ky83Rn335dk2bUj44HQUAAAAAAAAAAACAATbsEsCSNKVygmZNq5Qk9fZG9MIrG/X2O9uVkRGWJF1w3kLl5WZLkrUKuKenV/UNp/XUmnU6dOS4MjNjd7e+6pLlkqTsrExdtGqxJCkrM0Mb39uh51/eoEgkKkmaXl2uKZUTBq+TAAAAAAAAAAAAADDAht0ewHFHjjZIkn7xX8+qq6tHkpSdHbulc+2xBqtcfH/fzIwM/fX37pMkPfnCWuv2z0fqGjRreiyZXNsXc8N7O/TauvclSTnZWX0xT57V/gAAAAAAAAAAAADA2TYsVwBL0omTjZKkrq4eLZgzVePHlliJ4DpbArjueOx5T2+vJOm8ZXOVlZWprm6/srEkb0dnt8aWFmnx/Onq7OqWJJ063Ww9BwAAAAAAAAAAAICRaNiuAK6YOFY9PRHd8YlLtGjuNEnSMy++rWf+sF5TqiZa5SaWlSozM0Ozp1fqzk9cprJxJWpsatVDT7yiTVt2qWpSmVV28qQy1ew4oGsuO5jNm1oAACAASURBVFfXX7lKkrRtx3498NjLygiHrdXAAAAAAAAAAAAAADASGaZpmkPdCADAh7d52/5+lR9TkCXDMKwfSUmfy/5ckqGAcrbHVMfcz9N5nep4kP6Wx8DJzRu2/94MAAAMIx3tvUPdBMCB32MBAEA6+D0Ww9GwvQU0AAAAAAAAAAAAAKB/SAADAAAAAAAAAAAAwChBAhgAAAAAAAAAAAAARgkSwAAAAAAAAAAAAAAwSpAABgAAAAAAAAAAAIBRggQwAAAAAAAAAAAAAIwSJIABAAAAAAAAAAAAYJQgAQwAAAAAAAAAAAAAowQJYAAAAAAAAAAAAAAYJUgAAwAAAAAAAAAAAMAoQQIYAAAAAAAAAAAAAEaJDPNHBTIkmZLz0ZQMI/bo4H5tP269wRbJem0r5oofL506vvu8T31WvYnT7n4FxvdIEd971FtfOv2y1+e5bq7r5xPfXW/qfsWP+/UryXj1O76bN346/Tqz+PYJ0I/x8p1nQfXa46c5Xv2K72pwOuOV7HPlV2+y+WcExPe2YnC+L/y6MVCf5ySMcKaUky+jeLyMcZUKVcxSuHqBwjNXyCirTvpeAAAAAAAAAACAwZZh9OU+4ikQoy9xEjtuyDBciRkjICFkxB/7zpmGPZAlKL6RdnxXQsiK767XWb1huvrjTjjF3y5v/FjpgPj2Ztvr6/uvp1/uhKThaI1M93WzF/DE97mervhWs92JQcNVn/uC+fbL1h+5+2XrnnzGKf4uV3xPv+Kv49fPPf/kGq/A+O4J4Bc/yfxw1ZuIHzD/3PX2M36cN34/xsten3u8PPW66pMrvqdfvpdz8L8v1M/vC8+8D/i+SMKM9EhtjTLbGqW63Yq8/4p6+s6FKmYqvPQKZZx7g8LTlqSMBQAAAAAAAAAAcLZlWM98V0iafYkTM/E6Xsq2ItG0Pwas8PRfkZcqvvOt8fie+uwJz6T19tVnOOt1V+apz2clZFAdzoSTrV/xeuOFJMmvP64VzJ4+uPrpSFj3xTdMM1HM0TbndYslw1z9CqorFtgxTvF+OSZP/MGUp1+e+ZGyX2d7/rkTyKZvvbL+m2K8fCtwvkgW39E1ydMvR31p9SvFeH2I+Gl/X/TNm7THyx7Qp9Lk8Z1Ntupxzfuk3xf9FK3brWjdbvU8828KzzpXmZfeo4yP3TYwwQEAAAAAAAAAAM6AYf4o35YK8Vlp6U5IuhMnSROStlynb3l7/PQSd4743la66vOL/2ESXM56veX9rtuHSUjaivmWTzFeacYP7lf/4/dnvLzl7Qm6NMfLFTD5fHCXT2O8AuZ9YL+C4gfcUjnpdTT84wdexzRuqZyyX2d5/qVzHYPLD+z8850fAyBUNVdZN3xdGStvGvjgKWzetr9f5ccUZMkwDOtHUtLnsj+XZCignO0x1TH383RepzoepL/lMXBy8zJSFwIAAB95He29Q90EwIHfYwEAQDr4PRbDUYYz05PGCs9kiWDDuZLQNL0JKGeCOGBFnx9bvUErI017osuUFBA/sfLSP36CX/x4vX7l01vR7KnXXp9Pv/wShn7jFLSi1LdK93W098veH5/4icckCTRbAtR/vPwbFRu2oBWr7vLu5/7j5UkYmkraL894BTx3rxC36rNuK+yKb7pXoKdIeJr+8ePXz3NpPPFTzAfP59k1TkEJa7/vC1u9qeZfIo5Pv/r1fZFi/lnx44ec8+8s5H4lSdHD29X54y8pY+2jyrrj2wpVzDhLNQEAAAAAAAAAAHiFrFyLEftxretSbNGX0Xe6b6WY7CvGYq/VVyb2hnhA22tH/PhCslh86732+gxbXbZ6ZRi2/UDt8W3BXdU7+hWvL6BfcvQrUdZerz2+1Te56rP1y0jSL6u+oH7Jp1+u+O7r6LlujhV+3usod7+Cxss2xt754dcv11xy9Ev+/XKcco2Te7zs/XGPl2z98xsnn+smeeO7//jND+sC2etzXDdXfe7xsv9x1Ou65j7xfeefa7zsV8gxXvH++I2X5/PsGjO/+ecTP+n887tuA/p9Eb9urvGyz/GzqPe9Ner41iXqeeU3Z7ciAAAAAAAAAAAAm5D1LL4asO9FfOWgacq2is5M/DETq/1M+3vMgNWujvi2ejzx48fNvuP2P7JWOdrLBsdPr1+OGtzx420zA1Ybuus17cf9+2Warv749ssnZrL4njabzvqC+uW32tX+46jX+97YMNnmhF8Z+6M9rl+9ro475od9vJLMv/g4mf2NPwzmX7xfpoL7FRzffdyvX3KOU2C/rCHvd3zH/HP1a8C/L+LXyvG5SjJeZrL4A8+M9Kjrvr9Q16+/dfYrAwAAAAAAAAAAkJTYzCS+Cq/vFqyG+h6NvsfYQ+zRKi8lbndr9L2MrbRzbHnqE18p4lsrGd1Jmr4Tpmn0xe+rr29hnzNJFg/o16+g+M5+Wf2xxU+0Xva7/Trrs/oVr9fZLyv55FiyaeuPb3zbdXTHN1zhXNfRYrrqs4+Xvb54ZaarP/bx8o3v7Fcivus6Ss7xslaBusbLcF0/v/lna7hVn2/8+Am/+P79MqxAzn5Z891v/lnlDVcAn/HyxFdAfO/nyjM/bP1Ka/7ZA6Qz/zzttMf371e/vi9s4dP6vrD3x/05saoLmH++3xdnT8+L98lsPK6cr/3H4FQIAAAAAAAAAAA+sjKcCU0z8WhKnj09k62asyWggvcA9o9v7VWaMr7zfDx+4J6vgXsM+1TiW69//PheufHmOq6fu7548GT9stdnxXf1x+qzN36iXt9Fk0nq9etXkvGy9yet+M6nyfZgTdavlONlzxr67SlrGI4p7N5j2FOf+0IGPY/X55r3gXsAW/HNNOPbwplyfq78xssM+FzF559fv5LNP8Md35moDf6+CIrvOuf+vkhz/jn28D7j+ef/+Tqbejc+o44f3Kncv3hgUOoDAAAAAAAAAAAfTSHnnrWJVIh3T8/YOj/3npt9RzUQe3qmjt/36Lunp7teWz1Wvfb47n71xfWJbwTFtx1y9Mu6nn57r8YfXf1x7/Fq+AT3xHfX643vuI7u62mvz1Nvkvjy65dffHdpb3xPvxynfMbJPV6B8e0TwDVecvfLVZ9Pvf79ssd31dvP+J754DvvU4yXqzme+ecer1TzLyh+0Pzz65f1eRuA7wvbZzGt+J55b4/vP15nW+T9V9T5oz8a1DoBAAAAAAAAAMBHi2cPYNP2Mr6C0b3X51nd09MR33rliO/eyzY4vvu47b22eh27hjrqtbUtqF+JiyVHc9z9srXZs1euKUe/3DF9V226x8t1TZx7r5qeNtjbFni9PG1wjXVfTPsewNZ4pTM/kqwWHZz5Fx8n+fbLPj8C5599vNKZfwHxA+efT73p9yvFeH2I+J7559Mvq77+jJc9YDrfF474Pt8XPvM+ab8GQe/GZ9gTGAAAAAAAAAAAnDWePYC9e3r2PcYePuQewHIlXezx4/UmKy+fPT3jj7Lqtcf37AFs7WXbV8KdBHLVm4hv65e9WY7y9viufrkWVloBDNf189mr1Fne2VjD0y/beHnK+103V79c8a1b8vZ7D+D4y4Dx8i1vWBPH0694Mb/5Z2t4ensAyzteChgvR/lEh739stVni++Yf0ZAfNclt7fTuwewq3+O8j7z3PW5MjzXwTkxU+5B7Whniu8Le33pfF94Tyf5vgiK72xm/74vBk/Pi/cpVDVXmZfcMzQNAAAAAAAAAAAAo1aGMyHm3GPTswdrfNWcI4OnxLm+BFTwHsDOxJx7r9JEfT5s9br3DLX28pxyqYzKldKx92QeelPqafWN79hD1Cd+gqs/jnr9yvv0Jx48Wb/s9fn1y57FtQ1FcL9MT3lPle7raO+XvT8+8ROPSRJo8QSoJ378tX+jTMmzR29wJ9zP/cdL7n6ZStovz3gFPHfvlZtyD+C+VbCJee/TM0dd/vEdeyg7yrvjp5gPns+za5xsCWXHe/y+L2z1ppp/iTg+/erX90WK+WfFjx9yzr8hyv1aun/1LYVnr1KoYsYQtwQAAAAAAAAAAIwmGYmlgX0PfYkg94q+xEpQZ3n7yr34CrvYCefKwjjnyj2/lbL+CU/ZwrpX9KmkWqFPPCSNm5uop7VO0Sc+I6N2vbNfrhWf7n7ZVwY6VgwqsZLQ3h73ykPDcTrRLwX0y6pPPv1yF7DV547vuI6G4SlvVeseL/dSY1d5z3gFrNB1J8Q94yR3v+TfL9P+0jX/7AlJ9/yLh7Ov+DR8xisgvnslq7u8df185oftAtmSv87DnvnnqjfxBme93pXa7gFy9cvRHHt81zx0j5PP58ozXvb6XPHd/Up7/p317wv3CmN3gzRkzEiPuh/8rnK++euhawQAAAAAAAAAABh1PHsAx1/EVw569xLt+zMge7D6xY8fN/uOO3ZItVY5WmXHTFforjWO5K8kqaBCoU8+JU1YkrJf3j1Ynf2JL2r0XW3o7pdpP+7fL88ewH79cteRKr6nzaazvqB+yfTGt/846vW+NzZMtjnhV8b+aI/rV6+r4475YR+vJPMvPk5mf+OfyfyLB/WN7z6eev7F+2UquF/B8d3H/folpdoD2DE8ZxDfMf9c/Rrw74v4tXJ8rpKMl5ks/uDrfW+Net9+fKibAQAAAAAAAAAARpFEAtiQbfVdfM/Qvr1KDSN2pO/RkCHDiJ3rO2M9yvDZ79YnvpLEV198R33xM1Z8Q0ZJtUK3PS7lT4yFO7lD5sM3SXUbY68zchT65BPSuNk+/fKL7+2XjPije3WvtQjStgDRSBw0bO+Vs1+G4eqPu1+B8RUc3/BeN0d97vEybP0zfOpzj5e1AlNJ4nv7JXe/4tfRdj0d88M9D+P1ucfL3h/3eAXGjz/3i+/tl1Wfu1+Gz3gZjrDO62brl+/88+uXJ773c+WZH+7xSjX/3PMh1fzzGa9EfG+/+v19IW9855mA+ef5XBk+8W3j5B6vIdb95D8PdRMAAAAAAAAAAMAoEv67q7O+Yyi2GM7xaCpxx127oFVzpmxvsEVKuqenvHuhJo1vO19SrdCtj0slU2Ovj76j6P1XSqd2yvzgYalosoyyBVJGroyZ18k88KrUXp9iz1o3n/5Y/fI2y+qXT3OT9sten+e6ua6fT3x3van7FT/u168k49Xv+G7e+On068zi2/pj9GO8PAOXrF57/DTHq1/xXQ1OZ7ySfa786k02/4yA+N5WDM73hV83BurzPITM5gaFJkxRaPL8Dx3rWH1jv8rnZoUd/4BDUtLnsj+XLfXvLmd7THXM/Tyd16mOB+lveQyczMxQ6kIAAOAjr7cnOtRNABz4PRYAAKSD32MxHIUcqyWNRCrEWjVnKLFK1f7a+gt/+2q/vjfGl9jZXyeJr7Tj9z2Wn6PQ3S9LY6bHgh19R9FHbpJ622OV9HbKXPN1mQdeiZ0vrFDozqekcXMdqyud/bKtXrTq7Wub4dcvW3/c/bKup0+/FH+09ceq1+e62YN74rvr9cZ3XEf39bTX56k3SXz59csvvru0N76nX45TPuPkHq/A+Lb+uMdL7n656vOp179f9viuevsZ3zMf/OZ9qvFyNccz/9zjlWr+BcUPmn9+/bI+bwPwfWH7LKYV3zPv7fH9x2uo9Lz8m6FuAgAAAAAAAAAAGCU8ewDbt8j03XNT9j03E8cGbE9PR3zrlXXOqL5Mxh3PS3njYyHqNij60LVSZ5Mzfk+7zMfulFnzYOx17liF7nxaGr/AU69j11BHvba2BfUrcbEUL2Y9BuzR69kr17Q92peq+sS3rqN7vOxjYd8L1d4fTxl3cFts3zak2FPWPl7pzA+/fjlOne35Fx8n+fbLPj8c181Vb7L4zuOp9wD2zD+fetPv15ntAZxOfM/88+mXVV9/xsseMJ3vC0d87/eF37xP2q8hEtm1QZF9m4e6GQAAAAAAAAAAYBTw7AFsrVSMP1rHE6sREyswXasyJdtKwsQiwkR8d/XOFX2OtZDxVX32P1UXyLjpASkjJ/b2+i2K/u4WGT0diVWJdj0dMp/5gswdj8Ve541X6O4XpKrzE6se3X8c9draZu+Xswu2A4lVlJ5+2VYjpr2nrN91M+w/rnFyjZejP574Af1yxbfO+MSXJ753fsivXnsdjn4lJo5n/rnHyz7/bPPQHj9w/rnHy7Wy1Bovw1aXa7y8/XJeLsd18+1XGvPP77rFX7vHS87x8vtceeaf/fObTny7dL4v7Ncune8L+7VL+X3hF999Nf3GyWe8honeDU8OdRMAAAAAAAAAAMAoEHKuuEu9wtP3efy15Fwh2RfTWm3nt2LVs6LP9RP/M2mljJsfSSR/6zYo+sC1UmejawWtrT/x9j/xGZn7Xowdzy5U6JaHpPELfNrvrtcW172C0XeloqusfYVnUL8cx+3xXddPzvp8Vxib7hWe3no9K3T9+mX9+MePrzBOOl6B8ePH5dMvWxn3/Au6bvaxCxgvzzhZlzSN8ZJ/ve73OOrzmw+uMlYM9x9HvQHvtV0yZ7/s8V39CbpujueucVLA/HOPl5z1Jpt/juN+/Ur7+yKN+WfFNx3x4/PPHEYrgCUp8t6LQ90EAAAAAAAAAAAwCmS4V0UaZuyFITP2aMQeY9kSQ+7yphl7ahrxx/iJxKpHO8O0H07EN0xXfXGmpPLlMu5ckzhWt0HR390so7slUZ/VIFd/4ocfuUW6/XEZUy+NJYHvfFLRB66T6msc/bL6YSb6Y0gy+1YQmla/nPXIdNZnrYi0rltf/6ovVOjGn0qF5fIwI1Jnk8y6zYq+/WOZe1+yNcjVL1d8x3U0DE95qwrXeBmL71D4uv8rSYo8/eeKbn7IUd49XhmX/ZVCF35dZttJRR75srTvtVgl8WGL51ut6+i6foZtnPz6Zdpfuuaf4Z2HVn/i4YzEOMWKu8bLlDK/9JhCMy+UeXynur+/2nkd5ZrnriSh3/ywXaDEvJfzsPW5MnzGyz5Irnqt/hiu+RdQ3tkce3znPPSMk3u8DJ/xstfniu/uV7rz76x8X9jqTVw3V33u8sNAtG63zPoDMsqqh7opAAAAAAAAAABgBPPsARx/4VkhaR0PWDHoXsHn5ohvq8cTP368b4VkUZWMG+9PvOVEjaL3Xy51NVllg+M7j5tP3CPz6DuxF7ljFbrjSWniYscKSd8Vq31xfFcMuusNWiFp71e8UHOtzOM11o9ajkvZRTKmX6rwJ+9X6Or/44yZLL6nzX4rJH36FdQf33653+Na8eleievuu/t6ueOnmh+eFbp+8U1rnMyU8ZV6/jlnh3d+9GP+BX2uvCt0lajPp1/B8d3H/fol5zgF9ssa8n7Hd8w/V78G/Psifq3cK4CD+mUmiz/0Irs3DnUTAAAAAAAAAADACOfZAzj+wndPz6A9WBWwp6d9sZ0rvpLEj+/tqXHzFLrnDamgb7XswVdkPnStc79bq16/PT0NZ71drTIfvF46/Gbsdd54he54UkbZgsB++e0Z6loEaVuAaCQOGrb3ytWvvqPm3pcV/dnHrJ/IP89T5D+vkbn/dSmcqdCyzyh02d86V1EGxTds8QP36LW1xHqv95Ilfmw9tV9rW2H/PYBt8YP2ynWPV7w+9zyM93Mg9wC2Hzbs73GNU5I9gH33bHZPb/v88xsvT3wjSXzv58oz/9zjFTD/zngPYJ/xSsT39qvf3xfyxnee8R+nRHxbfZ74tnFyj9cwEjmwbaibAAAAAAAAAAAARriQYz/MVHt6uvfbTLWnZ19Ma7VdQHz5xS+aIuO2J6Tc0lhLD7+h6GO3y+w4ldjT07TVZ6tX1oPPisGuVkUeukVm7fpYuZwxCt3yoMyCcp9++ce3rwi2rp/k3ybJ0zdbac8KXfPIBkUeukvm/jekjGyFFt8po/pCa8D84jtWrPqNS+BxnxmRbLw8q4ZTxU+0ybPSNH7tUvZLSeMn5l7AeFnLge3jlKRe91xUQL3uttrnn33Fr88cTT9+YhWy53Plt4LW57PnmH9+9br7Y7+Onvi2+R74eU4W39VPd5vTmX/274sPNf9s4zWMROt2DXUTAAAAAAAAAADACJfhWdXalw9x77kZy5YYkmvPTdOMvRqoPT1lmFL+RBmfeEjKnxgr3HRA0Yc+bsU3HPW6Vgm69nz13YM10inz4U/I+OxaqaRaKp6s8KdfUvT3n5R5fKsnviHJDIpvvyz2+vr+69kD2HnWWkUZv6qmaUjdrYpuvl/hiiVS/ngZ0y+NrQqWFKpaodB5X5Ix9QIpb6xkhKVor8z6HYq++j1p+zOxRpiSMX62Qld+V8aUVVJWQaxhnY0yd72oyIv/U2quc4yNisqV8dU3ZZTNkUIZUnebotufVeTJb8roarW1v6+PlUuVeeP/J6N0qmSEpM5GRTY/ouia/yWzq9W6jqHiCoWu+rZCs6+Qcktib+5uVfTA24q89AOZhzZZ1y1UtVzh878kY/oFMvJKpVBf/47vUGTN/1a05lnFl3Fm/tlaGRNmK/rOQ1LeGIWmfUzKyFTk1X9V73P/oPC5n1L4gi/KmDArdp06mxTZ8oRjTvrOD/s87xs/a3zi89w9/9zzvp/x47zx3fW65rtrj15nc7zzL3APYLnie/rlOhxvxWB/X8jn+yJZfLPv45Dq+2KYMBuODHUTAAAAAAAAAADACJdhPbMtlEwkhMy+xImZeB0v1ZfQiq2ssz26Elru+O6Dnvj5ExS6/VmpdGaiWMcpR3xPfYYREN9db199himzq1XqbEycKpqk0KfWKPrgTTKPvN1Xuq8+I0m/XHU4E06m8zoatusX/6+7P/ERqHtPZvspGTklMsbNtuKHLvs7GdXnSz0dMk/tlyI9MoomyZi4QKGr/lGRlnrpyEaZ2QUK3/zvMiqWxso27JRCGTKKK2Usvl3hwonq/c8bEz3KyFL4gm/E2nVit5RbIqNwokILb5Z6uxR59E8kq/2SkZWv8MV/HkvOnthllQ+vvFfG2Onq/eWtMmXIKJul8B2/kDFxvhTtkXlyrxSNyBgzWaHZV8gom6PI43+m6I4/SJLC13xboWnx/h2QertllEySUb5A4ev/QWZLvaKHNjmueWj+NVJOkdTbJfV2SznFCq/6rDKu/Vspt1jqbJbZWCtl5iq84k6Zna3O8ZJtvss77xPj5TP/4uOV7vxLEj/+NLHg1jnPHfX5xrcd9vncxutNvOnM46f9fWEqlqRN9/vCHtCn0uTxnU226jH78X0xxMymE0PdBAAAAAAAAAAAMMIlEsCuFYPWSjtrha4SC+6s8rKtoDP6XtpW6MbzO47y9uq9K4BD97yZWPlrL+eJb1gr+twr/uzvc6+0tOozPI2RMvMUuv7niv5kkW2FpKse05WfcvTLHt/Zr8SCSsN6k2G9tl2/eL9O7ZER6Y6dysqzmmi+/6DMXc8p+s6vpO42yTRlVK5Q+Nb7ZBRPUmj+jYrWblJo9jUySqdLXa2KvvA3sfKSVFih8OV/q+ixbc50djhL5ondijzyRzLrd0rZBcq4634Z0y6UMfk8KadA6mpLvCenSOb+txR55Isym2IricO3/ptCi29TqHqlwqs+r+jb/6HQqs/LmDBX6mpW5PnvKrL+l7F+z75c4U/8PxkllQqt/JyiO/8gyVD03Ydkbn9BkfW/krraJJkyJq9Qxl2/kFEySaFFN8o89I4zF5+Rrei6+9T7zP+MrTzOLlDml5+ScotlHq1Rz2/vlXl8Z6zoNX+j8EVfScyQgJWljpW79gHvO2HKPQ9t888q75p/RkB8O/t8Mnzmefx1vBpHeZ95bn2eHc33BjBc888vvqedKb4v7PWl833hPZ3k+yIovrOZ/fu+GAY624a6BQAAAAAAAAAAYIQL2ZbLybHnZvzRVPL9Q2V7rb4YZuK9zj09bavzXGWslZDx5G/9Fqm93mpcvC6/PUOde3ra+uMTP1E2vhJRUkutzONbYs9Lptj65Rc/ftx+3RKVevcqlfN6mYk3ePcwdfXLZ8Ci7/5W0bU/jq1gjsc/slFmT1vsts05xbE6Ij2SGZHCGTILJiTqaK5V76Nf+v/Zu+/4uKoz/+PfOzNqVrEsV8mWey9gg42xjZcWSkIwBEJ6QpaEhLAppOxm+2b3l02ymyWFFEhIT0gChGoIvRsbF9zARcayjbslS5bVNZqZ+/tjNHdum9HISNZI/rzzIjNz585zzrn3zLzuS4+fexR79cfO49XZrtjW++OJUlNSe7PMw1ulWETKK5JRcY6zTx1Nim38o2INh6zY0TV3yzx5SMotlDFxSfz2zxOXSoGgYvvWKrr219axie18VubOpySZMirOkjFxiWSaiq6/R9GXu8bXdTxjb6+Xwq3J8SlxHLuOyd7X1Png16xjYsy6UsbwifHK5U0PJsdkSpHnfmAlg615mO582eaed21Z23mynT/f+eDax76+r+N/jnZTfNY5xR1fKr/vVer47uc+88+0j8feln2OOtvNeA1qv3Fl/HthWsex+/imI37iK5h1yV9JZrSzv7sAAAAAAAAAAAAGuJBcFXTWWqVyVvQlKgvd+9sr9xIVdvE3nJWFCd2tAWze+25pzDnSll/K+OS6+M6BoFUpa18L1dGe1SHXeNzjstbiNZPVt631Mu95tzT/JpmH1sowDNu4kmsAJ9q1x3dXHna7BrCjAtiQ3xrAhiSNmCYFc+PBwq3J4zfpAgUu+LKM8vlSXpEUzJObYRgytz0i8+wPyZh2mYIX/6OCyz4vs65a5v51Mtf/SrHaKmcFcCwiNR11VtZG2iQzlhyQkawkNTuaZTYcss6jTEmHNkltJ6Rh46XC4QpMWpJc87e5xjU/JLPluBSLyMgvkVE2Xua+NQpOukCBi29TYOzZ8fGFnOMzrONm23jiQGKrTMNQYPQ0KSc/fjvorupka/+OZpmtDa6KWG8la+qK0mTlqGM8PVwD2LP2tX2Atna9FejO+Cnnn2tc1gxLtQawz/fKfb4c7bmPm2tcnv0T3ezloI7KSgAAIABJREFU3wurPasBZ7up1wx37Z8ljGBOf3cBAAAAAAAAAAAMcJ41gBMvutKxXYkT22vH/kbXvrZHd0LLN76tHXf8g6tkHFwV32469lQiEW21VzpJgU++JuUM8Qtuid1zuXTwNc+4rCRYICgz3Cxz3R3ecZlm1xrAKYfgfZ3It7mOm6FkNaL1USu+8zga5QtkDCmLr5t7PF6xaoxbpMCKn8gYNkGKRaXWOpkt8TVDjdLxUl5xVx/i7UX/+CEZ59yowJxrpFEzZYyZK6NivrTgI9KrP1bsxf/xnim/as9kZ13DtVW9+h2LYI7jnsOmex/Xc6NyoYI3/EhGWXx8Zmu91BSvAjeGjZfyi62KVpnuMLbzFY14yztTJPr85ndy3rs/5j1P1glPlUjM4HvlHYzjnwTIuUZvuvju7f7jcmZJ3fGT7XjOV4bxk69tH++r3wtTcq8BnOQzLk/Hskx+YX/3AAAAAAAAAAAADHCeNYATCZm+WQPYnvBJH99WKNvVH2eFoGkaMkbM6jb5K0nGyDkyD77mGlcyviHTFt85Lr81Qx3pOUcFpq3CMuUarMmGDeu1a1y5RQrM/6iUP1Q6eVBm1ePxXSoWyCgaKXW2Kfb8fyn22l3xDuUVK3jz8zISCWAjuUaqufF3im78XfxFSYWCV3xTxpxrFDjreumNB3wOVrrntnHkFckorbStYRxP4GpIWfzFycMyq1+WWk9IJeVS0WjncZRkFI2QAiGZ7cdlNuxXoDI5vuiT31R01V3xPfOKlfOFZ2XkF8ePmQxH3wxbz0zDkOr2SpEOKSdfxogpzrHkFskYMiz5WWtctnmYPB0p1wC25numawDLNR9SxleK+N7vlWf+2dYATj3/7PvbAmSyBrCnn35rADvH1aPfC1v4jH4v7ONxfA+TvGsAy/mYZYlgY+jI/u4CAAAAAAAAAAAY4AKO9TC7W9PTvd5md2t6dsVUoug1RXyliK9YJN5Lw/D0IV4yaitgrnpI5qvfTv635beOgdrbda65K5nRSIpx2cbjWau0a2iJ42cfl/0zXZ/IdA1gY9xCBT74RxmTlkuRDsW23ifzwPr4/m0npGj8mNjjBy64TUZpZXKspilNe5cC190lTVyWjH/ykMy66vhxzS2UWeiTbHKtweo4gNb5k5RXrMA5H5ZKyq34gcU3ySipkMItih14XaZpKrZ3tRSLKjBxsYzFf2sdm8D0d8mYeYUkQ+bhrYrtWSOz5YR1zu3HM3jRl+IVwFa3EsdRzm1d/Y9ue1JmbbUUzFXgrKsVmLDQGk/w0ttkjJ7uGK7zHLvmomyPPufLOia2+WEve/XGVw/im9Z3w/O9so3Xas/nu+eYf37tusdjn/ee+Lb5nvL7nC5+N78Xnvnniu845inacG1PnFPHuFzf52xijBjX310AAAAAAAAAAAADXMi5Zq1SrrkZz5bYKxrjTNNVUfcO1/R0xk/ECEo+lbgKBJOBqx6RWfVgMp9TvlDG2Tcm25VrPDKl/S9JY86Wjm1OrjEsOSsSbWsAO8dlG4+7ctnenmtchu3dwJRLZXx2dbKPBcOkolFSICRF2hXb+FvFnv9/VnfNqidknn+rjIoFCr7rP2See6MUypdRPMZRymgYhgJTL1Vg3vsVmPf+5K2iQ3nxW0UHcmQe2SrtXxNfr9dxghLjtJ2GRJdtawAr3Cpj7ALlfPFVmY1HpILSrn7EFNu2UrG1v5JhGIq99ksFJp4vY8wcha7+tswLbo2v+ztsvJRTIPPEAcVe+5UMQ4rtfFLm8c/JGLdAoXf/u8zzPiHl5MkoKVdiLeJUFcCJY2sahhRuVnTdPQqNmCxj9Azl3PKwzPr9XeOvkNneLKNrbeFUa/TKNe+teeGuBD/FNYDd8RO88d3tur8btvNlb89VoeuuTE/s76jItsf3jMu1OdGL0/17oXS/Fz7xTbkqpl3Hz72mcj8LVEzvficAAAAAAAAAAIA0AtYzRyWrT0Vr4rXsFYzJbb4ViXbuitIM4lsVwGbUET9ZuWdL3rjbtSeSjESi2FkhaT7/r4p+p0SxJ75gVQ76VgymG1fyYFndsB79KiTtHygZK2P0HOs/FY+WOhplVj+v6J8/qtiTX3fGDzcr9td/kLnnxfiwRs6UUVCm2JY/y2zY7+hE9PlvKvbqD2WePCgNKYu3UTYlXp275V5F7/+0/3Ds58l0bbf6L5ntJxV96XaZbQ0yRk6XUTxGZnOtomt+psijf2+dJ7NmpyK//ZBim++XOlpkDJ8sY+R0KRZRrOoZRf70KcWqno3Hb29W5JGvK/bWS/HxjZ4hY0iZYq//WeaJA7buJc6RvZvO8xRd82tFHv5HmUe2S8GceKzCMkU3PSTzyDbn+TJdMXwqaP3mn+Nc+s5v9/bU8VPOP995nyq+bbPP98qa91al7KnHz/j3wuzh74U9YCa/F474yaPpOdb29tKNq58FJ87t7y4AAAAAAAAAAIABzjDvKLSlQbxrblqP9pd2Pvkid+Vd6v3t8V0JXUnGTZukYVOk49tl/uZ8b/zp18i45vfx7Y9+Qqp6ONlexSIFPvZc/L3nvi5zw52ucfn3373dczRM/8MQ3+B33LzjSteuPb6jHd/9uzlfGcZPPa6ex087H7odV6JU069d//jugH7jSr1/BucrxbxPOa5U8T3jSjEeVwN+8VMeR7/jlm7++Y2rj+dfJscx9f69O/9850c/K7z9NRmjJp7y5ze/ubdH+w8rypVhGNZ/ktI+l/25JOueBu79bI/dbXM/z+R1d9tT6en+6D0FQ0Ld7wQAAM54ba2R/u4C4MB1LAAAyATXschGIWemx+x6aXvs2q7EQ7pEcFcCyuzawTS9CShngtjsSsy424szum77KzMar+7rate0nkSTO8eizmSOI1DAET/Rnrf/7nG5xmN/9N3fZzyJ4BklrOzxk+35JQz9zpOjPd/4tk224+gZl308PvGTj2kSaLYEqOk7Lv9OmZIMM8X88+zvfu5/vjwJQ1Npx+U5XymeW+NxzfvkbYVd8buqYJPzvpuEp+kfP3H8PIfGE7+b+eD5PrvOU6qEtd/vha3d7uZfMo7PuHr0e9HN/LPiJzY551+W5X4VqJj2jpK/AAAAAAAAAAAAkhSyci1dj9ZapV0pFu+ans79rUSWkXhMvJEI6KrkMu2bvWsAG/Y1PW3rdVpr9CbaMQ05ElNGwJlRc9wCOrn2rtVeIoU0+mzp6JbkeIxkYikxnnhYw9auPMdBjnEp2Z513FIkco1ktxPxPcfRMS7/+I7jaBie/a1m3efLvsisz/6e89UV33O+XAlxe3zH8XOvMewel2l/6Zp/9oSke/4lwhnJ8xTf3TWuFPGt8cgZ350l7K01gD1rX1sfcLZrjcdwzb8U+6dcA9galzMh7rfGsKM91xrAznnvM/9c8budf735e+HTz+Rxc7Xn3j8LBBdc1t9dAAAAAAAAAAAAg4BnDeDEi0TloHct0a7/Zbqmp298Wzue+Intpq28z7ZmqX2tUkcyJ5C+2tBnXMa7/leBT74s46o7ky24x5Xom7076cZl2rf7j8uxBqvpHZfPYeo+vqfPprO9VOOS6Y1v/8/Rrvez8dNkmxN++9gf7XH92nUN3DE/zOTqrunmX+I8mT2N7zP/nP+zx3dV1/rGd2/3/1452uiKbyr1uFLHd2/3G5fU3RrAjtNzCvEd8881rl7/vUgcK8f3Ks35MtPF71+h81b0dxcAAAAAAAAAAMAgkFzMpKvCLlFh6a4AThTaJSrykpWHzlJYR8VdIpxPfHUTP57b7XqRU6hEDW8i6RuvXLUngGP+aw7bPuMcl2RMfXd8a/k5tvjOcSUrIV2Vn4lROCowbRWWnspSV1dM1wbbuFLHtx1HTyWkK5zpfG1xVVp6KyQdBy55vjyVq6niO8flqMi1H0clj6djXIl33JWlid385p+t48mKbb/4iTf84vuPyyowdZ+vxHx3j8uxv+EK4HO+PPGVIr73e+WZH44K6Qzmnz1AJvPP009v5bR7XD36vbCFz+j3wj4e9/fEai7F/LOfrywQnH6egpPn93c3AAAAAAAAAADAIBByJjTN5KMp75qe6armbAmo1GsA+8e31ip1x2/YK6NsulQ6WebYpdKhV13t27KPsYitr65MsBlztCuZMiqXSUPHx9+u2xWv+PRwjcf+aCa76zh+pus4Jg5OuuPmGE8ifrI9+zj94ifb9S2aTNOu37jSnC/7eDKK73yabg3WdOPybcT0e+5zvqyMaXJX9xrDnvbcBzLV80R7ma4BbMU3M4xvC2fK+b3yO19miu9VYv75jSvd/HOvAWw6E7Wpfy9SxXe91+0awGnOU6rj5bPdf/75f7/6S84lH+/vLgAAAAAAAAAAgEEi5FyzVinX3HRXFibYKxETlYrxN5yVhQndrenpiF/9hDT5CklS4P0Pynz536XjO7riSxo+MxnYjLlKFm2GTVZg/PLkOMcskLHsn5Lvb7s3ucawkpWBjspLucdlG4/hHlfibZ9xuROSieNmtes6bq41gLs9X674ttygp3LU0Z7c7fqNq5s1ZX3ju8aXYg1gT+Vy4vi555/Vrm1cvvFd4/GN727X1p6r3WR87/xwHjfXfM8wfoI3fg/Ol7099/nytOtqT674nnH5Hs7T/3uhNL8XfvE98951/Px+L06zQOUshZbd0N/dAAAAAAAAAAAAg0TyFtD2CknrsbuK1vieqSv4bHwr9bqJv+WXMmZeL1Uul3KGyLj0/1KPJBZJWQ1oLLhZWnCz73vm3ucU27XS0U9PxaC7EjLN2JwJJ58KycRO8Z6lrkh0FkL6tiXZzpctfqLC1ds353mKJ8Nc40rVVjywb+WnY/IkHkx5xuWtWO1uXH09/9wJ5PQVz2krSFPEd27PrKLaMf/s50vdnC/PuLqrqD71+Bn/XnTNm4zPlz2gT6OZVFR7jp+7YtpIc776Qe6KL/V3FwAAAAAAAAAAwCASsJ4ZkozEWqG2R2u7YT0aMmQYXevodu2beJThXY82Gd/dvD1+ol17fEPmvVdJG37U7UDMzlZne621UvPR9J9Z/2OZ915nb9Vq1zEe97icQ7BtMGyVkK5xGYb1aI9vHUfD9tmuuIYnvu21J767Xdd4PPFTjMsV33rHJ7488b3zQ37t2ttwjCs5cTzzz0gz/2zz0B4/5fxzny97X+3ny7C15Tpf3nE5D5fjuPmOyzUev/nnd9ys76bP/LB1wO975Zl/9u9vJvHtMvm9sB+7TH4v7Meu298Lv/juo+l3nnzOVz8KLbhcofOv7e9uAAAAAAAAAACAQcQwf1iYLPyTu6LPVqyakKpCz5Ss0ld7BPctbm1xHbdmTdVeQk6hjEmXSSNme9uteUPmWysd7ciUVLFQxuTLvPsf36HY4Q1S48FuxuUzHneFrrty1T0ee3w/7vY8x82/ItPvPPmdlvTtphiXazd3/IzOV8r46St0exbfrZvzleG4Usd3b09M4NTny29+u+f9O4nvO/8yju8euOs8+VW+uw6U37jStueI04e/F474CWnmXz8wgjkq+NYLClRM7bWYm9/c26P9hxXlOv4Bh6S0z2V/Llvq372f7bG7be7nmbzubnsqPd0fvadgSKj7nQAAwBmvrTXS310AHLiOBQAAmeA6FtnIMO8odKZQepi4O10JT/vL3k14pkk4effuhYSkc/9uE7kpEs0p43dzi1vfBFrK+O7taRKS6RKDfsNI1W66+eGTkEx3nrpPSGbf/HPH6f35ZztfKeJn/n3uPr6nmwPl9+I0yLvpu8q5+OO9GpMEcHokgPsPfzgDAACZ4A9nyDZcxwIAgExwHYts5FkDOPEinjhJtQZrYn+ja1/bYy+sAZxs1/2xePy+X4PVOR6zK6GaYgje11bHU63B6hqP4TeuFG2kim9K7jWAvQlDn3HJlMzUCTRnu+74/msAyxXfeTzTjMunUcf8MG3nK838Sxw/s6fxs2T+uVOk7nGlju/efmprAFvH7xTjJ1+7E7x98HvRNS/99/cZl6dj/SPnspt6PfkLAAAAAAAAAAAg2RPARtf/dSVkjK5MiWF0PXYlTgx77kiyJQ+7kkZda2x6KjBd8dVNfGtdUHeixkgk94yu+F3tGSkSnonAnnGliu8clzUeW3xHes7a39WeNa5Eu85xJXNwhuPRGo9vfNtxdMc3XOFcx9Fiutqzny97e4nGTNd47OfLN75zXMn4ruMoOc9XYlxynS/Ddfz85p+t41Z7vvETb/jF9x+XYQVyjsua737zz9rfcAXwOV+e+EoR3/u98swPe4V0JvPPHiCT+efppz2+/7h69HthC5/R74V9PO7vidVcivnn+3txeoQWXaW8T3zr9DcMAAAAAAAAAADOCCFnQtOnotReBmjKk2Cx2BJQVsWd6a7w849vVUJ2G9/5fiJ+yopMI0XFoF8jmVYQ2ioJE911HD93e4ng6cZlb8+nItOWFexhxWqqcSW2+40rzfmyjyej+M6nngpd++5pxtXt+bJnDT0Vn4mMaXJXdwWzt6I0VXx3V7rac817e9Y0o4rVlPFt4Uw5v1d+58tM8b1KzD+/caWbf+5bbpvORG3q34tU8V3v+VW+ZzD/vHciSBHf9dS/0tn5/eprwbMuVv4Xf3na2gMAAAAAAAAAAGeekFWx17XBWVmXrLhzVxYm2CsRE5WK8TeclYUJqeIbGcdPVu452pO7XWfzhukaj9zj6vq4vPHje6eIb++2vb2u//eMy52QNBy96Uru2QLZd/DE9zmervi23KCnctTRnvuA+Y7LNh65x2UbnnzOU+JTrviecSVeJ46fe/7Jdb5SxndPAL/4aeaHq91k/BTzz91uD+MneOP34HzZ23OfL0+7rvbkiu8Zl+/hPP2/F+rh74Vn3qf4vTgNQouuIvkLAAAAAAAAAAD6nGcNYGearbuK1vievb0GcDK+86O+FXzuhGfadtNUSNr297TnroRM04Yz4eS/Rq/jvsRpK5h9xuAapyNh7Vqj19s353Gz1gC2jytVW/HAvpWfjsmTeDDlGZe3YrW7cfX1/HMnkNNXPKetIM10/qWJ7xia5BmXb8Vq2nGd2hrAmcTP+Peia95kfL7sAX0azaSi2nP83BXT6X4v+kjOZTedlts+G4YhM8P7Whue+7cDAAAAAAAAAIDBwLMGsHdNz0TFnZIFd9b+slXQGV0v060BLFfixVsBbCjd/vb4rrVRbRV/9vieNYCttWy79nDnSlztJuOnW6tUVoIrGd81LneBo3VcXMfPZ61S5/7OzhqecdnOl2d/v+PWV2sAJ16mOF+++ycTdJ5xJXbzm3+2jme2BrC850spzpc7IZlYK9czLlt7tvjuym/f+K5Dbu+ndw3gdGv0+sxz1/fqHa0B7OlnN78X9vYy+b3wvp3m9yJVfGc3e/Z70fuMYI5yb/yWci7+eN821CUvN0ftHeGM9wUAAAAAAAAAAINPyJkQy6DCM1WFni0BlXoNYGdizl2Jm2zPh63dVJWRpq0ddVUG+lbiWpWX/vGT/OIn1wD27t/3awA7Ky9PbY3exClNOS77eHziJx/TJNASCVCfik/HeXJ1Kn7aenENYCuT6tw/3bg85yvFc3eFeLdrAHvW6PUZmaMt//iONZQd+2dW4e547k5Y28+TX+V7qt8LW7vdzb9kHJ9x9ej3opv5Z8VPbHLOvz7O/Sq04HLlfujfFaiY2sctJRUXDsk4AVxcOESRcGsf9wgAAAAAAAAAAJxuoWRpYNdDVyLIXdHnXis38fiO1/T0VMr6JzxlC+uu6HPu4BqPe1yuik/PGsC2ykBHxaCSlYT2+O7Kw27XAHaNy28NVs9xtGcKU8R3HEefNYCtZt3ny11q7No/1RrDnvPlSoh7zpPc45L/uEz7S9f8syck3fMvEc5e8Wn4nK8U8d2VrO79rePnMz9sB8iW/HVu9sw/99rX1gec7Xortd0nyDUuR3e6WbPZPh6f75XnfNnbc8V3jyvj+dfnvxfuCmN3h9TrApWzlLviSwqdf23vB+9GWWmxmlpau00C5+flqqy0WDU1JIABAAAAAAAAABhsPGsAJ16kr5BM7G+r3EtRwecf39aOT/xku+6P2Sv4+nINVud4zK6EaooheF9bHU9VUe0aT4oKT982uqvAlGwVtO4KSZ9xOSpWfcbjaLebCl3rs874KSuMUz23bfRU0CZ2TjP/rArPnsbPkvnnSml7xpU6vnt7NxX9vvHTVBhnGN9Roeszrl79veial/77+4zL07HeE5x+nnIu+bhCy27o/eA9UDFquA7X1KVMAufn5api1PDT3CsAAAAAAAAAAHC6eNYAttYQlbtSUckCQmt/2ZKHXUmjtGsA2xM+6eOnXiM1kdxLVng6KxgdO9sqHt3jShXfOS6/NUMd6TlHBaatvUzWYHUM1DaulPFtx7GbNYZTr9Hraq/P1gB2x3cdR8l5vhLjkut89ckawH7x/ceVag1ga75nugawUpwvT3yliO/9Xnnmh6NCOoP5Zw+Qyfzz9NNvDWDnuHr0e2ELn9HvhX087u+J1VyK+ef7e9FzgYppCi64TKHzVig4ef47C9ZLcnJCmjB2tOobmtTU0qqOcKek+Jq/xYVDVFZa3M89BAAAAAAAAAAAfSnkTGh2s6anKU+CxWJLQKVeA9g/vlUJ2W185/uJ+CkrMlOuMezTSKYVhLZKwkR3HcfP3V4ieLpx2dvzqci0ZQV7WLGaalyJ7X7jSnO+7OPJKL7zabo1WNONq9vzZc8a+q0pa7sldnxapKlw95lnKZ8n2st0DWArvplhfFs4U87vld/5SrcGcKpxpZt/7jWATWeiNvXvRar4rve6XQM40zsRpIjveupf6ez8fvkxgjlSfqGMoSNljBinQMV0BSfOVXDaIhmjJqb9bH8qKy0m2QsAAAAAAAAAwBkoZHyxWVIyBZLqsbecrnYAAAAAAAAAAAAA4EwT6O8OAAAAAAAAAAAAAAB6BwlgAAAAAAAAAAAAABgkSAADAAAAAAAAAAAAwCBBAhgAAAAAAAAAAAAABgkSwAAAAAAAAAAAAAAwSJAABgAAAAAAAAAAAIBBggQwAAAAAAAAAAAAAAwSJIABAAAAAAAAAAAAYJAgAQwAAAAAAAAAAAAAgwQJYAAAAAAAAAAAAAAYJEgAAwAAAAAAAAAAAMAgEervDmTqngee1frNVWppbe/VuBcsnqfrr1quosKCXo0LAAAAAAAAAAAAAKdb1ieAa+tO6o5fPKijNfV9En/V2jd0tKZeX//8h/okPgAAAAAAAAAAAACcLlmfAP7571dayd+iwgJNmVih8WNHveO4jU0t2vjGW2pqbtPuvYe0YcsuLTx7+juOCwAAAAAAAAAAAAD9JasTwDve2q99B45JkspHl+kf/u5DvXqr5nPPmq7v/ewvkqQjx+p6LS4AAAAAAAAAAAAA9IdAf3cgnd17D1nPP7Di4l5fp7eQdX8BAAAAAAAAAAAADCJZnQDu6Ahbz0eNGNqPPQEAAAAAAAAAAACA7Je1CeCNW9/Srj3JCuDnV21W/YnGfuwRAAAAAAAAAAAAAGS3rFwDuP5Eo+787aOObc+9slFv7T2kf/vyx1J+bvX6bXp96y51dHRq0vgxuviCBSorLe7r7gIAAAAAAAAAAABAVsjKBPCQIfkqLSlSQ2OzY3thQZ7v/p2RiO64+yHt3L3f2lZVfUDPrdqkz990rWZPn9Cn/QUAAAAAAAAAAACAbJCVCeD8vFz95z/cqN/e97Q2bn1LkvTpj75Hi8+Z5bv/fY++5Ej+JnR2RnT3Hx7Xd/7lZuXl5Xg/aJq2p6b3/T7Q1h7WHb94ULv3HvK8FwoFNWp4qRafO0sXL5uvgnxnwruzM6KnX9ygY8dP6Jx50zR/7tTT0mcAAAAAAAAAAAAAA0NWJoAlaUhBvoYNTd6+efKE8pT7rl6/TZI0tKRQX/7s+zV2zAj97HcrtWHLLjW3tGnztt2+yWMjkFwC2TCMXux9ZmZMqVTZsOQY6+obte/gMT3011V69uWN+tRH3q05MyZa70eiMb1ZtU+79x7SyOGl/ZYAXvn0Gj361Gotmj9Dn/n4e/ulDwAAAAAAAAAAAAC8sjYBnKnmljaFw52SpHmzJmvsmBGSpIsvWKANW3ZJkk40NPl+NmhLAJ+uCmC7Sy5YoHPOmubYFg536qkXN+ivz63VL+75qz5/07WaMrFCklSQn6uvf/5Dp72fAAAAAAAAAAAAAAaGQPe79I+VT6+xbv8sSb+45696c+c+z35FhQXW8+1V+3SyqUWS9Oq6N63tJcWFvm2EQsnhBwLZcShyc3P03suW6Kp3na+W1nb95bGX1dYe7u9uAQAAAAAAAAAAABgAsrICuLauQY8+tdqxbc/bR3TvIy9o7sy/9ey/dNEcrV6/TfUNTfraN+5yvJcTCmn+3Cm+7fRD0W9GDENavnieXnt9uw4cqtHBwzWaNnmcJOnnv39M6zdX6XM3rrCqhxPbbv7YVWo42axnXn5dHR1hfenm6zVlYoXa2jv0yJOrtXbjDjW3tCk3N0fnzpum6967XKUlRY623fuGQkFVVozS+95zgVpb23XX71Za+67fXKX1m6skydGfuhONeuSJV7Vle7Va2zqUm5ujaZPG6v1X/43GlY+0Pr93/xF9/2cPaGz5CH1gxYV6+IlXtWvPQZ09e4ouXHq2fvKrh1U6tEh/f+sHNbTEmcR/a89B/fDuB1U+ukxf/uwNGlLgXC8ZAAAAAAAAAAAAOBNlR9mry8jhpZowbrRnu9+atx0dnWkrZPPzc7X/UI3ve/ZlfwOB078GcDpFhQUaM6pMHeHOlP13e+ivq3T/ypcUDneqID9Pbe0dam3r0I9/+bCeX7VJQwrytficWRo/dpTWbtqh//vpfao/0Wh9vrbupL75/T/ouVc2KhQKatH8GZo3c5KO1tTpzt88ovaOsJYsnK0Fs5GiAAAgAElEQVTKsaMkScPLSrRk4WwtWThbZcNKJMUT9f/9g3v02sYdGlZarCULZ2v82FHa8dbb+vYdf9L6TTs9/T5WW6/v/+wv2rl7v4qGFChmmho3ZoQmjS9XzfEGbatyVn6bprRmw3aFOyO6eNkCkr8AAAAAAAAAAABAl6ysAJakf/3yx/Tnh1/Qc69slCR9658/pZHDSx37hMOduv2u+7R3/1FrW05OSKUlhaqtOylJampu1e133q+vf/5DmjppbMr2suUW0AnBYEC5OfHT09rWkdFn2jvC+sKn3qd5sybLMOKJ0nsefFa79hzUVe9arBVXLLMS3es27dSv//ykXli9RddftVyRaFT3Pfqiao43aMnC2frEBy5XKBiUFD/Ou/cd1vQp47TsvLla+fQaHThUo8njy3XTh99ttR8Od+rRp1aruaVNK65Yqqvedb6VZE+0t/KZNZo+tVJDbbflbmpu07lnTdeNH7xcBfnJZO6ShbNVVX1AW7ZVa/E5sxQMxs9RbV2D3ty5T6NGlGrOjImnfpABAAAAAAAAAACAQSZrE8CZePKF9Vbyd/TIYfrw+y6xEoINjc2679GXrIrTu//wuP7n3z7j+Lz9FtDZVf97ai65YIHOmj3Zet3c0qqq3Qc0tKRQSxfNcVQ5z5s1SePHjtKefYfV0dGp4/UnVb3vkIaWFOq9l51vJX+l+LrEs6dP6Lb9IzX12rv/qEaNKNXyxfMcFdbz50zR1IljVVV9QHvfPuKo5h4+rEQfuOYiR/JXkubMmKhRI0q1a89BHT563Ko8fmPHHp042aQrLznPc2toAAAAAAAAAAAA4Ew2oBPAiergvLwcfeWWG1RWWmy9V1pSpM987Cp1dIS1dfse1Tc0ae3GHVp8zixrH8OWoQwEs6sCOBqNKdwZkaSMb3E8dswIx+v6hiY1NrWqta1d//LtX/l+ZkTZULV3hFVb16DmlnZNmVih4qJTS6qeaGhSW3uHKsYMV25ujuO93NwcFRcVyDRNHThc60gADyst9iR/JWloSaEWzJumJ59fp3Wbq1Q5dpTC4U5tfrNaRYUFOm/+jFPqJwAAAAAAAAAAADBYZW0C+Ls/uVe79hy0Xv/zt36pqy9fohVXLJUk7Ttw1Lo1cjAQ1K/++IQkqbioQMNKi3XwcK1iMVPNLW1WjKrqg44EsJQsAQ4Y2VUD3NzSpqM19crLzdH4rsrXnorFYjJNU3m5OZo7c5Jyc72nu3BIgXJygorFTJn2kuhTau+dx3A7b/4MrVr7hja/uVuXX3iujtbUa+/+I5ozY6IqXAlvAAAAAAAAAAAA4EyXlQngozX1juRvwtqNO60EcH1Dk7W9ta1dVdUHuo3bYksGS65bQGdRAtg0pVfWvqGa4w2aMaVSE8aNPqU4ZaUlKhySr45wWFdfvkRjy1MnTIeXlWhIQb5q6xrU1NyigvzclPsGU1RLJ2I0NbcqHO50xAiHO9XU3CbDMFRZMTLjMVSMGaHpk8dpy/Zq7Xn7iLZsq1YkGtXSRXNS9gMAAAAAAAAAAAA4U2VlBm34sBJdefEiDRuavKXz5Anl+vgNl1mvJ40fo6LCgh7FnTG10vHanvMN2ta87U/hcKcee2aNHn/2NRUOyde1717muZ1ypkqKCzVn5kQ1NbfpqRfXKxKNOt4/fLRONcdPSJLKR5Vp0vgxOtnYoseeec2xbzjcqZ27DygajUmSKkYPl2EYOna8wVFhnYhRc7xBr6x9w5Fg37ytWrv3HdKYUcM0aUJ5xmMIBgNaumiOJOmhv67Slu3VqqwYqWmTx/X4eAAAAAAAAAAAAACDXVZWAOfkhHT9e/9G4c6Inl+1SZL06Y++RyOHl1r7DBtarO//162Oz3VGIjpe16j2jrBGlJWouGhI2naCgWTS14zFenEEmXl+1SZt3rbbel1X36h9B48pHO5UcdEQfeoj79aUiRWnHN8wpPdccp72vn1EazZs17aqfZoxpVKBQEB79x9VbV2DliycrRs/cIVyc3O04oql2n+oRms2bNeOt/Zr2qSxikSi2rl7vwwjoK/c8n5NGDdakyaUa8yoYdp/8Ji+9cN7NHlChRaePV3z5061Yjz61Gpt2FKl8WNHqbbupPa8fVihUEhXX7ZEQ4t7tsbwtMnjVFkxUvsOHJMkXXHRoozXRQYAAAAAAAAAAADOJFmZAD5VOaGQykeXZbz/8LISrbhiqRqbWzVtyumvKHXftjoUCmrU8FItPneWLl42XwX57zzJWTasRF+79QN67pVNWrX2DW3Ysiu+vbRYK65YqkuXL1AgEC+FnjyhXP9y20f1yBOvasv2aq3fXKVQKKjKilF633su0Pix8VtRDy0u1Jduvl73PvyC3ti5V2s37tDokcM0f+5UT4xDR44rNzdHs6ZN0Puv/huNK8/89s8JQwrytGj+TO07cEzDhhZr/typ7/i4AAAAAAAAAAAAAIORYZr2G/Vmj6bmVv3hgWe1cetbkuIVwIvPmeW773d/eq92VXvXDLb7xy98+B1V06J/Pf3iBt2/8iUtXzxPH7/hcmXRks1A1mhrjfRo/5qaYzIMw/pPUtrnsj+XZCjFfnKuq55um/t5Jq+7255KNq31fqYpGDKo/r0ZAADoIz29ngX6GtexAAAgE1zHIhtl5RrArW0d+tfv/NpK/krSL+75q378q4d99+8u+StJO3cf6HYfZKfWtg6t37xTebk5WrJwNslfAAAAAAAAAAAAIIWs/KeMbW0dam1r92w/0dDku//Vly9JmwQOBANacq5/9TCy31t7DurA4VqdPXuKJk+gihsAAAAAAAAAAABIJSsTwMPLSnTrJ1foyRfWa8/bRyRJly4/RxcuOdt3/xVXLD3ltja/uVvHjjfoiosWnnIM9J1wuFMvvLpZkrR00RwFg1lZtA4AAAAAAAAAAABkhaxMAEvSgnnTVP32ESsBfMkFCzRqRGmvttHQ2Kyf/PoRSZIh6XKSwFknNzdHt33m+v7uBgAAAAAAAAAAADAgZHU5ZV5ujvW8tq6h1+O3tnVYz1tavbecBgAAAAAAAAAAAICBJKsTwFMnJtd7/fPDL6i5pa1X4x+vP2k9DwSMXo0NAAAAAAAAAAAAAKdb1t4CWpJmTZ+giZWjte/AMR2tqdd/fPc3Kh81PO1nCgryVDF6uBoam1V/okmmaabc99jxE9bziZVjeq3fAAAAAAAAAAAAANAfsjoBLEmf+fh7dfud96vuRKMam1rV2NTa7Wc2v7m7R23MmTFRZ8+ZcqpdBAAAAAAAAAAAAICskNW3gJakkcNL9e9f/bguXHq2CvLzej3+JRcs0K2fXNHrcQEAAAAAAAAAAADgdDPMdPdIBgAMGG2tkR7tX1NzTIZhWP9JSvtc9ueSDKXYz/bY3Tb380xed7c9lZ7uj95TMCTrbzgCAACyQE+vZ4G+xnUsAADIBNexyEZZXwEMAAAAAAAAAAAAAMgMCWAAAAAAAAAAAAAAGCRIAAMAAAAAAAAAAADAIEECGAAA9CnT7O8eAACAbMf1ArIR8xIAAHSH6wVkKxLAAACgT5lcCQMAgG5wvYBsxLwEAADd4XoB2YoEMAAA6FNcBwMAgO5wvYBsxLwEAADd4XoB2YoEMAAA6FNmjCthAACQHtcLyEbMSwAA0B2uF5CtSAADAIA+FeNCGAAAdIPrBWQj5iUAAOgO1wvIViSAAQBAn+JCGAAAdIfrBWQj5iUAAOgO1wvIViSAAQBAnzJNLoYBAEBqsZjJ2mnISlzHAgCAdLiORTYjAQwAAPpcNMrVMAAA8Md1ArIZ8xMAAKTCdQKyGQlgAADQ56KRWH93AQAAZCmuE5DNmJ8AACAVrhOQzUgAAwCAPmea/KtIAADgFY1y2zxkN65jAQCAH65jke1IAAMAgNMiwr+KBAAALlwfYCBgngIAADeuD5DtSAADAIDTIhY1qZ4AAACWaNRUjGsDDABcxwIAADuuYzEQkAAGAACnTaSTfx0JAADiuC7AQMJ8BQAACVwXYCAgAQwAAE6bWMzkFjkAAECRSEyxGFUTGDi4jgUAABLXsRg4SAADAIDTqjMck2lyoQwAwJnKNE11hkmkYeDhOhYAgDMb17EYSEgAAwCA046LZQAAzlxcB2AgY/4CAHDm4joAAwkJYAAAcNpFo6Y6WS8FAIAzTmdnTNEoFZQYuLiOBQDgzMR1LAYaEsAAAKBfRDpjrKMGAMAZJBKJKULiDIMA17EAAJxZuI7FQEQCGAAA9JvOMH88AwDgTBCJxLhlHgYVrmMBADgzcB2LgYoEMAAA6Ff88QwAgMGNP5phsOI6FgCAwY3rWAxkof7uQG/YsGWXHntmjQ4dOW5tG1s+QtdeuUzz507tx54BAIBMdIZjMk0pJ4d/mwYAwGDS2cnt8jC4cR0LAMDgxHUsBroBf3W6dfse/ex3Kx3JX0k6dOS4fvLrR/TGjr391DMAANATkc6Ywh1RmabZ310BAADvkGmaCndE+aMZzghcxwIAMHhwHYvBYsAngB947GXr+cTKMbr68iWaWDna2vbg46/0R7cAAMApiEZNtbdFuZUeAAADWCQSU3tbVNEoyTCcObiOBQBg4OM6FoPJgLgFdFt7WE+/uF5v7TkkSaocO0rXvecCyZAOH6uTJM2YUqmv3foBSdKKK5bquz+9V7uqD+rgkVpJUmtbhx59arUOHo6/njyhXO+97Hzl5ub0w4gAAEA6neGYohFToZyAgkGjv7sDAAAyEI2ainTGFIvxBzOcubiOBQBg4OE6FoNR1ieA6+ob9YO7H9DRmnprW1X1AW3dXq33vWe5tW1s+QjH5ypGD9eu6oOSpPWbduqJ59fpQFfyNxFj4xtv6bbPXK8RZUP7eBQAAKCnYrH4LXcCQUOhEH9AAwAgW0WjpiKRmGJUSgCSuI4FAGCg4DoWg1lW3wK6szOi7955ryP5m1BzvEE/+91K6/XwYSWO94fbkro//8PjjuRvwrHaE7rzN4+qszPSi70GAAC9KRaN/wGtvS2iTv41JgAAWSEWM9XZGVN7W0Thjih/NAN8cB0LAED24ToWZ4qsrgB+4vl1qqtvlCSNGlGq2z5zvUzT1Pfu+ovqTjRa+1WMHq7l589zfHb54nl6dd2bjuTxrGnjdcuNVysajem7P71XR47Va/+hGj3+3Fpde+Wy0zMoAABwSkxTinTGFOmUDEMKBAwFAoaMgCHDkAwj/ggAAHqPaUqmacYfY6ZiXf+Z/J0MyBjXsQAAnH5cx+JMZ5hm9k737/7kXu3aE7+N8/f+83MqLhoiKb4m8NrXt6uxuVWFQ/K1dNEcFeTneT7f2tahdRt3qLG5VSVFQ3T+wtnKz8uVJNWfaNTXv3m3JGn6lHH6+1s/eJpGBQB9o621Z3czqKk51vWHhvh/ktI+l/25JEMp9rM9drfN/TyT191tT6Wn+wMAAAAAAAAAMBBldQVwzJabtv/hviA/Vxctm+/Zv6r6gCQpLzdXEytHa0hBnu9+klRQkJ98kbUpcAAAAAAAAAAAAADIXFYngGdMGafdew9Jkm6/837985c+opwcb5f/8tjLeuqF9T6fr9Q1Vy7VtMnjHNs7OyP61g/vsV5PHD+ml3ueWlt7WHf84kEdOnJcX/7s9Zo0vjzt/icbW/Tdn96rzkhU//SFD6t0aFGP2quta7COzRUXL9LI4aWn3HcAAAAAAAAAAAAA2S3Q3x1I59Ll56qstFiSdPBIrV5dv813vzUb/LdXVR/Q//7kXv32vqcd21ev32atDVxUWKArLz6vF3udmbb2Dj35/HpFo7G0+7382lYdqz1xyu00t7Rp3aYqrdtUpeaWtlOO8/PfP6abv3q7Vj695pRjAAAAAAAAAAAAAOhbWZ0ALi4q0I0fvMJ63XCyyXe/9162xPF6aHGhxpWPtF6vWvuGfvDzB6zXR20J1c9+4moVFxX0Vpd7ZFvVPr2192DK94/W1OvlNVvfURuTxpfrjv/+vO747893W20MAAAAAAAAAAAAYGDLyltAv7lzr+595EWrSjehtMT/9scXL5uv1rYOPfzEKknSyaYWveddi1U4JF/3PvKCmprbtK1qn15Z+4aWL56n4cOKrc/efud9kqTy0WW64eqLNG/WpD4alVdHuFNPPr9ek8eXKzc3x/GeacYT1w2NzaetPwAAAAAAAAAAAAAGtqxLAO/cfUA/vPtBz/bSkiItXTRHknTfIy/qmZdf16IFM/WZj10lSbrqXYvV3hHWk8+vkyT96aHn9W9f/pi++Onr9d8/+IMk6fFnX9PyxfO0/Pyz9NSLG9RwMplcPXKsXnf84kF96ebrNHdm3yeBh5YUaszIMu3cvV9btlVr0YKZjvcPHqnV6g3bNWVihcKdEbW0tjveD4c7tX5zlV54dbMOHT2uSCSq3NwcLTx7um64+kIVFcarmhtONuvbP/qTJFlrCNu3ff6ma/Xsy69rw5ZdCoc7VTq0SNddtVznnzNbhiGtfHqNHn1qtdXuo0+t1qNPrVZBfp61hrFpSjt379eDj7+i/YeOyTSlkcNLdc2VS7Vo/kwZRvyze/cf0fd/9oDGlo/Qh993iR766yvaufuAotGYxowapg9fe4lmTZ9gtRWLmdqybbeeX7VZe/YfUTjcqVAoqJlTK/WR6y51rGec6OeKK5aqsmKk7l/5smrrGhQMBjRv5iR95PpLPf+AoK29Q488uVprN+5Qc0ubQqGgKitG6X3vuUAzp46XYSjjsQEAAAAAAAAAAADZIPiNb3zjG/3dCbuf/voRNTa1SpImTyjXBYvnacaUSv3th65UQUGeJOkHd8dv53z46HEdOVanhWfPkCTNnj5Bh44e15Fj8crhRQtmaOqksTpWe0KHjh5XW1uHlp03V8VFQ7R04RyNGFaiiZVjFIlEdaIrGXz4WJ0uXHJ2n40vEolq7cYd6gh36rr3LNe2qn2qrTupc8+arpxQUJIUjcb0wOMv69CR47phxUV6+8AxtbWHtXzxPOXn50qSVj7zmu5/9CXJlGZOrdSEcaPV1tauqt0HdPBwrc6ZN03BYFDtHWGtWvemJFmfT2xra+vQ1u3Vqj/RqNnTJ6ggP09Ha+q1dfselY8uU8Xo4Wpr61AoFFRbe4fa2jpUOXaU5syYoPFjR2n29AkqHJKv9Zt36me/W6nm1nbNnDpeE8aN0rHaer32+g6FQgFNmzxOUjwZ/drrOxQOd2rtxh2KxUzNnj5BMdPUkWP1emPHXs2cWqnSofFE7bpNO/XzPzyu1rZ2TZ00VlMmVigajWnP20e0fdc+nXPWdOXnxY/HruqDqqo+oKbmVq3ZsE2VFSM1YdxoNTa16O2Dx7T/YI0WzJtmHePaupP635/8WW/u3KshQ/I1b9YkjSwbqn0HjmrD5irNmFKpstLijMcGZINIZ/o1xd1aWlpkGIb1n6S0z2V/LslQiv1sj91tcz/P5HV321Pp6f4AAAAAAAAAAAxEWVcBfOBwrSRp2uRx+oe/+6Dn/URyN2HDll3q/NXD+vxN10qS2to6rPcmjBsjSRo5fKi1rbW1XcOHlaiosEAXLZsvSVpxxVL9z4//rN17D6nm+AmdLmPLR2jpwtl6+qXX9fqWKl2weJ4kaf+hY9qybY8WzJuq6ZPH6ekXN3g++zeL5+m8BTNVPmq4VYUaDnfqR798WLv2HNSe/Uc1c2pl2vbb2js0f+4UfeIDlysUDMo0pZVPr9bKp9do/aYqnTNvuubPnar5c6fq579/THX1jVowd6quvjy55vKBw7X688MvqLSkSF+6+TqNGVUmSWpt69BPfvWwXnx1ixaePUOjRiSrdU82tWjFFUt11bvOl2FIkWhUv/7Tk1q3aae2bKvWxMr4eZs3a7L+6Ysf0YRxoxUIxAdpmtLv739ar6x9Q2/s2KsLzpvrGFNjc6u+dPP1mjKxQpJUW9eg7931F+0/dEyHjx7XlIkVikSjuu/RF1VzvEFLFs62xp84hrv3HdaEytGnNDYAAAAAAAAAAACgPwX6uwOpjB45zHd7zPRWuG3ZVq1v/fAefedHf9KOt/ZLkiZWjlZBV7VszfEGa9/CIfm+cRPJvY6OznfU754IGIYuXrZAI8qG6umXNuhkU4si0aj++tw6hUJBXX7RIkUiUcetqhPKhpWoYvRwxy2Ic3NzVFxUoM7OiFpdt4z2U1xUoCsuWmQlPw1Dmj6lUjk5IZ1salF7R7jbGLu6qm4XzJtqHUNJGlKQp4uWnq2GxmYdPnrc8ZnRI4fpwiVnWX0PBYPWrZ+P1Z5wxJg0foyV/E30cVhpfA3nEw1Nnv6cM2+alfyVpLLSEo0tH6G29rBONrbE26g5oep9hzS0pFDvvex8a/xS/BjOnj5BoWDwlMYGAAAAAAAAAAAA9KesqwBOqKn1r8Qt6LrlryRVjBmu2uMn1RmJaO/+o479ZkyJV7/W1Tdq85vVkqQRZUNVNqzEN25tV5I4Ly/nHfe9J4aXlejS5Qt07yMvau3rO1Q+erje3LlXl16wQOPKR+pkY7Nipun5XHtHWC+8ullrX9+hEyeb1GqrfM5UTk6OJyGelxtyJES7s+9A/Lg/89Lreual1333OXysTvPnTrVeFxUWKBRyTr0h+Xmez0WiUa3buFMvvLpJx+sb1dzS1m1/ErePTggGA8rNcbZVW9eg5pZ2TZlYoeKiwpSxTmVsAAAAAAAAAAAAQH/KugTw+HGjtf/gMe3ac1Dfu+t+TZs8TkMK8nTBefOUl5ejsmElKi4qUFNzm1pa2/W5T67Qz36/0qrcnTGlUjOnjddFS+Pr+FZVH1BnJCJJampp1YFDNaocO8pq72Rji353/9Oqqj4gSSq3VXqeLovPmaXVG7brmZdeV35+roYNLdbFyxYo1XKV4XCn7vrtSm2r2qdQKKixY0aoYsxwSdKuPQdVV9942voejcYrsivHjtK48hG++1SMHt7juKYp/fnhF/TS6i0KBAyNHjlMc2ZMVCBg6OCR4zpwqOaU+xyLmTJ9kupufTU2AAAAAAAAAAAAoK9kXQL4hqv/Rrffeb8kacdb+61bOj+/apP+46ufUG5ujs6ePUWr1r2pk40tqqs/qW9+/SbV1DVo+uRxnngL5k3VC6+O0b4DR9XR0ak7fvGQ/uXLH1VpSbxS9LlXNmrr9j3W/tdcecFpGKUUjUYV7ownrYsKC3TlRQv1yz89oZNNLfrgNRdpeJl/pbIkNTQ26+CRWpUUD9Hf3/pB6/bEpin97Hcr+yQBHAz63y18XMVIrd9cpUmVY/TxGy7rtfZa29q19+0jyskJ6e/+9hrNmTHReu+RJ199Rwng4WUlGlKQr9q6BjU1t1i3Cnfrq7EBAAAAAAAAAAAAfSXr1gCeOXW8vnTzdVZFa0LN8QatWvemJOldF55rbb/nwee0d/8RR/K34WSznnphvU6cbFJBfp6+/NnrrXVhGxqbdfud91tJ0oXzZ6iosEDlo8t022eu19yZE3U6hMMRtdjW6V1w1jSdN3+mpk4aq4XzZ6T9bF5urnJC3tz9nrcPW5XMva28q9J1/6EaRaJRa/u8WZNVXDREG994S9X7Djs+Ew53aufuA1YlbU+EgkHl53kTs7V1J7Vu084ex7MrH1WmSePH6GRjix575jXHeOx97quxAQAAAAAAAAAAAH0l6yqAJWnuzEmaO3OSJGnrjj360S8ekhS/XbMkjR0zQu++5Dw98fw6SdJPf/OoZkyp1IyplTpaU68t26rVEe7Ui6u36O9uukbjykfqy595v26/637t3X9ER2vq9Z0f/0m3fOJqTZlYoe//1639M1CbUDComz7y7oz2LSku1JyZE/XS6i36zo/+pNnTJ6itvUN79x9NWan7Ts2bNVnPvrxRW7ZV65vf/4PGjx2lSy44RxPGjdaVFy/SQ0+s0v/+5M+aPKFCI4cPVVNzm3btOahQMKiv3PJ+TRg3ukft5eXl6JyzpumtvYf00988qlnTxitgGKqqPqCCAu96wT2Rm5ujFVcs1f5DNVqzYbt2vLVf0yaNVSQS1c7d+2UYAX3llvdr/Ni+GRsAAAAAAAAAAADQV7KuAtiuuaVNjzy52no9bGiR9fy6q5Zr+flnWa+rqg/o0adWa92mneoIx2+tfLz+pG6/834dralXXl6OvvzZ6zWxMp6sazjZrB//6mEdPlp3mkbTewxD+sDVF+raK5fJMAyt31ylY7Un9MkPXqHpUyr7pM3KipH6yi3v1+QJ5TpyrE5rNmxX/YlGGYZ02YUL9dVbbtCsaROspOquPQc1bdJYfeFT12r82FNLkF68bIE++cErNKQgT1u2Vav67cO65splWrpwzjsez+QJ5fqX2z6qJefOVjjcqfWbq/TGzr0aM2q4brnxao0fO7pPxwYAAAAAAAAAAAD0BcM0TbO/O5HKw0+s0uPPrpUkTZlYoa9+7gbPrY83vblbjzzxqg4dPW5tGz92lHJyQtZte8uGleifv/gRDS0pVGtbh7531/16++AxSVJ+Xq7+5baPWuvoAsBA1dYa6dH+tbXxtbQNw5BhGN0+l/25JEMp9rM9drfN/TyT191tT6Wn+wMAAAAAAAAAMBBldQL4/356n7Wm7ff+81YVFxWk3f9oTb2VyO0Id+rbd/xRh47EE8PFRUP0T1/8iEYOH6r2jrB+ePeD2r33kCRpzKgyffHT12nk8KF9OBoA6FunMwGcSP767icSwAAAAAAAAAAA9JesvgW0qWRu2p6n7uyM6PlVm7Ty6TV6afUWdXbGkx72Kt683Bz9w999UJPGl0uSmppb9YOfP6DaupPKz8vVFz/9Po0rHykpnjj+4d0PWGsMAwAyQ1IVAAAAAAAAAIDsEvzGN77xjf7uRCr1J5qsCuA3d+zV2XOmSDL03z/8g9Zs2K6q6gPaumOPXt/6lhafM0u5Oc7bQ+fkhLRowQxt3b5HTc2tamlt18atb2nJwtkqHJKvc+ZN0+Y3q7hN9B4AAB7iSURBVNXS2q6W1na9tnG7Fs2fqYL8vH4YLQC8M5HOWI/2b22N/6MXv6pf34penwrgVJW/VAADAAAAAAAAANA/sjoBPKlyjLZu36PG5lY1tbTp2Zdf1xPPr1NzS5tjv+aWNpWUFGrKhApPjFAoqAXzpmlX9QE1NLaovSOsN3fu1fnnxpPA5y2Yqeq3D6u+oUkd4U7Vn2jUovkzTtcQAaDXkABOjwQwAAAAAAAAAOBMkNW3gM7NzdHXv/AhDR9W4nlv8oRy3XLj1dbr2uMNjvc7wp168oX1OlZ7QkOLC/Xlz96g8tHxW0QfOnJc37njT6o53qDiogLddvP1GlEWX//3jZ17+3BEAAAAAAAAAAAAANB3sjoBLEn5ebn6z7//pN5z6WLNmFKpGVMqddmF5+q2z1yvuTMnWfsdrT3h+NzPf/+YHnjsZf3olw9JkoYU5Okrt9iSwEeP6zs/+qNq604qLy9HZaXFkmStJwwAAAAAAAAAAAAAA41hmqbZ3514J/7f936v/YdqJElTJ43VyOFDVXO8QdX7DkuSxpWP1H987ROOz/zw7gf1Zlel79DiQg0rLda+A0clSWPLR+gbX7vxNI4AAHpHW2vP/gFLbW38t5NbQAMAAAAAAAAAMHgM+ATwGzv26o5fPOj7Xl5ejm75xNWOSmFJCoc79f2fP6Ddew95PvPVz92gmVPH90lfAaAvkQBOjwTw4GIYUiBgKBAwZAQMxaeoIU4zAAC9yzQl0zTjjzFTsa7/BvZfEoD+w3UsAACnB9exONMN+ASwJG3dvkf3r3xJR2vqrW1jy0foAysu0uzpE3w/09rWroefeFVrNmxXe0dYEytH65orl3mSxQAwUAyGBLBfkpYEMBIMQwqGAgoG438wAwAA/ScWMxWNmopGYvwRDegG17EAAGQPrmNxphgUCWAAQM/U1TWopblVEglgZL9A0FCo6w9mAAAg+0SjpiKRmGJR/rwA2HEdCwBAduM6FoNZqL87AAA4/SKdPasWBvpDIGAolMMfzAAAyHbBoKFgMBj/A1pnTLEYf0DDmY3rWAAABgauYzGYkQAGgDOMaZqKRKKe7X1RIUvVLU5VTm5AoVCgv7sBAAB6IPEHtEgkps5wrL+7A/QLrmMBABh4uI7FYEQCGADOMOFwpyKRiONWz0C2CAYN5eQGmJsAAAxgiVvedoZjinI7PZwhuI4FAGDg4zoWgwn/JBEAzjDhjs7+7gLgK5QTUG5ekD+aAQAwCBiGody8oEI5/NkBgx/XsQAADB5cx2KwYAYDwBkmHCYBjOzz/9u7/6Co73vf409XCEe4znYIhxNwXK8hOFDLSEhOyU25x0s5Ukd61NrhnBtHY9Oaac2csbnHntHMVKejPZNkTu3tcc4JxwltapKrbZga6j06Xiz12KE5kmMIzuqRIxLH9cAme3D1K+zCuuty/9gFlmWBXfgCC7weMxmX/X73+2P5zuTN9/X9vD+pj1hIVWEtIiIy76SmWkh9RP+Pl/lLdayIiMj8pDpW5jpdvSIiC8wDf2IBsJ5il+mmedJERETmt5QU3TyT+Ul1rIiIyPymOlbmMl25IiILSH+/jwe+BzO+38mGyAqf5z/dNBMREVkYdPNM5hvVsSIiIguD6liZq3TViogsIP19vtk+BJEhKam6aSYiIrKQpKRYNJeazAuqY0VERBYW1bEyF+mKFRFZQPr7Zz8A1qheAVi8eJHmShMREVmAUlMtLF6selDmLtWxIiIiC5PqWJlrVLGKiCwQfX39Uw6AFd6KWdQ6R0REZOFSHSBzma5fERGRhUt1gMwlulpFRBaIeNo/Rwa8mrdXpkvqIxZdJyIiIgvYokWLdPNM5iTVsSIiIgub6liZS3SliogsAIHAQ7x9/TGXTfUGhm6ASCIslkWaL01ERERISbFgsaiOlLlDdayIiIiA6liZO1S5iogsAF6PF/8D/9DPCYe2CnnFJCmaL01ERETCVBfIXKLrVURERAapLpC5QFepiMg8NzAwgMfTN+370UhgmYhl8SIWL9Z1IiIiIiGLFy/CotpA5gDVsSIiIhJJdazMBQqARUTmud5eL/39E8//KzLd1DJPREREoqk+kLlA16mIiIhEU30gyU5XqIjIPBYa/etN6DPxjuSdzRG/Gm089yxahEZNiIiIyCiLFy/SbCOS1FTHioiISCyqYyXZKQAWEZnHenu8eCPaP0cGp2O9nsgizKtsFOQuHIv1VKSIiIiMQXWCJDNdnyIiIjIW1QmSzHR1iojMU4HAQ3p7PQpZJSlo1ISIiIiMRXWCJDNdnyIiIjIW1QmSzBQAi4jMUz09vfT19U9pGwqPxQyLFoHFomtJREREYrNY1D5PkpPqWBERERmP6lhJZgqARUTmob6+fu4bvbN6DAqPZdCs3TQLdnH6J4d55WzX7OxfRERE4qaQTZKRrksRERGZiOoFSVYKgEVE5pmBgQHuG70EAoHZPpSEKDCev2alEA52cfrICepvg21Z7szvX0RERBKiG2eSjHRdioiIyERUL0iySpntAxAREXPdu3ef3l5PXOtGhq5jvR7vvansQxaORTNdCAcNmt89Sf1twJJLyarp2lGAbvsF6hqv0eb04Q0/c5FuzaTgvz1NdXkRWVOutFycfv0d6l0AVjbv3UlVdiIfb+TA6604gZz12zm4LpEPxziG7GIO7q0gZxJbSXr2Ol78uQOAkm/sYVfRLB+PiMgCM+P1gkgcZuK69Bs3afvEwDv0zmKyHi8kz2r2LbvIujK29OxsSteupeqLNqxzZciIajgm/N1aUrAuy6V8XQVVqzNn9MhERBYC1bGSrBQAi4jMI15P31Dr50TCXZHpNLOXnIeWd9+h9rIv9OOqfErSpmE3fTepO3qShtujF3kNNy1nG2j5TTPlLzzH1oKMaTgAERGR+UUlqiSj6b4unY1vceiMG/+oJQ3YNjzH/oqZ7WTjdbk4X1dH08VS9r9cNj8f+kuInZo9DbQArKnkzednIl2ehn0GAxi3HdT/7C1a1j/H/nXTf121vH2YmssANnYdrqZk2vcoIjJ7VMdKslIALCIyT/j9foz7Pfj9/glD3oQC4XFGA0d/NlnD5WQ9roVi5r5/Dy3H36JmMPwF8grzSTV7N8EuTtecpKEz9GPWU2XsrCwg53MZ0OfGebWJY+/fxBkwOP/TE1j37KTqscnuLJuqvXuoMuvYRUREkpTqNUlG03ddBnCc/TmHzhljruE4c4JD/mr2rbeZX89GB4s+D0b3JzScukDDDR/+283U28sW6GjaOS66Y4/Pg9HdTt3bjTR3g+PsKeo+/x2ql83mQYqIzC+qYyVZKQAWEZkHBgYGcLsNPL3eKY38NaPNs0i0mbk8AjjOnqDmI1/Ee5mUrrGavidn4xnqw+GvLfoJ+qXZ5D2zhYP/tZFDh1txBA3qjzVSMl/bJouIiJhE5aQkI7OuS393K/Xvf0yzMzxVT78Pwzf+ZwAc5+p46XdpWP8g9LM1ZxWVX/sypVOfZ2SktAysy4qo3mrQdrAZB+D81AVFk5k+RJJKWgbWZcXsfKkX58FmHHhoa3PDMrWCFhExi+pYSVYKgEVE5oG7dw3uGz3THsQuwrztK2wWMznPxRhBsTyfkqVm78lB07+E95NZxI6x2qc9VsGOte0cOu8B1xUarlewYxWMP59u7HZv47VP83e3UveLizTf9oTmIE5JIWd5PpWbvkTZ8nHC72AXp39yIhxkp1GybTu7njQxLO9x0HyxmYZ/6cJpBPADqRmZFP1pGVvL8ofnlBtvjuKY87lFfX8v5dJ07ALnb3nwByE1M5eqrRupWhnddjtA90cN1P6mHYdr8HgysK15kq2VpdhGXScBuj86Rc2vb+LwACkp2ErWsqu6mKy5Mh+eiIiIJAejicOvN9MRhKxVNtI7HTiiwt9UazZFT2SQykO6bzjoiCxrfcNhsWHYqX29E+/3X6Dc/OccwcLQaONUy+Atw0Tr14nnGh5eN+LzYxhVI05ZgO7rF2louEJLlyf03VpSyFqRz+b/WRkO12Ocw+UGXtzTAETNNRxw0fzr/0f9Ry66fYTqxtVPUf21MgqiakzjRhPH/6kVe6cPfxBIyyDvqcF6NIF9TobVShbgAPzBQMQCD46LFzje2E6HO/R+6tJMir4cVbfHdQ7gPFfLgbORF7CDmj2HQy8j/saZaDsiIiIydQqARUTmuHt3De6675u+XbODVgW3Ml2cjW9x6Ozo9nk5q1dh+n0xVzv28K6sXyjANs6qtqfzyTrfSjcB2j7pglXmzrXltdfxys8deCPfDARw3rzGsZ90YezdOUbraA8t756MGMW8xdzw13WBQ397CUdw5Nt+j5uWX5+i7T828KOthVNvZei7Se3ftoYC2sF9uLuof+ME/PVOqobuE3poeXtka/DQ8Xjo+KCJQzd6o25khh4oeKUz4poKBHB82Mihh2nmHLuIiIgsGN2X2ugIAqRRtHYttg9OcOxqOIBLyaTyxS1UP2HF32fgJQPrkhSMGw0cedOOIxBjg0E3TZfclFeYO4LT39dFc10rHQCWXMqfnY8jRAPY3/0Hjnwc9cUGA3TfvEbt6110j6gjJ9Bnp/b1Bpp7IncRwHG5mcM3nOx6pZqSJaG3vfY6DkTX7r5wPXrxOjt+8JXJn1Y8DIPu8MuhcD/YxfmjJzl+I6pO7gnV7S2Xijn4cgU5lnjPYTt5cRxKPNspi36eU0RERBKmAFhEZA4zjB7cboNg8OGI9+NpA51oe+hEmLE9s45JwfP8Znxcx2tn3PhHLUkjy9JF88ddEe9lkLcmf2ojOD9z4wy/zLONF/8Cj2VjA7qBbtcdwMQA2GjiyNvhmyYZ2Wze9hXKV1ihp4uWC/9MvTOfsmwgxsgL57kTQ2Fo+ppK9ow1inmysldS8LlLOB9ZyeZNz1C6/FHSg3do/uVJjl314f3oIk1/Vkj5VJ/sNwwcy/LZ9e0KCjLB+cF7HDnjxhs0aLjQTlV1fmi1pveGz/eJYnZVP0PeUjA+vULDr/8VR/GTo9pzOzv7Kdq0ha1/nE265xPqjjbQ5Ma8YxcREZEFwz/0UJyP82++E7Ekg8qXXqA6+xrHX6/lfLhuS80uZNfuDex/CV45Yh8K7UZuM1YynICIkaXRUrNtbN1RTdmSyW48m6q9e6IeRPTQ9OY/cqwNsFjZXDk4lLWIXYejhrUGHdS9WkeDG8iwsbnMzNG/KRQUZoPdoOi/P0PVM/nYloJx6/fUvGnHEVFHhs4hdoeeEB8tdb8Nh79pFFVvYecaK7ivUHu0CbvHwbFT1yj5i0LAxfkz4dp9WRF7nv9SuB5t5/zZJhr6VlKUkY11wn1OwtAcwKHW3pBBQUEo3Hc2nhkKf7OeqmDXpkJyLAYdjac5ct6Nv7OV135l4++q8+M8B7Cu28mb68brYhTfdkRERGTqFACLiMxRhtGD+849Hj4Mhb/TGZhOe2tphbQyCV57HQfejXpyfIgP+5lG7JFvWbLZ+kS+eeHdLFZRHf/cGh5JkkHlt7ZTtSK8IG0lZV9fSWkgEHOUqtdex2uDo6WXFbNvWxHpph+djardO6leGjmqOJeyilXUX7Vj4KbDAeWrp7qfbHbs2jg0qiKvooKy39fRYID3dhfd5JOFg4bfukMrZBax+9sV5IUfAMhaUcrW3U/hD4z+RVrLqtj9JytDPywpYuu6KzT9sgtMO3YRERFZ8FY/zeYVLk7/+MxQ+Avgd13jSE0GB/9qLZtX26m9OrOH5XcbdDjdlD1m3ghg57kTofAXsK3fSNVjY63poeXdU6HwlzRK/2K41jNL6hc28KM1VqwRJWDWqrWUr7JzrC2yjpxAz7/ScDkUxKd/sYLdz4QfqlxWyu6tn/HdN9vxXrpCS3UhJZY7OMNJftbnv0BBVijhzFpRTPW3i6nq85lXk7taObCndczFtvUbqV4G0E7DhfDfBctL2be1ONw9KZuCr/45W52hwN77YSstX8838Rxm8LsQERFZ4BQAi4jMQYPhr9/vn9Jo3wmD13GWxxPaKtiV6eJtO8Wht8cKf2OwZFD2rS3mjtyc4sCLyXPT1hFu07Ykl6IVo9dITRld4vk7L3C4YXDUsI1du4bbuZktfWmMltJLFpMOGESOhJmC7FzyRtwQ/APS08Iv/aF5fum+SVv4vlb6qpVD4e+wFFJjVMN5T6wc8XPqkuGVTDl2ERERWfDyVuWTequZ850xFnbaabq1lspVmXDVbf7Oo0eWBn14PXew/99T1H5k0PTucfyPvMjO1WljbyNOkQ8gpq+pZE/F2CN6IzvV2NZvMWX/o6RZY0wTkza6jpyIwxVqlw0UfaFw5LKVueTRjj1ohMLO7McpKoTmq9DdWMeB24WUPZtPyePLyVqSQvqSaTjPSJYUrMtyKV9XQdXqcLDf3YWjL/Ry9NQ5GZSuyeVYWxcE7+BwQcljZp3DLH8XIiIiC4gCYBGROeau+x5utzE08tcs8Ya1Y62nsFdmTE8zNT9tpzvuIC6Nkue3s6PAhF5iOdnYcOAAOhwOeHKcNtCfusJt1iAr+9Gp73tIgKG7Uksz4p7nuNs+eDQpFG3aYPpoikjG7WYazv4bzU4P3h7f7IWmweEbeNbPmT4jtIiIiMikWTOs0NuLEXOpD6MXrBn/BZiGADiaJY30pbmUbv1zDNdb1N320fyBnR2rn47ZVSZunzZyePChzQm6z4wKis2epmRQwEXL+SYaWrro9vgwPJPcTsQ0TM0/O0zzuCunUfp8NcZbZ6hv8+Bss1PXZqcOSLXmUrV9I1UrTep7nF3Mwb0Vo6Y4GSU4ftA9/ACkB+d/Ao+ZdQ4z+F2IiIgscAqARUTmiIGBAe7cucvdu/cJPnzIokWLhkLXmZrbNxYFvzLjMvKp2ppGWeR77naOn4k1IjiNkm3b2WXWRFJZKymwXsJhgHGlDccmG2NFwI5L7eE521IoeHyabmD5HsY9CjqraCXp127iCASw/+IEp5ftHKf93uT5r57kwM9u4iWNgvIyNj+zkqw04LNmXquJPY/dTPB6+2dpzyIiIiKjdTgcsD6fkiU3aemLWrjERskT0HH2sxk+qkyyMoHbgNugGyYOEsfSZ6fmjVYcQSbuPpNAUDw1Lk4feYf6TiBrJdXbnqE0J/R3gr2ulmOJtNu2LA6/SKPsm9vZHPOPghTSB/8MSbFR+eJ3qPR5cNxqp+36NZo+6MJpdFH/xnukf/8FymfyeUVLyrjhvr9vsN1RBjl/GH5p1jkk23chIiIyT01T4z8RETHTgwcP+Oyzbrr/8+5Q+BttoiA2kZA45nvMftCrsFkAsGRS8GQxpRH/2YJGzCDUtmELu5408+6Bjcr/EW6b5rZz7FxX7NU+beTYhfBwgsxCylfFsembt4fayI0vm7zHw8/wGZ/QcivGKjFG3KYuK2P//yrGZgGCBvVvvMP5T+PaYULsH90M/S4yV1H91WLysqxYl1qxBvrjb9kNdNww4YZntm2oTbRxpS08b3IUtXQWERGRWWA0/Z6mYBE7tuWTFXl3zpJB2bYNlAQvcbrJN8NH5aY7kQHHY9avLk7XNNDiASxWNr9UPXb3Gd81auMNiqfKZac53HK7qHIjlatyQ3Xq0od478f6wKPkDE4GfN8YOVrblk1e6ARou2GEtxP1X0YGqeFz8QfCgWpaBrZVxVR+9TkO/rCCEoCgG/u/D/6ux9mnmbJysYV/J86r16P246PlSvjvHMuj2LITPQfIyR5MvnsxekbuOpHtiIiIyOQpABYRSXKeXi8ul5t7d++PNyXvCJMdBWxGwKqQVmaeG/vV0bdGbOufY3+F+SNvrWVfYfOy0GvH2RO8cryZjm4DbyCAt8dFx8WTHPjf4ZtYpFFWXRkxSjgivHW10xA+br9h59gvrsV9g6fg2UJC94U8NPz0HU5fd+H1+fD2dNHyT+/wvTeaYm/rsQr2PG8LjajwuDj+Rt3oESfj8bmxf9xKc6z/boX2ODSnrvs69Re78PZ56L7eyOHj7aMD4IiA1vnhRew9AAEM+ylqPzDjxk8+5c+Ebz657Rw52khbtwe/z4PRaafu6N/zWtMMtFUUERERiRbs4lhNA84VG3n1hy+w75sV7PzmFl794XfYscJFXc0F7DP1oFowXEf+6iR1t0NvZa3OD4/+Tbx+dZ47FRplC+Rt2jJO1xkPLb9spNkDkEbZtnGC4jgYN8aoUz++htPHiFGv9gu/pc3twevpovn4e0PnPdKj5PxR+OXNNk5fN4bbJi/9YyrXhL6X7t+d4vC5drp7huvM02/XcuDM4BQsDupf/zsOvN1I8y0XhseH3+fB8eE12sJrpGekTbxPU+VTuTb8oOztZo78yo7D48HrcdF27j2Oh0dDp3+xmBJLoucAWX84+BCum/O/accYHFCc4HZERERk8tQCWkQkSQ0MDOB23+Pe3fv4/YFRy2O1f55IQq2ix9n+VENehcRiqp5/oyXqho1tXTX7pmveMEsuVbu24D16kobb0P1RE6991BRjvQzKvrWdHVGjfwvWFmP78BKOoIemn9Uy9MmMNNLxxTdKdlkluzd0cuiMG7/HRf3Rd6gfsYKPJlcZVTE+ml5Uzb4Nb4U/66CmppGDL8c50sJwUPeuI/ayNZWUPl9E0ZeLsX3ciiPow153gu/WhfebbcXqiR7FkE9luZWmMwa42znyg8PDx5mRBp6ph8C2DRvZfOME9bfBe6OVw6+2jlzh3sc4/ySOedJEREREzNZp57UfOCj50yLKP19AAS7sv6uj4TcOnKP/BDTP5QZe3NMw9vKsQnasG36EMbH61U792eGKr+P9t3jx/egd2Nh1uJoS10XqLw/Wez6ajh5mVFUd75y2QEdTIx0xynKwsnlvIVXZT1O1xk7NZR902jn8N/ah5TnZ4HRFfy6N0ooi6q/a6cbg/NFazgM567dzcF02JdWVlHWeoanbR9vZU7xyNurjS6/Q8VUbeZ3ttLih291K7eXW6J3A0kLKCuPbp5lyKjaw9cZJjt/w4figgUMfRK2wrJh9X88PvU7oHCD1yS9RebaOBjc4m07xvSZCv8ttJLQdERERmTyNABYRSUJebx9dnZ/h+uwODx6MfN53vEB2NucCHuuYJtr/dATMsrAYl9tHtJ6zPlXJnvW2cee0mrIlK6l++bu8+o1iSpankT7qkboMSr/xHDsKYsw9nL2WPS8VU5QZ/pAlhayCYvb8dRkFCRxCTsULvPpyGeUrh1vLkZaGraCIna98g6px7g/lVLzA/vXhp/I7W3nt3VYMs0aYPFbBvr0VlC0Pj7CwpJCzZi37dqyMOZdbTsVz7FufG5onGCAtg6L1Gzn4tT+KsfYkWHKp2r2T/dWF5GUO/6JSl2ZSVF7Bq3sU/oqIiMj0ybLGqAcjBQxazjZx+Me1fO/Hpzh2duLwN8s6PROkpi7NpGTTRn60dwMFkYMwTapfZ18GJdu2syei9ky1ZlP54nNsHqsgXFHJ/r8spWR5jDlzlxSyY+9O9myyYVsao878/oZQm+hlFRw8sJHqp7LJiVwvI4O8Z0PrFUTeoR1vn2ay5FK+64WYdXLJpo38KPIh0UTPwWKj+q+2UL0mc+TfSoluR0RERCZt0cDAwMBsH4SIiIQEAg+5d8/g7l2DgP8hEBnuEvXz8L/xvE50eeQI4MH5f2OtH/nvRO/F+jmRADjRYFhBcnJYMjodNZGPpjf/nmPhfmHpayp59fmimEHjjPB10fR/TnLsqg9Io/SbL7JztVqYiYiIxKPPO51DHkUSZ0odG+zi9E9ODLVEnqrU5U+zf/fa6ZsnV0RERBKmOlaSkQJgEZEkMDAwwL179zGM+3g9/UCskHX8ANbMYHhohygAlqmb1gDYd4kj3w/Nj5a+poKD24qxzvbNsL5Wav6mMTS3bmYR+16pJG+2j0lERGQO0I0zSTam1bFBH84b13B4praZ9MyVFKywTu+oUBEREUmY6lhJRpoDWERkFgWDQe7f76Xnfi/37/eOE7COvY2JAtSJQtBE5/9NeFuTWEckbtdvYg+GRkLsS4bwF2BJMVvXf0zL+25w2znWWGz6fF0iIiIiModY0shZVaxpJ0RERERkxiTDbVIRkQXnwQM/7jv3uHWrk87/+HRE+BuvyQS/ZoSviYa8ZgW+Co4lFsftO0nZBs/67FdCc/BaUuDeHYzZPiARERERERERERFZMNQCWkRkBvX2eujt8eDxeOnr8wETt1Ueb+7fwX+n2v45etl8aP882c+I+aZ3DuAk5u7CmZFLjqYAFhERiYta50myWbB1rIiIiCREdawkI1WyIiLTaGBgAI/Hi9fbR2+vB4+nbyhQhdiBaSISDV/H+vx0jRaeiW2KJK3MXLX5ExERERERERERkRmnAFhExETBYJC+vn76+32hf/v68Xr7Ex4tG+/o3+jXsd5LOBg2IYwWEREREREREREREZHZoQBYRCQBDwMPCQ4M8DAQwB8IEAg8xO/38+CBH5/vAQ8ePMD/YLjlR6yWy9Gvo98bq2VyPK2UJ9NeedxRwMR3LBPtY6oULouIiIiIiIiIiIiIxOf/AwEv/DKZ7L2ZAAAAAElFTkSuQmCC" height="600" width="800" />]]>
  </system-out>
</testsuite> <!-- testcases.FindAdminUser -->
