<?xml version="1.0" encoding="UTF-8"?>
<!-- Generated by org.testng.reporters.JUnitReportReporter -->
<testsuite hostname="DESKTOP-VC6KQ0R" failures="1" tests="2" name="testcases.MyInfoTest" time="2.124" errors="0" timestamp="2023-11-14T23:00:57 EST" skipped="1">
  <testcase classname="testcases.MyInfoTest" name="TC005_VerifyTheMenuItemCountOnMyInfo" time="0.000">
    <skipped/>
  </testcase> <!-- TC005_VerifyTheMenuItemCountOnMyInfo -->
  <system-out/>
  <testcase classname="testcases.MyInfoTest" name="TC006_VerifyTheMenuItemTextOnMyInfo" time="2.124">
    <failure message="The following asserts failed:
	expected [Contact Details] but found [-Contact Details],
	expected [Immigration] but found [-Immigration],
	expected [Salary] but found [Salary--]" type="java.lang.AssertionError">
      <![CDATA[java.lang.AssertionError: The following asserts failed:
expected [Contact Details] but found [-Contact Details],
expected [Immigration] but found [-Immigration],
expected [Salary] but found [Salary--]
at org.testng.asserts.SoftAssert.assertAll(SoftAssert.java:47)
at org.testng.asserts.SoftAssert.assertAll(SoftAssert.java:31)
at testcases.MyInfoTest.TC006_VerifyTheMenuItemTextOnMyInfo(MyInfoTest.java:76)
at java.base/jdk.internal.reflect.NativeMethodAccessorImpl.invoke0(Native Method)
at java.base/jdk.internal.reflect.NativeMethodAccessorImpl.invoke(NativeMethodAccessorImpl.java:77)
at java.base/jdk.internal.reflect.DelegatingMethodAccessorImpl.invoke(DelegatingMethodAccessorImpl.java:43)
at java.base/java.lang.reflect.Method.invoke(Method.java:568)
at org.testng.internal.MethodInvocationHelper.invokeMethod(MethodInvocationHelper.java:133)
at org.testng.internal.TestInvoker.invokeMethod(TestInvoker.java:598)
at org.testng.internal.TestInvoker.invokeTestMethod(TestInvoker.java:173)
at org.testng.internal.MethodRunner.runInSequence(MethodRunner.java:46)
at org.testng.internal.TestInvoker$MethodInvocationAgent.invoke(TestInvoker.java:824)
at org.testng.internal.TestInvoker.invokeTestMethods(TestInvoker.java:146)
at org.testng.internal.TestMethodWorker.invokeTestMethods(TestMethodWorker.java:146)
at org.testng.internal.TestMethodWorker.run(TestMethodWorker.java:128)
at java.base/java.util.ArrayList.forEach(ArrayList.java:1511)
at org.testng.TestRunner.privateRun(TestRunner.java:794)
at org.testng.TestRunner.run(TestRunner.java:596)
at org.testng.SuiteRunner.runTest(SuiteRunner.java:377)
at org.testng.SuiteRunner.runSequentially(SuiteRunner.java:371)
at org.testng.SuiteRunner.privateRun(SuiteRunner.java:332)
at org.testng.SuiteRunner.run(SuiteRunner.java:276)
at org.testng.SuiteRunnerWorker.runSuite(SuiteRunnerWorker.java:53)
at org.testng.SuiteRunnerWorker.run(SuiteRunnerWorker.java:96)
at org.testng.TestNG.runSuitesSequentially(TestNG.java:1212)
at org.testng.TestNG.runSuitesLocally(TestNG.java:1134)
at org.testng.TestNG.runSuites(TestNG.java:1063)
at org.testng.TestNG.run(TestNG.java:1031)
at org.testng.remote.AbstractRemoteTestNG.run(AbstractRemoteTestNG.java:115)
at org.testng.remote.RemoteTestNG.initAndRun(RemoteTestNG.java:251)
at org.testng.remote.RemoteTestNG.main(RemoteTestNG.java:77)
]]>
    </failure>
  </testcase> <!-- TC006_VerifyTheMenuItemTextOnMyInfo -->
  <system-out>
    <![CDATA[<img src="data:image/png;base64,iVBORw0KGgoAAAANSUhEUgAAB4AAAANHCAYAAADXAEDZAAAAAXNSR0IArs4c6QAAIABJREFUeJzsvX/UHUd55/mtvu8vWZIlW8KWZBsJbEsQbDmgNT8nMpmA2CTYh4mBHCbrkJwTyOwZkz0za042WWcXAjuZHZNkdu2TBEwmA4R1joGZYCc7a0MS7BAcTByIMT9ssJFs2ZJsSdZv6X3fe7v2j9vVXfV0VVdVd3X3fd+3vol59Nzb3fXruZ/71O2qtxnnnCMqKioqyi6egi+cBls8DX7mCHDuKPjJ54ATzwEn9iE9/CT4sSeB488CDABH2QJgrFk1jKfrytOUTw+3+RxAwhwuz8dtq7SG6th8fS+QM5QCDL61gxrYvKG0Q5wa1Fye4x+quNzPmlvqjorxb2qFRHeLN4zDrZ7h4NcZ/6oKuFhTD1vU8niHLr+KN7VsjXgTao0/nfCGWqlDfOLHVxPCG5/vm6C2gje5b1RLvKnFH2MPE5+o4/FvWn4nvOmSP9p8J8T3j2/80Q6R/CXMH+unY4L5Y29/n/xx7mHiE004f8T408N9qh+aP0K1eEPP6I0/ogM75g1Vy/FWiz+GaoWyQpQ/9XlD/Yb88YmfZcYbWr5ra5c2b4jf5icg/r6zhH7fiYpaWRp8fH/+76PHTuLk6TOYX1gEAMzOTGPt6vNw4fq1+TEs3gCOioqKCqj5k0gPfw849CjSg/8EHPwm0oOP6o/NEhcG1Eromk11/RNqxtpKqKkFyfj0ajzBqTGhCTfBceymNtWoPFOLG45/rXiiDTL5pPm6CY3m7NasbkJj6N1W1OsEys6b4NabN4H5E4A3jfgzibzpkj+d3zAlvqE6nfGnormd8Gei4q9P/oAMiORXxI83b6iN/GmBN9T35E+teKINMvmqJiHfKTXfsXeDaCJ5I9Qmb6hFMSBLjDeu/HGrID0hsBqV70tYn/Fviz+k+TreaPjTJW9c+RNEvcafgTcl/rQ4Asvg9x0v3pgasKz5U2f8u+FPVNRK0uDj+7G4OMRzzx/BufkF7TFzszPYctEGTE9PxRvAUVFRUa1qNA++/+vgz3wNfN/fIt33VelNNYFhJJexJsDShKqzHQhZBZT8fUkmuDY5JMDBE1vPBNiyArXxBMpmHeLNtTdrqet48yq/xoQpxATba8JUPYFy5c+KWQHcKe88edPXjpsa/AnKmy750+n4Ny2/Bf44xx+tsKuvb27u1xj/yJ+66pM/tMHC7Zg31NaIt4reDMOfLlWLN9QPzB+f+FkCvKHxZuJN6f5xG5oI3ojy2uSNIX50vKHhKNU4OH8CxJ+pd53U6fj7lk8/AC3wp/b3HW1AdfOMfg/8UXqrgj/9j3/T8h3iZeLmW6qdRP6YerOW+uZPVNQS0uDj+7Hv2UPGm79Cc7Mz2HrJxfEGcFRUVFSXSn/01+B7/wb8qb9Ceugx9U054U5gSXj0KRdrkvI5JrzlncC0ASbfoo4TPNOEiybYbaX5Lgm3UPjucJzwtDnBsU54POOnqTzjzzX6Q06wXOdDThOyRhMsUwnheeMcP7786XmCqeVNl/yp6O7wPzCbeCMq1AN/PG9oB1fD+JsE/gg58aZR+11L7JM/nor8KfMmGH8c4mXi+KOxbaphea3wx+U8TXWD8cf5igHioHa80QbUVNe8Aal9D7xxzXead8ck8YbGG+2QIA22y+cDXXG6zffiTZf88Wp/R7xpcUFNSQ3H31dOvGk4/m3xp7lM/Kkz/k1tpr75ExW1jHX8//weXjh6zOnYl1y4Pt4AjoqKiupD/Ph+8Cf/P/An/hLpU39tPI555NfQJJS6CbbmcG+rfSZwjYQ6bycC5H9KATSjbjW1hzHBDjmBsinwhMq19k3G39cKaf2g7TeVGGJC7ThhsvmT+AOyA28cT681oe5vhTItsAP+GBsudVDXvOmSPzXGv3Xe1G6/U4mq7Z0/IdtfQ0uAP0Lh+WPgzUTzJ7B64k+T75/J4Y8rb6hvGf8g8SVkiZ+ueeNZfnDeUOsQb0Kd8adUQhe8ofEnFJg/K4A3lfEjvWH8uDsrEG+65E/L42+Vy8fD/fAwvOmSP0qFTPxpgTvW+JM6aAnxx1bbSeZPJ5+3qKglpP3/2yPW3b9Cc7Mz8QZwVFRUVK9aOI308XuQfv/PkT7x3yoTHK+bweIc5V8kpdL+gOg+oar/TOBMgVcETmJCK/W2W0I7QRNKtXzXKV2ICZUt/mgDTL5f+9tcMKG1Ls0nvWvya6nV+HOIl4b8qW9F+zvmDbUt8MaVP8YKdqmueePCH5/4WYa88YofX7XKG6pJ4g2NN5ABqdd+b/7UGP/WedMlf7zK74g3Md9xyneCaCL40yFvaHwEXqARhD8NWydUmz9dyqv8APxpnTeW+HGpnsPV++BNkPDolDdU9APWJX8yWfOddvjjM/6t8qfX8beUWyrflaiTxJ+oqCihJ/+Xv4frLV3GWLwBHBUVFTURWjyL9Dt3g3/nbvKc4LLEjWDtDziGBNf0F6UbT7CyC9N8rrQgvA0FTbBrJMC1E1zHCZTN92y/dcLkawNMsFx7X6uJmmDRBtMPQNBPHqrjTxwWdsJUip8A4980/ky86WL4u+EN9S3jH6RnaQMNqsmbqtMb88fzOrR3KxV5Y//A+8SPY3NzPyumsjrhW13NGwN/WlHQ+AvEmy7549n+4PxxaH5Q3lAtCf60+An0znc64E97rS3HS9e8oQoabw68cRn/Nnnjwp8KNeZPi7xxGr6J4g219AMwibxpyB8db7rkj443XfInaPy5fiJcxr8pf2gDDb5n+xvzhtqVzp+oqCWkH/76Q17HxxvAUVFRURMkfvwZpN++C+ljfwZ+5IeVE57xDtzCt2VMrPaEhya8eW2zeoRqvEMz2pShO+iEy6e6TRNu04TL3h2TNOFxnABN2Pg3Ld97QlZjghV0AqZcoMwba/w0tY1XCDdUzxPMSeBNuB0SS4E3opyK09vUJPKmS/5UXsDEn5Z543VDuyF/Ao+/d/E63mj4E5w7wi5b/uQ9XO0vcf5484baHvljr2Cf/JE6KCRvvNqPfvjjWb3Q/BHyb74t4hzHP0jLaA8a/K55Q9Ww/Nr8mQje0AJNvKF+G7yh8Wfq0YbqmTem7uiMPxUf9/Z+35H83udbDqdHRUXVUrwBHBUVFbUc9PRXMfrWp5A+drf10PwGrGOCRQ+HxXexiWN+6TphqpUA6yZUpQlW0JRetbofcOgPfG2q4wS7FC+6CVXgCXZl/OgmVMb2u0ZgnfFvOqEy9bBFfU+oPMtvwhvXCbZX/FT4ZTnypxPeUCt1iE/8+GpCeNPmD3q2eDPxxr5DoiXe1OKPsYeJT9Tx+DctvxPedMkfbb4T4vvHN/5oh0j+EuaP9dMxwfyxt79P/jj3MPGJJpw/phsKPtUPzR+hWryhZ/TGH9GBHfOGquV4q8UfQ7VCWSHKn/q8oX5D/vjEzzLjDS3ftbVLmzfEb/MT0NbvO/bJwlgdx5+JN5Vf/47VbMob/3wnKmp5K94AjoqKilouWjyL9B8/idE/fhL86I+shzNmPUQ+GixwQu39TOCGNzAaT3BqTGjCTXAcu6lNNSrP1OKG419rqkAbZPJJ83UTGs3ZrVndhMbQu62o1wlUnxN4V94E5k8A3jTizyTypkv+dH7DlPiG6nTGn4rmdsKfiYq/PvkDMiCSXxE/3ryhNvKnBd5Q35M/teKJNsjkq5qEfKfUfMfeDaKJ5I1Qm7yhFsWALDHeuPLHrYL0hMBqVL4vYX3Gvy3+kObreKPhT5e8ceVPEPUafwbelPjT4ggsg993vHhDlcwgPW8d+OqNwOoLwOfWAbOrwadXA9MzwGC6aBEfgQ0XgdEC2PAs2OJZsIUzYAunwOZPgo0WbaWV1Ql/6ox/N/yJ8hUfjwlPwUcjIB0Cw0VgtAi+OA8szvddwagKxRvAUVFRUctM6VNfBv/GH2H05JfU9MeQVwF+CS4s7xsTYM0BjD5suE21OsFySICDJ7aeCbBlBWrjCZTNOkyoXHuzljqdUPuWX2PCFGKC7TVhajgBDzChrsubXlYAt8obKk/e9LXjpgZ/gvKmS/50Ov5Ny2+BP87xRyvs6uubm/s1xj/yp6765A9tsHA75g21NeKtojfD8KdL1eIN9QPzxyd+lgBvaLyZeOO6aayRJoI3orw2eWOIHx1vaDhKNQ7OnwDxZ+pdJ3U6/r7l0w9AC/yp/X1HG1DdPKPfA3+U3qrgT//j37R8h3ipMf7p6o3g6zaDn78FfN1F4LPrskGtzx+2eBbJueNIzh4DO/cikjPHJpY/pt6spb75E0XEwRfOAQtnwefPxBvCE6Z4AzgqKipqOeroDzD8+h9g9I9/nCV59gmO745cFmjCw5jqO6vjBM804aIT/JATLN+EWyh8dzhOeFppqZB+wqN0iE/8NJVn/Fkn8JrLNZ1geU3gK3y3Cla13s4fqw3+A4vND9n+5tLypkv+VHR3+B+YTbwRFeqBP543tIOrYfxNAn+EnHjTqP2uJfbJH09F/pR5E4w/DvEycfzR2DbVsLxW+ONynqa6wfjjfMUAcVA73mgDaqpr3oDUvgfeuOY7zbtjknhD4412SJAG2+Xzga443eZ78aZL/ni1vyPetLigpqSG4+8rJ940HH8GIJ1dC37BZUg3bAO/4LJsZ29FhRq1nyM5fTj/jy2cMhxn4k+d8W9qRdV75k9UUPHhAnDuFPi5U+OdwlG9Kt4AjoqKilquGp7D6KH/iNFDvw8Mz5VTb02+nySqb5sw0Q28dSfYSeKWUAsFyf+UAkRCS0voYoJNE2paQZPfUIEnVK61141/JyuUqR+0/Q4T8NYmVEIWfxJ/QKbdY65983hw6P7OedMlf4wNlzqoa950yZ8a4986b2q336lE1fbOn5Dtr6ElwB+h8Pwx8Gai+RNYPfGnyffP5PDHlTfUt4x/kPgSssRP17zxLD84b6h1iDehzvhTKqEL3tD4EwrMnxXAm8r4kd4wftydFYg3XfKn5fG3yuXj4X54GN50yR+lQib+tMAdQ/ylqzcifckV4BsuB19zQef8YQunMTj9ApKTh5CcPerdobbaTjJ/evm+jzKKz58GP3MCmD/Td1VWrOIN4KioqKhlrtE3/hCjh/4j+MkDzuklY5qUSvsDItkJ3CCFM+9AzhR4ReAkJrRSb7sltBM0oVTLd53S1Z9QuU/oaQNMvl/7RbGTNKGmvWvya6nV+HOIFwN/wv+g48ofvxZ684baFnjjyh9jBbtU17xx4Y9P/CxD3njFj69a5Q3VJPGGxhvIgNRrvzd/aox/67zpkj9e5XfEm5jvOOU7QTQR/OmQNzQ+Ai/QCMKfhq0Tqs2fLuVVfgD+tM4bS/y4VM/h6n3wJkh4dMobKvoB65I/maz5Tjv88Rn/Oq1Lz9uA9OLtSC/eAcyusVew7fEfLWBw8gCSE88hOXusZvmuRJ0k/kRNmvjCWeD0sfGfiI7qVPEGcFRUVNQK0Ohbn8Loq/8BOLEfcExwwdzTN6edwNILNJ+T69GagibYNRLg2gmu4wTK5nu23zph8rUBJliuva9VVxMsp/Jpg8X4C4WcYNviTxwWdsJUip8A4980/kr8ydTF8HfDG+pbxj9Iz9IGGlSTN1WnN+aP53Vo71Yq8sb+gfeJH8fm5n5WTGV1wre6mjcG/rSioPEXiDdd8sez/cH549D8oLyhWhL8afET6J3vdMCf9lpbjpeueUMVNN4ceOMy/m3yxoU/FWrMnxZ54zR8E8UbaukHYBJ505A/Ot50yR8db7rkT9D4c/1EmMefT60a3/jd9CrwNRc24I/cQEivOfCmov1s8TQGx5/D4MSzYItn/XlD7UrnT1Rt8fnT4CePAsOFvquyYhRvAEdFRUWtEKWPfhaLD/4OcPxpAAzMMbUz7szVZHgswA+8zjeB+074DN1BJ1w+1W2acJsmXPbuaD7hmfQfeIMrcPm2T4vThMuxWkEmYMoF6AzfIX6a2sYrhBuq5wnmJPAm3A6JpcAbUU7F6W1qEnnTJX8qL2DiT8u88cp3GvIn8Ph7F6/jjYY/wbkj7LLlT97D1f4S5483b6jtkT/2CvbJH6mDQvLGq/3ohz+e1QvNHyH/5tsiznH8g7SM9qDB75o3VA3Lr82fieANLdDEG+q3wRsaf6YebaieeWPqDhf+8PWXYnTpNeAbXuZVJEuHYGePIZk/AZw7iWR4Flg8hyRdBB8N8wLYYAppMg0+NQc+vQqYXYt07nykc+uBZEp3ZZgiLjlzGINjzyA5eVB9v/f5lsPpUctK/NRR8FMv9l2NFaF4AzgqKipqBWn0rU8hfeCj4KefzxMp419eprRn7tPFuhNqYU3PBAa5vskvS3OGbkJVmmCFSHBtEyzaIU4Naq6OE+xSvOgmVIEn2JXxI71hHG71DAe/4QQ75ATKpr4nVJ7lm1pb29aIN6HW+NMJb6iVOsQnfnw1Ibxp8wc9W7yZeGPfIdESb2rxx9jDxCfqePyblt8Jb7rkjzbfCfH94xt/tEMkfwnzx/rpmGD+2NvfJ3+ce5j4RBPOH9MNBZ/qh+aPUC3e0DN644/owI55Q9VyvNXij6FaoawQ5U993lC/IX984meZ8YaW79rapc0b4geOeD41h3TTKzC65NXA7OoybzS/7yQLp5CcOoTk1AtIzja/+ZWuugDpmpcgXX0x0tk1TuPPRgsYHNuHwYv7wEaLtco18aby699QrdC88c93ovoSXzwHfuIwsDjfd1WWteIN4KioqKgVptE3/hDDr/w2sHBaeb16KlxkbAywJtQsQEpX2nnc8AZG4wlOjQlNuAmOY7e1qUblmVrsYVu/YWqJH92ERnN2a1Y3oTH0bivqdQLVzQS+GW8C8ycAbxrxZxJ50yV/Or9hSnxDdTrjT0VzO+HPRMVfn/wBGRDJr4gfb95QG/nTAm+o78mfWvFEG2TyVU1CvlNqvmPvBtFE8kaoTd5Qi2JAlhhvXPnjVkF6QmA1Kt+XsD7j3xZ/SPN1vNHwp0veuPIniHqNPwNvSvxpcQSW+O876ar1SC99NdItr3Lq8eTEcxgc34/kzBHHCjpdVlF63gaM1l2K9PwtjnV6FlNH9oItnGiJP3XGvxv+RE2W+IkXwM+c6Lsay1bxBnBUVFTUCtTob/89hg/+jjbBBexpVcLc0678ejUSXBYyX2t1guWQAAdPbD0TYMMK1Pxt9Wj/CZTNOkyoXHuzljqdUPuWX2PCFGKC7TVhajgB95xQ17FK70lv9LICuFXeUHnypq8dNzX4E5Q3XfKn0/FvWn4L/HGOP1phV1/f3NyvMf6RP3XVJ39og4XbMW+orRFvFb0Zhj9dqhZvqB+YPz7xswR4Q+PNxJvS/eM2NBG8EeW1yRtD/Oh4Q8NRqnFw/gSIP1PvOqnT8fctn34AWuBP7e872oDq5hn9Hvij9FYFf/of/6blV8dLunYT0q3XIt2wzTr+U8f2YXB0L9jiaYcKh+EPnzkPwwtehtH6l1pbmpw5jKmjT4GdPtI6f0y9W0t98ycquPjpY+Anj/RdjWWpeAM4KioqagWKL5zG8K9uRfqP/wm6TMllBy+DPePTXyevhcUfy3gTuOMEzzThohP8kBMs34RbKHx3aFL2rn9gsU54qifQweUZf67RH3KC5TWBr/DdKljVelMJHjb4Dyxu/AnT/ubS8qZL/lR0d/gfmE28ERXqgT+eN7SDq2H8TQJ/hJx406j9riX2yR9PRf6UeROMPw7xMnH80dg21bC8Vvjjcp6musH443zFAHFQO95oA2qqa96A1L4H3rjmO827Y5J4Q+ONdkiQBtvl84GuON3me/GmS/54tb8j3rS4oKakhuPvKyfeaMZ/tG4L0pe/Efz8TZXXT04dwvThHwDzJ4Pzx7mNs2sx3Hgl0jUXk3fUDmXzJzD1wg+RnH6+xvg3taKyPfMnaiLEz50EP/Z839VYdoo3gKOioqJWqPjRJzH60q9j9IMvgSUoJbzg9gmT605g5wmWpRyQ6zXrALkgmlG3OLGumlGEnEDZFHhC5T3hDjChbjThDtp+hwl47Qm144TJ5k/iD8i0e8y1bx4PDt3vGj/N208L7IA/xoZLHdQ1b7rkT43xb503tdvvVKJqe+dPyPbX0BLgj1B4/hh4M9H8Caye+NPk+2dy+OPKG+pbxj9IfAlZ4qdr3niWH5w31DrEm1Bn/CmV0AVvaPwJBebPCuBNZfxIbxg/7s4KxJsu+dPy+Fvl8vFwPzwMb7rkj1IhE3+atTRddxlGl78RfO1Fhg5mYMMFTL3wfQyO78ekzLdG6y7B8KJXgCczxtOT+ROYOvJDJCcPaWu3lPjTy/d9VDDx+dPgLx7suxrLSvEGcFRUVNQK1uiH92N4/wfBj/5ofPM3V5ExMfG/2h8Qx5Yl1Ql1s2cCixqJ8gA1w0StBG8SE9qirY4J7QRNKNXyXad0Hrb2hJ42wOT7tZ8umJiECTXtXZNfS63Gn0O8VPCntx1YHvLmDbUt8MaVP8YKdqmueePCH5/4WYa88YofX7XKG6pJ4g2NN5ABqdd+b/7UGP/WedMlf7zK74g3Md9xyneCaCL40yFvaHwEXqARhD8NWydUmz9dyqv8APxpnTeW+HGpnsPV++BNkPDolDdU9APWJX8yWfOddvjjM/7y8aPzNyO9Yjf42pcYyxycfgGDg48hGZ6z86fj8edTcxhuugrpanP92fxJTL3wOJLTL5DyXYk6SfyJWsqKN4HDKt4AjoqKilrhGv797Rj91a3FBIuV06wE9jROd57yvvQCzedKC8INYk3yuaAJdo0EuLUVybSBBt+z/X1MsF2rV2sC3usEm5ZnmHDnamGibex4cVjYCVMpfgKMf9P4M/Gmi+HvhjfUt4x/kJ6lDTSoJm+qTm/MH8/r0N6tVOSN/QPvEz+Ozc39rJjK6oRvdTVvDPxpRUHjLxBvJngHVnD+ODQ/KG+olgR/WvwEeuc7HfCnvdaW46Vr3lAFjTcH3riMf5u8ceFPhRrzp0XeOA3fRPGGWvoBmETeNOSPjjdd8kfHmy75EzT+qj8B6eqXYHTFT4CvvwSlDs/s1JGnMHX48QD8oQ00+J7tFy8PL3oFhhe8zNwTZ49i+oUnwM6+GPkT1avin4MOp3gDOCoqKmqla/EsFv/f/wmjb/8ZRKbEmD6DUnbyajK8fCew4Qde1mCCI5TfBO474TPM/+iEy3B4kAmX6fcN/xtcrim4y4S36YTHcQI0YePftHzX6V7lhMuxWkEmYMoF6AzfIX6a2sYrhBuq5wnmJPAm3A6JpcAbUU7F6W1qEnnTJX8qL2DiT8u88bqh3ZA/gcffu3gdbzT8Cc4dYZctf/IervaXOH+8eUNtj/yxV7BP/kgdFJI3Xu1HP/zxrF5o/gj5N98WcY7jH6RltAcNfte8oWpYfm3+TARvaIEm3lC/Dd7Q+DP1aEP1zBtjd0yvxujK3Ug3Xm48dfr57yF5cW943mQHhP59Z3TByzC86BWa98c2OfU8pg59D2x4tjv+9D3+URMpfvoY+MkjfVdjySveAI6KioqKAn/6q1i891+DH9urJFhMk48x4tP3wezpnnViZZhgCfk/E1iTAOsmVKUJVogE1zbBoh3i1KDm6jjBLsWLiK+q+aZjNWtNuHUTKmP7bVP2QBPskBMom/qeUHmWb2ptyAm2V/xU+GU58qcT3lArdYhP/PhqQnjT5g96tngz8ca+Q6Il3tTij7GHiU/U8fg3Lb8T3nTJH22+E+L7xzf+aIdI/hLmj/XTMcH8sbe/T/449zDxiSacP6Ybmj7VD80foVq8oWf0xh/RgR3zhqrleKvFH0O1Qlkhyp/6vKF+Q/74xM8y4w0t37W1S5s3xPeNI5Zg9LI3YnTZq43HTR/89vh5v0vs953R+suwePFVxstNHduLqUPfsxaX+1lzK7/+HavZlDf++U7UJIufeAH8zIm+q7GkFW8AR0VFRUUBAIZf/Q8YfuWjpdfHN4HVjI1ZEmrTDuL8/QATOO0zgSsmZI0nODUmNOEmOI7d1KYaldfnBJ5a2iCTT5qvm9Bozm7N6iY0ht5tRb1OoAJN4JvGW4MdN978CcCbRvyZRN50yZ/Ob5gS31CdzvhT0dxO+DNR8dcnf0AGRPIr4sebN9RG/rTAG+p78qdWPNEGmXxVk5DvlJrv2LtBNJG8EWqTN9SiGJAlxhtX/rhVkJ4QWI3K9yWsz/i3xR/SfB1vNPzpkjeu/AmiXuPPwJsSf1ocAW/+qOqCP+mmH8Noxz831mH60HeQHHu63vfTBPBndMFLMbz4VcZDpg59F4MX92neqcGbCeNP1NJSemQ/sDjfdzWWrOIN4KioqKgoAAA/+RwW//x9SPd9tZRGiR23pddRkXZJuZaSv2eWBUhwmU8+12qC7ZAAB09sPRNgywrUxhMom9U1H/rq1JpA2dT1hMqr/BoTphATbK8JU8MJuMP4N7VK70lv9LICuNMJvSdv+tpxU4M/QXnTJX86Hf+m5bfAH+f4oxV29fXNzf0a4x/5U1d98oc2WLgd84baGvFW0Zth+NOlavGG+oH54xM/S4A3NN5MvCndP25DE8EbUV6bvDHEj443NBylGgfnT4D4M/Wukzodf9/y6QegBf7U/r6jDahuntHvgT9Kb1Xwp//xb1o+Q7p6A0av3AO++kLNBRmmXngcU0efqjH+k8WfxQ2XY7Rxu7YXkoVTGBx8DIOzLwbhT9F7AcKjb/5EdSq+eA78yLN9V2PJyvcGcNJSPaKioqKiehZbuwXJq94FDp7lSoVNueqPXY40s1xjecrHSRfn2dyLF0kYz64i+d4ZGs9yavkaVf/BwVYXp/qk7qIuXG6z7KPCavrcannZ8rxc2c/+Q+aDF1b6P1T6yH15/EuWV1hdnUmboPVR8pUB4JLvO/5NpLtmxX+cHKtWgZPLuY13yVaNAcqWftbVsScRkX1mSzGUWcixxqkv6sjVOpvaqrO2z1A+/mXe6Pij+USjUi4MscVbg/jj5FwNRDnuAAAgAElEQVQrf+BgfcZAxxvqV/LGhz/IfXX8eXWbbLyhlrQRWh/59dXDqE/+o+/prI8axl/n/EHZcuqTMa6KCD/+iDoR3kwUfzwV+ZPHgeoXY1o/30Huw+SH4I+ljdD6Jv5orG38m8hWngt/pIsF4Q/tcxt/yHX9+NMxb6h1iDeQPhKdmvtN1DVvqO/EG5j7KjvZhzfUlviTjb/6/VaOlTwOjNGF3A/Kmyb8WVb5jitvJN+lTy28acQfHW+ob+UPsfCwwfMdzyBoOP5a61Bc7svnMiC95JrxzV+5bdl/g2PPYHDkSXuf+YyBB3+M+U4N/kwd+SGS4/u1nZjOrMFo3aVFmxryB1qfDEBf/ImaaLHpObA1F/RdjRWjuAM4Kioqajlr8SwWv/BejJ68D+DlFYJ1dwJXrVgGb75C2WsnsNwg6wrhFi2XGy6vEKUVNPkNVdXBDS5n8+n4K9ZQrSArlKkftP2mEi3j3eWfeMzLqbhcm3L5OJhr3zweHLq/uxXKtMAO+GNsuNRBXfOmS/7UGP/WeVO7/U4lqrZ3/oRsfw0tAf4IheePgTcTzZ/A6ok/Tb5/Joc/rryhvmX8g8SXkCV+uuaNZ/nBeUOtQ7wJdcafUgld8IbGn1Bg/qwA3lTGj/RG8x2hgXjT6V+g8OiwNuTy8XA/PAxvuuSPUiETf9xaNLpoB0avfKv2/eTccczs+5qhg3VW6qAJ5s/CtjcinV2nfW/64LeRHN+/ZPjTy/d9VCdKDz8DDBf6rsaSU/wT0FFRUVFRikaP3oWFe/4VAC4leGrGxpJyRscqEuqqZwIz1wmWLoHOfCbuQHvIln73kdBKve2W0E7QhFIt33VK52FrT+hpA0y+X/vlBQyTMqGmvWvya6nV+HOIF+0NDJfxb2pF+yl//FrozRtqW+CNK3+MFexSXfPGhT8+8bMMeeMVP75qlTdUk8QbGm8gA1Kv/d78qTH+rfOmS/54ld8Rb2K+45TvBNFE8KdD3tD4CLxAIwh/GrZOqDZ/upRX+QH40zpvLPHjUj2Hq/fBmyDh0SlvqOgHrEv+ZLLmO+3wxzb+6dQc0lf9NNJ1l2ivO/30QxicPdacP72Of7m8dG49Fre+QXtocuZFTD33TbCheAbrUuBP1HIUnz8N/uLBvqux5BRvAEdFRUVFqRqexeLd/xLDp/46T7N0O3zByulY5U5gFC/QfE7cT64r5pLnBU2wXX9SCJHgOk6gbL5n+/uYYDeaQMGiiZpgGSbcuVqYaHuvSA7T3NwPMP5N46/En0xdDH83vKG+ZfyD9CxtoEE1eVN1emP+eF6H9m6lIm/sH3if+HFsbu5nxVRWJ3yrq3lj4E8rChp/gXgzwTuwgvPHoflBeUO1JPjT4ifQO9/pgD/ttbYcL13zhipovDnwxmX82+SNC38q1Jg/LfLGafgmijfU0g/AJPKmIX90vOmSPzredMmfoPFXnDC6ZCdGV1xHLjB+f+rIk5g6/ASqx78pf2gDDb5n+12uPtp4JYYbrtD20NQL38PU0b2RP1G9i794AHz+TN/VWFKKzwCOioqKilI1tQrJ9p8BUDybI80slyxPy885KT0TmAPgIvnneRKWTwYym9ZJzqRriHLo68p/9D2d9SlcOZeTNhXPR0FmaV9pLTxsXg7PfU59nvnc/GwYLp+b/58oi/qSdWkTlywcrLatyH3Ivjz+xM9ta+PveE1j+bzkq1UwPyenPP6SpX0uW5gsz33984HKfjmGilhTn0Mt+bXH3yP+tG2v4A8ZFi/Zxtsl/rwLK3w9b8R/juPv0+fGsTPwRvrPyB8pwky8yX1f3rjwR9tW6H3pMxt548AfONh8dB34U/kdJsou84ZX1dnUVp11jj8Tb8z8cVKj8TdYj8K1vKF+rfF3tL78kWKkF/64fGaU4Sj7kP3SZ1hjJ5g/XOdLB9Yff8k6xR9Xynfhj5k7nvxxbavOGtskxUclfxoqBH8aFG7iDei4V41/kzGw8UbyjbFijDCQV4qyK/lTizfUGnhD/a55Q9WofE6q4MGfznhDYoLwxTrfUs4p6libP87fdxW8acKfELypHX/jtvDpVUgvegXktokPA5s/hakXnij4AwfrMwY63lDfkO/U/31H8jnH4PAPwOZPajtztGYT0sFse/yR3pwI/kRNrlav77sGy15xB3BUVFTUChA/vh8Lf/ZO8Be+V7wGdRUQx3hhndh9K3xxnOznr5MFsXSFYOkvS5PzhXR+9eJZzRlKAQa/zTWzeUNph2iq24ZcqtlCcbnP9SuWq8a/qRWyrVgut991jWqd8a+qQJMVwha1PN6hyze1tratEW9C/iuUHfnTCW+olTrEJ358NSG8qbSO1awbbybe2HdItMSbWvwx9jDxiToe/6bld8KbLvmjzXdCfP/4xh/tEMlfwvyxfjommD/29vfJH+ceJj7RhPNHjD893Kf6ofkjVIs39Ize+CM6sGPeULUcb7X4Y6hWKCtE+VOfN9RvyB+f+FlmvKHlu7Z2afOG+JaWjLZcjdGV12nfn37umxicPGg+f5n8vjM6fzMWN/+49r3pQ9/B4NjTSnF58VlzK7/+HavZlDf++U7UUlP64gEg7gJ2lu8O4KmW6hEVFRUVNUFi6y5FcsVbMXzhu+IVgHOkDGBSAs0ZwFPkzwTmWWZlsilnYEx6nas25eNnAuevy+dLmSMnNzA4g/QMYp04SVAzXySBvPDHVhwvWY5x3assNOdJVmSduZ/96i/Kze8C6JLTNiaU3GJt5TtLjCPxs3EG18cDHX9Oxt8Wb9SKCMjHgmc+V/1y2ziZ0PB8ApO/D/v4lywntup4KUBFvBXxJLXJR1XjrTs29ATKufyCN5D54zn+JesZbzJv5B8Qi75vyJ/AvCnxJ+eNgT/yQEwibzzLL/Mme70ub2rxx86b4rMsxY/SXhN/ig6sxZsq/mjireCPXGcP/nQ8/k3LL/Em/7qqyR9T3FXGn8QbD/448cZz/MPxB0uTP46XN+c72XEd5Tuu/NG1rZN8xzn+qnnTGX+aqqr8Ct4U+Y44PFC+I9uG+Y6WN9TnIpw0498Cb5hUj154Q+Ubb87lG3hDfcqfVvKdwpbixZc3Gv7UG/+m33fV/DGqKW86+74z8KbEn3bznarfd2T+6Bpq4s3YNfCncvwZ+MaXQzkx67jk7FEkJw7kXemb70ze+JvLTY4/B7b+peCrLiidMlpzEZJjT+d9Y+JN7d93PPkD6nvkO1FLW+y88+OfgW5RcQdwVFRU1ArR6EcPYOFPbwBYOS90eSawLCV/5wAzbRHWnOsqZjux1Qk+vYDGl2eSXe68ydtfTKh07aXjZvJrW13zoa+Oza+loOMdunxTiwNa57ijFTb5+uYZfYfxb2qV3pN5Y2pum2qVN1SevOlrx00N/gTlTZf86XT8m5bfAn+c449W2NXXNzf3a4x/5E9d9ckf2mDhdswbamvEW0VvhuFPl6rFG+oH5o9P/CwB3tB4M/GmuIHVoiaCN6K8NnljiB8db2g4SjUOzp8A8WfqXSd1Ov6+5dMPQAv8qf19RxtQ3Tyj3wN/lN6q4E//4+9ffnrBSzHceUPmqReYfu5bGJw8IB3dZPwnnz/p2k1Y3PJqbT9NP/sIBqeeDzrfqqW++RPVu9LDTwPDxb6rsSQUnwEcFRUVFaXV4GXXIXnZbuTPuEJhS8/61djxs0kyf/xGkYSZfHjkaVy1PM3+bfpPc07JOhSX+6TuPCuHy22WfVRY1LC8bNXnrwqfQ/8cIfX/UOkj9/M66NrCK6yuzqRN0PqGyBADwCXfd/ybSHfNiv84OVatAieXcxvvkq0aA5QtJ+WoY08igkONHWIhxxqnvqgjV+tsaqvO2j5DFbwx8oeMQaVcGGKLtwbxx8m5Vv7AwfqMgY431K/kjQ9/kPvq+PPqNtl4Qy1pI7Q+8uurh1Gf/Eff01kfNYy/zvmDsuXUJ2NcFRF+/BF1IryZKP54KvInjwPVL8a0fr6D3IfJD8EfSxuh9U380Vjb+DeRrTwX/kgXC8If2uc2/pDr+vGnY95Q6xBvIH0kOjX3m6hr3lDfiTcw91V2sg9vqC3xJxt/9futHCt5HBijC7kflDdN+LOs8h1X3ki+S59aeNOIPzreUN/KH2LhYYPnO55B0HD8tdahOKF0wzbpjaItbP4UBicPdJLvuPLHmO805s/YJicPGp8FnK66sDZ/oPXFyz3zJ2rJic2t6bsKy1bxT0BHRUVFrSANXvompD96cJxAMZYtpMssY+OdwNLrip9vySXn5VdnZIUgc17AN76+5AhrXkBbllKAaYVwYRn1WeYz1WdwtFnDFZv10bgGFp/prdwC9/bDIUmmBagFi3EXx3Ho/dxyVoy7Mv7leNH6eZwRX9Mc24rlWitElfgTcUBLlOKlCHRl3FEaf4OlcZbbrERmiZe8HKm6UjUZaX8pfnSfN501KR8oUS5TrBh/Y/xIXKm0pvjJ4wwk7sz8kZuu5Y1X+6ULl5ZEO/DHwBtn/uh4o8RDTd4Y+FPdfoNVZOKNvkJW/uh448MfE2+kMJZr7sQbH/6YeLNk+KNWy8af6vZX2NIJmSaOP2Ur1zwsfwy8mWj+EGviTTD+0AuE4U9lvtOIP2Ur1zwsf1x5Q30Lf+T3bdbEn7xES/z45juaLtBa4xVM/KEDZuANjQNn3njwB/rh9+KPk2rwpul8y8gb+n0natAs3yl1R0/5TnPe0Diz8EfTHMqbWjtClf525Y+FN0HyHUf+kDyn/fmWA28ka8p3rLwJNt+yxI/Uzlr8UfrbxB89b/jUHPgFl0E3gIMT+9GMP+JyYflT3X6DVWTiz9gOTjyL4UteIR2Xxc3qDcDUNDBaDMQfE2/q88eJN1FLX3NrgFMv9l2LZal4AzgqKipqBYld9npwkUGlPP/bz+KZHGmW2OY+fcZvlhBbn9lBngmSKudluVs+c0DpmXjicuIlF3FIkzCetzJ/d+xLlgPBn1HFVSuy1CJflXxRYeeE3rETZGs71jKhKC4jxlPvOz2DlVopzlyfEQM5fnS+zzNhSHvzWMvGRcwvxcEu4+37DOC6z6jKfd0q2prtrxV/pnJ5dbwgH38o/PF+RpnPM6lovGh44yMtbzT88Rr/hrxhUj2q+FM0ALXbr1wuVPzlcoifGuPv+0xOVMWPjjdV7a/Fm4r4gSd/KnlD488hfqra7dD+duOvmjeoyxtP/oDEmy3f8Wm4N3+8xr9mvpN9Hy2ZZwB786fB908X+Y5z+4s8Iyh/quLFIf6svNG1yeGwcvsN1lfG8k38acgbW/w55jv2Z3DaG27ijfK+bfyD8Ub0dUX8dM0b3bmW8su8Ea93w5vSM8YNvMk/q1XzrcrPm5k3qt9uvlPEi0P8yG7w7xtHWcov8wbZMHWT77j+vlObP5Q3Jf7ox5+v25Q985bn8ZdVEsnx5/Tn66xjvlM0T5SH7vljib/k+LPAS3ZkBxcVSmfXIp27AMmpQxPLn1p9F7XkxKZmwKdngcX5vquy7BRvAEdFRUWtIA1e+gawi64Cnv9OloQBYFn6J60ELe0EZmOb+8A46RufkK8ALPkAiiSfJPvGFdHVp+UiCa3ritxScWz8KstOKPnZ/9ZdkQ5yXu6blhTnFaQTJOJ7TjBLVyuGq9rml3NdEey+Il10eKVvCgTjDjB9+0sil3XdEUCHZ2zFuBM/P77+inRj/Mh3ihUrDrNMsE3da+pu8pKxeDkeUBE/xhXBjjtiKngjjqtskIk3jvLmjWJdeePJH81xpvgxb2kQssSPL2+o78sbI38ceePKH9PIrRDeGOPH/oGXaguURjwQb8Qb2mqgIl7a4I2BP1rrmu+YtMTzHSNvXPkTKN8pfZxd+RNgB57ocOor1viBWAr80cRNoHzHzB1xWA/8ASrC0cQfR95IFTPyx6dBJv64ypE31LfyJ/vfun9hyRQvzfMdB/44dFfum/ijuazKGwTnjeLX5o0lfixhaeJN7lcO2yTOryhvRIUt/WGQKd9x5k9v+Y5wDbxx5Y/l+94n30nXXUIOGF8gOX0YyWg++0yEzXcm5fedEm/E66MFJGeOID1vI+k5gJ+3Hjj1/ITzB1ErQGz2PPB4Azi44jOAo6KiolaSBrNILtk1fuYvxqsY6XP8dDblmc8B8PHmYYDnSRgXNlV9WdZ8jeutuCY4+a/iHP/kkJNzedEG2efZcQ59xrOTnW1eDs99Tn2e+Zzn7+ltdm7+f6Is6kvWpU1yHMDBatuK3IfsS29SP7etjb/jNY3l85KvVoGTNleNv2Rpn8sWJstzvxhtGg28/H9KDBWxpj6HWvJrj79H/Gnbjvz6ojspb+oMv3W8XeLPu7DC1/NG/Oc4/j59bhw7A2+k/4z8kSLMxJvc9+WNC3+0bYXelz6zkTcO/IGDzUfXgT+V32Gi7DJveFWdTW3VWef4M/HGzB8nNRp/g/UoXMsb6tcaf0fryx8pRnrhj8tnRhmOsg/ZL32GNXaC+cN1vnRg/fGXrFP8caV8F/6YuePJH9e26qyxTVJ8VPKnoULwp0HhJt6AjnvV+DcZAxtvJN8YK8YIA3mlKLuSP7V4Q62BN9TvmjdUjcrnpAoe/OmMNyQmCF+s8y3lnKKOtfnj/H1XwZsm/AnBm5rxx9deTM4dt21w+gUzf+BgfcZAxxvqG/Kd+r/vSL6mDcmp57Wdm86uJ3U2WG1b7byZCP5ELQ3NrOq7BstScQdwVFRU1ArTYPOrMfrmpyF28o6XkyJfmQfNSj2xsi+RFsAiX/FXLIiVV10KX7Hy8VKdlAXFrOyLCUexaFRzBaUAg29dUlpY4zPysuPNK0bFadQvaq61TG9BfXJerlKzNCsotVcwFGypkFjpmfvZylBRrnnFqKgW3SHhaKVmyi2Rh9c43OoZqq8MUDkeSluuqCUB77pDobxiXXS3eF87WmWrqy5pcZVvDEjrFTKrG7CKGpfix3mFuiF+HHhTiz9aOfLHWgMpHmrzhlpxGUv8uH7cyXm5b21WN7yx78gz8YbukLDzhsabiTe5b1RLvHHgj5U3rvwxVNeZP1ag1eBNBX+ceVPij4k3dIeWJ39MvHHljzbfIbYObyw7wt3znaXNn/rPIEfhK9Xqjj+5Nao5f+o/k1N0c7/8MV84r2D1CZaBq/8MchIfMPGngjsG/sgtqeJPucM0V2iLPybe0Pjx5Q21nrwpyZk31LfwxxQvLvxBRbyU+OPJG9ISb964zrdc82XffCePO9HdffOG6X3TFQLlO/T7zT3fmUTeEF8TJ3x6DnzNxnKcMY7k9JH89eX7+465AoPTRzDU1JivOh985jwki2fz15fW7ztRy0VsZi4ObQuKN4CjoqKiVpjYxVeNv1A5R5rnw0x5JjDNsEzPhCm9z8nrXLXKs4ClmQNXZhJZLpuXrxOH+m7mi0yBF/7YiuMly8eTvkr7unsweOtufRWG54DjDyP91m3gDz2Y9ymkcvO7ALoMxmWeq9XtGPzWL4KdexDpbdcjld/iOns7Brdqjm+UQItxJ74Yf64ff99ncJbs6+/F1Nt2A3tvxfBTt6OY7EIqV3R74ZfbxvNwE4Ei5pP5+yDx4mI5sVXHSwFa+xl45WYZ2ms4NvQEyrl8Me6ifMfxt1nPeDPxpuj7hvzx5Y1nvBW8ob4mfmrzpkJa3hiuFaD8Mm+y1+vyxpc/jrwpPstS/CjtNfGn6MBavKnijybeCv7IdfbgT8fj37T8Em/yr6ua/DHFXWX8Sbzx4I8TbzzHPxx/sDT543h5c76THddWvlOTP7q2dZLvOMdfNW86409TVZVfwZsi3xGHB8p3ZNsw39HyhvpchJNm/FvgDZPq0QtvqHzjzbl8A2+oT/nTSr5T2FK8+PJGw59649/0+66aP0Y15U1n33cG3pT4026+Mwm/76SrN4JPzYCcACyeA5s/6RVv3fy+U6HQ8Td/EhieBabm1FOTafDp88AXzmSvqLyp/fuOJ39AfY98J2q5iAHxOcDBFW8AR0VFRa0wDS6+Gsn5lyA98ew4rWLIn/krci4mfABAsQNvPHfIfM7Gq/Y0S/l4ftb4fNnmK1ONOzCg+pK4fBhJaLV+qfTy5fU2WxEqDj5yP/hzx4uKnLcVbMMO4ILdSH5qN3DVnUi/cAv4i2JmWd7xWbJOS4p15xc9K69ApUlwMYGSjpf+XWcFuGKNO14KK5dZ8m1LYnVWCQlaYRovpsmlvjjTClyj1Q1X/r4Yf+qXd+DZdkAYR0D+JaNyx4UQ8fPy9d1lOVtbvFf8GHe8GOJFClQRb6UAVkdItd68MXSIhTf0bDfe0Opo4ifraGoh+1XxU5s3ov2iPPE29fXdlfsm3rjypxRvnvyROroWf3Qr7n34Y+KNK39chi8/XhM/dGenL3+0H3gdf4RsvPHkj0Px1byhti/+oNovOkz1Ws13aHX65I+QjT9qb5nONo+/JV6oNfJGHFeTP+YRU60vb+i7vryh1pc3rvwxxIsTf7QjJWTjj9r+/nhjiJ8K3uR+1Yg1zHcmgzeiXAN/gvDGED863tBwlPqrFD8m3rjyR8cbH/4Ey3dMFabxo8rIG1M4Uls5bGL8K+InC1BlPu/BH/d8xxA/Jt6Q7hUKzx8Db6gvxY2ooIg/E3/U8TdYb/6oCsafNRs0BzAM5o9Lw9M83ynZJcKf5NwJpGvKf2aXz6wBO3MkyHyr0rbEn6jlIzY9G58DHFjxBnBUVFTUStP0KmDDlcCJ/RAr69Is4eWMZTuBx5keZ9LrWcLL5aW84mYvR+5D/BMczJDk02RVeVG2NnGLtZyqm3CJBnFeTDJw8kGMvnh7OQ+/8F1gN/4ukovfh+TnZ5H+4QeQAqi1opkDpR1a+aRErP7mQH7OuNLSYYbukVfT8vyKxb+z5L3OCvGqFaBSTxlXkFdOeDRRQtvpMd5WecZfEffI4l2uLSeX812h7rhDgqyA18eL3BypUaIBFfNYU3fn45q9YBr/SuuwQrgUP5UrgEufaJTihzamYv6uHf8GvCldSuGNgT/524YdD9Q25U2+I1Tlj1Jppd3EN3SXmTfIhtGRPz47EGz88byhrbbbYH3UMP564Q/ljfgRtsQfDW+o78UfA28mij+eivwp8yb3pT6mla5obyVv2uCPJc78+KOxpgbWiTfdtTzyHVq+iTfU9+KPLW6a5DvU75o3LvzR8qaItxJ/qvIbm7rmDUh25sQb8Xa3+U7eHaV8R7Xm6Oon36nkz7LKd1x5I/k63njmO83nW6rl1M8PNvHHb/y7nW9Z1HD8tdaluFXrNOVz4NzJ8cvK+FP+hM13ms+3VOvPn7Jl504Aay6mHQQ+vSqvk898a/pX78P05Wv0g3J6L4Zf+jAWvvZEO/x592dx3rXbkH7jTTh3t+GYXJsx9bYPYOraXUjWrkH2PDzg9F6MHvsvWPz8F9S/rmfT7v8bq67fBTx5B87+0V0AgJkP/h2mLtqL4Qd/AQsA2OXXYbB+FvzYtzF68oDP1Ve2BtN912DZKd4AjoqKilqBGlzwMoye+pvsmb7FjlwGSCtFC5vIPrKVgCArkK0rlFUra1yO5EBzECyvKwWICY1SgmJLOw50O6KkuuQrieXzX/w8+CePg/+rz4BteDfYW38X7Et7Ia8QLS5h8ZnelptNdgBr2w8pSdbvAC51JCnY+gw8kBWg0kph0wpRtXrEt+6QIFVm6j+5sf2OUuJOxIFSgmLrPwNPjbeyzUpklnjJy5GqK1XTtCNV394Ka5JxR+TY1n8GHrGm+PHeIaE23baA3d5+6cKlJfkO/DHtwKTxYIofEnf2Z+I58sbAn+r2G6wiE2/0Far/DE5H/lh3SKg1L42md/sN3UF5s2T4o1bLxp/q9lfY0gmZJo4/ZSvXPCx/DLyZaP4Qa+JNMP7QC4ThT2W+04g/ZSvXPCx/XHlDfQt/5Pdt1sSfvERL/PjmO5ou0FrjFUz8oQNm4A2NA2feePAH+uH34o+TavDGkT/+vKHfd6IGzfKdUnf0lO805w2NMwt/NM2hvCH3Cx14I7c7+5+JyXcc+UPynPbnWw68kawp37HyJth8yxI/Ujtr8UfpbxN/yrzhs2uhG7hk8TT04x8q32nGn+r2G6wiE39U3iSLZzBSjs/en1k17lZP/uTVffp+pIeL6uHCq5G8dBum3nE7kulfwrkHDtTmjxNvKvUGzPybD2FqyxogPQX+3CNIDx0BLtyOZMs2DF73bzF42XbM3/Y7Wd+E0dRbfxPTl68Bf/IOnH3yroBXDqXtmHrH+zF1+Wa3w88eQPpPn8DC3z3RbrWm4g3g0Io3gKOioqJWotZdBnAgBc+TfzmTV57VC43Pxwlz6X2yQpAeJ/5MDAcAnu0Q5tlkwGVFYIU4pEmYcYWwZQcCtby4uHaFMDg47kf6tQcxuH4P2JW3Al/6lbx80YiiOZIvKuyc0NO2QCpH6gTZ0uMhHe8woSguw9RziV9rh4zDiuTyjgi5WXKrsv/12ZFF2ivCTwSSmF+qfei3Qtx3RbD3M/IsK4R92u8ef+QaWlsdL8jHH9mwuY1/mB2hUt+F5o2GP17jXxUvOmuMP0O8yI0MMaE2jr/jucbyHeKnxvh778Cqih8db6raX4s3FfEDT/5U8obGn0P8VLXbof3txl81b1CXN578AYk3BMt3DLyp4o/X+Nfjj/g+ovzJ/9nZ+BuOdS7fxJ8G3z918h3Km2D8KfKMoPypiheH+LPyRtcmh8PK7TdYXxnLN/GnIW9s8eeY7+T8kUbct+Em3ijv28Y/GG9EX1fET9e80Z1rKb/MG/F6N7xR5ucVvMk/q1XzrcrPm5k3qt9uvlPEi0P8yG7w7xtHWcov8wbZMHWT79Dfd0z5Tm3+UN6U+KMZ/5k1WSegSEwYBxbO6M+rso75TtE8UR66549D/HEAWDituQgDH8yCc9Eqv/EHAH7oQ5j/HJPGnYO9+XbM/ewuJG/8AAZf+Q2MavKnVlF8tWUAACAASURBVN9Jmvrl3xjf/D38ABb++DcxPCy/uxlTP/fvMLX6K0Fv/gJA+v37MDy2FjjY8g3TunrTzZh+0y6PT+U2JBfNIP27X8OwxWohibcrQyv2aFRUVNQKFDv/UoAV+WD+DGAAkFaCyjuEObKdwJBWBI5PVFYCyj4gvU7TCpatkWSFD/kwQxaSn0MSWtcVuaXisrppnxkknZS/nhWgrAR99EvgP7UH7MKdSACk+YrkbWDXfQTs6uvAzl837uj0HPDig+BffhfSH0gVZxzs2k8i+YnrgfPmxuUOjwMH7kd6//vAD4gGSistt/8fGPzUTWAbsz9ztHAI/PsfQ3rPnVKSXHH8uUPgT3wM6Rfv1Cws3oPBez4Ctm1HkS2ceRz84d9C+rf35+Oa/5B47R1IXrMH7MKLi+NPPAr+1ZuQ/sO+Im5efy+m9uwG9t6K0XevQfLP9oz75uAdGH7i1nGfbv8okrfcBHZh1mfD4+Df/SjSg2RElTigPqpFAsJ1R0BulbgT8UD8/Pj6K9JBzgOJP5SsOMwywS41yGAz0asZi88tWUEO4ht3JDjuiJECVuYNpOMqG+TIG5O8eaNYA2/k92GJH5k/FTsgTPFj3tIgZIkfyw8atqsZNzTkl7PEj+8OGGrp9x0FALXGHaf69pe0RHhjjB/7B16qLVAa8UC8EW9oq4GKeGmDNwb+aG2JN5786SLfyY/32QGj8sebN6780fHGhz/ZcJU+zq78CbADT3Q49RVr/EAsBf5U7KBqmO+YuSMO64E/QEU4mvjjyBupYkb++DTIxB9XOfKG+lb+ZP9r3THuyZvm+Y4Dfxy6K/dN/NFcVuUNgvNG8WvzxhI/lrA08Sb3K4dtEudXlDeiwpb+MMiU7zjzp7d8R7gG3rjyx/J975rvYGZOPSH7ECajeWl4wuc79C8clONhMvIdNlogPZdpMAvGmDd/igEp84Y/8BDSf74Lgwu2YsCYdudxqQF18x2jbsbUKzYAOIDRvfTmLwAcwPC//HIrNzRHX/m94DeVg+rvHkL61l0YrHY/hR98qPU2scGg/nBHaRVvAEdFRUWtQLE1F0Nec5tyy07gzC+t0FNWBEuTkjrf1p4Jr1QRs/UpXCmPrlAWbSsKGB8m7CfAz94Gdt4m4HUAvj5+PbnxHiSv3Aqkx8GPPAwcPAZc9jqwDXvArr8X7Peuz58ZjNffi+Qtu4HhIeCZB8FPzgFbrgG77F1Ifn4d0t9/F1JwqXE7kNy4G1jYB/7D+4HZ14JdshVs50eQnL0fo/v3qnXFVrDrd4Ml4vidYJt3gO28DYPzZzH69O3SCuG3IfkfPw22cQ449Tj4wUeBmdeCXboD7M2fRrL+FzG6575i5edPfglT/+y145vbRx8Ff34fsPG1YBftBNtzN9jR14E/pa4QxZqbMPiZHeNzjj0OfuzY+PUrb0fyzpvApgAcexT8uX3A+p1gV92GwUWPtjT+aBh/vOSrE7JiJTH1c8uBps/Es+8AhdYvt5+RDzHL66z4TXZgUltnhwLhDx0WL7mMt+6cWgXSEzjUH3hMOyQs42+LF1u8WXegQ/WN7TfEi9zBtXeoVOxIsMRL9Q4F2Md/ufPGxh8jb+j1HfhT2X6Wt0k6Ix9ntMUbbfyZeGPmj5Majb/BehSu5U2JP3XHvyX+ZO3Mv9+65o/PDiiND9kv3VDQ2PKwVVsfNeRPFiaqX8UbaoPyB+T61fyxt9+RPz68ceaPuDyJl6a88Wq/rsOk1xqXb+ZN/j4C5zvUuvCGNtTCG+p786cWb8z5Til+FP7Af7yDjX/T8mvkO9CNe9u8kRql4UvJzyXGWZwbgD+N852iOUsq35maHZ+glMeB4aJULwN/Wst3BN7H9bLlO2XryhvJN4w7G4obwOqA8MFUXidf/qjXI7xR3t6MqT3kObzpKfAf3YuFP7oDIw4A78Hsh2/GYFXxLF2I13+bvO6it12NJAFw+NtY+K7jORtvxMwvvBeDLRvGm17SBfDDj2D4l7dg0fUagOYZxVkb8AgW7zuCwVv3IMluvvLnH8DwT34Ti/kN6s2Yuv43MH3tLrBVWR323YvFo7sws2vb+M9KZ88exo/djNl3XI/BuqxPh6fAn7kPi3f/nuaGt6y7MP/JGcz+yvudbgLzJz+B+T+6K8jXQaVYYj8mykvxBnBUVFTUClSy5iUQ2Viek2Ur9ejKvfKKYZEmstwRv1eICT1dOKuep+b7HGIHMtTrSb5aURQFyVfWTahKE6yKGQhZqcmYmtaIlevi+NJOqZPHgQ1FAxjn4N+8F3y4D/yeO9V+eO9BJJe9Fuw6BvbA+LXkmt0ADoF/YQfSH0gFv+pOJNsfzFfs5h0xd/F4F+2f3lF05OvvweCtu8GuuAXs/g/kHckAYG4r2OHPIP3DDxQ9d+HNSH75o2DbPoDk1Xcg/da4oexf3IZk49z4+p+5o6jL5luQ/A+3gv34bRh8536kT2X1+Zt7kG58GPirW8GPFMOR/Nw/IblqB5LX7Eb61IPqPG/jDmDvRzH69Mfy6jNsBfvJd4FNAfzR9yH9888V84ar7sTgHe9Shlz+pzy8xuFWz1B9skLYvGPAYOWA99ihUF6xnlUj35GnNtdoddUlLa7yyxe0nUFO0C0xrqhxsWI4851XqEPva7jj+nsDra7ia+XIH2sNpHjQ8qciXuQ4U6y4jCV+mJuVW6z41mZZ4sW5AoZ4cd6RZ4iX0g4JgzU1r4I3pd/zSmqJNw78sfLGlT+G6jrzxwq0Gryp4I8zb0r8MfGG7tDy5I+JN6780eY7xNbhjWVHeJk/4rTlxZ/6zyBH4SvV6o4/uTWqOX/qP5NTdHO//DFfOK9g9QmWgav/DHISHzDxp4I7Bv7ILfGab+mu0BZ/TLyh8ePLG2o9eVOSM2+ob+GPKV5c+IOKeCnxx5M3pCXevHGdb7nmy775Th53orv75g3T+6YrBMp36Pebe74zibwhPq0BS8DZALoBY3yk+s7zLXEa9fXNsfLGlT863vjwx1QBnuprnAyk37wKzijfbxr+yOWXqnvldiSrAJw+gpQB7Mr3Y/ot14GdPYL0R4+AH58Bu3IXksvfg5n3H8HZO+9SWyKGVQw3ed1Fg4s2jNtz/Am3Uza+B7M334zBaoC/+BhGTx0BLrkKg01vwPRNnwX7k1/AQtO/6JxcjekbAP7cQxh+H0i270Jy0XWYvulmDH//DnAAg3d/DDPXbgPSU0iffATp4gYMtt6ImS301vd7Mfcv34NkdgF8/0MYHQKSl1+N5GU3Yvr6xzD8k/ur67L/U5i/ewvmbnp79V9efv4vsPBHn0JacUgwldgY1VTxBnBUVFTUChSbW4/xCkCRwDMg5dmdWOQTKrFyNMv8sklBeWVp/n7FDp3Ss4ClmYO681icLlLHsniW/BfvGnYk8Kw5uhWbfDzpq7T59cR8Q72OyDqZkkpy8f/AU/8rRk9p6v/cE0gu2wmsfyk43zdOqBnAcA4YZtcWl3zsVzB6TDl7XIf0UaR/ebuaCP/9/eA/sRts9VYwcKRcOh77wO+7uUjYOICjtyN97N0YvHYn2NU3g3/zdgDvQrJtK4DHkf4Fuf5ztyH94U0YXLUV7Np3gj/5ueyNO8DvlmYo2binP3wcyVVbgfN2AngAygrRhYeRfvpj2VhmcYD3IbloDjh1P/h/vVuNl2//CtLX7EGybV0+xsVkF1K5YnJQ+OVM37QDgfSxr/VZISwFaO1n4JWbZWiv4VjTjL2unMsXn3tRvhh/abzr2KoVypoV0CbeFH1vmngYdiBQ/vjyxjPexIdz+T2Ds7o45OOdve6yQt2wAl6xTnFm503xWZbiR2mviT9FB9biTRV/NPFm3YFgG5SOx79p+SXe5F9XNfnjs0MrjzOJNx78ceKN5/iH4w+WJn8cL5/zhvpN+VPre87OH13bOsl3nOOvmjed8aepqsqv4E2R74jDA+U7sm2Y72h5Q30uwkkz/i3wprTjsmveUPnGm3P5Bt5Qn/KnlXynsKV48eWNhj/1xr/p9101f4xqypvOvu8MvCnxp918p+7vO1W8GbsG/tDxR4rsOWUgJ4Bz7h1/pnxn8sbfp3yuuQADWALxDGDKG93ve8X4Z2fMvBWD10gFrnsNpt745vGV9t2PIefAE5/A4t1fw+gbXypGfOO/xdwHb0Sy5Q2Y4ndhKPpeaqf82TW236Bk9Vr3gwEM9tw43g2771M4d8cn8qIGN30eszu3Yeot78XCE5/yumZJszPgj9yCs3/20Njf+BuY+/W3I9lwNaYALOK9mN65DcARjD5/A+a/kZ238T2Y/bWbMZCvtXsX2CyA/V/A2f+r2LzBXn0jBqctN3+Fvvs7mL9vM+Z+1vA84NOPYPFPfqfDP2dt4kRUXcUbwFFRUVErUbPng4PlO28ZoEwOxn7xzF8AyFeOivM8V6SWrLQScVwsI4dVf+kz8T9Z3kgXENddkSlWPeqfASxe0qxAXrsOwPH8BLrjE+DA5reBbTx//GePAbC1N4Cx28fvP/M4sHEH2I0PY/Dtz4E/fjf43qdRztyzlZYLx4AXmdoPpIeYbM/tA3+qWKWZD9M3HgdeuxNYswOMMXBcB7YGwKl9wIvjg5RW7N8HXLUVWH8dGPu8NM+TdmpeuBu49GIA8+Pz1uyQej7TicfHN6Pljn/9zvF87dijSOkSWTCkRw8WN4BLFaPxYokfQzjSs42WxJ0ab2L8qV/egWdbgWycwZH4KybU1AoRPy9f312Ws7XF2+ab6nCZdrwUVlSMQeWNiLe6vFEtVL/oIH2HWHhDz3bjjYYvNH4EZ4iF7FfFj9MWhor4kX7AyQaE+Pruyn3NcGmtoRbleDPtuDPEj9TR1FesKX50K+59+GPijSt/XIYvP14TP3Rnpy9/tB94HX+EbLzx5I9D8dW8obYv/qDaLzpM9Rz5Y6yFIdwnjz9CNv6ovWU62zz+lnih1nmHryd/zCOmWl/e0Hd9eUOtL29c+WOIFyf+aEdKyMYftf398cYQPxW8yf2qEWuY70wGb0S5Bv4E4Y0hfnS8oeEo9Vcpfky8ceWPjjc+/AmW75gqTONHlZE3pnCktnLYxPhXxE8WoMp83oM/7vmOIX5MvCHdKxSePwbeUF+KG1FBEX8m/qjjb7De/FEVij/FCfIBDOPfm0Srm+c7Jbtk+MPImUX5+mcAU/7Q+Mm6eeeHMLOTXnQB/Mm7sPCf/yIboAMY/sOBYkwuvw6DdQvAPIAkO0TmjAd/TEpPnwSwxvn4wSWbAZzC6LHi5i8AjP7bt8F3bga7aBem8KmGzwzei5G4+QsAh/eCnwWwas24a8RN3cOPYOEb0mmH78LomV/CYLvUnu8+Af7Tu8A27cHcO09i8Zv3Y/TkAfBvfsGrjvwrv4aFiz6L2Wu3qW8M92J4969Jf5q6C3H7IVFeijeAo6KiolagWPZcFLEGMsX4T9lwhmwn8DjTU54VIiW8+dpJsQMhxXhCJe1IYCQlzVcAm6RLdB0Ozx2ddT1frh8H8hXK0vW0K5bzlag3A6sB4CD418cncADswneC7fkgkm07jN+44nrpX7wLmPpTJDt2gl17K9i1twLD4+B7Pw1+361Ij4qjpdWxXKxM1V+ZS5Ypr7Hi30fPjt+fmss7ggNg5w5KO4ilcX94L/h/vxssEStCOTi/Bsk77kCyfTswN+fa4+RtyR8ekybYkl44BGBH+RIh8sM68SfHB5RoJ5fzXaHuuEOCrIAXlS7vUIfiKw2omMfSLij8LB6yF9p6BqeRNyLolR0IuviqAI5l/q4dfxNnasSfyhsDf/K3DTseqLXFiyX+TDvSlUor7Sa+obsU3gDS+CMbRkMc0Ljx2YEgDaR2B4vnDW213Qbro4bx1wt/KG/Ej7Al/mh4Q30v/hh4M1H88VTkT5k3hh3pSqUr2lvJmzb4Y4kzP/5orKmBdeJNdy2PfIeWb+IN9b34Y4ubJvkO9bvmjQt/tLwp4q3yL0z4qmvegGRnTrwRb3eb7+TdUcp3VGuOrn7ynUr+LKt8x5U3kq/jjWe+03y+pVpO/fxgE3/8xr/b+ZZFDcdfax2KY+ki+GCGlMfB2QCMD8n4U/6EzXeaz7dU688fjc2fr0oGJB1Kv++4xZ/yiXz6fozym4QL4E//A9Knv4TRM6IYDmx8G6bf+X5Mbd0MRn8fO1vRwDr8yTR6/giAzWDrtjukPVcB09k/6d86PrwwbnHS6Ft4rLNHqusxMzsuI10oHTc8fhgz8g3tw3dg/p4NmH3bHiSvez9mX/d+YHgK6Q/vxfCLd1ieAaxqdPctWFz9cUz/2IassCMY3XeL+7OTQ4k3GPAoreIN4KioqKiVqMEMADH5K1aGqjuCs7RGWimasCyZHL9B0j51hSBKK5QLhyZeonwGQLq8VVn1JUd6kZdKUGxpx4FuR5RUl3wlMTmfgQPX7AabA/Dio0Wf8ZciufEOsIvngDP7wPc+PE5qAWDVTrArdki9CDD2NPgXd4//rMq268F2vBvs5bvBrvgA2Lr1wMfFs3ulZ60w6d+l+RjZAaz5NwDg5ReM/zXMdiWLa05doIy3WOmJa7dlyWg23mBIfv5zSLZfDCwcAt/7JeDEuayMrWA7X6uULU9SlFFhDEwk2XObpLiT4uUlF8vNU/7J1eH0nyQocSfiQClBsfWfgafGW9lmJQo/rwHx83Kk6krVNO1I1be3wppk3BE5tvWfgUcsqBXj7btDQm26bQG7vf3ShUtL8h34Y9qBSePBFD8k7uzPxCM+01tQ36n9BquIXNC0I4Cp8WGMH2lngtGiIn6sOyTUmpdG07v9hu6gvFky/FGrZeNPdfsrbOmETBPHn7KVax6WPwbeTDR/iDXxJhh/6AXC8EfeoRmWP2Ur1zwsf1x5Q30Lf+T3bdbEn7xES/z45juaLtBa4xVM/KEDZuANjQNn3njwB/rh9+KPk2rwxpE//ryh33eiBs3ynVJ39JTvNOcNjTMLfzTNobwh9wsdeCO3O/uficl3HPlD8pz251sOvJGsKd+x8ibYfMsSP1I7a/FH6W8TfzS8GS4Ag9nywE1NA4sjzfiHynea8ae6/QaryMQflTd8aoYcn0VROsx/3/HhT17d5z+MxbvL1SzGn2HqZ2/G9OUbgLN7MfruE8AQ4FiLwVVvyI9VWuLDG5Pu+zbSN1+FZOPVmPkxYL7yZuZjwGL2z4S8tXFmXK+0flWctZD9Jb1kptT0qXUbS4fzhz6Mcw99GLj0DZja/gYMXv02DF7xHszMnsTwD3z+XPUBLP7JrwLv+zimXw6M7vtVzH/lQMPG1BDv5EnDK0rxBnBUVFTUCpV4ji5S5Dt+0yyhTSHW9KkZl9sOB2nFuua8PIGRViBzpvo+CZ5yGi9ezBPO8QuZb9mBQG1+PTHf0K3w3IPBG/cAOAf+xEeQAtkK0fcBL5kDzj2I9PeuVxYQsp99OH9uB9fNnPbeA/6jewBsRfK+R5Fsem3epqItkF4r6ik7yvFzW8FezpE+JR3LAHbl1rF/6vHxkfwB8FM3gZ2/FbiAgx8FinEE2KbsJuyxB8Z1x7vAtlwMYB/4J67B6KjUkNfei6mdcn2UKUIeB/mK1IcfBd+zG2z9TiR8vDNdjp9k41Z14PPJrhgkpukHg8jMpFi4AMg7EuS6+q4Q910R7P2MPMsKYZ/22yeUhmtobREvkGqs+LzGjghqa+0ILfOnzoRSyxsNf7zGvypedNYYf4Z4kRtZZ7x1nVBlbecay3eInxrj770Dqyp+dLypan8t3lTEDzz5U8kbGn8O8VPVbof2txt/1bxBXd548gck3kLkO6Kh3vzxGv96/BHfR5Q/+T87G3/Dsc7lm/jT4PtHF29O/JH7MhR/ijwjKH+q4sUh/qy80bXJ4bBy+w3WV8byTfxpyBtb/DnmOzl/pBH3bbiJN8r7tvEPxhvR1xXx0zVvdOdayi/zRrzeDW+4HC8VvMk/q1XzrcrPm5k3qt9uvlPEi0P8yG7w7xtHWcov8wbZMHWT7yjxU5Hv1OYP5U2JP+Xxx8JZYHZNHnfCpoNZDBbOBuKPGi9F80R56J4/DvHHAaSDGc1FGDCch3gGsO/4j0+yc4itmgUApI/9Aubvzir2Y/8Oq14DaQfwV5CevhnJqo1gPwHgwfHr7M1vQLLKuwcB3IHF774Zszs3Y/DOj2H6D24hf854M6au/xAGqz+B+T97BKNnD2Dqos0YXPV+sK9IzwD+6avHrX3+kYZ//tlBDz4CvmcX2MZdmLkWyjOAB5fRP2f9dky96QkM/+4JYP9DGO5/CMO/nsXcbW9Hsn4bvbKDDmDxzhvy++B9iI+6e9rwSlG8ARwVFRW1UiWtAB4nhdkKPpal5ZoVocp50gpUsQKw5CO7oGTzH540K6K59LJ1bkASWVF34ZhW5ErFSVasACW+dFL+elYA4xzY8n4Mrr8V7EIAR+4G//LTRd/xeWAIYGY92IUMTNwYvfBmJDuKP2M8vu42JO/8CPjXfhFcLLATK1Kni+PGPS+ttJRWoJIZtHScsFvB3nYHkj8c7yTmDGAX3ozkqp0ADoF/+45x69jnwff+FthVO5G8/QPgn7kj6242Pv4VOwDsA3/48xg/I+b5cTsxB2wFcFSM/9sw+O9eW6qP+iMHpDhkAG4F3/8rYC/dDfYv3g3255/L445d9UmwS+eU66kTGuqjWiQgXHcE5FaOs3xFMPHz4+uvSAc5D3L8lZZgM6n9lgm2/uNZtpno1YzF55asIAfxjTsSHHfEVPBG4ZWpQSX+mLtKJ9cdAHpr4I38Pizxk3V0eQeMIV7oLwDGLQ1Clvix/KBhu5pxQ0N+OUv8+O6AoVb6AlB808gZd5zq21/SEuGNMX7sH3iptkBpxAPxRryhrQYq4qUN3hj4o7WafKeq/SUZPr5B8538eJ8dMCp/vHnjyh8db3z4kw1X6ePsyp8AO/BEh1NfscYPxFLgjyZuAuU7Zu6Iw3rgD1ARjib+OPJGqpiRPz4NMvHHVY68ob6VP9n/WneMe/Kmeb7jwB+H7sp9E380l1V5g+C8UfzavLHEjyUsTbzJ/cphm8T5FeWNqLClPwwy5TvO/Okt3xGugTeu/LF83zvnO4tnxiylO85nzgPOHTPHT8N8h/6Fg3I8TEi+M7Oa9FzmDeehfwZwNX+KC9j5M3zuOUxfvh3Jq+/B3NpHwKe3I7lsS/GX4BgAfgCj/QcwtXEzBm/5LGa3PAG+ehsGV2y3fYSMGn3md7F484cwvfUNmP7gfZh67nGkh44A67ch2bQdbDWAw29Hgkcwuv8LGG2/GYOt78Xcb+5C+tQR4JKrMNi0Yfw83C/77Kitq09h8dE9mL12GwbvvA9zux5BurgBg61XgSULAGbyI9k7bsTMm7Zj5if3Ij3wBNLTa5Fs3zX+645Hn+igri0obf0W+4pTvAEcFRUVtWKVPfsX45V6TFqZB8aUZwGnWcKr7OAFL5LALBkdPwtY8mGd58jV8Up483PouTAcaytcKY+sUF6zG8kN1xSHr98JrN0Edv668Z+GOXQnRl+4pbgM5+D4CPi+m8Cu3An2/seR7P86MNgBtnkH8OLjwHk7pKrfDOy4AckrjwHHHgc/9jgw3ARs2gm2BsALX0fKgfG6U6lx+UpUXbuLVc0cADu3D/y8m5B8cDf4/oeB2Z3jukwB2Hs70m8W45/+1w8Cmz6NZNtHMfg3N4EffBSY2Qm2ZQcwdQ78Wx/E6CnRYQ8g/f6jGLx+J9jP7sPgmq8DaVb3E4+DY0fWj2SFqFTZvA0MSB/4HNh7bgLbeScG224B3/8EsH4n2KatwPOPApt2li9hsj5qFH+85KuxX6wkpn5uOdD0mXj2HaDQ+uX2Sx9i6QxO/SY7MKmts0NB2ZFQHhYvuYy37pxaBdITOPmBx7RDwjL+tnixxZt1BzpU39h+Q7zIHVx7h0rFjgRLvFTvUIB9/Jc7b2z8MfKGXt+BP5XtZ3mbpDPycUZbvNHGn4k3Zv44qdH4G6xH4VrelPhTd/xb4k/Wzvz7rWv++OyA0viQ/dINBY0tD1u19VFD/mRhovpVvKE2KH9Arl/NH3v7Hfnjwxtn/ojLk3hpyhuv9us6THqtcflm3uTvI3C+Q60Lb2hDLbyhvjd/avHGnO+U4kfhD/zHO9j4Ny2/Rr4D3bi3zRupURq+lPxcYpzFuQH40zjfKZqzlPIddu7E+ASlPI50evX4r7BV8ae1fEfgfVwvW75Ttq68kXzDuPPp86SLFwPCFs/mdfLlj3q9Mm/yML73N7Fw3scwfc02JK/YM35W7de/gPQ17ynGBsDos7+LxbX/M6Zetg2DXduA+SNIv3EX0h9/Dwa1dgE/hMU7fgn8bR/A1LW7kGzZhcGl2VunDyB95AtY/PJd47/ad/guzN+xgJlfeC8GW67CYBfGz+J9/iEM//IWLHZ0T3V09y1YGH4I0z9+FZLLr0OSLoD/6C4sHHsDZrI+AQD+1buwuOG9mLpiG5JXbBv/5erhKaTf/wIW//iubiobWsM+9x8vTzHOa2E8KioqKmqJ6/iHz8/TNZH2JYz6TErj1ONKr2eJLCDNb7ITSvMdSCdL1xVKiF9WOQFm0EyoShMs2wyE2Nfdi8FbduurMDwHHH8Y/Fu3If37vy0anJ/OAXYN2A13InlldqM1PQ48/RmkP9iJ5K27gb23YvSn4x222Pw+JD9zC9hLLi6WZw2PA3s/g/T+W7M/xQwAt2Nw603jPy39sRuKXuAA2M1IbvkoGB5EetsNWaJ9Owa/lR3/xUfBfuomsI3rxuecOwT+xMeQfvFOTQP3IHnPR8C27Sjqc+Zx8Id/C+nf3k8m4FuBt96OwY/vBuYApOeAw/ci/dw5sH99E9jhz2D4Bx8Yd8vr78HUnt3A4c9g9Acf0Pf+lvchueHWcT2TcT/w734U6cHrMdgz7rfhp+9Qo0G6gHG41TMcfA8rz+zqnK6f0AAAIABJREFUxpthAuUklwl1m/Is39Ta2lbT/a6/N9j8sjRnhOBN03ir3KEQWC7VbKG43Dc132P8m8abiTel3/NKaok3tfhj7GHiE3U8/k3L74Q3XfJHx5sg3z++8Uc7RPKXMH+sn44J5o+9/X3yx7mHiU804fwR408P96l+aP4I1eINPaM3/ogO7Jg3VC3HWy3+GKoVygpR/tTnDfUb8scnfpYZb2j5rq1d2rwhvqbm6aXXYHj5T5ReH5w6iOlnv+neA9Z8p7JBzdVS/C1e8hqM1lxcen3q+e9i6sV9RfFZcyu//h2r2ZQ3/vnOMtDGzWCHD5Bmbsb0zf8PprcC6Zd/Eufu66luLYufeAH8zIm+qzHR+uGvP+R1fLwBHBUVFbVCdex/XwuW3WllWUYl/PGfuBkfN76pO86w8j/2wtTMi/yxM+X90p/ikl833MBgDhN63YQmYeX3Q05owk1wXCpou0BDNSqvzwk8tbRBJp80Xzeh0ZzdmtVNaAy924p6nUC5T+CDWe8bpv78qYyfALxpxJ9J5E2X/On8hinxDdXpjD8Vze2EPxMVf33yB2RAJL8ifrx5Q23kTwu8ob4nf2rFE22QyVc1CflOqfmOvRtEE8kboTZ5Qy2KAVlivHHlj1sF6QmB1ah8X8L6jH9b/CHN1/FGw58ueePKnyDqNf4MvCnxp8UR8OaPqlD8GV3wUox23lA+YPEc5p78m3C8MTVgwvkzf8VPAlNz5GSG6WceRnL6cO5beTNh/Fleym70XrYA/vxzSJ/fC764FsnLr0ZywRrg5ENY+O1b2n8WcU9Kj+wHFuf7rsZEy/cGcPwT0FFRUVErVXIyTnyGwnKIHb/FU1KyE7ID2Ph5IrqHjGB8HhPHSzZ/nbGifOWw6uRO+ww86pdKLV9eb03PqJJ8ktAyktiabnyXKmx9Jp4hAbasQLVOoDTD5ZWO655RhWJcS88wo75pAMwjplrrM6ks8UMuR8PNWgvdcOXva+IFalzQZwRZn4HnMsHymTCZnlGlP7rs6+Z15tqWLTM8o8oULxXPpFLH32CNH3ioftFB+g6x8Iae7cYbWh0zb6hV+FMVP8F548kfE29c+VOKN0/+SB1diz/ez8SrBoo3f1yGLz9eEz+mZ+A1fgYn5Y+QjTee/HEovpo31PbFH1T7RYepniN/jLUwhPvk8UfIxh+1t0xnm8ffEi/UGnkjjqvJH/OIqXZJ5jsO/DHEixN/tCMlZOOP2v7+eGOIn2DPHLfwp+gg1ZsI3ohy/Z/B2cr8ioaj1F+l+DHxxpU/xmcAO/InWL5jqjCNH1VG3pjCkdrKYRPjXxE/Yv7OZN+dP/VvYNEGVHevUHj+mJ4BTHwpbkQFRfyZ+KOOv8F680dVKP4kp15AOlwAn5qRDmDA9Bz47BqwhVMw88c93ynZJcAfzKwBpsp/Q5mli2Dzp6F/BjDlj+fvOx3xZ3npABb//A6wt/8cBlu3Y7Bp+/jl4Snw/fdj8bMfXrY3fwEeb/62oLgDOCoqKmqF6tiH1kKZEInEFkWiy7IElCXFhEeeKDEpiWckBS0mWGpiKkuZA0gJLhOJnqcscwpFpgkXTbAtaX44q5tfinahVndUiF7RMMNspaVCtgkPPb5l6arrcLjN9xlvrwl+RXVtvlsFq1pvKsHDNv2BxdsP2f7mmsQdEjJ/w84OTLwRFeqBP543tIOrYfxNAn+EnHjTqP2uJfbJH09F/pR5E4w/DvEycfzR2DbVsLxW+ONynqa6wfjjfMUAcVA73mgDaqpr3oDUvgfeuOY7zbtjknhD4412SJAG2+Xzga443eZ78aZL/ni1vyPeBJ1vWdRw/H0l1254zc8hXbelVN70C99DcnRv7fFviz/NZeKPakcXbsPwoleWapycPoLpZx4O1PJMffMnakmKL5wFP/pc39WYeMUdwFFRUVFRTuJg42ftcjbe4csyX7wurRjNVz3K74ORfC67TpbXAUyXhponUKxwxBzZs0HlCbaxZM2OA8OOqNLOTZM1rFAvmmXxmd7KLXBvPxwSalqAWrAYf3Ec3cmt27GgrhQtrxBVq0d84wplxwl30wklk62IA1qiFC+6FcGaFcLGeDGsSC+GwRIveTlSdaVqmnak6ttbYU0y7ohk2XzTEj/5eFusKX68d0ioTbctYLe3X7pw6RcEB/6YdmC68sewQr24TE3eGPhT3X6DVWTijb5CVv7oeOPDHxNvpDCWa+7EGx/+mHizZPijVsvGn+r2V9jSCZkmjj9lK9c8LH8MvJlo/hBr4k0w/tALhOFPZb7TiD9lK9c8LH9ceUN9C3/k923WxJ+8REv8+OY7mi7QWuMVTPyhA2bgDY0DZ9548Af64ffij5Nq8KbpfMvIG/p9J2rQLN8pdUdP+U5z3tA4s/BH0xzKG+P9wiop/e3KHwtvguQ7jvwheU778y0H3kjWlO9YeRNsvmWJH6mdtfij9LeJP3resJOHgPVbQAdwtPoiDF7ci2b8EZcLy5/q9husIhN/Ct6kay6SjitsMn983Da0me/U548Tb6KWhxbO9l2DZal4AzgqKipqpYrz7ObuOBkD50izxDb3lSSOg2eesCkfJ87561y142STZ8mgOC7L3TgvkkSR4TFWO8HjkCZhnOeXEe8Wbcgsx7juVVZ3XpXlqhWNKJoj+aLCzgm9YyfI1nasZUJRXEaMo943jT+NF8VKcWa05DzI8aPzxayyRvvVHQk8n1+Kg13Gu2Sr4qUy/rL4qIofQBxUHvdA4+90Da2tjhfk4w+FP7bxL1kab5b4U+KlDd5o+OM1/g15w6R6VPGnaABqt1+5XKj4y+UQPzXG38ofbbxU8Ifypqr9tXhTET/w5E8lb2j8OcRPVbsd2t9u/FXzBnV548kfkHgTvGme7xh4U8Ufr/Gvme9k30eUP/k/Oxt/w7HO5Zv40+D7p4t8x7n9RZ4RlD9V8eIQf1be6NrkcFi5/QbrK2P5Jv405I0t/hzznZw/0oj7NtzEG+V92/gH443o64r46Zo3unMt5Zd5I17vhjfK/LyCN/lntWq+Vfl5M/NG9dvNd4p4cYgf2Q3+feMoS/ll3iAbpm7yHfr7jinfqc0fypsSfwzjf/xZ/P/s3Xu8JGVh5/9vdfc5Z2bgzMCAw8AAI3Jx5KIOCiREIEqUqPw2Ei9Rs3ETc9lNzMa8Yszlt0I2cTfJ7uq+8tuXuWhWd5ckmoiJGGUNGFRQMYgCyiggF5mBAeYwnGGuZ8453V2/P7qru/rpeqqeqq5L9zmfty+sefpUVz1V9fT3PE8/Xad16vZ+x6S7bK87Qe36jGrNxRHzZ7C99A8v2J/Kz5+E9ufXZ9Red0Jkhbwjz/XOaWdT45U/mc4dJpK/eKTqKqxITAADwGoV/kSy3yl7wePhcmiV4LuAOx1cr9s/638CsPODULn37PAyYv+R5YT6Gx1a10/kDu2udwx+dLn7/1k/kS7jeb2y9bthggqaAySjnHKAObS1/uWKX/Y25/qJYPdPpAcnPLZsaxDWO8Cij3+IsVnXOwLMy+MFr5XuOxoD5d762T+Rbm0/4ZnigWWwWsIA23Z6bafbeMi6+3B7UEz7sX4i2PGOmJi8CdaLPaC0eWNInTcDS9e8SZk/EevZ2o/9loZAQvtJmzdmOW3eWPPHMW9c88d25VZJ3ljbT/ILPlRbaeiK55Q3vTewoqqhmPZSRN5Y8idyucr7O9a8cc2fnPo7Qy9n1/zJ4Q684ISb5YGl9QUxCfkT0W5y6u/YcydYrYL8kWKaoy1/HPMmVDFr/qQ5IFv+uHLMG7OcmD/d/8/6F5Zs7WX0/o5D/jicrl7Zlj8Rmx3MG+WeNwPlzHmT0H4SmqUtb3rl2Ms2juMrM2+CCiecDwtbf8c5fyrr7wRFS9645k/C7/s0/R3vuafkLeyTv+74/ouwu4H2hlM6fwY65/7OuLy/M5Q33WVrwxbjGd1X0uJB1RfmO+1grPNHWOH85hLf/1uQWtUVAABUpf+pV19S8Ik/37eVu2MeX2r3HuhuybJMWZ3kZfi/iHX8tvF4mp0PbMvvH0O47HfXM86RdWme47hlbz9+r+ybZb9b9v3ez6KX3ef2/hfsyyyHli7H5IeWclhGHqt6ZYXLoR+a5d4y4foPLdMYqf35Q+XBKvjGMcdd/9DSPOfhpWxLv1fuX22zNfjD/xtoQ/225g/sO1TOfP1TtL/IY1dv+8HpNPMmy+VPvN4u7S/1zvrl6LwJ/nO8/mnOufXaWfIm9J81f0ItzJY3vXLavHHJn8hjVXQ59JolbxzyRw7L3tV1yJ/Y32HBvofzxo+rs+1Yo5bO7c+WN/b8cTLS9bcsU+w8Mm/Mcqbr77hMmz+hNlJJ/ri8ZgYux3BZ4fLQazhiOcb540eVQytmv/6hpVP78wf275I/9txJmT+uxxq1tB5TqH3E5s+I8sifEXZuyxuZ1z3u+o9yDZLyJlS2thVrC5PxSH/fsfmTKW/MpSVvzHLZeWMaaf++UYUU+VNa3hhtwsiXxPHWwHP6dcycP86/72LyZpT8ySNvsra/1qJq84+Hnts/tvb6UxWZP3JYprkGUXljli39nezv74TKRt1b67dEntTa4b3yW02jzpZl5LEm581Y5A/G39FDVddgxeIOYABYpYLv7FXok3s1qf8JPUV8F7D83s/7z9Pgd//6/Q/MBoJyrbt++AN8vt99fuiDgOEP/EV/QND8CGDoI7HhHfY+MRhUKOkjpf2l9TvyuuvbPzEaPM0sDx5G3CdWw0uZ5ajToajDivgEZeQWLDtOqFDwSc9eufvJ0GC/9k+MBtUy75BwXIYOM3wk4ctrvdyDzxgsD1yg4fYwdMuVufRDO05xh8LwJ9aD0x38PPJqDS+jqmsccVzZ2iATt9BdRl2wmBoPtR/nT6hb2s/g6R98+VuW4SOJyh+7mPxxzRuzPWTOG3MZbCah/bi+3I3n9cqJh1VO3iTfkWfLG/MOieS8MdubLW/M33/DCsobh/xJzBvX/LFU1zl/EgMtQ97E5I9z3gzljy1vzDskUuaPLW9c8ycqb8xllrxJuCPcvb8z2fmT/TvI1S8PVKu8/OktrUbPn+zfyRmc5mrzx77hXgXjn5Bw4bJ/B7nRPmTLn5jcseRP+Eji8mf4hEVsoaj8seWN2X7S5o25TJk3Q5zzxiwn5I+tvbjkj2Lay1D+pMwb40hS543reMu1v5y2v9Nrd8HprjpvvOiybQs59XfM32/u/Z1xzBujHNdenv2BdOpLhi5ce+ZYtWZPVv3gU4Prp+7vRB9OYt645k9U3qTJn9COW7Ob5c/MRta0vvBs53Ra8mYy3t/BSuAzAVwYJoABYLXyfbUVdL46HVy/25Hqlbs9K9t3AQc9r/B3hHjdZa/shcrh9UMjB39gJNHty/Z6eJGV1+BPu+XQaCUod5Z+qO7dpS+N+p14Qa+zV+6+6x/stzcLENU5dRnnpuUnLJP27yy4jka534AGys7fEWO2p4Rlf7Cr0H6D094vDx+b32tuQUMJf36g375SLn1jGbd+qIFm/g684cOyHK9l3bwHUM77D657sP9s1z/Vd+JFtDdb3vTPfYb8kfr5k3PeDOVPL28s+RO+EOOYNyn3P5w33cez5k2m/EnOm/5rOdR+Bo7Xlj/9E5gpb+LyJ6K99fMnXOcU+VPy9R91/0N5E+rvZMofW7uLbX+hvEmRP055k/L655c/msz8cdy8vb/TXa+k/o5r/kQdWyn9Hef2F583peXPqOL2H5M3/f5OsHpO/Z3wcsT+TmTemGU/aE4R17+AvPFC9agkb0xp25vz/i15Y5bN/Cmkv9NfDrWXtHkTkT/Zrv+ov+/i88dq1Lwp7fedJW+G8qfY/k4h7+9IvexM8/6O99wTqu3bpfZxp4U7LJKk1nFbVTvwVOb+zvhd//j9No/fGvmk2uG98g7t7b02bHmT+f2dlPkjs5yiv4PJ5i8elprLVVdjxWICGABWq94nQrsd7W7nfKAcXs94Xvg7YTpP87rjjtAnBdXdQXfZW8/Y/uBSg2Vb9Y2O7cBXqgTlwYciNx+9DD6RHqwffBI0VA6PJM07INT/5Ki1J+70keKo53eFBlRRAwpzeDVU7l++wWV8rftL6x0v/WVwxiPLSR+JTVqm/QSs+VNjc7ZP4FqXUZer9/OI9qLBduF6B4T1Chjtrz+gtrQXs9zbf/TpSmw/EbtP1X6sd7xY2kuooQbtbagBD16hwWXqvLGcEMvL03YHgFvemNWx5425HMifuPaTe96kzB9b3rjmz1B7S5k/xu+z1PkTlTdp8seWN67543L5eutHtB/zzs60+RP5go/Kn0BS3qTMH4fdx+eNuawqfxRf7p+wwZJj/lhrYWnu45c/gaT8GTxbtmfbr39CezGX1rwJ1suYP/YrNricyP6OQ/5Y2otT/kReqUBS/gwef3V5Y2k/MXnTK8ddsRH7O+ORN8F+LfmTS95Y2k9U3pjNMXS+htqPLW9c8ycqb9LkT279HVuFzfYzyJo3tuZoLmMvW3D9Y9pPMH73wmX3/HHv71jajy1vjNMbyD9/LHljlkPtJqhg0P5s+TN4/S3L1PkzKPf8kS9v7yPS8acNbkBSe91Gtdd37gLutZ+U/Z2h5ZjmT3PDyfLXbow85/VDc5J8e95E5k/K93dKyh9MNv/IgaqrsKLxHcAAsEr56nzCb/A7aSRZlp3vJpH8dvBJwPAnArv/Z5al/jpxdfFlPLe7jPvPXDdqGbfPqDqE6h7UqbOMKCtmqQxLf3g5+P2rQdlX9PcIDf5PsWX1yr06RB2LH7OMqrNxTIosa6g8cAH8UDnt9R9FyvbnG+sOVsE3Nud2vYeWcddAw0vf2M/gtTdahK/BtmMsFW5rvlkO6ugP1tl2rFHLpNdQ7/r3tx+cVLM8eDEUftDOJUOS2tsI7c83npuYP3JYprkGUXljlmPzJk3+qFcevP5+/DEl5Y25NI5RkWX1tj+4mlk2/jN/FrVMY8T2V3r+aHhp9hli88Ysp8qfoE5G3oxV/qRE/vTawWC5f02z93fUK8tWziN/Eo5RkWVb/kQsk67/KJL255I/oY3lkj/mOU/KH2O76fKn5Lwxlw7tTcY5Ck5qrzyKsvPGLDvljeznqvvkNHljLofyp3v9B3+/DbeVXjuwti71yrnmzSj5s6L6O655Eyq7nNOEvBkpf6Lyxiwn5o+xVIpl7v2dlI1gxOsfuXTYXa/sS7VnHpV3YI+ijqV5wlnqXgbn65/qGqTIH2t/Z+T8kVobz4w8md7CvLyDcyPljyLLoQswsFrJ+YOJ4S8tSItHqq7GisYdwACwag1/YjgoB9/9WzPKvQ/gef3ndbbU3V7kJwSHP98YlBV+vu0Dga4GduD1O5gDe+wvh+44sNwRZf8uKmPZPXDzE+r9w0ko2z4g6Xo6zBOd2Ek2dzC448TvwDPbT+iTwrZPiA5Wzygn3iExWPOhcurjt5yOoDF6Ce2n39BjPyFs/y4q27K7Ry+hvfT2E6puxCekzcOLPt6YpY31jkiv+wnlhPYTujMhdmlrP6nvkBg89KQPsCcff2jDQx/Jd8gf2x2YrvkTlTcD7SFj3ljyJ/74LcsBtryJrlD27+B0zJ/EOyQGa+6UN2nyx5Y3E5M/g9VKyp/4449ZDj2ha+zyZ3gZrnm++WPJm7HOH2Npy5vc8sfcQD75E9vfGSl/hpfhmuebP655Y5YT8if886SlLX96e0xoP2n7OxGnIHJp3YItf8wLZskbsx04502K/FH05U+VP04y5M2o4y1r3pi/74IajNbfGTodFfV3Rs8bs50l5E/E4Zh507vcznkTPu7u/41Nf8cxf4x+TvHjLYe8CS1t/Z3EvMltvJXQfkLHmSl/Bs63LX8S8mZ5QbW5B9Vav3noQvozx6r5vHPU2Pv9geevpPFW88Sz7d/9e2iPaq2j/TzKLX9seZM9f5zyBpPr8HNV12DFYwIYAFYr31e72/8NvpOj3e3Y2r6jI/gu4Lbf/TMx3Q6y+Z0dbX/wcfM7zIL9dzfS6fyFysHmgn86HY66xyIp/F1RwU8HH/e7u09YRj0vbukPLoNear+/GioPVtihQ+94EsLLxBMWv+xvJrh+0WXrdwRFXv/uMtzObEvjef3BraLLwagyw/EHzS9oSMH4MljZ5Xqn/Q7grN9R1StHfYo24/Fnan+2/frx7UW966/uZXO7/iN9J5XZXiLyJo3g5avutiLLvb06Xv8R88YL1SMuf/oHoMzHP7C5vNpfj0P7yXD9034np+LaT1TexB1/pryJaT9KmT+xeWO2P4f2E3fcDsdfbPuLzxtlzZuU+SOjvYX7O6PljyVv4vIn1fXP2N/p/j4y86f3z9Kuv2Vd5/3b8meE3z9l9Hecj7/fz8g1f+Lai0P7S8ybqGNyWG34+C3LtKz7t+XPiHmT1P4c+zu9/Ald8bQHbsubgZ8nXf/c8iY41zHtp+y8iXpuwv6H8yZ4vJy88cPtJSZveq/VuPFW7OvNnjeD5WL7O/324tB+wsXcf984Stj/cN6oe5nK6e8MtJ+Y/k7m/DHzZih/kq+/t+ch1U48U+0NW4ZOYHPjmfIOzam+8FzK/BlsL/3D80u9/kPrhvbXXnOcmiecGbly7ci8avufkh+8nzDm+ZPp3GEi+IuH5XP3b+GYAAaA1Sr4xHGvkxiUvV65u+Lg+r1HvO44w1Otu+xsy+u+sWQ83+zsG5+I7n1i3rL6EKOD6/qJ3N7SCy+DTwBHlLv/n/UT6TKe1ytbvxsmqKA5QDLKKQeYQ1vrX674ZW9zrp8Idv9EenDCY8u2BmG9Ayz6+IcMN+/osqUWg5ctuO5Gubd+9k+kW9tPeKZ4YBmsljDAtp1e2+k2HrLuPtweFNN+rJ8Idrwjxsib8HfiBevFHtDQHRn2UxUldd4MLF3zJmX+RKxnaz/2WxoCCe0nbd6Y5bR5Y80fx7xxzR/blVsleWNtP8kv+FBtpaErnlPeBD+IrIZi2ksReWPJn8jlUN6kzJ8J7+9Y88Y1f3Lq7wy9nF3zJ4c78IITbpYHltYXxCTkT0S7yam/Y8+dYLUK8keKaY62/HHMm1DFrPmT5oBs+ePKMW/McmL+dP8/619YsrWX0fs7DvnjcLp6ZVv+RGx2MG+Ue94MlDPnTUL7SWiWtrzplWMv2ziOr8y8CSqccD4sbP0d5/yprL8TFC1545o/Cb/vs/Z3as0F+U99Tzpui/HszoZbJ52n+s47Vsz7O8GDzc3nGWv01Q88Ka+1KM8LHcXY50/koWDC+Qfnq67CqsB3AAPAKtX7nhH1P82YuOw8IfQJ4GBbwUaNsizlyAo5LMP/uTzHmW881zeOKTj27nou56r7ZOdlbz9+r+ybZb9b9v3ez6KXwXUN/hfsyyyHls7XP1zXhGXksapXVrgc+qFZ7i0Lu/6O27Tu3x8qD1bBN4457vqHluY5Dy9lW/q9cv9qm63BH/7fQBvqt7XB76EOlTNf/xTtL/LYY/LHuCypJF1vl/aXemf9cnTeBP85Xv8059x67Sx5E/rPmj+hFmbLm145bd645E/ksSq6HHrNkjcO+SOHZe/qOuRP7O+wYN/DeePH1dl2rFFL5/Znyxt7/jgZ6fpblil2Hpk3ZjnT9Xdcps2fUBupJH9cXjMDl2O4rHB56DUcsRzj/PGjyqEVs1//0NKp/fkD+3fJH3vupMwf12ONWlqPKdQ+YvNnRHnkzwg7t+WNzOsed/1HuQZJeRMqW9uKtYXJeKS/79j8yZQ35tKSN2a57LwxjbR/36hCivwpLW+MNmHkS+J4a+A5/Tpmzh/n33cxeTNK/uSRN5nbnz/w3PozD6n21P2hbfVzpz2zXssnne92ztJcg6i8McuW/k7293c6/1vafIH8mfWRJ7G2/3HV9u8uPn9CPxyL/MHY8Q/NS82lqquxKni+nynGAQATbu9161ULfSjTlwbKCn3grhZR7qzv9cu+VKt1lsEnB2vhT65q8AN8Yb3HjfUUse7wGt2y7w9syNNgudNrTfpI5QjL3oEHD5vlyAPJj0s1C9hdrxxcZ/N0hJeO1XRdBoLTHfzAerkHn+FQznL94yrgsrSd4QQFX++892872szLDO0tkFQelpw/5eWNuQydkDTtJ60xyZvYpWM1s7Y3W970ylYF5U2m/LGeYaNsKPn6j7r/UvKmzPyJyptcfv+kbX/mCQmVJzh/El8dY5w/ycdfZf44n2GjbBjz/Amuv7l6murnnT+BTHljPqOy/AlOYMl5Yyq4vWXKH0u18loGzPzJnjdmecT8SdN+VljemPt3PdrJzhujnOKI2secoNaLrpJ/zPGRP2/sfVCNZx/tPz6h7+80TzhTzRPPifxZbemQGk/vUG1hn3V3vXL3cGN//TtWc9S8Sd/fwbjzl4/Kf3Z31dWYWA//9tdTrc8EMACsUnuvnZW8biev+ydtvO7MrtftYXndHl/vj7sMlDX0c2nwTyvZHpei/8SSVxse0NuGZInDNy//AU1+A5yEDVc1oHBW5QA+nwF95IAm4tmFLaMGNJazW4hKB1CjD+BzaW9p/qSbwbX15Zk3I+XPOOZNmflT+oSpUbZUp7T8iTncUvJnrNpflfkj44KEyjHtJ3XemEvyp4C8Mcsp8ydTezIPyFYeNA79naHDdzy7uRjLvAkUmTfmUv0LMmF545o/bhU0n5CzkfafNmHTXP+i8sc4/Ki8icifMvPGNX9yUWn7s+TNUP4UeAVS58+gMvKnvflctV74KmsdpvZ8V7XndmX7/TQG+dM6/nQ1TzrPukpjz/dU37cz4icZ8mbM8geTpf3sE9LyYtXVmFhMAAMAnOy9bn2n++T1u1FmOZiPDe749bo/CO74DU/YDnzFSbe/Fu6eeUZfzdZ1M9ezruvQX4zalhuHDnDuHduUHeCET6COPIBKWkYdvqKrk2kAlaTsAVWq/WcYMOUxwE41YBpxAO5w/UeSzMi1AAAgAElEQVRdDpw943Vd+ieASx3Qp8ybqu64yZA/ueZNmflT6vUfdf8F5I9z+zMr7FqOPtxeOcP1J3+yqjJ/zAMOiiXnjbnM0N5izmY++VOmTHljlnPOnzTtZwLyxmxvtrwZmj8uwljkTbC/IvPG0n6i8sZsjqEa554/ObQ/29l1Uur1T7t/8wVQQP5k/n1nHkD84VnLFeTPwNmKyZ/qr/+o++9voPWCV6h12nYNnYHuiZ56+j7V9z8xcfnTPO40NU8633oG6s/t1NSe7+WaP8NndwRV5w9K4x94Rv6RA1VXY6IxAQwAcPLMdbPy1L8zN7gj1+v2+KPK0XcAd3jdnln/of56vXWM8dBAsdux84If+Jb1UoibALYNuMwOdlHdfJcOd/j48/1lHdFlL3uAkzjgiR9A5y7lACNxAB+xuVEHWKkG8DFltwrGHb1tDymWub/BklTO8/hHF5k3ZeZPzOnO/w1mW94EFaogf1JOaOduxPY3DvkTcMqbkY7fdY9V5k9K5M9w3uSWPw7tZezyJ2JZpBH3V0j+uDwvorq55Y/zFnNoB5nbm3kAGZWdNzJqX0HeuPZ3Rj8d45Q3ZnszT0guB5wszQs65ulJ5VR5U2b+pDr+kvKmwA/UDBnx+qfllDee1J4+Vu2zLlP7xDOt25qau1+1fY+Vlj+jah1/hpqbtoUeGaxR7dCcGnP3y1teKCF/uqrOH4wl//Bz8g8+W3U1Jh4TwAAAJ89ctz70Xb7dpSR5/W6b51TuTvOG+pG97wIOrRfej9k9DPf/oiZtnYYZAxvuVKS/rQIH1olv6JgVtJVHlPOAKvWAO4cB9UgD7lyP32EAnnlA7ThgSiqP4xvI5umx13709uBw+l3bz+jHb+7QHNGXlDexH6AoIW/KzJ8M17/wvMl8/E57HFxWnj95Hn8GE5A/gfzzx5I3Y50/Oasof0b5/TM++eOaN2Y54frn0r4CCe2n7LxJuf/c88ZcOrS3QGn5M7SHMvLGbH+BnPNnFeRNbPsJ/cD6cneWU96UmT8FX/9ELi8P99XzyZsy82egQrb8yXaE7WOep9bZl8nfsMW6XuPZR9XY+2DEgYdO0BjkT3PTNjWPP8O6mdrCPjWeeVDewr7Y2o5z/lTy+x65848elP/cXNXVWBGYAAYAOHnm2tneJyI7f8q5e4ev3/kuXq/b4+rdISyz3NGZZO1syPyu4PDz+o939fangR5maHM9Lt3oqA5sLW78VkKHNlx/pw7tGA0oB/fvOqRLsRyzTyRHfkLYvnopA2rz7NrKmRTa/hzaS+QEhsv1H3UZHH+wn2zH69oaU13/nI82EHl4VQ+oy84bl/xJ035WYN6kaj9pFZo3pnHKG7O9ybgg2Y4/df5kuP6F502Z+ZNq/yXlDf0dp/5OLsYif0rMG7N95PwBjVzyZ8SjC2TOnzKl2n8O+VN43iS0H5fqOWy9irzJpXmUmjcm8wVWZv50JfZ3ismfNNc/vH5r/clqn3WZ/NlN1n3WDz+j+tM7VGseTc6fkq+/31ij5ubz1T7medZ1vMUDajzzkGqH54z9uybqOOUPJpm/eFj+vqerrsaKwQQwAMDJM8F3AKvbrfKU7o5gP/i3N9Cvk9+/A7j3nJDwHHBUd86z9PGGHnboh9q2Fb31lB3gwj6RbB6gpZxygFHFANu1epkG4JUOsM39WQbcPQUMtK0nPlgt3wHTUPvJ4fqP2v7Cr/PC30A2jdTe0r4CHK9/LmfWPECLjHkT9/SR8yfldsyzG4u8SX7Bp2k/jofbK3d3E1ud/I86Pm8s+VOIXNtfTnlTZv6kPP7c88fh8HPNG9NE5E+Br8DU/Z0S8qe4ox1uL2XnjSnX9uaQNy7Xv8i8ccmfGCPnT4F543T5xipvzKX5AhjHvBkxf6Lypsz8icqbMvMn1/bn9opobzhVrTNfIX/2edbr7zWX1Hjmgc73ApedN5bjb23YouVN26TatP0MLB7U1LMPyTu4x/n6r+r8QWGY/M0fE8AAACdz187K80J39nZ79p7vR94RLL9zh29/UnX4u4DD3VnbRK91ArjbsfOCHxgdPi/Dbyv3CeDh/dkGXJbVcxlw2d7fSD/B5doFdxnwRlRopKV5BlOc0CLlvH/X4V7sgMuxWrkMwAY2YI7wHdpPEW+4pBpAj6jiAeY45E1+d0hMQt4E+4l5epHGMW/KzJ/YDdjyp+C8STWhPWL+5Hz9U+8+Km8i8if33AmWKzZ/emc4vjzh+ZM6b8xlhfmTXMEq8yd0gvLMm1THr2ryJ2X18s6fQPrDT2pxjtc/lyMzz6ClXHbemEbcf+b8GYu8MXdoyxuzXETemO3PdkZHVHHe2E6HmT/tDVvUOuOH5G84OXZztUN7NLX3IWnxYPa86a6Q9f0df2ZWzRPPVvvYzcYzBrfgHT2gxrMPq3ZozuH6F5Q/VV9/jAX+7HMxmAAGADiZu3a9al6oi9b9d7gcdUdwdNmT73cfDzrW6vcre4+H9uP3dzNY9qL7g95QyejwRgyovNpgOZ8ObtIAK3jYLNuuRE5K7mAPdfejBlQ5D7BjB9xRAyrr8ScN2XMaYOc5gEpS9YAq5f5tR5t5maG9BZLKw9zyp5y8MZehE5Km/aQ1JnlT5Bt6Se3NljfJd0gUlDeZ8sd6ho2yoeTrP+r+S8mbMvMnKm8KeUMvqf2ZJyRUnuD8SXx1jHH+JB9/lfnjfIaNsmHM88c2oZmm+nnnTyBT3pjPqCx/ghNYct6YCm5vmfLHUq28lgEzf7LnjVkeMX/StJ8Vljfm/l2PdrLzxijn1NLbs5vV3nqR2ic8v/+4pb/T2LdL9X0/kLd0JPaIRhaqpj+9Tq3jz1Dz+NMT21/tyF41nn1UtSPPZtpdr9w9/Nhf/8rj7CfnTfr+DsaBf/g5+QfTtUO4YQIYAOBk7n2zvQnS3p3Anjp32nqDdwYH3+lrfsfv4B3A/fWl/ncFh5838Hi35+hFTGB06jXYBTWHZi4DnGCiOq8BTX4DnIQNVzWgdFblAD6fAb3tE8DmswtbRg1oLGe3EJUOoIodwDu3txHuuHFtfXnmzUj5M455U2b+lD5hapQt1Sktf2IOt5T8Gav2V2X+yLggoXJM+0mdN+aS/Ckgb8xyyvzJ1J7MA7KVB41Df2fo8B3Pbi7GMm8CReaNuVT/gkxY3rjmj1sFzSfkbKT9p03YNNe/qPwxDj8qbyLyp8y8cc2fXFTa/ix5M5Q/BV6B1PkzqOr8aa89Tu1Tt6t9ynlOZ7x24EnV9z/Rn2gt4Pq3152g1oZT1V5/imOddqsx/5i8xQMF5U+W619O/mC8+AeekX/kQNXVWLGYAAYAOJm7tvsdwF7yd/+GJ1J75dCAzgutEMzvhrtmZjfN8+w/M38+8Hi44NBftG0nmUMHOPeObcoO8NCAavAIRh5AJS0dBlSuZzOTUgfUafefYcCUxwA71YBpxAF4ygF1luXA2TNe16V/AriAAb1dyryp6o6bDPmTa96UmT+lXv9R919A/ji3P7PCruXow+2VM1x/8ierKvPHPOCgWHLemMsM7S3mbOaTP2XKlDdmOef8SdN+JiBvzPZmy5uh+eMijEXeBPsrMm8s7Scqb8zmGKpx7vmTQ/uznV0npV7/tPs3XwAF5E/m33fmAcQfnrVcQf4MnK2Y/Kn++o+6f4f24vtSY0atzS9S67Tt0vQxTte/tnRItUN7VDs0p9rCc44HYs+f9prj1Z59ntrHnKT2zLFOx++1l1Tbt1NT8zvlt5dLyx/b2cyk6vxBLvzlo/IP7JWWF6uuyorGBDAAwMnctbOSOnfket0Ob/i7f8PfCSwv+o7gTrmjM9kaLvc7tOYwKHICODzgCGakzeelPMa4CWDbgMsc4Oc5wErb4Q4fd76/rC0DnjLfYEl8wyV+AJ27lAOMxAF8xOZGHWClGsDHlN0qGHf0tj2kWOb+BktSOc/jH11k3pSZPzGnO/83mG15E1SogvxJOaGduxHb3zjkT8Apb0Y6ftc9Vpk/KZE/w3mTW/44tJexy5+IZZFG3F8h+ePyvIjq5pY/zlvMoR1kbm/mAWRUdt7IqH0FeePa3xn9dIxT3pjtzTwhuRxwsjQv6JinJ5VT5U2Z+ZPq+EvKmwI/UDNkxOufllPeOF5//7hT1Tr1JfJPOCNVHbx2U97Cc6otHpCOHlStuSAtH1WtvSy/1eznT72hdm1KfmON/Km18mdm5a9Zr/aa46RaI9U+a4ef6dyJfPDpcE1GuP6jLruqzh+Uzj80L//QvqqrsSowAQwAcJLmDmDPKJt3BHvd/w862EF/0vyuYM/YT/DcoeGOZVwRO9wY6Hd2KtDfToED68Q3dMwK2sojynlAlXrAncOAeqQBd67H7zAAL2xAFUgoj+MbyObpsdd+9PbgcPpd28/ox2/uMLj+5h4LzpvYD1CUkDdl5k+G61943mQ+fqc9Di4rz588jz+DCcifQP75Y8mbsc6fnFWUP6P8/hmf/HHNG7OccP1zaV+BhPZTdt6k3H/ueWMuHdpboLT8GdpDGXljtr9AzvmzCvImtv2EfmB9uTvLKW/KzJ+Cr38il5eH++r55E2Z+TNQIVv+FJA73aXfWKP2SS9U++Tz5B+zMXTgoROUOn9SZFRCNb2lI6rv3636gSfkLR913lxSeRzzp5TXGzLzFw/LPzgvNZeqrsqqwQQwAMDJnvfNyvO6nT6vc6dv+A7g3lKdO4SDO3rN7/gNOo2dydb+zyXzTuF+F9Mb6FFGlDPcAWzrwAaTwFV0aMP1durQjtGAcnD/rkO6FMsx+0Ry5CeE7auXMqA2z66tnEmh7c+hvUROYLhc/1GXwfH38ybL8aYeQJvLsgfQtgOoakBddt645E+a9rMC8yZV+0mr0LwxjVPemO1NxgXJdvyp8yfD9S88b8rMn1T7Lylv6O849XdyMRb5U2LemO0j5w9o5JI/Ix5dIHP+lCnV/nPIn8LzJqH9uFTPYetV5E0uzaPUvDGZL7Ay86crsb9TTP6kuf5Zjq59zAlqbzpH7ZNeKM0cm1zBoq9/a1H1g0+rduAp1RZCd1um2r9roo5T/mDc+EsL0uHn5C8eqboqqw4TwAAAJ3vet75/h263X+V1/8/pjuDgsW5/rreCb3xHsPkcDT5u/sy2ztB6jh3cqO1EbzllB7iwTySbB2gppxxgVDHAdq1eUjlSpQNsc3/mAQfXP5DnADup/QWr5TtgGmo/BQ2w07S/4IFS3kA2jdTe0r4CHK9/LmfWPECLjHkT9/SR8yfldsyzG4u8SX7Bp2k/jofbK3d3E1ud/I86Pm8s+VOIXNtfTnlTZv6kPP7c88fh8HPNG9NE5E+Br8DU/Z0S8qe4ox1uL2XnjSnX9uaQNy7Xv8i8ccmfGCPnT4F543T5xipvzKX5AhjHvBkxf6Lypsz8icqbMvMn1/bn+opwuf6dZXvdCWo/72z5z3uB/HUbHSs8Yt6Elt7SEdUPzXW+b/jI/Oh5Yy5Xe/7Amb94WP6RAxITv5VhAhgA4KRzB3CnJ+V5xnf9evY7goNO5fAdwP3uZv8xDT0m28/MDq401OHLMpxymwAe3r9twGVZPZcBl+39jfQTXPkPeMbtDd7c5bz/1AOyDAOsXAdgAxswR/gO7aeIN1xSDaBHVPEAcxzyJr87JCYhb4L9xDy9SOOYN2XmT+wGbPlTcN6kmtAeMX9yvv6pdx+VNxH5k3vuBMsVmz+9MxxfnvD8SZ035rLC/EmuYJX5EzpBeeZNquNXNfmTsnp5508g/eEntTjH65/LkZln0FIuO29MI+4/c/6MRd6YO7TljVkuIm/M9mc7oyOqOG9sp2PU/GmvWS//uFPVPuH58o87VWpMO+0/2/G3VTv8rGpHnlXt8DPyFg91H3fIn8rHW3kcP8aF31ySjh6Sf/SQ1FyuujqrHhPAAAAnwR3AknqTpF7o39Lwd/hG3RHc+7kv1WpeZ+kF5cGO9kA3MbwfDXdfo8Ye3sC/ojq4wQ4Gy8FEdj4d3KQBVvCwWR4+nlyV3MEe6u5HDahyHmDHDrhDP7COZwaf4VAecYCd5wAqSdUDqpT7tx1t5mWG9hZIKg9zzJ9S8sZchk5ImvaT1pjkTZFv6CW1N1veJN8hUVDeZMof6xk2yoaSr/+o+y8lb8rMn8j+Th6/f9K2P/OEhMoTnD+Jr44xzp/k468yf5zPsFE2jHn+2CYU0lQ/7/wJZMob8xmV5U9wAkvOG1PB7S1T/liqldcyYOZP9rwxyyPmT5r2s8Lyxty/69FOdt4Y5SJfAQ7v77SPOUH+hlPkbzhZ7fWbpZlZDbyhloHXXFDt6H7Vjjwnb2GfagvPldL+bHkT++vfUq288yZ9fwej8+UvHZWWFjp/4nl5seoKIYQJYACAk+A7gOUrdKdvt9Pnde8A7q7gdXtYUd8J3P+5htaXhr87uPd4qCfnDfQkO6t5Q13QjuCRNAOcmhfRwcwwoMlvgJOw4aoGlM6qHMDnM6DP6xPAmZdRAxrL2S1EpQOoKgfw5lLGBQkktJ+EtYvIm5HyZxzzpsz8KX3C1ChbqlNa/sQcbin5M1btr8r8kXFBQuWY9pM6b8wl+VNA3pjllPmTqT2ZB2QrDxqH/s7Q4Tue3VyMZd4Eiswbc6n+BZmwvHHNH7cKmk/I2Uj7T5uwaa5/UfljHH5U3kTkT5l545o/uai0/VnyZih/CrwCqfNn0DjmT+jsJl+++rTaa4+Tf8wJ0rrj5a9ZL605Vv7Uus5dwvXpfkX8trzWktRakrd8VF5zQd7SEXlLh+QtHur8LK1S8ifL9S8nf5CW32uLfqsltZudO3tby/KXF5nwHXNMAAMAnOx53/pO98lL+K5fr3+HbvBhxuCOX6/7g8GJ5NBAL/Qcs6sW/mBkVDfO9sHJ3sMpOrjpP4Tp0AHOvWObsgMc8QnUsJEHUElLhwGV69nMpNQBddr9Zxgw5THATjVgGnEAnsOAOtWAO/SDSj4BPNKAOq2UeVPVHTcZ8ifXvCkzf0q9/qPuv4D8cW5/ZoVdy9GH2ytnuP7kT1ZV5o95wEGx5LwxlxnaW8zZzCd/ypQpb8xyzvmTpv1MQN6Y7c2WN0Pzx0UYi7wJ9ldk3ljaT1TemM0xVOPc8yeH9mc7u05Kvf5p92++AArIn8y/78wDiD88a7mC/Bk4WzH5U/31H3X/Du1l7MZbg8txzB/b2cyk6vwBJggTwAAAJ3veNyupc4du+Dt+5Xe++zfyO4G7M7uDdwT3O56D3wPsd7ev0GOhf5uPGx0829DJPqSKZ04C2wZcZge7qG6+S4c7fMz5/rJ2HPAUOcBJHPDED6Bzl3KAkTiAj9jcqAOsVAP4mLJbBeOO3raHFMvc32BJKud5/KOLzJsy8yfmdOf/BrMtb4IKVZA/KSe0czdi+xuH/Ak45c1Ix++6xyrzJyXyZzhvcssfh/YydvkTsSzSiPsrJH9cnhdR3dzyx3mLObSDzO3NPICMys4bGbWvIG9c+zujn45xyhuzvZknJJcDTpbmBR3z9KRyqrwpM39SHX9JeVPgB2qGjHj903LKmxGvf1H5Mzpb/mS5/qMuu6rOH2AFYwIYAODk6fetH7zj14v/rl8p/juBfb//HcBBR9sLPT/8vODxgPkdwJKGJmx7j9sOaKDfafaoB/9kdbEDbLNDbVbQVh5RzgOq1APuEgZUgchyrsfvMAAvbEAVSCiP4xvI5umx176QAXV1n1A2dzicP6XkTewHKErImzLzJ8P1LzxvMh+/0x4Hl5XnT57Hn8EE5E8g//yx5M1Y50/OKsqfUX7/jE/+uOaNWU64/rm0r0BC+yk7b1LuP/e8MZcO7S1QWv4M7aGMvDHbXyDn/FkFeRPbfkI/sL7cneWUN2XmT8HXP5HLy8N99Xzypsz8GaiQLX8KyJ3E9hc6QROUP0m1Hef8KeX1BkwQJoABAE6e/g+d7wD2JMnr3OkbvgNY/uB3/fZ+rujvBO5spt9D698B3O+xeaEuZv87gDs/9oY61IqcBLZ1qRO73175HdpwnZ06tGM0oBzcv+uQLo8BVWiZZoCedsBlqc44DajNs2srZ1Jo+3NoL5ETGC7Xf9RlcPzDeZNG6gG0uSx7AG07gKoG1GXnjUv+pGk/KzBvUrWftArNG9M45Y3Z3mRckGzHnzp/Mlz/wvOmzPxJtf+S8ob+jlN/JxdjkT8l5o3ZPnL+gEYu+TPi0QUy50+ZUu0/h/wpPG8S2o9L9Ry2XkXe5NI8Ss0bk/kCKzN/uhL7O8XkT5rrX2j+VHr9E/Y7tH/XRB2n/AEQYAIYAOAkyx3AA+v5SvUdwL3nh8T9zPz50HopO9hR2xrcasoOcGGfSDYP0FJOefxVDLBHGkApwVgNsMwDDq5/II+BtWv7C1bLd8A01H5KGGAntb/ggVLeQDaN1N7SvgIcr38uZ9Y8QIuMeRP39JHzJ+V2zLMbi7xJfsGnaT+Oh9srd3cTW538jzo+byz5U4hc219OeVNm/qQ8/tzzx+Hwc80b00TkT4GvwNT9nRLyp7ijHW4vZeeNKdf25pA3Lte/yLxxyZ8YI+dPgXnjdPnGKm/MpfkCGMe8GTF/ovKmzPyJypsy8yfX9uf6inC5/qPmj3mAlnLK4x85b8zlas8fYIIwAQwAcPL0+2Zl3uErr/tdv8EdwN7g41L/O337dwQH5e6y+1i/rKF1FPWziA6eV9NQhy/rkCp+AlhDHUzbgMuyei4DLtv4Iv0E1zgNeBwHQFV3+HPef+oBWYYBVq4DsIENmCN8h/Yz6nLkTwiPqOIB5jjkTX53SExC3gT7iXl6kcYxb8rMn9gN2PKn4LxJNaE9Yv7kfP1T7z4qbyLyJ/fcCZYrNn96Zzi+POH5kzpvzGWF+ZNcwSrzJ3SC8sybVMevavInZfXyzp9A+sNPanGO1z+XIzPPoKVcdt6YRtx/5vwZi7wxd2jLG7NcRN6Y7c92RkdUcd7YTkdp+RPzci/u/Z1QufLxlsPTAWTCBDAAwEnvDmB1O8Jepx/mdcu+Bu8IVvdnwXpD5aBDLa/Xse5NFnf7l+Z8rhfeboj5c5Nn7eCGnmiUvZE7tq4DrOBhsxx9LLkpuYM91N2PGlDlPMCOHXBHDaisx+86gBpxgJ3nACpJ1QOqlPu3HW2eA+xU7SemPMwxf0rJG3MZOiFp2k9aY5I3Rb6hl9TebHmTfIdEQXmTKX+sZ9goG0q+/qPuv5S8KTN/Ivs7efz+Sdv+zBMSKk9w/iS+OsY4f5KPv8r8cT7DRtkw5vljm1BIU/288yeQKW/MZ1SWP8EJLDlvTAW3t0z5Y6lWXsuAmT/Z88Ysj5g/adrPCssbc/+uRzvZeWOUi3wF8P7OBL2/A6wuTAADAJwE3wEsSf07fdW9E7f7nb/dnlX4u34H7hgeKAfbUuTPFdpe0IMM7jSW50V8B/DgHcZhaYZzvce90Qc0+Q1wEjZc1YDCWZUD+KEraxyQrWwcftSAJuLZhS2jBjSWs1uISgdQVQ7gzaWMCxJIaD8Ja0dd77wnDEJnMzl/xjFvysyf0idMjbKlOqXlT8zhlpI/Y9X+qswfGRckVI5pP6nzxlySPwXkjVlOmT+Z2pN5QLbyoHHo7wwdvuPZzcVY5k2gyLwxl+pfkAnLG9f8caug+YScjbT/tAmb5voXlT/G4UflTUT+lJk3rvmTi0rbnyVvhvKnwCuQOn8GjWP+hM5u8uVbFfmT5fqXkz/AasIEMADAydPvW9/rPvW+87f7gNf9P/M7gT11+m6e1HsgWNfrlb1+ubt+wOyuxf3M/PnA46H9u3Zwbduy7yGhA5x7xzZlBzjhE6gjD6CSlg4DKtezmUnZA6pU+88wYMpjgJ1qwDTiADyHAXWqAXfoB5V8ArjUAX3KvKnqjpsM+ZNr3pSZP6Ve/1H3X0D+OLc/s8Ku5ejD7ZUzXH/yJ6sq88c84KBYct6YywztLeZs5pM/ZcqUN2Y55/xJ034mIG/M9mbLm6H54yKMRd4E+ysybyztJypvzOYYqnHu+ZND+7OdXSelXv+0+zdfAAXkT+bfd+YBxB+etVxB/gycrZj8qf76j7p/h/YyduOtweU45o/tbGZSdf4AE4QJYACAk2eeeUaS5Hmeet/bG/PvuMfilrbHbOvYfu7yeJwszwEAAAAAAAAAoGr37vhBqvVryasAAFarvD8jxGeOAAAAAAAAAAAoFhPAAIBCpJ3sZXIYAAAAAAAAAIDRMQEMAEiFiVoAAAAAAAAAAMYXE8AAsErZJnKZ4AUAAAAAAAAAYHIxAQwAyDTpaz6HiWMAAAAAAAAAAKrHBDAAoDJMGgMAAAAAAAAAkC8mgAEAieImaqu4E5iJYwAAAAAAAAAAojEBDAAAAAAAAAAAAAArBBPAALDKhe+mtf27KuNQBwAAAAAAAAAAJgkTwAAAAAAAAAAAAACwQjABDAAAAAAAAAAAAAArRKPqCgAAAAAAAAAAAAAoX6vVUrPVVqvVVrvdVttvy/f7X8/neZ48T6p5NdVqNdXrNTXqNdXr9YprjjhMAAMAnPm+L8/zSnseAAAAAAAAACBfy82WlpebWm42exO9Nr7vy/eltlpSqyUtdx73PE9TjYamphqaajAZPG6YAAYAlIrJYAAAAAAAAAAo3+LSshaXltVut0felu/7Wlpe1tLysmq1mmampzQzPZVDLZEHJoABAAAAAAAAAACAFWppaVlHl5bUbsff7ZtVu93WwtFFLS4tac30tKaZCK4cE8AAgFjcsQsAAAAAAAAAk6fVnZhtNlul7K/d9nXk6KKWmk2tXTOjeq1Wyn4xjDMPABgbSd83AQAAAAAAAABItrS0rIOHjpQ2+RvWbLZ08NARLS0tl75vdDABDAAAAAAAAAAAAKwQC0cXdeToYtXV0JGji1oYg3qsRkwAA8Aqxh23AAAAAAAAALByHFlY1OIY3Xm7uLSsIwtMApeNCWAAAAAAAAAAAABgwh1ZWJZyoNQAACAASURBVNTS8vhM/gaWlpkELhsTwAAAScXcDcwdxgAAAAAAAABQvIWj4zn5G1haXubPQZeICWAAAAAAAAAAAABgQi0tLY/Vn322WVxa1tIE1HMlYAIYAAAAAAAAAAAAmECtdltHJujO2iNHF9Vqt6uuxorHBDAAIDP+xDMAAAAAAAAAVGcS/6zyJNZ50jABDAAAAAAAAAAAAEyYpaVlNZutqquRWrPZ4k9BF4wJYABAatz5CwAAAAAAAADVOrq0VHUVMpvkuk+CRtUVAAAAAAAAAAAAAOBucWlZ7XbON+q0lzT32EO6/5Fd2n2o89D6k8/QBeeera3r6/nuqu1rcWlZM9NTuW4XHUwAAwAAAAAAAAAAABNkMec/oTy/4/P66Gd2aa5p/OA7u3Tbzbdp9gUX6uffdpG25DizyARwcfgT0AAAAAAAAAAAAMCEWG621G63c9ve3O0f1x/9fcTkb8jBR+/Wn3z0q5rLb7dqt9tansDvMJ4E3AEMABji+748z6u6GgAAAAAAAAAAw/JyzExtWgfu0idvO9grbnzxRXr7K8/X1uOm1Ty6R/d/6TZ9/Bv71JSkp7+rj956hn731Vty2/3yclNTjXz/vDS4AxgAAAAAAAAAAACYGMvN/CaAd9/5gHZ27+pdu+0V+vVrLtTW46YlSY01J+mC175F/+6H1vXWn9/xsHbmtvd8jwV9TAADAAAAAAAAAAAAE6DVasn3/Zy2dkQ7nzzS/fe0tv/weVobsdbW807XbFA4cFAHctq71PlrlK0WfwY6b/wJaABYpfgzzwAAAAAAAAAwWZqtHL+EV+t06U//jC442pIa6zS7JsdNp9BstVWv82eg88QEMAAAAAAAAAAAADABWrlOAKsz8Xts/Co7v7tLvW8JPv0kPT/fGuR/TGACGAAAAAAAAAAAAJgE7XaZk6Ut7f6XG/XRfznSe2Tby17S/3PQOSn3mFYHJoABAAAAAAAAAACACdD2S5osPbpLt95wq/7p0aXeQ2vPvUJvf/F07rsq7ZhWESaAAQAAAAAAAAAAgAng+yXsZO4uffj/3K2H+zf+atPLr9Svvv4srS1gd6Uc0yrDBDAAAAAAAAAAAAAwAfzCZ0v36tYbQpO/x27Rm3/utbp4Y72wPRZ/TKsPE8AAAAAAAAAAAAAApCe+q6/t7f67dpLe/K6rdfGaSmuEDGpVVwAAAAAAAAAAAABAMs/zit3BoYM6GPz7nLNLmfwt/JhWISaAAQAAAAAAAAAAgAlQ+FzpurW97/lde+xswTvrYP43f57PH9YGgFVpz5498jyv958k53+bS9vPkh4z/+1STnrchk+RAQAAAAAAAJh0hw4vqNlqVV2NXDXqdR17zNrkFVexe3f8INX63AEMAAAAAAAAAAAATIBabeVN7a3EY6pao+oKAAAAAAAAAAAAAEhWr9ek5QJ3MPd1feij39HO5rTOuup1+rcXn1TgzjrqdSaA88YZBQAAAAAAAAAAACZAo+DJ0vtu+452LklqL+nhm+/WA4XuraPoY1qNOKMAAAAAAAAAAADABKjX6/I8r7DtbzxuXb+wfp1mC9tTh+d5qtfrBe9l9eFPQAMAAAAAAAAAAAATYqrR0NJyMX8HesuVV+vt+hfdr5N0xQ9fqC2F7KVvqsFUZRE4qwAAAAAAAAAAAMCEmJoqbgJYteO1/dWv1fZitj5kaoqpyiLwJ6ABAAAAAAAAAACACTHVqKtWm/wpvlqtpqkGf/65CJPfOgAAAAAAAAAAAIBVZGZ6quoqjGwlHMO4YgIYAAAAAAAAAAAAmCAz01Oq1byqq5FZreYxAVwgJoABAAAAAAAAAACACbNmerrqKmQ2yXWfBEwAAwAAAAAAAAAAABNmenpKjQn8Dt1Go65p7v4tFBPAAAAAAAAAAAAAwARau2am6iqkNol1njRMAAMAAAAAAAAAAAATqF6rad0ETaiuWzOjeo3pyaJxhgEAAAAAAAAAAIAJNT09pZkJ+JPKM9NT/OnnkjABDAAAAAAAAAAAAEywtWtmND01vpOr01NT/OnnEjEBDAAAAAAAAAAAAEy4dWvHcxJ4empK69Yy+VsmJoABAAAAAAAAAACAFWDd2pmx+nPQM9NM/laBCWAAAAAAAAAAAABghVi7ZkbrxuDPLa9bM8Offa5Io+oKAAAAAAAAAAAAAMjP9PSU6o26Fo4uqtlslbrvRqOutWtmVK9xH2pVmAAGAAAAAAAAAAAAVph6raZj163V0tKyji4tqd32C91freZpzfS0psfoT1CvVkwAAwAAAAAAAAAAACvU9PSUpqentLi0rMWlZbXb7Vy3X6vVNDM9NVbfPbzaMQEMAAAAAAAAAAAArHDBJO1ys6Xl5aaWm035fra7gj3P01SjoamphqYa9ZxrilExAQwAAAAAAAAAAACsElONenfSdkatVkvNVlutVlvtdlttvy3fV29i2PM8eZ5U82qq1Wqq12tq1Guq15n0HWdMAAPAStZakh78ovTYndJT35Xmd0qHn5WaS9pUn5K/dqNaG05Vc9MLtbzlQjVfcLnUmK661gAAAAAAAACAEtTrdSZzVyDPz3pv95i6Z8fDuuc7D+nRXU9pzzP7Bn72wjNP04vPfYG2X3C2nnfChopqCAAleOJe6a6/kb79aam55P68xrQWt71Oiy9+k1onXyDP8yQFn/Lq/9tc2n6W9Jj5b5dy0uM2adcHAAAAAAAAAGAc3LvjB6nWXzETwHfd+6D+/nO369l9B5zWv+TCF+mNV1+m4zfMFlwzACjRvl3SP3+wM/E7oqUXvV5Hf+Rdah93KhPAAAAAAAAAAABUZNVNAC8uLevP/tdn9L3v7xx4fN3aGZ12yiZ5NU9+29fC0UXt2j03sM709JR+9i2v0UXbt5VZZQAoxl0fl266Lt0dv0ka01p41e9q6SVvYgIYAAAAAAAAAIAKrKoJ4PnnDup//OU/aPfTe3uPXbR9m3700pfonBecOrT+ocML+ua9D+rzX7pL86E7hd/yr35Ur77iZaXUGQAK8X9/X7rjo4VtfvFl/1qLV/6OJCaAAQAAAAAAAAAo06qaAP7D/+/j+sGupyRJm048Tj/7U1fp7IiJX9Nys6lP/uNt+vLX7u099ss/+6904QVnF1ZXACjMp98rfevvCt/N8ot/Ugs//gdMAAMAAAAAAAAAUKK0E8CNgupRuBs+e9vA5O/v/trbdewxawfWeXTnU/qHm74iSVq3bo22n3+Wfvjl52qq0dBP/+SVWrdmRv/31jslSR/7xOd1xumb+U5gAJPl//5+KZO/kjT1nX+QP31M705gAAAAAAAAAAAwfmpVVyCLp+fmdcuXvylJmpmZ0nt/5aeGJn8l6Z77HtKDjzyuBx95XPfc95A+9onP6/3//a+055l9kqRrXvcKXXnZhZKkxcVlffIzXy7vIABgVHd9vNA/+xxl+pt/pal7byh1nwAAAAAAAAAAwN1ETgDf3J38laRrXvsKHbfh2Mj1fvii87TtrNO06cTjeo/t2j2n//KhT+ixx5+WJL3x9ZfphOPXS5K++e3va//BwwXWHABysm+XdNN1lex6za1/qNpzT1SybwAAAAAAAAAAEG8iJ4DvuvcBSdLxG2Z7d/BGOeWkE/SeX36L/vPv/rz+43v/jZ5/2mZJ0sFDC/rff3uzJGlqqqGrX/1Dved89c4dBdYcAHLyzx+UmkvV7Lu5pJmvfqiafQMAAAAAAAAAgFgTNwH86M6ntLi4LEl62UvOcX7els0n6j/8+k/rnBecKkna/fRe3X3fQ5KkC198dm+9+7+/M8faAkABnrhX+vanK61C47ufVf2p+yqtAwAAAAAAAAAAGDZxE8CP757r/fucF2xJ/fyfefOre/+eajQkSevWrtHzTzups/0nnxmxhgBQsLv+puoaSJKm7v1k1VUAAAAAAAAAAACGRtUVSCv8Hb3HHzeb+vmbN23Ude95h2qepy0nn9jf1oZZPfb4Hh1ZOJpLPQGgEK2lfO/+vezD0snfkj75kdRPbXz3szp06XukxrQ8L3i08w+v/0Dv31GPmf92KSc9bpN2fQAAAAAAAAAAJtHETQC3Wu3ev+v1eqZtnHbK84Yeq9cn7mZoAKvRg1/M77t/L/tb6dXnS1/4T9me31zSul13aumsHxua5GUCGAAAAAAAAACAakzcrOeaNdO9fx86dCS37R5ZWJQkTU9P5bZNAMjdY3fms51g8vdLPyV95fHMm5l68lv51AcAAAAAAAAAAORi4iaAN514XO/fu5/em9t2dz/V2dbxG47NbZsAkLunvjv6NsKTv18abXuNuQdGrw8AAAAAAAAAAMjNxE0An3XGlt6/dzzwWC7bfHTnU73vFj7nBafmsk0AKMT8ztGen+PkryTV9z8x8jYAAAAAAAAAAEB+Jm4CeMPsMXr+aZslSd998DE9/uQzI2/zi1+9p/fvC1989sjbA4DCHH42+3N73/n72lwmfyWpdnQ+l+0AAAAAAAAAAIB8TNwEsCS98kde2vv333/u9pG2tf/gYd159/2SpI3Hr9f5284YaXsAUKjmUsYnvl969aXS3aN9529+9QEAAAAAAAAAAEWYyAngl5x3pmampyR17gK+8fNfzbytNdPT2nj8eknST1x1aS71A4Dxc630hTukC/9Ouuy0qisDAAAAAAAAAAAK0qi6Amk98+x+feijn9bi0nLvsZv++U7VajX9qwwTuDMzU/q99/yMDhw8os2bNuZZ1XgHH9btn7lJtz2yRwcPNyVJjWNmddKZl+rKH7tC52+ehEuzQ9f/1vXa8eJ36L/+6/OrrgywOjSms991+5W3Svpb6dWflxr5fAewGtOjbwMAAAAAAAAAAORmEmYZe773/Z36yF99ToePHJUkzR67TgcPHZEkffaWr+v+h3bpHW9+jU4+KX4i98FHHtcLz+zfAbdu7RqtW7umuIobFnZ8Qh/463t08Jit2v4jb9C2Ezt3My/vfUB33Xmrrv/vN2vjy9+pd71lm2ZLqxWAiXDMCdL+p7I/vzcJ/HeSRp8Ebq8p8YMzAAAAAAAAAAAg0cRMAP/z7d/S333my73yGaefrKtf80P6i//zWS0vd+6gffgHu3Xdf/1fetE5W3XhBWfr5JM2ql6rqdVuq9ls6Xvf36lv3vug5p87qFe9Yrveds2ryj+Q9gO66YZ7dPDEK/Wbv3GVNg38Ee7tuvjH3qz5u2/Qp55ay+QvgGEbt442ASzlOgnc2nDqaHUBAAAAAAAAAAC5GvsJ4MXFZX3krz+n73zv0d5jP3Lx+brmda/QB/7sk73J3zUz0zq62PmzqPd/f6fu//7O2O3ueWZfcZWO88gO3bcgbX3Npcbkb6ChjRe+Tb9Udr0ATIaTz5N+8C+jbyc8Cdx8rfSVxzNtprlp2+h1AQAAAAAAAAAAuRnrCeB9+w/qQx+9Ubt2z/Uee9s1r9KrXrFdH77+s3p6bl6SdNYZW/Tbv/pWfeXO+/SVf7lPP9gVf3fcFT/8Yl31yosLrbvVzBo1JC0sLEhp7vFtz+uBz9+oz33zYc0dbkqNtdpy7pV6wxsv19a14fWamvvebfqnL96hR54+qIWmpJmN2nrhVXrbT2zXxtCk846//i1d/53z9Y4/vFrLn/2Ebr57p+bXXK53/YertVWSmvO6J3h8UVJjrTadul1X/tTV2n7CYNNpPnuPbvybG3X3EwtqSmpsPl9Xv/XtuvSUsW5iwOR5/iXSHR/NZ1tfeaukD0snv1bSRzJtYvmUl+VTFwAAAAAAAAAAkAvP932/6kpEmdu7Tx/62I16ak9nknf22LV618+9QWc+/5SBPwc9e+xaXfsbP6PjN/QnU5+dP6DHnnhau5/a23tsenpKZ5y+eeC7fyvRflifev9H9I2Fjdr+lnfqzS/dpEbkncDh58zp1v/xAd08t0nnv+pyXXDilLS4W3fdcrsebl+sX7r2TTqru42DX/+I3v/ZPdq6bbsuePEWzUpa3n2Xbv7Kw2pe9Ev6/Tee1dtsZwJ4k7acMqc9h7dq27nbtO2Ms/Sil27V7MIOXf9fr9eOhVltveQKXXrGrLQ4r/u+cqt27N2mt/2nd2h7Y4eu/63rtWPTFm2ZP6DGRd31Du7U7V+8Q7sXtuoNv/suXbqhsLMJrD6tJen950rNpaprIjWm9ey/+7r8+rQ8z5OkoWXSY+a/XcpJj9ukXR8AAAAAAAAAgHHw4KPp/ornWN6eObd3n/77hz+lZ+cPSJJOO+V5evcvvlEb1h+jH+x6euC7gH/pZ64emPyVpBM2rtcJG9frZS8+p9R6O6mdpTf92tukj96gb/ztB3TPJxvaePo2bTvnAm3fvk1bTlg7dFHmvni9bn56i6769Xfrys3Bo9u1/cVbdP0ff0I3fe0qvfuyzjmYveSd+sOLGmqEN/LS7Tqp/X796dfu0I5rztL5AxPOc5o/8R269tfPV/9G4qZ2/P0N2nF4k678jd/UVZv7a2+/5ArtfmJeW8Lbn1vQmb96ra4+PVS35zX1ex/7hu7ZcVCX/gjfZgzkpj4tveQa6Vt/V3VNtPjCq9WuTYlpVQAAAAAAAAAAxsfYTQDvnd+v//wnH9eRhaOSpE0nHq/3vuutWrtmWnue2ac/+cjf99Z96xteqW1nnW7b1Pg6frve9JsX6PVPPqa77rld99z9gO64ZYfuuEVSY1bbXvU2vflVZ2m2Jkk79Y0756Rz3qQrNhvbWbtdF579CV1/3306eNmlnT8oXWtE3lG8du1aqT2nPXul8zeFf7JJl78mPPkraelufeM7C9K214cmnAMNbTl10+BDz79cV5iX4QWna6u+oZ1P71GqP3UNINlFPz0WE8AL57+p6ioAAAAAAAAAAADD2E0Af/IzX+5N/m7etFG/+ctv0do101pebuov//qm3s9++GXn6srLLqyyqiNqaO0pZ+nyU87S5a+X1FzQ/JP36fZ/vFl33PIRfWDvO3XtW7epoYOa3y9p/6f0//7Wp6I3tWlBvW8Ubh/Uw1/7tG66/RHt2d/5Pt7QilFP1knmw88d1LykTac/362BrF8/PMU7va77XcdHXbYAII1TX9q5C/jbn66sCovbrtbySedXtn8AAAAAAAAAABBt7CaAv/fQTkndO39/5ae0fnadJOnP/88/aucTeyRJp578PL3z7a+trI6FaKzVxtMv1ht+9QKd8rHf06fuvlXfeP02XRrMrJ77Jl37xhdFP7e2tjsB29QDn/yAPnb3gmZPv1Q//vqtmj1mk87avF57vvyn+shXyjkUACX4sfdI372pmu8Cbkzr8CW/Uv5+AQAAAAAAAABAorGbAF5cXJYkzR67tjf5+/F/uFX33f8DSdLaNTN61zt/orL6FW+tnn/qRumBphaWJGlWGzdIOnBUmp1N+GPKD+ueexekU6/Wr//q5QPrLsykqMJxs9oo6YEndyv6rmEAlTv+dOn1fyB95ndK3/XBy35HzQ1b+O5fAAAAAAAAAADGUMS3xVZr66knSZIeeexJffAvbtDvf+B6felr90qSjlm3Rr/979+qEzduqLKKo9l/h66//huab1p+vrBD//T1een4M7XtBEnaqu0v3Sg9cas+vWMhYv15zfcebmhqRtLSsgbWDLbpavpCbT9X0o5bdfPTwz+e33fQfVsAinPR26VLf77UXR556U9r4YI3lrpPAAAAAAAAAADgbuzuAL7mda/Qh6//rBaOLumBh3b1Ht8we4z+/S9coy2bT6ywdqNrzs1r7oHb9cfvu1GbzrlY28/bqo3du3MP7r5H3/jaA5prb9FV//Zqbek+Z8tr36mrHvqAbv7rD+hPL7lCl54xK2lZ8w/cpTvu3Sn9yLt07f+zVdJZuvxHt+gbn79ZH/7LBV110RZNLe7WXbfcpQPHzEqHXWvZ0PZr3qZ7dn5Ct/7J+/VwsM/Fed33tVu1Y26b3vaf3qHtY9d6gFXodb8nLR6SvvV3he/q6LnX6OBl7+XOXwAAAAAAAAAAxtjYTeGd98Ln692/+Eb91Q1f0O6n90qSLnjRGXr7T1452Xf+djXOvlq/+QdXaOe3btOtd96j2z9zhxa6dwM3Zjdpy0Vv0rt/7GJtCf/95tomXflrv6MtX/ycbv7aP+kTX29Kamjtpi3afs27deVFW3qrbnrlu/TuNR/Xp265Q5/6eFOa2aSL3/huvWHvx/SBW1JUdMN2vfM3ZnX7Z27SbXd/Tp/4uqTGWm069WK97b1XM/kLjJNr/ps0c6x0x0cL28Xhl7xdhy7/rcK2D6TleVKt5qlW8+TVPHme5HmdJQAAyI/vS77vd5ZtX+3uf75fdc2AyUQ/FgCActCPxWrn+T7NHQBWhLs+Lt10ndRcym+bjWkdeMVva+H8n1TwjoQXLNUve+bPQu9exD1m/tulnPS4Tdr1MX48T6o3aqrXO2+YAQCA6rTbvlotX61mmzfRgAT0YwEAGB/0YzGpHnz08VTrMwEMACvJvl3SP39Q+vanR97Uwjmv06GLf1mtDVs6k6dMAKMitbqnRvcNMwAAMH5aLV/NZlvtFm8vAGH0YwEAGG/0YzFJmAAGAEhP3Cvd9TedieA0dwQ3pnXkrNfq8Hk/qeZJ5w9O3jIBjJLVap4aU7xhBgDApGi1fDWX22q3eZsBqxv9WAAAJgv9WEwCJoABAH2tJenBL0qP3Sk99V1pfqd0+FmpuSS/PqX2mo1qrt+ipRPP0eLJ27W09TKpMS0pYmKXCWCUaGq6pkajVnU1AABABs1mW8tL7aqrAVSCfiwAAJOLfizGGRPAAAAnOx/b3Zu8DU/S2v7NBDDKUK97mpqucb0AAJhwvu9reamtFn9OD6sE/VgAAFYG+rEYV2kngPlIIgAAGAuNqZqmZ+q8aQYAwArgeZ6mZ+pqTPG2A1Y++rEAAKwc9GOxUtCCAQBA5aama5qiYw0AwIozNVXT1DS/47Fy0Y8FAGBloh+LSUfrBQAAleJ70gAAWNkaDd48w8pEPxYAgJWNfiwmGS0XAABUhjfNAABYHXjzDCsN/VgAAFYH+rGYVLRaAABQicYUb5oBALCaNBo1vksNKwL9WAAAVhf6sZhEtFgAAFC6et3ju9IAAFiFpqZqqte9qqsBZEY/FgCA1Yl+LCYNPVYAAFA6/nQOAACrF/0ATDLaLwAAqxf9AEwSWisAACjV1HRNnscnJgEAWK08z+PNM0wk+rEAAKxu9GMxSWipAACgNLWax/elAQAANRo11WpMpGFy0I8FAAAS/VhMDnquAACgNA2+Lw0AAHTRL8Akob0CAIAA/QJMAlopAAAoRa3uqV7nE5IAAKCjXvdUo2+ACUA/FgAAhNGPxSRgAhgAAJSCP5kHAABM9A8wCWinAADARP8A444WCgAACud54q4JAAAwpF735NFFwBijHwsAAKLQj8W4YwIYAAAUrs6nIgEAgAX9BIwz2icAALChn4BxRusEAACF464JAABgQz8B44z2CQAAbOgnYJwxAQwAAArleVKtRocYAABEq9X483kYT/RjAQBAHPqxGGeNqisAAABWtkLfNGvu1yPfvFO3fPNRPfLkYe1f7D4+M6OTTzlJF7z85XrNy8/QBno8AACMtVrNU6vlV10NYACTvwAAIAn9WIwrz/d9WiYArEI7H9stz/N6/0mK/bfC/5bkybJeaJn0mPlvl3LS4zZp10d+pqZqakzl/UdHDuuRL/yj/vyfn9T+ZsKqjWN0wY9dpV949Rlal3MtAABAPprLbS0vt6uuBjCgmH4sAABYSejHoiwPPvp4qvWZAAaAVYoJYJRleqae73eiNHfppg/doBvT9Xk0ddoFes+/fY3OXJtxv/fdoF/837tSPGGD3vDbv6ALv/0/dd0/7ZcknfzjP6M/ePWmjBWYXE99ITgHM3rNr/2q3rw1er1HPvMh/fHti9J5V+jP3vlyTUWtdPCr+uP/eKcekXT6T/ycrr18Y441ndNN/+WvdOOcpE0v1R/89pU6OcetAwDsWi1fS4utqqsBDMi9HytJB3fpgQMnaNuWY/LdbqJ+P+fEV75Zf3T16c7rl9GH3fW5v9D7v3RY0ka9+bqf02s2FLq7wb79S16jv3zHBQXvEACwUtGPRVnSTgDzMUYAAFCoXOfe20/qpv+RfvJXkpYfv09//Oe36ik+lDmyu6//oH7xPR/UL77nBt3tsP7JF29T5y3GRd15r20SfZfu/nb3b3jf/5DuXoxea/+3H9IjkqSNuuQleU7+AgCqxGf1MI5yb5cH79Wf/7cb9MEvPKTlnDedxt7bvqavLsSvs3zfbbplrpz6qH2/vvQvh7uFeX3py2k+dBlj7lZd955Ov/W6L5R1MACA1YZ+LMYV34gHAAAKld/d14u672//QTfutvx42xX6s59v6H++91b7pOTue/XHf3uKPvD2F0XfXRrngjfrLz84+FD/zlbpwp99j3456saBV/+C/vLVaXe2wmw4V5ecdqd2PS7t//YDeuQnTteZ5jrfv1df3d/9d/tJ3f196ZKh8zmvO7853/nnGWfrkqLvDAEAlIa/1oJxlFu73Hub3v9H39RTDWn5pJfqD97xUk3pSd34R5/QTXvTbGiD3vC7v6DXnzhifdpP6qZbdukVP2G7C3iXbvzHXToy4m5cHfnmvQMT0nu/+jXd+eOn65KZAnca0bcHACAL+rEYV0wAAwCAQuXWD/7+zfqf37LcFipJMzNy+Yq2I9+6VR9/+Yv0b87JqV5wsFGXXLhRNzw+L+1/VHfvls7cMrjGA9/+wcCbjHffc590gTEDvP97urN79/eZL71AzP8CwMrB+2YYR7m1yxNfrre/cpf+/LHT9Z5fuUIn1yTpFL3+139Br2ym2VBD62bzqdLer96qL/3oz+mVER2qI9/4mm6Zz2c/yXbppi88KUk68fKXattd9+qrC0/qljvndUmuX/UBAEAx6MdiXDEBDAAAJsCi7vzqF3YaEAAAIABJREFU/8/e3cdFWeb9/3+BIALqKCIKJt4giOmsiiilmJE5td5l7dKWW9luWtnV2l7r7lV7k9f+rO9W33J/m9ul22a7Wa22uVeRpmtTROaooYi4o4E3iA4KioiOCDiC+P1jBhjuQe7d9/Px4NE55xzncX6OgXocnZ/5HMeRVqpCcGCxpDA/op49Zlub2/5iVVXC1feaff6hnmze8A3W7DJKPb0IjBjDwoemE+ZTQPLHm0nYm0e+A7z9A4i59x4WjK/xMKzcTobFzIYvbNiKAE8vAoeEM+8BEzGBTZvu2bPTsCTtI+loAXbXCnx+g0OZNduEaYTzyaB7xbOTjdVLXaUTjeydZhgfTtgnyWRSROo+G/GD3CpOytNJ3u98+hkY4E9+QRFYM0gtNxLlltS37z+C85MMIXai29PK8gKsiYkkbHeNH/ALCiLmzruInxDk9nt2+9zHmlg18yrr3t9GcnYZpUHjWP5s/fG7j91v7HSWPzQOgzZTERERkSbxJ2z2w7xW46y3r6HjvtBWXkCC+Qhx8eE1zlclZGuq2qfXH9PPniS+xhf6yNjIM28doRgvYhc9w4LIJsSRkYalACCAuNunE9PXhuWTAmxfWMiInUtkffOtwiOYP7ZgzijA7gA8vTAMCiFu+jRMxjOsWWqutipQ7tb3WLQVwMC8Zxcyi0SWvZJGLnXscdzkuaVza5TV+wFCWfxKDPZ1iSQcLKC4rIG5ex2xBw4JZ9Y9U4gdrK84ioiISOto8wTw+fPn2/oWIiKdVt++fTs6BJEbQ+Eekg62Yn8HrVgKo4lrpQqKFilMZ8UfHBRX7E1cXkZ+Rhovv+3A1C0d89GqpqVFBVjeXwf+T1dVMJfnsHnl+ur7IpeXkZ+VzppXcshfupBZAxsOITdxDcu22GudL862sWH1e9h+vIiFo1u4Bl8vIzHDksnMgvz9Gdhmh1KZAj58hNQSgABMD4VjWZmMrdxG8kGIqszJFpCc6ipFiQyvWhKwJJ21f9iCpcbyicV5eSSte4/kgyZeesSIX814ig6w+pUcrBWfu+NqvV8wKLZu4OWKxPegcTyn5K+IiIhcr3IHpeU+eHdgSYYhwB97QRHFuy0kmcKrVQEXp7iqf30NBHe3k+s2RQydOobQpGRsFJGcUuMLfUDqbtcXNgNGEdeU5C8FJH3hvMZvbDRxBvCOMWLctA1r0RHM+xxETqhjDno6kRdWpGErdztXXoY920bCO+9he+TOpn4UtV3v3BI7m1duwOa2XU3F3L20u9tcusTK6lfNpBa5Xeqau6/9QzrJ8U+y9Bb/649fRERExKXNp5tKfoiIiEiL2fLIbNUOC8i0QdzoVu30+pQ4YEQMzz0ynmDyML/5EZtPAVnpmD39iX30PuJH+FP87RZeWGejGAeWlHQWRIwCIDdxS2XyN/S2uSw2heBXlMPmdzdiPmUn4QMLsT+NbbC6JDgylMCt6XhHT2B+rJHQwB6Qn8aaNy1YixwkJ+0hfnQswa79jKtVOqyIJ6pJAzUQOymEdVk5UHCM5FMQ6qoasVYs/xxpJHZIOAxLZl1WjWWg3ZZ/NkYZXZUXDlI3mF0P6HyIvPsuFsSGYig/R/KGj1hrdVC838xKyyCei61ReXE0B6unF8Fjx2Ay9sMQMIxQHGTUDPt0Iivede2B5x/K4sXTXcs2ioiIiDRTeQ6b/7CehD7TWPXjdlqNpg5+k6YQl2omIa+AhK3pxP1glCu+I2z41Fn9G2qaQtSuLSS4X2iYiGl0MmsOgn1PGtY5oRgr5kWOFCxW52Ho1Gjq2124mlMpmLMA/Imd7prf+UQTF70D6+4yrNv3YJ9QYx5bfoS1q1zJX09/Yh6YS/zN/fArP4d15w4SdvgQaxyLccVYyGugyjevroBaMLfEju1CCPFLphMb5E/x0URWvHOEfKrm0gYg15LsTP56GjAtmsusIQYozMH6jYUN28owjlLyV0RERFqHloAWERGRTi//dOtvQpZ7ugBGd4Z9xUKI/3EsYT4Aw5gXF8rm950LHRtiZ7LA6HxQ5TdhCnFmG5vzgewcchlFMEcwb3OVZQyOYck94c4HZL7hxD8WQ8byZGzZGVjyYpkVVMetKwyawnPLTBjcK6IHxTBrwh6sXzvgRB42oP4FkpvGe2w4xr/nYHVfBro8nVSrc/ln41gj3vgQNS6AdVkF1ZaBrlz+2TOEmDGuCorCPZhdS0f7TZrO0hkVSxiGEPvIXHJf2oC5ADJ37CM3djrB1aLxIeqRH7HY6P6QrcaTwBIrqysfMBqY91Q8Ub4t/BBERETk309hCitXHcG79zlSL4Sw4NFovCkg6a11bM5tRj8+oSz46VyMLVyYBQYw695wzG8eoXj3DjbHjWJWENh3WrAUAf7hxMf2I3NXrQCImRzOuoNHKC7JIvUwGF2VvvY9VufKKp4hmGKaNse2WtLJBxg8BpPbctLGuycQujsZW3YaCYdjq1a+AUpTUpwxAsb4h1k4oWIuF0LUjHii4srger+s18K5ZdyPHsQ0xPnKz3gXsyKPsDaDanPp/LOuuXvAMGIjgpyVxD7DiJk9jJjpRZRqrikiIiKtRPULIiIi0umVljfepvl9lrV+p9cjKMiV/HVx+3pe2PDQam9415y55edgK3Eehhpvrl4dYQgl0gBgx3amsSD8qyd/Xfz8ejgPyq9S2lgXTeFjJMZVdZ1/8Ai5AAcPYCnBmdgd6/wgDBONzmSzaxnoass/G8dULf/sVhkeefOo6vfyDCWqIlGcV1B9iUCAwFHMMzZQYVFeQMLqiuX5fIh65MFGl9IWERERqZN/CGE+OaTm9mPBTx/EWTzqT+TYCCJHhDT5JyoqnODWKhuOiGXeMAA75q1WSsuPkGB2zreMs6fXv/duRLjrC3FlWHamuOaIBSSnOK/1ix5XNVdriN3C5pQywIuo6RNrzGMnYhoN4MBiSak2D804WrE/cUDd1bJeLah1acnckgFEDnN/7YNfxefgNpeOHBniPMhP44VX17PhayuZ+UXO9339O6wqXERERG48qgAWERGRTq9W4rNeA4iM8CH1sKMJfd4A06DyssqHSbYtf2XRluvtx45tdzIJ3xzGduEq9sK2So77EDU2BA7mQF4WqXkQvM9Z7cyocKIqHpL5GIkZvQ3rQdcy0KH2yuWfo8a71SGXX23wbs4EtgOwk58PuFdBN/Y3lW8j1XXoPTqWBQ0li0VEREQa4hnCrJ8+g6nMy23vXx+CJ5lYOKmjggogbo4R80or+fuTWefTzVlZG2BkVrQ/UFT3ZZ6jiLtlG5akIkg/Qqojmpj8FJKyAfyJjR1V93U12LYfILMcoIzUd95gUX0ND1pJskdjcmWISyunqT3r/AJji7RkbtlE3hPieb5oAys352A/nYP5kxzMnwBe/hjvvIuFM4bVsb+wiIiISPPdAE8+RURE5EYXODAAsDfc6Ggamw/PxfTE00QdTWTtujSsDVwSPLAzLP/cQp5elVUCYbMfZnF03eUW3g0uJefA+sF7rNzrAP8gTPfGEjciAG8g98v1rPi6nod/18l7/BiiPsghtdxOcmoiwa694qImuu+D55YotmZgHnTJufyzbzix7vs2e3Zr8F7FxZddRwYCA5sZaGAoMb42krOh9GAiKz4P4vkZIc3sRERERKSCe/K3kxgyjfix6azeb8eyG8CLqLnTCGvki3KhU8cQmpSMrTyHpD12As8drnMp53qVp5P0TVPnmAVs3pqO6Qc1E8tlFDuAFi+H7aYt55aVvAi97UFei3VQnGvDmplFcnI61tNFWLd+xErfH9Wxv7CIiIhI82kJaBEREen8RoQ2vv9sUR4Jb67hmVc+IqPPNJYse4aX5g8juM4HbSFEjmj9MNtdYAihruRu5lEb3r0MGGr++Bvwa/Bh42Ese50V04G3TCN+/DACXdeWXq67kjo4qKIa9hL2wmbG7GkkxvXLzE1MI7Uc8AytXBq6gveYcIyeQLmNDVtdSwoaXecqhAYR5jrM+Da9xo1spB5wxR8UQGhzZ72eAcxa8iDzXA8xbVs/YoUlp+FrRERERBpUROanf+WX/3ukowNx8SHqnglUbjoSNIZ5TdlguHKJZshM2ULCHuecyzi1xlLO9bBbvnFuAUIA8362kNd+W/fP83c7E6HFKWkku6Z1YcMrkqM5pO6vI4nsvjRzYL/KfXrtFxr5Mim07dyyQplrBR9PH/wGhRNzm4klv3iGha75cWb6sdbZekVERET+7XW27x6KiIiI1Oa2JHBjSvOyWPPS62yIHMfCB+5jcdyfWPZ5jYdDo8ObtjdZpxeOaZoBy1Y7ZGzjhXVeLJ4TTnB3KC7Mw7rtKxIKjbz0aHQD+4m59hYuh/xvdmAZ24+ogCJsls9Ys7vupaAD+xtwLgtYQNIXR4iaE46hGbPKqEnh+O0/QrHrAZ1f9Biiaj5E84km1rgN635cD/K8iBpbo/Kj10RMY/eyen8ZxbsTWRncg/kTg/Ars2PdtAXXNnaETRlf+fCvWTxDmLXYhO0lM6lFDjI+/ojVhh+xWMtBi4iISHOU52DZko23l5U1SZeJejQEcJCRuBnLmWb04xPKrHujCW7Ncg5DLPPvzSPJBmFTpjdxzuRDzORw1h08QnF2DhkAvuHEjW/KBNuGebtrkjbaiGmQod55quE2I0bzNqzlOZiTC4i5LQDDRCPGT7ZhLQfrhvdY020u8Tf3w6/cjs1qYe1WL+KXzXV+adAzgMAAoACK96eQNDWUuIENxNjWc0vAtnUNLx/sxyxTNDEjgjD4elF6Jo3kY64G/toHWERERFqHEsAiIiLSBfgQE+t6yNTEK+wZaaz4bVqdfcXGNpQQ7VqCp89k/tGPWHfUQf7eRF7Ym1i9gWc6yUXRxNabsxzFLNMOkrfaoSiHtb//E2sB8CI4yIfivNpVwN7jp2DaugFzAeRaNvJzCxA0juXPNvGhYUQ4Ub5HXJUfdSR2XSoTxQC+w4iJrNnCh6h4E7GntmDJd2D95CN++Un1Fn5jTSxpyTJ6vkYWP1XAC/9/CrYyB6nvrmfz0oXMGnj9XYqIiMi/mVI7GbstJJf4EPPoj1ho9AcKsJ/KI+N43V+4q5OPFzGlENzKX2QMi72vsvK1ySLHERtwpDIpGnjLuOortdSj1JqMpQDAi9jJjczJ3b4QaDNbsMbOxegTzcJHbCx7Nwt7eRHJ69aTXOMyi7UM41gvIJRZM0Iw/z0HSnJY9+obrAOiHl3K4gF13rCN55Y5pFqLKM0vIuF9Gwk13/b0IS66aXsoi4iIiDRGCWARkRtESXHVg4OCC4UUFhXjuOJcPMqnuze9/P0I6NOro8ITabmIu1g4webcq7YF/CZMZ35EK8XUGXiGELf4SYx7zaz54gi2POeyct7+/oRGjmHenFgiGylYDZ7xKC8FbGT1J1nYigAfA1FzZzKvcAvLttbxeXuGEv+z+zBs+IrNBwsobsZzS+f1o4gymrHsLqsnsevilij2GzuKOpv5jmLBswOISkwkYbvNGT/gFxREzJ13ET8hqOXJ/oHTeP4/y3hhRRq2cjsJqzYQ+It4YvSfVBEREWkKn1Es/IU/sRf7ETmoYmIWQMwjTxLToYG1RCgx4/0xJxYB/kSND230CiggKdFW+eW+qCbMySu/EFhyhKSUIoyT/PEz3sdLz1oxb0nBXDEX9fIiePBgYu+ejmlE1eNOv0kP8pL3FtZsOUJmQRMmrW06twxh3i8WErkzkYRdOdjyHZSWV8QezqwHTMRc997CIiIiItV5XLt27VpHByEiIi1XUlxGaWkZOXnnuOy4UmebHj7dCQnqh7e3F3l5Z/Dw8Kj8ARo8xv0Y8KCedm7/bOxczeOmvG7sfH2a215aj2/DG9A2T3kOm/+wnoRT13n9oHEs/+n01l02T0RERFpFSbO/USTStlp1HnvDsbHh/zhXhGFwDK/9NLZJ+/+KiIjciDSPlfZw6Fh2s9rr8aeIyA2koeQvwGXHFXLyzrVjRCKtzDOEWUvimTe4+Zd6Dx7H80uU/BURERERabGMNNdSzmCcOlHJXxEREZFORo9ARURuEAUXChtM/la47LhCwYXCdohIpI14hTLrp0/y3N0hGJpSlOHlj/Hu+3jtp9MJVRGHiIiIiEgLOUjeecS1lHM4ceNbeVNiEREREWkxPQYVEblBFBYVN6utb4s3xRTpSP6EzXiQ1+LsZKYkY045RmZOEfaK7Wp9fAgOGYAxOhpT9LCmJYpFRERERKRx9j2YDzoPA28Zh1HlJSIiIiKdjvYAFhG5Qew/eJym/ifdw8ODPv7e2gNY2oX2ThMREZGm0N5p0tloHisiIiJNoXmstAftASwi8m+qOd/n0Xd/RERERERERERERERuTEoAi4iIiIiIiIiIiIiIiIjcIJQAFhERERERERERERERERG5QSgBLCIiIiIiIiIiIiIiIiJyg1ACWERERERERERERERERETkBqEEsIiIiIiIiIiIiIiIiIjIDcKrowNojGX3AY4dzyHnzDlO5ubjcFxp1vU3BfdnUHAgQYF9mHvX5DaKUkRERERERERERERERESk43XqBPAbf0lg/8HMFvVxMvcsJ3PPArD/YCZPP3YvfQ09WyM8EREREREREREREREREZFOxePatWvXOjqIuixauqLa67ChIQwPDaZHj+7N6ufYiVwyT+Rw+XJV5fCry56gj5LAInKDSTuQ1az2fXt2x8PDo/IHaPAY92PAg3rauf2zsXM1j5vyurHz9Wlue2k9vn6d+vtmIiIi0kmUFJd1dAgi1WgeKyIiIk2heay0h0PHspvVvlPOZDd+trPyeFhoMPfOjGVUeOh193f23AU+3mJhT9ohAFa+/THLfvZwi+MUEREREREREREREREREelMPDs6gJqSU9PZZN4FQPTYCH71zPwWJX8B+vfrw+MPz+bRB+4CIPtUHv/76dctjlVEREREREREREREREREpDPpdAngbw+fqDyePePWVu17ysQxDA0dCECq9Wir9i0iIiIiIiIiIiIiIiIi0tE6XQI45/Q5AIbcNIBBwYHV3jt0NJsDGbX3uNz42U7y8i9UO3fsRC5f7Uir1TZ86CAA8vLPU3LZ0Vphi4iIiIiIiIiIiIiIiIh0uE63B3DuGWcCOGxoSLXzJ06e4bXVHwIwx3Qrc++aDMBrqz7kUGY2m8y7eGvFUsCZKK5oe6W0DNPt0ZX9DB8aAl/vBeB03nmGuSqCRUREREREREREREREREQ6Gw8PD65du9bktp0uAey4UgqAv1+PaucLLxVXHnt71w67l78vhZdK6NXTl7KrVyvPX3ZcqdYuemwEW28aQGnZVfoaerZm6CIiItKGzpy90HgjERERaXcD+vfp6BBEOjXNY0VERDonzWOlK/Hp7l0r59lQ206XAK7PmMhhzDHdygX7JYaHBleen2O6FczwnZuH06unLwBhQ0K4O24iFy8VM3ni6Fp9/eY/H2q3uJsi+1Qev3/zH3h4ePCfT3yfwSH9m93HBfslXvrjekpKHPznE99jmNtn1FJf7UjjmC2X4aHB3D5lXKv1KyIi0hyalIuIiIhIV6R5rIiIiIi0VC9/vyYngHv5+3WdBDBQueyzu5EjBjNyxOBq53r06M73Zt/WXmG1yLVrkJyazqWiEgB278u4rgRwWzp87CR70g5RVnZVCWARERERERERERERERGRdhTQpxeFRcWNJoF7+HQnoE+vrpUAbqmz5y5wMief8/ZCwoaGMOSmAR0dEmfPXWD3vkOV1ct79x/m9lvH0i+gdwdHVuXxh2fz+MOzOzoMERERERERERERERERkX9LIUH9yMk7V28SuIdPd0KC+gF0nQRw4aUS3nx3E716+jLeGM6k8ZEAbPxsJ5vMu5hx2wTuv+f2Oq+97LjC+o+/ZOeeg9XOhw0N4dEH7mZg/75tHn99klPTOW8vJH7ONAA2bNrG3n8dxnR7dIfFJCIiIiIiIiIiIiIiIiKdh7e3F0MGDaDgQiGFRcU4rpQCzj1/e/n7EdCnV2XbLpMA3rv/EIcyswEoL79WmQDenmwF4POv9zJ54mhuqrF8clnZVV5b9SEnTp6p1Wfm8Ryef/kvvPTrhQQGGNp4BLXZLxaRnJpOX0Mvxo0ZAcAXX6di2W0lZsIoDL38a11TXn6N3fsy2GTexdlzF/D29iJ6bAR33jahVtuKfYEBnnxkDv9MTMaakUV5eTnDh4Tw4wfvpldPPz7ZupMdu62UXL5CH0NPHrz3DsaPCcfDw9nPJvMuNn62k7l3TXbuuVzj3OCQ/mzY9DVnz12gWzdPjJHDmP+96fTp3bONPjkRERERERERERERERGRfz8BfXpVS/bWxbOdYmmxSVGjKo+/M3p45fGwwQMBGHLTgFrJX3AmhiuSvyEDA1lwv4mfPHYvt0bfXNlmzd+2UHb1aluFXi9r+jHy8i8wJnIo/fv1oX+/PoyJHMrpvPMczDheq/21a7AlMZm/rP8nBRcuMnrkEMaPGcGRYydZ/c4nlJQ46rzPxcIi/vDnf5B37gITvhNBH0Mvjmad4n/+8gn/85cEdu9LZ0zkMEYMG8TFwiL+su6fHM062aQxpKQd4i/r/0lQoIHosRH4+fqw78BR1ry/hZLLTduMWkRERERERERERERERERaR5epAPbz9eGtFUspvFRSuV8uwFM/uodDR7MZOWJwnddVLPs8MmwwP3/q/srz37l5OBHDb2Lth2Yyj+ewI/kA0yaPbdtBuCkucbBt1356+HRn6i3GymrbW6NvZve+DLYnWxlvDMe3R/fKa07m5JG4PRV/vx48/eN5hA0NAaDs6lXe/dDMrpRv8e3hU+teZWVX+e4dk5hjmoyHh7Py+NVVf+fU6XxCBwXx30sX0LuXH9euwXsbzGxPtrLvwFHCh9/U6DguXirmmUXfq4zl7LkL/P5P/8B26gw5p/Mrz4uIiIiIiIiIiIiIiIhI2+syFcAV3JO/FepL/p49d4HTeQUATBw/stb77snJo8dPtVKETXPk2Emyc84yKjyU0EEDKs8PHxLC6JFDybLlcti15HUFa0YWl4pKGD9mBMOHVMXu1a0bM26bQE//2p8NOD+zCd+JqEwy9+7lz03BzmrpCWMj6N3LDwAPDxgVHgo4l49uiihjeLXPMaBPbwYFB1Jy+Qr2i0VN6kNEREREREREREREREREWkeXSgAfOprNwUPHuVxjaeGNn+0k98y5Bq/196udHO3hVi3r6dl+H8WVK6V88XUqAJMnjqZbt6p7d+vmyeSJowGw7D5QbWnqkzlnAejbp1dlMrdCr55+dO/uXef9vL298ffrUfnawwM8PZ0dDOwfUK1tt27dmjWWPobq+/x26+ZJd+8uU1guIiIiIiIiIiIiIiIickPpMpm6Q0ezeW31hwDcHTeR782+DYA3/pLA/oOZ7N6XwX8vfQRvt+Rj/3596BfQm3MFF9m7/xDRYyOq9bl7X0bl8fAhwe0wCqdjtlyybLlcvVrOG39JqLdd+uETZJ3IrVyK2T1RLCIiIiIiIiIiIiIiIiJSU5dJALtX+F68VFx5fOx4DgBnzp7HXlhEYICh2nXGyOF8tTONlP2HCf5sJ+PHjKCPoReHMrP5x6ZtAHh5dWPo4IHtMAq4erWcJEsaV0rLGBUeWquCtsIF+yUyjmbz9Tf/YviQELp18yR4QD8ATucVcO0a1aqACy8Vc+VKaXsMQUREREREREREREREREQ6qS6TAL59yjiulJZx9pydu+KiK88/+5MHeW/D50yKiqyV/AUw3T6BvfsPUVhUwibzLjaZd9VqEz9nGkNuGlDrfFvIOZ3P4WMnCQrsw2PzZ2Lo7V9nO/vFIl5d9XcOZBwn53Q+gwcFYRw1nC++TsWansXhY9mMDHPufVx29Sqff72XS0Ul+Lotay0iIiIiIiIiIiIiIiIi/166TAIYwHR7dK1zA/r35edP3V/vNf379eE/fjyPDzd+xbETudXe8/HpzuIFcxg9cmirx1qXa9cgaUcal4pKiI0x1pv8BTD09me8MZytX+4mOTWdm0KCuCm4P3fEjmfjZzv5/Z82MHxICP369ubYCWcVtJK/IiIi1+HyRTiRAjlWyDsMBTYoPAMldii77Gzj1QN8DdBrAASEQlAEhBhhSDT06N2x8YuIiIiIiIiIiIi46VIJ4OsVNjSEnz3xfQ4ePsEF+yUcV0rpa+jFTSGB3BTcv93iOHO2AGt6Fn0NvZgaY2y0/dQYI8l700lOzSA2xsjAoABm3XkLQYF9+GTrTjKP53A8+zQTvhPB9KlR/OndTZSUONphJCIiIl3c+Ww4sBkOfQHHdzfevrTE+XPxNJzaX/29oZNg5J0wZhb0Hdw28YqIiIiIiIiIiIg0kce1a9eudXQQ7hYtXQHAHNOtzL1rcrX33v/HF5SWlTHt1rEMHxIMwMbPdnI48yTDQgfyvdm3tXu8IiKdRdqBrGa179uzOx4eHpU/QIPHuB8DHtTTzu2fjZ2redyU142dr09z20vr8fXrRN83O/QlpPwN0j9vm/5HzYDoH8LIO9qmfxERkRtYSXFZR4cgUk2nmseKiIhIp6V5rHRGXWYmuz3ZyrZdzoqbq1fLKxPA25OtXLBf4lBmNlNv+Q5BgX3qvP78hUJy8wo4mXOWy44rDAwKcP7070v37t7tNg4RERHpAIe+hO2r6q/2vWk8hEbBwJshcBgYQsCvL3j3cL5fehmKz4M9B/Kz4PS3YEuFk/uq95P+ufNn6CSY+pQSwSIiIiIiIiIiItLuOl0C2MenOw7HFS5fvlLt/JCbBlQe3xRStWxzyIB+XLBfAqgz+VtaVsaav20h9V9H6rxfH0NPpsYYa1Ubi4iIyA3gfDaYXwbrptrvRcTBmNkQOR38Ahrux9sXDL7OxHBodNX54gLISIQDn8LhpKrzx3c7f4xzwPScloYWERERERERERHVwkuRAAAgAElEQVSRdtPploB++Y/ryTyeQ9jQEJ77yYPV3jtz9jzl5eUED+hXee6y4wonss8QMjCQXj19q7XPPpXH8t+/16T79jH05NVlT7R8ACIiHURLQDdMS0B3nA5bOi9lPWz+rXPvXneTH4NJD0FgWOveLz8Tdr8PO9+uft7bF2b9fxD9QOveT0RE5AajpfOks9ES0CIiItIUmsdKZ9TpEsDvfmhme7IVgJ89Gc+o8NDr7uuZ37xBcYkDgKGhA7lzahRjIofh79eDYydyOZCRxSbzrsr2de07LCLSVSgB3DAlgDtOhzw42/grZzLW3cT5cPsSZxVvW7LnwFcrYc+66ucnPQRzf9e29xYREenC9OBMOhslgEVERKQpNI+VzsizowOoafjQqoeyH2+xXHc/6z/+sjL5O8d0K79+5ofERI3C38+5l9/wIcHMvWsyy//r0cprNpl3ceTYqeu+p4iIiHSwyxfhnYeqJ38HRsKP1sE9L7d98hec97jnZec9B0ZWnd/9vjO2yxfbPgYRERERERERERH5t9XpEsCxk8YwdrRzScYsWy5vvruJU7n5zeojv8DOl5Z9AIwdHdZgVW/wgH785LF7K18np6ZfR9QiIiLS4S6dhb/+EI5+XXVu4nz4j88gLLb94wmLdd574vyqc0e/dsZ46Wz7xyMiIiIiIiIiIiL/FjrlWjZP/3gei5auACBl/2FS9h9myE0DCBsaUlnBW1PY0BBGjxwKQO6Zgsrz440jGr3fd24ezuBBQWSfyuNkrh7IioiIdDmXL8J7P4ZT+6vO3f0biH2842IC59Lp97wM/YbD1hed507td8b6o79Bj94dG5+IiIiIiIiIiIjccDplAhjgrRVL2fjZzso9ek+cPMOJk2fqbd8voDcv/3oRADmnqyqGR4YNbtL9RoYNdiWAm1dtLCIiIp3AB09VT/7e9xpE3d9x8dQU+zj49YGPfu58fWq/M+ZH32/4OhEREREREREREZFm6nRLQLube9dkFv5wJpMnjmbo4IH4dPeut+3k6NGVx3fFTSRkYCCTJ44mMMDQpHuNHjmEfgG9MU2b0OK4RUREpB1t/FX1ZZ87W/K3QtT9ztgqHP3aGbuIiIiIiIiIiIhIK/K4du3atY4OQkREWi7tQFaz2vft2R0PD4/KH6DBY9yPAQ/qaef2z8bO1TxuyuvGztenue2l9fj6teGCIykfQMJ/Vb3uDMs+N8by56rloAHmvQLRD3ZcPCIiIp1ESXFZR4cgUk2bzmNFRETkhqF5rHRGmsmKiIhI13Q+Gzb/d9XrifM7f/IXnDGeOwZ71jlfb/4thMVC36ZtW9FqzibA60vqfq/7FIh4BOZ9F3q0b1jVnYXXJ8BZYPpeiOvfdrdKegIS/wljPoYH6lsRph3jERERERERERERuU6degloERERkXqZX4bSEufxwEiY+1LHxtMcc19yxgzOMZhf7sBg+kPPKdDb7ad8Bxx4An7/R7jSgaGJiIiIiIiIiIhIs6kCWERERLqeQ1+CdVPV6+8uq1ymvEvw8HDG/Nf5ztfWTTDuezDyjg4IJhoeexPci1nLjsLrd8D5V2HHA6p0FRERERERERER6UJUASwiIiJdz/ZVVccT5zuXUO5qwmKdsVdwH1NH8xoB477rPD5j69hYREREREREREREpFlUASwiIiJdy6Ev4fjuqte317OPbVdw+5KqvYCP73aOrUOqgJugvj1yPwiFA7id3wu/uRf4Liz6BWx7EY5+CeWDYdACeOBx6OvWb9lZ2LIS0rbAlbPgNQEGzYP7FkA/t3blefDRq/CvD6CsP/S9F77/CxjiU39f3e+Aqb+BuBHVx5L2Z9iyFoqznW3ufKEFH0wzxysiIiIiIiIiItLGVAEsIiIiXUvK36qOJz8GhpCOi6WlDCHOMVRwH1tHKjsKaf90Hg8Ivc5ObPC3H8Bxh3OPYc9sOPUivJtQ1eTyXnjtbti9FsoMzv2He9jhxPPwz53Vu9v2CPzrCPhNAa+zcP7P8N6fq/YoLs+GN119EeHsCysk3gEJB936WQL/eNGZ/PWbAj0csHUe7GpppXMTxisiIiIiIiIiItIOVAEsIiIiXcf5bEj/vOr1pIc6LpbWMukh2Pm28zj9c+cY+w5uxwBS4O0Hq38tsHgHlAF+v4Ap17v/70EY+gE8MNnZ94m18NbzcPZLODfPWd277Y9w6azzPj/7CfRwXXpuJxRPBs5WddfvF/AfDzhnr5e/hBcfhcvvwLGfQCSQ8mfIPQsR78BDdzjvWX4R3o+DlA+cVb5+B2F7AtAfpidAnOtzPpMA/9PSSvImjFdERERERERERKQdKAEsIiIiXceBzVXHEXEQGNZxsbSWwDDnWA4nOV8f2AxTn2zHAM46k7Duuk+BMY/AvO9C9xZ0PW5yVWJ5yBjXgQPKAbJh/5fOU3csqEr+AvSbXDth+p3pVTPXHkboD5w96+rLARlrne8dfwtee6vqussAa8H2AvSyul7fC1PckuwD5kHkEvi2BWOFRsYrIiIiIiIiIiLSPpQAFhERka7j0BdVx2Nmd1wcrW3M7KoE8KEv2jkB/F145k1nQrVd5cFF12Hv3i3s6yKcdx1e2VG1LHRNhRWJbkPtxHbwd+Hbf7YwDhERERERERERkY6nBLCIiIh0DZcvwvHdVa8jp3dcLK3NfSzHdzvH2qOlSdF2ct3VrUHQG2cS+OJFnC+uV2/oi3PF6Ol7Ia6ebHZ2xXm7M0nsngTOVfJXRERERERERERuDJ6NNxERERHpBE6kVB3fNB78AjoultbmF+AcUwX3sXYWvkHOf546UnXu8k7IuN4OB8OI0c7DL9e6lmZ2ubgXspvTlw+MeMB5uOuD6n2VXYRjrs4GGV1LTf8Ztrnd4ExCC8YhIiIiIiIiIiLSuagCWERERLqGHGvVcWhUx8XRVkKj4OQ+53GOFUbe0bHx1HRzHGxZC+f/C14/Cv0dcHhLy/qc+SJk3AvFr8LvPoaeA6D8DFw6CpEfwEPhTe/rlp/AvkTIdesL4NIO4HH41W+gx2i4cwF8uha2TYE9U5yz4UuHne8VH2zZeERERERERERERDoBVQCLiIhI15B3uOp44M0dF0dbcR+T+1g7i953wEP/F3oPhrN/hqPZMO3v0JJfRY8JsORLGPMAeB6FizvgsgGGvADfndy8vjwHw+IkmPkL6OFw9nXpDAT/Ah54wlX5C9zyAtz/G/AbDMU74LIP3J0At4a2YCAiIiIiIiIiIiKdh8e1a9eudXQQIiLScmkHsprVvm/P7nh4eFT+AA0e434MeFBPO7d/Nnau5nFTXjd2vj7NbS+tx9evlRYcWT0HTu13Hj/+EYRGt06/nYUtBf58n/N40FhYvKlj4xEREWlnJcVlHR2CSDWtNo8VERGRG5rmsdIZqQJYREREuobCM1XHhpCOi6OtuI/JfawiIiIiIiIiIiIizaAEsIiIiHQNJfaqY7++HRdHW3Efk/tYRURERERERERERJpBCWARERHpGsouVx1796i/XVflPib3sYqIiIiIiIiIiIg0gxLAIiIiIiIiIiIiIiIiIiI3CCWARUREpGvwcquQLb0BK2Tdx+R1A1Y4i4iIiIiIiIiISLtQAlhERES6Bl9D1XHx+Y6Lo624j8l9rCIiIiIiIiIiIiLNoASwiIiIdA29BlQd23M6Lo624j4m97GKiIiIiIiIiIiINIMSwCIiItI1BIRWHedndVwcbcV9TO5jFREREREREREREWkGJYBFRESkawiKqDo+/W3HxdFW3MfkPlYR+bdUeiKdjMKOjuI6FdqwnrB3dBQiIiIiIiIi/7a8OjoAERERkSYJMVYd21I7Lo624j4m97G2lbxElr2SRm6N035BIZjun8usYf5tHwOQ+/kaluXG8NYjrTnmPDa/8h7JUQ+zfEZQ7betG1i0JYDlz04nuJXumPruChKC67lfKyrOSmT12jTsU+q5V0Eaa9/dRnJ2GaWeXgQOCWfeAyZiAp3TfvtBMxtOBBM/00jFTtOt/zuwkbQuBabeR9zgBpqVZLH5/c/YfLiIUrwIjBjDwoemE+br3qiIzM83siYph3wHePsHYLwzlvmx4Rjq+Spr/r6PWP1xFrYiZ/uYe+9hwfiAZrepj/3rv/LzTT1Y+OKDxPjUfNf5t5cZ9yRLJtXz75DdwgvLM4h6diGz6v1zKSDpYzO5d48iMtJ1qiyP5E8+Y/P+PHKLAE8vDINCMM02YRpR8dts3v2j9q9h2daGErUG5jUYp1Pu52tYljqs6t+pixmsex8W/9qE1jMQERERERERaX9KAIuIiEjXMCS66vjkPiguAL+mJWw6veIC55gquI+1TYWyeEU8URUvHUXY9m1kxaoP8fvNj4gzNHSttKvyApI3fMTalMv4+YJfXW1KUlj5yjbsk+eyfHE4gRSQue8r1r66nuJlDxPnD8U5NpKt3Zg1E9ru12snY28WGGkgAZzH5tUfYe4Ty/MvxhBMDpa/fcTLq71Y/rNplYn5zE/f4+XdBhb8x5PEDPKh9FQ6mz/9jBfOevHa94bV6rX04Ee8sK6A2EULeS7Cn+LDX7LyrXWs6b6IhaN9mtymfjbM2y/i51uAObmAmNvq/m+Q9fMdZEabCKsjSZ1hTsNGj6p/7+pyKoWk/GEsqEj+llhZ84oZ6wAjC564D2OwPzjs5H67g7Xvvof9saeJH9L8+wfPWMhbMyreaeSLE/U5ncjqrXZwv2RQJFFXN5J8wkTokHqvFBEREREREZE2csMsAe1wlJKXf4FDR7PJy7+Aw1Ha0SGJiIhIa+rRG4ZOqnqdkdhxsbQ297EMneQca0fw8Sf0lpnMG1KAJaWgY2KQunlC8dUQFi97mvkj6m5i3bgD64hpLL0nnEAfwCeAsFvuY/n/eZC49inobrrD32AuCGfhozEE+wA+IcQ+Op3YgjTMh11t7BbWJYHpsQeJHeSPN174DTIS/8STvHRP7eQv2LEkZRE45z7iIwx444UhwsSSOf4kJ+3B3uQ2DchIw8IolswPJ397Crb62l2wsjmlqI4QLSSkOBr9eHK/tZEfMYyK/G/Gp9tIDoxh+WITUYP88fYEb18DoRNm8vyyJ5lXM8nawvs3WfkR1q5KJ3hszYRxKMZRV0lOq/cTEhEREREREZE2dENUAH/4yVd8/vXeWudn3DaB+++5vQMiEhERkTYx8k44vtt5fOBTiIrv2Hhay4FPq45H3tlxcdTirAi0zVzK4srVga2sXmqGR13nXMspLzHZ2bAhi1wHeA8cxeKnZ2KsWMq33I51y0bWbs/DXgbeASHMmu++zHQxmZ+vZ/UXOdjLwBAZw9LHYgmu+KpijaWCg6OnsSR+HIEV7xems+5tM5bsMkp9/ImaN60ZSzu7xjjtPkKtn7E5o4hSL3+Mc+ayJDYEcC1vu9VQvVq6QWXkW7exIfEAVtdSzNVjtrJ6aTLBP47GvmUbltNl4GMg7pEHmR9ZX6Y2gLj5MwGoewH0I6Ray4j6QXTt6mAvr8pxJuQBpLFsaRoEjWP5s9NdjRr5HVQbXh6pSdvYvN2GrQjwMRAbf59zCWXrBha940r6vbOCRUDUo+5/P065x3IoHnELRvf+PUcROWILCcdyICIEu/UItqBwFtaqIPXC2/V/MdV+N+VZZGT5Y/x+9apcQ0QogZ/kklEOMTShTb1fkXWQvPMIgVN/RFjkJWL5mKQMU1WVrpuoSeFk1FGFm2FOo/jOcURtzarvJoCdjEN2wsa5Fk8ut5K0+yqxj8XWXbXt5YV3q96/qRxYP/iMVONdvB6ZxqIa68mHDQnCbskin1ACW+FuIiIiIiIiItJ0Xb4C+M13N1Umf4cPCWaO6VaGD3E+8vv86728+e6mjgxPREREWtOYWVXHh5MgP7PjYmkt+ZnOsVRwH2O7K8Nu3YY5y5/IyGYsr114gHX7BrHw+Wd463cPMs83nZUbrJVvZ/zve6y0Gpj/7NO89erTLI8PwnbQrTLw8B4SiqN5bvlSVi0zYcxLZnVinutN51LBqUHTWf7iUt56MR5TkYUX/vdI1furtpDc+xae/91S3vrvuRgPJLI5v3kjz9hioXja/bz+6jO89lAIuR9vYbMrhOAZC3mryclfAAe2Ew6M9z7Ia68sZdXyuUQdT2TNTvf60iKSNqYTNn8hq159muUzfEh6ewup5c2Lu1LhGXJLDIT2LyD573/l579awaJfvcELf08jvxwgiFnPLmX53QZn4nfFUt5y3wO5wd9BDaVnyLwYyvwlT7JqxTO8/kQome9/QlIhYIznrRUmonAmft9aUTv5C5CbV4Shb+2/scC+PuTnnXO2yb0IwUEYshJZ+crrPLV0Bc+8sp7NWVWVrdV+N/nnyMVAYN8anfY1EIyd/PwmtqmPfQ/m9BBMMQFAKKapvbHsTKHOdYcipxMfVKMK124hwTqAebc1trxyDpknILCvK92bn0dueRBhdRU916dF92+aYutG1mSP4rnvhdf5vveAfhhO5dVfJS0iIiIiIiIibaZLJ4APHjpOyn7nGnEP3nsHv1wyn7l3TeaXS+bz4L13AJCy/zAHDx3vyDBFRESktfQdDKNmVL3e/X7HxdJa3McwaoZzjO3GxuqlK1hU+fM6P1+fR+RD9xM/qBndOEKIfzSGUF8v8AnBNCUUTuWRC1BoIeEbL0yPzCUqwAc8fQiMmM7i2aOqru81ivmuZYu9DUZME/zJPZXjfO/wN5gvGSvfxyeE2B/eQthuK9aK9wtrLiU8rRnJWifD1LuIjwjA29MLgzGamEA7tlPN7KSSP1GzZxI7JAg/L/D2HUZMlIHMY+6psDIiZ7uWNvb0IXiakajyc9jqybk2qsRBMf7kfvkRloBYnvvlQl77j1iCjyXywvtWihu7vqHfQU2+RuK/F0NYoGtZ5iHjiAkqIKOZU24/vx4NnisuKSOYI6z40E7MQ4/y0m8fZnFUGeZV69l8ur5evfCruY2vj0+NCtmmtKnNtv0A+dHjiHFda4gxYky3klTnutH+xJqM5H6+g0xXUj/DnEbx1GlENbbNsKOI4nIDwf0biDkvkWVu/+4u+7zmH04L7t8UJWms3WDHtGB63VXiAL7d8MNO7vX+TYuIiIiIiIjIdevSS0BvMu8C4OeL72fkiOoPS++IHc+ggYG8tvpDNpl3MXrk0I4IUURERFpb9A8h/XPn8c63YcoiMIR0bEzXy57jHEOF6B+2cwAhLPjtTCoKNL27G2onxpoiMKB6EsgLyC8gFwi25ZFJP0wNJZSDg6ov2dzNC86cIxfwzs6j2G7n5aXWGheFEOWA3BN5FPcaVrUcNIDnAEIDocaKtA0KHuheFemFtyfk5ucB11ctaT9qYcPWA2TkO7AXljlPjnVvYSB0gHvM3YAics8CA6/rlkAO1m4zeX2GqyKz1zgWPnWJF5ankFxoJK5XA5c28DuotZx2uZ0MSyIJu3LItzuwu7aUbW7Svbj4cqPncvfbiV/2I2JcxbCGGQ+zsOB11mw/wqz4uipPyyh2AO5/xw5HjSrdprSpoTydpG8gdrHbFxd8oomL3sG67TZMs0NrXzNkCrOC/sTmlCksGbnPWX376yDgTEN3ArudfCCsoZgDY3nut9GUAtYNazDX1c/13r9RBSS9nUj+tIdZ3NDfqsGgpZ9FREREREREOkiXTQBfdlwh83gOfQw9ayV/K4wcMZg+hp5kHs/hsuMKPXy6t3OUIiIi0upG3gFDJ1XtBfzVSrjn5Y6N6Xp9tbLqeOgk59jalRd+vQx17yvaWsqvtujy0nJg0DieXxRdI04v/LzB3hnXsym0sHp1Gt5x01iyIBQDkPvlelbUWSnaSoJcCdyAftXPGwwE4iD/AtBQArgZ7Ds/YsUXXpji72PxUH8gD/MbG2nOqtvBQf7YTxcA1ROn+ecdBA50jiE42AD7exJY4w80MMCf4uN2SqF61W5gP4I5Qv55qifRz9vJxUBMIEBT2tQxZss3WEqK4PcraidbfdOwzgytvp8xAP7EzjSy+Z1tbM46Rumd85tWfetZY0/fwCCCPQ+QmQWxFfsNe/rg18vZmV+9/0d3nfdvTN4+krIgN+s9Fm1xf8PGsqVpBN/9MMtnBEFhEW35Jy8iIiIiIiIi9ev0CeCNn+1kz74MTp89z5CbBvCdm4cz967JnMh2fnN9QK0NvKobENiXC/ZLnMg+w8gRg9n42U7+9e0xTpw8Q8jAQCJHDK5cLlpERES6iKlPVSWA96yDMbMhLLZjY2quTIsz9gpTn+q4WBpT5nbsqk5scmXf0GDCOEDmKYhqzrLSLsFDgvAz55Hb3UBoHcmrwMFB+G0tILecqirk8jPYmrkHcEuVuu/dezyXTAaweLaxMr1pu+xo4wgiiBptZl3BOapVLdvt5ONDZB/nS+9WSJhnHiuAESbija7K+/IciovcWzgrqBuqqA0eHoKfxYa1fFxV4rQ8nYyjXkROdvYbfHMogVtPkW8H9+x/fkERfn0MtZds9hxG5LBELIcLmDewan9h+2Eb+cPCifQEaEqbmmyYtxdgvPdhFoyt+UdYhOXt9SSlFGGc5F/70kHTiB/8J1Zbh7Ekvon7agcGEEhZ1d+Up5G4SdtYsSURU0QDSy7X5Xru32h8VdXHlQ5u4edJ/Vj6dAyh3V2/rPIySvHH0KbfMBERERERERGRunTGmolKr61yLt98+ux5AE6cPMMm8y5W/fUTwoaF4O3tRc7php/u5ZzOx9vbi7BhIaz66ydsMu/ixMkzle99adnHqr9+0uZjqVBy+QqvvPGB21571X9+/ts/se6jRAovVd+pbZN5F4uWruDP731aee6C/RLPvvgWv/rd25wruNjovbNP5fGfy1bxyhsfUHL5SquPTUREpN2MvAOMc6pe/3M5XLvWcfE017VrzpgrGOd0QPVvUwQROtSL1KREbA4oLcnC/EEG+b7N6KLXRGZNKMP8dzMZBQ4od5B/OJHVn6Y37fqIWzAF57Dub8nYSsqgrIj8w4mseMfirC6MuAVTsI217yST6wAcOVje2UZq8wd7ncqwHzZjPui2jPTQUCI9z2D5Jo/Scge536xnbUpZw920mA8xM8cRmJLIym9yKC6D0oIjbHg7mfyx0cS4qn8Dh4fgl5dFcrYDyhvusT5hI4Lg6AEs+WWuzzsRS7X8dghhwyFjbwr2Muq+T8QtmAKOsKba7y0RS8A4TBGuNoOmED+2iA1vu/52yoqwfbOeNSn+mKbWtfyzgdi4YeRv+ogNh+2Uun43KzcVERM30ZVDbkqbGjLSsJSEEzc5CEMvQ42fEExTQ7B+vgNbXdfiQ9T8hbz265l1VAjXx0CgwbUcuEvk7GnEXEzj5TfNpJ4qciaHy4qw52dhu9BQX9dz/0Z4+jhXDnD/8fcCz24YerktI3/WTq6vv3PvbhERERERERFpV522AnjjZzs5lJlN2NAQ7rxtAtFjI0jZf5g3393EvgNH2fJFMjdHDGH/wUy2Ju3h7riJtfrYmrSHwqISxo4OY8sXyew7cBSAJx6ZQ/TYCA5kZLHZdX7jZzuZe9fkdh3jyLDBBPStWouvrOwqR7JOkbQjjYOHjvPTx79P/36Nf2X+7LkLfLVrP9+bNbXeNlevlmPelsKlopJWiV1ERKTDmZ6DjC+gtAROZ8DGX3adpaA3/tIZM4C3r3MsnZRxrom4N8y88Ks08DEQ98NpxH26sRn76/pgfGA+Czd8wupX3qC4DLwDQpj1g+gmXh/ErMX34b0hkZeXWSgtr7h+pitZF8SsxTMpfnsbL/zKQqmPgdj46cw6u6XVksC5n69h2VYDi1fEV9/n1pHCyl9tw+rpRfAtM1lQsZlyrxgWP3aOl999j6c2gCEyhvjpRazJa0kUVlYvNVeNaf97LNoKBI1j+bPTncs/D5zO0qdgzboNPLOhDLy8CI2azvPxRvwqrhs2jSV3b2T1G2+wuSyUxSvia+/x2wjD5PtYkrue1a+8zlpPf4xzYpl1NtHtb8JA3A+mY3t7Gz9/dlvVksDVOH+vvP8ZL/zGQileBEaM4bnF09zi8SfqoTr+dp56kFmu5Ztr/m68R9/H8/M/YvX7a3iqCLz9A4iZP58Fo6uykE1pU8VB8s4j+N0SX28C1Xv8OGI/NpOUYWJBZB0NvPwxNOv/ukIJGwqpp3Kgosra18jC3wwg+ZPPSHjzT6x2VVx7+/sQPNiIydjA/zM0+/6tI/90AQwZV2MvYxERERERERFpDx7XrnXOcpm/frCVnXsOViZrK3y48Ss+37aXieMjuXNqFC+tdC6d+ND372TarWMr223btZ/3//EFAL9cMp8vtqeyZ18GM6ZN4P65t1e2+9e3x/jj2x8zcXwkjz80q83HVXL5CivXfMTRrFMsXjCXqO9Ur14ou3qVdz80syvlW6bGGHk43oSHh7MCeONnO5k4biSPPzwbcFYAv/TH9RScv0if3j1ZujiegUF1L+2WcdTGG28n4LhSyohhg1iy8D58e2hPZJEbSdqBrGa179uzOx4eHpU/QIPHuB8DHtTTzu2fjZ2redyU142dr09z20vr8a1/g8qWS1kPCc9Wvb77NxD7eNvdrzVY/gxbX6x6Pe//QvQDHRePiHQ6pbvX89Tuwbz2dGzb7tHdZhxY3noDy6iFPBfbNUcgHaOkuK1XSxBpnjadx4qIiMgNQ/NY6Yw67RLQFUsghw+vvlncoGDnjnMlJQ6GDwlmjulWAN7/xxf8Yvn/Y+/e46oq876Pf9icQUAOchQUFRWVUDRRszxjZVpZlp1Gp7Emu6dm7mym5tTT03TPPc2M89zjdGcHZyYry7TUdDxRpo6o4YE0UFBRFAQEEQXktNlsnj82IiDn48a+79drv1h7rWtd129tfNVi/9b1u97hz2+t4eevvVOT/J0dM54B/QIoq153rX+wf53++gX7AdQc7252trZMGh+Js5MDmWTtsJwAACAASURBVBfyKCtvWVxXCq/y1Z6EBqtfmior2bHnW8qNTa3EJiIi0gONeQTGPn79/bbXIWFN98XTnIQ1dZO/Yx9X8ldEbmAfGUbEuQwSreNPlNYrTyQhNZAptyr5KyIiIiIiItIdrDYBfG0m674Dx+rsj4tPAsDXpzcAc2ZO4OXnH2FQaBAGg4ETpzMwGAwMCg3i5ecfqSnrfK2//YeO1+nvWv+NzZztDm69nHFwsKewqASjsfknR4L8fQjy9+FAQgpnM24syJh8Mp2klDRuGTYATw+3BnoQERHpweb8Hgbdcf39uhetMwmcsMYS2zWD7rDELiJSn+MYYsYWkHC0uLsjaZOK1HTSo0YSrfV/RURERERERLqF1dayiRw2kC93H2bbzgOkpWcz7fYoNsXuJzUtE4DJEyzlnsuNFdgaDNx352039GFna4vRWIGDg31Nf0kpafz5rTXMjhnPjj0JnDidUTOetcjOyedqcSkD+wXi5Nh8mWZnZ0em3jaSf6zextdx37LwYT9sbS25/dIyI1t2xNPLxZkZk0bzz9XbOzt8ERGRrjf/LfjnY5B51PJ+3YtQcsV6ykHXL/scFGmJWUSkEUPnPUNDSwr3BPbD5/Ln4d0dhYiIiIiIiMj3l9UmgIcMCuaVF57gz8vX8G1SKt8mpQLQ26MXz/xgNnn5Bbz74WbOZ19stq+QIF/uu+s2XvvFQt7+4F+cOJ3BieWWxK+LsyOvvPAEwUG+nXo9LWE2V3HyTAarN+zEbK4i6pYwHB3tW3Ru+OB+jBgayreJqdw29jxDB4UAkJR8hrT0bGZNH4d/H+uZ5SwiItKhnNzhiX/Ah09eTwJvex0unYE5/12zhnWXq6qCjb+Egx9f3xcUaYnVyb17YhIREREREREREZGbmtUmgAGCg3x5+blHOJOezaX8QgL9fYgY2p/s3MusWLWFktJyhg3uR6C/D85ON86UNVaYOJ91kWMnzrJi1Rb+88fz+O1/Ps7h706Sc/Ey3l7uDAgJIMDPuxuuDpav3NjgfoPBhqkTRzGpepZzS9ja2nL3tLGcSM1g29cHGRASgLHCxLZdh/D16c0d42/hSsFVysqMHRW+iIiIdenVB364ClY/C6n/tuw7+DFkJMBdr8DAiV0bz+k42PoaXEi5vm/QHZaZv0r+ioiIiIiIiIiISCex2gTwuYwcvvy3pWRzcUlZzX43V2d69XKhpLSc2THja9b4bcrG7fvYFLuff3yyleKSUgqLSur0FzliEKNGDOKWYQM65VoaM2RgMF6eddfk7dfXj5HDB+Ht1fovhvsHBzA2aihx8Ykkn0onL7+A81kXeeLB6Xi4uZJ/uZCqqqqOCl9ERMT6OLnDwo9g46/gwEeWfRdS4J+Pwq2PwuTnwSOwc2MoyIJdy+rO+gUY+7jW/BUREREREREREZFOZ5UJ4GsJ24YUFZdSVFyKm6tzi5K/AHNmTmDn3iNk51xqsL+4+ETi4hNbnFDuKFMnjiLqlrAO68/GBqbfHsXRpNOs2bgLk6mSAf0CGB05pMPGEBER6RHm/B4Cb4HN/wcqSi37Dn5seU34kSUZ6zOwY8fMO21JOu/7e9399s4w61UY80jHjiciIiIiIiIiIiLSAKtLAH93/ExN8veJeTMYNSIMt17ONcdPpGbw5+VrCPT3aVW/Qf4+nDidwYuLH2LIoOCa/cUlZezYk8Cm2P1sit1P5LCB9Av265iL6SJGYwVmsxkAf18v7hh/Cxu378POzpbHH5zRYHlsERGRm96Y+TDwNoj9AyRuur5/398tr8FTYMQ9MHQauHi1bYySfEjZAUn/gpM7bzweMRtiXgbP4BuPiYiIiIiIiIiIiHQCq0sAHz12GoDZMeO5Y9wtnT6eq4sTc2ZOwK+PJytWbeHrvd/yw/l3dvq4HelqSRkVFaaa91NuG0lqWiYuzo4MGdi3GyMTERHpZp7B8PD/wsgHYM9bcPbA9WMnd15P2vYdBSFR4D8MfEItZaJdPMHeyXK8ogxKLlvKO+elwYXjkJ4A579teNz+Y+H2Z2HI1M69PhEREREREREREZF6rC4BnJKaDsDtXZD8rW1gf8t6gCdOZ3TpuJ2hl6sz//njB7s7DBEREesxZKrldeJrOLQKkr+se/z8t40nc1sjfAaMeUyJXxEREREREREREek2VpcAzs27AoCnR68uHdfHywOAS/mFXTquiIiIdKFrieDLGZC0GU58VXdWcFv0HwtDpsOIWSr1LCIiIiIiIiIiIt3O6hLANztnJwde+sn8Vp83O2Y8s2PG19nX26MXb/zmqRb3ERoSwLL/+kmrxxYREbnpeAbD7c9YXmWFcO4QZCVC7knIT4eiHCgtAFOZpb2dEzh7gJsfeIWA72AIjIB+Y8DJvXuvRURERERERERERKQWJYBFRETk+83J/frMYBEREREREREREZEeztDdAYiIiIiIiIiIiIiIiIiISMdQAlhERERERERERERERERE5CZhdQlgby/LOnonUjO6dNxr43l69OrScUVEREREREREREREREREOopNVVVVVXcHUds7H2zi0NGT3Tb+zMljeHD2pG4bX0SkrY4kpbWqvWcvB2xsbGpeQJPb1N4GbGikXa2fze2rv92S983tb0xr20vHcXax6+4QREREpAcoLTF1dwgideg+VkRERFpC97FijaxuBvCPfzCbmZPHdPlMXG8vd8ZEDlbyV0RERERERERERERERER6LKubASwiIm2jGcBN0wzg7qOZEyIiItISmjkh1kb3sSIiItISuo8Va2R1M4BFRERERERERERERERERKRt9CijiIiIiIiISE9kLIFLaZCVBOePwoXjkH8OSi5bjrt4glc/8B8GfSMhcAR4h4KDS/fGLSIiIiIiIp1KCWARERERERGRnqL4EqR8BXHL4eKZ5tsWX4KMBDj40fX9fQbAxMUwdDq4enduvCIiIiIiItLllAAWERERERERsXbZxyD2DTi1q/19XTwD639u2Q6bDDEvQcDw9vcrIiIiIiIiVkEJYBERERERERFrdTEV1r8I6Qmd0/+pXZZXSBTc/2foM6hzxhEREREREZEuY+juAERERERERESkHlM5bP89/HVq5yV/a0tPsIy1/feWsUVERERERKTHUgJYRERERERExJpcTIXXhsCet7t+7D1vW8a+mNr1Y4uIiIiIiEiHUAJYRERERERExFqc2GGZiWs2d18MZrMlhhM7ui8GERERERERaTOtASwiIiI3NbO5isrKSiorzVSazZjNVVRVVXV3WCIi8j3j6uKErW3Tz2BXHvgE240vdVFELfDhD+H+P8Hoh7s7EhEREREREWkFJYBFRETkplRRYcJYYaKyshtnUImIiACOjvY9L/l7zfqfW34qCSwiIiIiItJjKAEsIiIiNxVjhQmjsQKzWbN8RUSk+9naGnB0sG+yTeWxWOtM/l6z/ufQyweGTOvuSERERERERKQFtAawiIiI3BQqzWaKS8ooKzMq+SsiIlaj2eTvhZPYfrKoi6Jphw9/CBdTuzsKERERERERaQElgEVERKTHq6gwUVxcpnLPIiJiVezsbLGzs230uNlYiu1bMV0YUTv9bTqYyrs7ChEREREREWmGSkCLiIhIj1ZurKC8vKK7wxAREbmBg33Tf3JX7fgLmDvo4aUp62Ha6Ho7y2FHGOzsmCEwm2HHUpj5qw7qUERERERERDqDEsAiIiLSYyn5KyIi1srW1tDk7N/KCyex3ftOxw1YkAHG0eBQa58xAwo6bggA9rwNUQ9Bn0Ed3LGIiACQu4NX/pRG9M8XMcv3hoNsfuND0u9ewuKINnXO5jc+ZENu3b32rq4MvX0mi2aE4tK2qFs8dnzUE7w2w5fsL1fwyjYPFi+dR1SnjVlLykZ++l4WE194hnlBrTy3KJENm7IZODuGCDfLroQPlrI8eySvvTSNgA4Ptnnp+9YRyxgWTQhpcx8JHyxl+dF6Ox0dCYmcyOJ5I/FpZ+3Qisw4lr9/mMR8EwF3Wn7vIiLSdZQAFhERkR6posKk5K+IiFit5mb/2mx4sWMHTHge+o+AqFqJ2aSpkNCxwwCw/kV4ekMndCwiIgCYC9jw0Q6ifjaNgE5YwC9qYa0EsrmckuwjrHhnHcucf8jLE706fsAGBNzxCH8eRycmnGsrJ37fKXB1JC4umXkPh7fu9NJcEg6nYz+dmgRwxLxF/NnshEfHB9siealpxBPGognt66duYtZESV4amz/YyO8+d+Wv88La0XMaa9+Jp2DCXP46PRQXZSFERLqc1gAWERGRHqfSbKa0zNjdYYiIiDTKvokEcOX5RAznj3TAKMNhxjL4aRK8ll43+QsQlQ6vnYIl62HG/Ov7B/0RXk2H//hd24ZNT4DsY20PW0REmuFBCEdYHpvV+UMZHHEJimZBjBenDySS1/kjWji64uHmin1XjFVwkNjkQB59diQ+h44Q3wHL2ds7e+Dh6tj+jqyKHS4+Ycy7JwwOJJLYnq5yz5BS7EFUlJK/IiLdRf/5FRERkR6nTMlfERGxYvZNlH4GsPnqT+0cIRju/h1ETQWnWrvLLkLBtZrPjuDpCw6O4DkaJo2G6Kfhq+eo+XY/YAE85wh/+0XrQ4h9AxZ80M7rEBGRhnkw6/EwNv9pHSsH/IQFg5toWprG5o+2s/lkMRXY4TN4BIsen8ZA5/ZFkPftOpavTyO9GOw9Apn1xBxmhboCWMo3Z0fwcsAZln+VRYEJPIZGs+RHE6/PWC5K5uO/xxKXYaLC0ZWo+ybVLZWcuJantnhVl1CuLm09aS4hidvZnFJMhZ0rEbPn8PzEwJpTSlJiWbYmkdMFlpjmPR1Oyp8OEfJSQ+Wyr0vfk0TemElE+w+A8Hhi4/OJvqPeTGdzAYlbNrJyTy4FJrD3CmTWo3OISv2EV7ZZ/t+64Y2lbMCD+15aRNTRFbySHc17P4howe+hJddXTOLna1hxIJ+SWuNf+8xrfXAsXxJbXeAjlqeWxEJkjCWOTvq3UJK2gxUfJ5GYbwJHDybOm8uCUZbPr/a/hRU7s7Cf8gSL2djgZzbLJ5/4tV/wcYLlGl2CQ3n0B3OJrv5VNNTXazNyWL4knoDHh5K+KZ7EArD3D2fxT2LwOLiWZZuzKDDbETAuhpcfCO+iGeUiIj2DEsAiIiLSoxgrTFRWmrs7DBERkUY1ufZv4UVsU3e1vXPv++Ch1yHI3fK+LBXi34WE1XCpofYT4PbnYcQEcBoE92yFM3+DkxdhWB/wmw8/dYKPnm/4/Mac2gXFl8DVu+3XIiIijfOdxJJHc/nlR2uJ+OU8ohpM4uWyefk6YntP5LevRxNAFnGr1vGH5Xa89sKkFq9NW1GQyIbd+fhETsMHqDi2jt+tL2fej58hOsiRkpNfs+ztNbj86odMuVbz+ORBNnjM5OXXwvAoS+TjN2NZvmNwdTnhXDa/tYX4PhP57e+vx7UyjyZjStkSh8/jD/HXH7lTcmwLf3h/C5sHVyd3c3ez9O8n8XjgEf46JhD7vHiWr4zjNE40uQquOZmd38DExZayz9ETwvj480Ok3xFT57yUzz9kWWoIi196iKjekJcax9pj6cy6ZxHvRe7glTfSiK6VaM5uw++hqesr2LeOZal+LPnVEwx1LSc9eTdrE9KZFVq/XHUEi5dGWNbvJeZ6ArqD/i1Qns7m2DRKwm9jKNWf+9tpDP3REywe5AW58Sx/62NWutZ6MCExjuXmaBa/cDc+rq54ODf0mZWT+PHHrLgwuPoai0nZvJal/7MOl1/PJcKx4b4gByggdncJz//0pzzvlMWG/13Lir+kEzJiGr/9rzBcsnfwh2WxrI0Ib/phCRGR7xmVgBYREZEexWjUur8iImLdmkoAk/Jl2zv2XgA/+JMl+WsuhCO/hdenwpeNJH8BLu2DDfPh9bvgSCqYgQHPWZK/lIMJ6HMfTGpDPClftflSRESkeS6j7mbBoBxWfnqEkoYanPyG2OwQFiyMJsARcAxk4sJJRGUfIfZk4/0mvL+Up5Zcfz37+tecHjSNJXeHAAXE7Uxj4D1zmRjkij12eAyO4dEJxcQdyr/eiVs4j94bho8j2HtEEDPalezMrOtxFYWxqH5czVyvx+0zmTfYC3uDHR4RY4j2KSA903IsZfcR0sPHsXhcIC52YO8fzfP3Npn6BaDi2yPE+YwgJqh6x9CRTCSZnSm1GhXFseEbO2J+MIcoL0cwOOIzeBqL72nhWsEt/D00dX0lxeXgF8hQDzuwcyUk4m6WPNCKtYrb+G8he9uHdf4tPPWrtex0HMHLj4zBHsvnXjAhpjpuy+e++B5v4g4lX++kdwTPL5zIQB8PPJwbmW9WdJDNh5247/GY6mv0YOi9c7jPNY3NBwua7StiWvV5jiHMmhhIyRVvpswOw8MO7IMnMmWwidPnclv+eYmIfA9oBrCIiIj0GBUVJszmqu4OQ0REpFEGgwEbG5vGj+97p409T4XHfwPejmDKgC3z4UBGK84/Bp9NhfR34O67LN8GXFwP28thSjAcb0NIe5bD6IfbcKKIiLSMK1GPzyTx1Y0siwvh5Yl1j+Zl5FLiE3q97DKAwY8QHxMJGfkwuF6Z42oR8xaxYPi19k711rLN4vQ5SEx7k6c+rXuexx1Xgeo+A3zrziq1tYOcS5aZsedyKXELxeeGuOrPnK0rwL92HWc77A2QnZcL2HE6w0RAREjdNYNDAxlIU0m/fHbuySLi9rl41OwLIeZ2d17cd4hHh1qSnKTnchrv60niVmr+99Dc9fkSEDmUkK928OKbZ5gyJoKIyFBCGkumtimGhv8t+Nwxh5enXovLDpc66zLnczrDREHmWp76d70Th4ZR82h2cEDTs7Ch+jP2IKZOqW5fAgJgQ3oWXPsNNdiXByF+19/ZO9uBj1eta3XE5WZbjllEpAMoASwiIiI9hrHC1N0hiHS+q5nE749n79E8Mq9WAmDXy5PRM6YzN9Knzg18UdZhdu08xeFzlymqXhrbOTCI6TMmMznUvaZdzu5V/HFnIfiM4Bc/uZ1a35+0WFHaHj79IpnkK5XV44Qw98E7ifJqeq3Ttkvm/Vd3kdiClhEPL2ZhKyZI3DjURpZ8WsRdP3mM6T7t6EcEsLVtvNCWuewqhry0tnU8/3fQxxFMqbB6KqQ00s57gSWhu/P1hmcFH/gxFP4R5s+HPvfDsB/D8q/bFlPeGTCWgINW3BMR6TSGMBY8O5JXlq5j86C7O6RLe1cPPNwaO2qiwmxH9OMLmTeo3iG7+uvRNtK/tdScTIljcwaUfPwmT31c/2AiOwvGEOMBmCu7Ibh6fCfy2/+K4PSJRBL2xbF0/UZ8Yh7ht9MCmz+3HexdPPBw82jkqAkqIGTGPJ6/rV4bg1PdZLyIiFgdJYBFRESkRzCbq7T2r9z8rhzgb8sOc9YMGGxxc3cETJQWXiZ+/VqOn5/Jq7MGAJAfv5r/2noZADsXR9ycAFM5RVmZbFr5GWcfns/C8I5JypQmb+SNTzMpBZzdHbEzlVOUlc6qN1eT/8xjTPdttos2GMzDLwbxQK09OXvXs3y/Gw+9OJ1htfbbOXXG+CJtY2to/FvvqrYmfwf9EYYFA+Vw5DeNJ38BJi2AkYPA/Dqsa6RNyi9gTxhMGQ0jfwPffQ2pbQuNvDQIHN58OxERaTv/aSyOWcHvPt5LRK0/iXyCfXHZWUyemeuzIc05pOfZERLc8IzP5oUwNNREbGYBHqOaL7HcEJ9gX1y25ZN9Q1xtDAkvBgbbsSEjnQp8ryce07I4DQxs8Jxy4vedwmXiHF5r4Gb19Kb3WbsrnZh7Q6B/AANJ4nQmRDU0C9hg12Sys/nfQwtLE9t5MHD4RAYOn8i8tC28+NY3JE6bS0QDTe3tsCzj0OIY2sKXgQPs2JCVi4tbSPsSviG+DOQUeQVwfTp2LtnZMPC2zk1yi4h8X1nL81giIiIiTaqstIKnskU6W+8wIvwdCZsyk1d/9TSvvvAkr77wNK8+EIQzUHTwCPHVM329RoUT4RvCY88+yRu/eNLS9hcLeCzcFigncfcR8psaq6WMR1m1NpNSbIl4YAGvv/Akr/7iaV643bIG6dYNByjqiHFuYItzL3fcar+c7AA7XOrtb0V1PJFOZzA0Xv6ZrJbMaW/AhGmWv94vrocN+9rWR307nofscjAMgjuebnM3VW29JhERaZWAGXOZ55BOQu0k6uBxxHidYsX78WSXA+VZxL2/m4SAkcQMbutIHkycEkrJ7ljWnsynwgwVxVnEf/pPPm7qAaTaBo8jJiCdlfXjamtIwNBJIwlJ/obl32RRYoKKC/Es+yK98RMKDhJ7zIspU8PwcPO44RU1KRzi9hJfDrjdyqzRJmI/jSUlvxzM5eSd3MHyf1Wvc+sTwkDXAuIPpVNhBuo/l9wBv4fEz//JysNZlJQDpmJOn8iioHcvGpubG9LfF06mEFdgssTTKf8WGvjcS3NJ+fJDlse18i8Nt1uZNbqYtX+PJaXABKYCUr7YyIbiUGbd2thViohIe+irEhEREekRNPtXvh88mbzoSSbXe0zTOSyIvmRyilKKCgEfwCGShc9G1jvfhahb/FmVnAmmyuvrcrWD6dhpks2A+2AmR1ybUWxL0O0jCN+zj+SsU8TnjVXpZJFqNk0kgG0yv2tDj89B/z5AIRz8RZvjulEG7N8Lc6dC37uAd9vUS1XmUWzGzO/AuEREpGFeTPlRDCn/HVtrny+zFs+Fj7bzu9/EUYEdPoNH8PLiSXXX520l++Fz+e2jW1ix+p88WwDY2RESNYnF9UtCN8qXWYvvpuTvu/ndr+KocPRg4rxpzLq4pe1JYN9JLPlROcvWfMJP14K9RyDznp6I/Z8ONdg8fU8S6cPH8HJjucWgMUwJ+iex8flE3+FFxPxHWbT2C5a/8SYlJrD3CmTWw2OqG4dy3w9HsuLDtTy7A6IWLuG+G663fb+HgVFhxH2xlhc/NlEB2PuHsmhxTKNr63qMm8WijHWsfP2vrPQZyWsvTeuUfwv4TmLJs7as/GwtP11rAoOl3wXzWzur2PH6Z/z7v1JiApfgUBb9bC4RWr9XRKRT2FRVVVV1dxAiItJ+R5JaV1LQs5cDNjY2NS+gyW1qbwM2NNKu1s/m9tXfbsn75vY3prXtpeM4u3TM82bFJWVKAsv31/ldvLoimSI8mfvifG7r1VjDEhI+/YhVyZU4j57J67Mt5aJrrwG8aFIhW7emk1kCOLgQftsUHpsUgnMjPZ7d/g/+tr8chk9m6bzaC+3msHXZOr7Kh/B7n2TRKMfr4wy/nRf6nuT9nTnkG8HO3Y8ZD97JdK8LfPXFHr48VYLJYIvXwJEsemQsfi2sS2Tp342Fr865oRReafoBPt12hOSsSkxUr4V853Qmh9Qtg11nLWM7F/pHT2ChfzKvfl53DeCirMN8uS2JhKwSSk3Vn9WU6SwcH4QdkPzFu6xI7seiX8wkvF78mV+u5C/H+vHc85Ppr5pL3ztuvZwbve8wvz0Hw/kjretwwmq4ewJc/Rr+sLD59nO/hqhBkBDSeAno653DktXgWQjbR8Ce1oUGUNV3FDbPfNH6ExtQWmJqvpFIF+qo+1gR6SQFcfzutQym/P4RJiqJKCLdSPexYo16/J3soaMn2bojngsXL2M0Xp/j4OhgT4C/N6NvGcydU27txghFRESkI5jNemZNvq9KiN+dbCmzHDiAW+onf/MP8Pb7SVwAKCunyAh2fSN5rnqt4Lptk1jxuWUdXzeXcopKSkjeuY1PfRewMLzhb82KCssBcHaqf9wW++rkZn5hEVDrePIe/pJsi1svR5zN5ZQW5rD14/V851RIZokjbu62lBZWkn/qMCt2BPHrGQ0tttYKp7/ijVWnsI8Yy+IHw/DmCsd372TN+6vJf+xJ5lYvDGc6sZk3PknHOXIsz/3gertlO6DOn0bmTHZ9dpTMgSN4LGYAfXvDpcR/s2L7Zj7qbfmswqMH4/VtMnsTywmPrHXt5lPsPVxC0KRIJX+/p5p66Mwmv4lSlY0JCbb8zO2g0s917IOci+DZB4ImWN63Vv65Do9KRETkBrlxLN9WTvS0cUQEuEJ5FvGfHyF96DiilPwVERG5QY9OAG/fdYjPNu1u8Fi5sYKz6Rc4m34BHy8PxkS2Y7EDERER6XYqWiLfVzm717PmFIAj0dPG4la/gbmcwsLyOuvwOjtXUmoEnOq3dWf6M/O5y98WKCF+5UrWpFWSmJIO4WFNxuHu7t7yoM3uTH/2Me7yBQoP8Je/HCazrJDM4LG8+sho3AzVs2T3lpB/4gw5M4Lwa3nv9Vxm145TFA2cwOv3R1bPZHYn+v55ULKSNTsOMGPgWNzIZOvWdErDJvDr+u1WrWTNlVrXZwhi9k+etKy5Ws1t/BQmH13N1muflf947hqSzKqkFEyRkTV/WJkSE4k3+vHYaM82X5HcvGxKr7T+JJfq2pWFWzs2mGuuFgB9wGUEbUkAt+maREREWssngin9Y1n7ztssL6amFPHLj4/BpdmTRUREvn96bAL43PmcOsnfO8bdgoe7a837S5cL2XfwGADvfLCJgBcXEBSghclEREREpOcoTd7I33YWAhA0ZRYPDWygkc/t/OLV2y3bxhziP9/MmhNJ/O1jR159sl7C2CeEKH/b6jcu9O/vDmmFYGq+XFVh4bXFh1vAJ4Qo3+ptdze8gEwg4hZL8hcgqK8nUAL5heRD2xPAV0+RmAXh9w6tV8bahdHD/FjzxXmOG8cSbczk7BUIn9RIu1Oldfu9YfauJ37e1PqsHIkaM4B1q5KJK4xksjvAZeLic/CKnkOUQ1svSKQet+qHE8wZtXb+Bl59umP+os/NBQaBW4sXdhQREel6Bg+G3jGP397R3YGIiIj0DD02AXwhN79m+7G505h828gb2oQG+7Nq3Q4Azp6/oASwiIiIiPQYpgt7WL42k1LAa/R0S4plxQAAIABJREFUFk9qQYrUwY/o2SM4cOIwZ9PP8N3VsU2sF9wybu6OQDmlZeX1jlRSUb0st69XC++zG/rrw2xZs7fNysopBdxuKFENdk52QBFFhQDNtasr/8QeNu4+xdk8S1ntGsNrbYeNILr3RvbGZzJ5RhBcOMreLE9um9/OktZy06py7o1NSX7zDZuVC0WF4NpYzctCLHXhO1+Vc28aL3otIiIiIiIi3aHHJoBzLl4GwNvLndGRQxpsMzpyCBu27aW4pIxL+YVdGZ6IiIh0MBsbG5WBlu+P3D0sezeJTDM4D5/MC7PD6s1arWbmxpmqLi7Vs34rKS0D2pkA7uvfG8iBjBzOEk7/aweuniM1H8CdvgHtG6NdnBxxBkxl5dRZhxgwlZkAZ8sESmNz7WpJ/4q/fHIK58jRPHz3APr2tkznPb5pFWvqNAxicrQnu3YnkTwtCOJPkj8kmomtqJYtN5+qqqpG1wGu8gppfQK4qBD6uIND7TV634Wl77Yrzhr+1dP1i1LbdHqVVz8lgEVERERERKzMDYXNeooJtw5nwq3Defrxe3Dr1eDXYbj1cmbJM/Nq2oqIiEjPZTDo62X5nihL5v33q5O/oaN57oHwhpO/p7bz6lubScitOzM3Z89REgEMbvh5tT8cu/BwIpyAwpPsSiyp3lvJ2T3JnAUIDCO6Owvt9AojIhCSj6dQt4hzCYeP50BgX4Y5tKBdLfnncigliLvuHUt4Xx/cernj5nKFzOwbh3cbHU648Qx7Dx5m71GIHhPZc5+ylQ5hbuphJb9hre+wpMDy03tq2wJqTu/qBHBb1xj2D++4WERERERERKRD9NjvJny8PPjh/DubbRcc5NuidiIiImLdbA0GKivN3R2GSCcrZO+nu7iWZ624mMTy/0mq22TI7bw6awDJ352jKK+SVW/9g09dHHG2A0zlFFWfGzRlAhEd8binQzgP33uK1E8zSfx8Jb/50hG7a+MY3LnrvnrrDHc5TyZPC2PXqn38Zb2JxyaF4c0Vju/eyZrTjtz22LX4PJk4KYSvPrmx3VcXXer06BUegt+OJLZ+cRivSWF4GzPZtT2BhIZqVTtEcltkPCu2HoDe4bwQ1gWXLFatylzV6KPWVUG3wOGPW9dhyikYEQzeo9sf3A3mg687cBFSM5pt3aCgyA6NSERERERERNqvxyaARURE5PvF1tYAFd0dhUhnM1JadP2d6Wo5RfWblJgAW8If+BG/HraPrfvPkJxVUp2QtcUt0J/JMyYzObTj6hA7h8/hpQV7+PSLZJKvWGYcOweGMPfBO4nqgFnG7TZwOi8tdOfTbYdZvuwAJsA5MIi5T8/iNv/rzeyGzKq+jsP8bdkBsHOhf/QEnp+WzKuf1/qkfW7nuSdh1WcH+NvRA+DgTvTsu5mbsppVDQwfPnowbt8m4z0+Eq3+K2ZzEzOAAyNa3+GRbXDnVOg1Gu4Jhn+1MVHbkCkPW8rEX02EI23rwiaoDdckIiIiIiIincqmysoX0zufdZG09Gyyc/O5kHsZo7H93/w6ONgTHNQHX5/eBAf6EhLk2wGRioh0ryNJaa1q79nLARsbm5oX0OQ2tbcBGxppV+tnc/vqb7fkfXP7G9Pa9tJxnF065nkzs7mKq8WlzTcUEeliRftX8+puTxb9YibhPXaRHeko9vZ2ODs5NHjMXHYVw+ttKAM992uIGgRXv4Y/LGxnhNfMh5f/aEkAfzcf1uxr9owGvZIMDq4dElFpSUPT7EW6T0fdx4qIiMjNTfexYo2s+k42IfEUKz/dTklpefONWykx+QxgSQbPnDyGOTMndPgYDSktM7JsxTpS0zJZvGAOUbeoRpyIiEhLGAw22NqqDLSIWBnzGbbuuYzX6NuV/BWAJv8/ZXDqRZVPKDZ5rXtwj3WrYehvoNdUWPg0vP9uO6ME5j9nSf6W7Wtz8rfKJxSbDkr+ioiIiIiISMex2gTwW//8gm+TUuvs6xvYB1dnp3b3XVZu5Nz5HACMxgo2xe7nzLlsfvb0A+3uW0RERDqPg70dpZXG7g5DRKRG6dEjxJd4MjtaxZ/Fwmw2U1VV1Wj1EfOEH2O78eVW9vou7JkKMyfAoOfhnlT419dtD3Lmesu6whTC7p+3vZ+Ji9t+roiIiIiIiHQaq0wAr/liV03y19HBnkfmTmP44H709ujVYWMUFBVzICGFdVv2YDJVcuzEWeITkomOCu+wMURERKRj2dvbUW6saHp9RRGRLuQ8ai5LR3V3FGJtTKZK7O0b+XN76AxodQIY2DMf+lSXgh63DAy/gY0bWtlJMMx5F8YOB8oh4XnY0/Y1hW3CZ7T5XBEREREREek8Vlek7PjJc3z578MA9HJ15s3/fp7bbh3eoclfAA83V2ZMGs3yN36Gt5c7ACtWbeHMuewOHUdEREQ6loODfXeHICIi0iRTZWWjx2zd+2AeNLltHa9bAEkZgDuMXQbPLYMBwS07N2gBPLf1evI35U+wru2ziKvCJoOrd5vPFxERERERkc5jdTOAjx47XbN9/90Tu2TMBQ/N5C9vrwVg/6HjDOgX0CXjtkRVFaSkprNu8x7SM3OoqoI+3r25984J3DpyKLWril0puMqX/z7M4aMnyb9SRFVVFb09enHX1LFMnjASg8GGuPhEPlj7JUMGBvPcj+674Uv0fQeP8f6n24mOGsrCh+/E1tbApcuFfLF1L4cTT2E0VtDL1Zlxo4dx750TcHJ06OJPREREvu8c7O2oqDBpLWAREbFaFRWVNLV6UdX0n0Pqrjb0nAGrb4OZq2H8BPC7D568Dy7ug+Nb4fhKyKzVPGgqDLsPhk2FPpYHnzFfhL0/h+3tKCEN2MS81K7zRUREREREpPNYXQI45+JlAAL9fbhj3C1dMmZ4WAh+fTzJuXiZ7JxLXTJmSx08ksI/V2/DYDAwbHB/nJ0cOHE6gxWrtpCXX8Dd06IBKC0r5633N3Lu/AX8+ngydtRQjMYKUlLTWb1hJ1VVVUy7PYqI8AH4+vQmLT2bc+dzCBvQt2Yso7GC/YeO42Bvxx3jbsHW1sDFSwX8z7ufkZdfQN+APgQF+JCemcuOPQlkZObyH0/eh7OTksAiItK1nJwcKC4u6+4wREREGlVRYWq0DLRt3wjMfUdiOH+kbZ1vnw9JC+DupyE4GPpMgEkTYNLvmjipHDK3wsbn6yaJ2yJ4FAQMb2cnIiIiIiIi0lmsLgGckZUL0KZZuB+u/ZJ/f/MdE8eOYMHDM1t1bv9gf3IuXibrQl6rx+0sGVkXWb1hJ73de/HTp+bi7+sFQElpOf/7jw3s2nuUMZFD8PXpjbOTI4/OnYqPlwe9XJ2v95GZy1/e+Yx9B48xbvQwPNxdGRURxravD7D/0HEGhfatmUV87nwOaenZhIYE0K+vH0ZjBas+/4pLlwtZ8NBMxo8Zjo2NZVby5q++YVPsfr5NPMWEW/WHv4iIdC1bgwFnJwdKy4zdHYqIiEiDjE0kgAGq7vszvDm97QNkroT3VoL3BBj/NAyMAM8+df/KN5VDUSqc3gIH/9b+xO81c5d2UEciIiIiIiLSGawuAVxYVAKAZ701f/ceTOL91du5Y9wtPDFvRoPnHjp6wvLzu5OtTgD7+vQGoKi4tLUhd5qTpzMoulrCuEmja5K/AC7OjkyeEMl7q7aQdSGvJvb+wf439OHWywUHB3uulpRRUWECYOzIIcTFJ3LyzHkKi4rxcHelqspS/tpYYWL8mGE4ONiTmZ1HemYOQf4+RA4fWJMotrGBCWOG8e/935F86pwSwCIi0i3s7e0wV1VRXl7R3aGIiIjcoLLSjMlUiZ2dbYPHbf0HU3nbj7Hd+077Brq0D/61r319tMbtz0CfQV03noiIiIiIiLSa1SWAG/NtYioA//7mOx6453ZcGlhQKcDPm9Nnswj08262v70Hk7jt1hE17/sG9sHN1ZmIYQM6Luh2OptxAYAvdx/my92HG2yTlXOJkSMsf3znXLzMlh3xnDidQUFhMSZTZU07L0/3mu2+gb6MGjGIuANJHDtxlgm3DufipSskpZzF16c3w4f0B+DipStcLS6j6GopP/vt/zY4fv7lIsrLK3B0tG/wuIiISGdyrF7LXklgERGxRsYKU6MJYACbaS/A/vfA3EPWtTcYYNqS7o5CREREREREmtFjEsD9+vpx9NhpAC5eKqBf3xsTwC8/9wgnUjMYMii4yb5+/d9/JzfvCqWl5Uy/YzQAURFhREWEdXzg7VBZafkSIDjIl74BPg22uZbszsi6yP975zOKrpbg4uzI0EEhuPVyxmg0kZSSVuccGxsYP2YYB75NYf+h44yJHMyRpFQuFxQxZ+YEPNxdATCbq6iqqsKtlwvhYSHY2hpuGN/PxxODwaYjL1tERKRVHB3sMdjYqBy0iIhYHZOpsslZwAYHZyqfjcW2PaWgu9JzX4GdY3dHISIiIiIiIs3oMQlg/z6eNdu79h5ptMRzc8lfgNy8K4BlLV1r1jewDwePnCA02L/RstfXnDufQ9HVEiLCQ3n2h/diZ2v5giH/ciFnzmXf0L5fXz9CQwJIS8/m+MlzHDySgqeHG9FR4TVtvL3ccXF2wtXFifn3TcGtl0vHXqCIiEgHsbe3w2BroKzMWPMAlYiIiDUoN1Y0OQvY1n8wlY+swPaTRV0YVRs88U+VfhYREREREekhbpzSaaVGRYQRHOQLUFO6uCVOpGZwIjUDsMySXbZifc2xLTvi2bbzYJ22ZeXWM3soInwAbr1cSEg8xemzWXWOGY0VpKRm1HzJ3cvFCRubujNxq6pg36HjXCm8ekPfDg72jB8zDGOFiVXrdpCRdZERQ/vTx7t3TZsAXy9CQ/zJuXiZ3fu/o6qqbt9p6Rdq1mwWERHpbrYGA64uTjg5Oag6hYiIWI3KSjPlxqaXKrAdHkPlnDe6KKI2uP9PMGRad0chIiIiIiIiLdRjZgDb2dnyzA9m8+v//jsA//Pu5wwf0p8B/QIYMvD6rF+/Pp709ugFWNYNfuv9LwAYN3oY3xw+XqfPykozn//r33y1+zAD+gXwbVIq/fr68Zv/fLxLrunDz77k0y92NnjsiXkzGD4klDun3Mr6rXH88X9XM6BfIH28PSi6WsrJM+exs7XlhWcetMzm7ReAv68niclpvLb0A/oH+5OemcvVq6U42Df8ax4+pD++Pr3JuXgZx+qEcO0csoODPffdNZHsnEt8sW0v+w4mMaBfIGazmVNpmVwpuMr9d0/k7mnRnfHxiIiItImDvR0O9nZUVJgwVpg0I1hERLpdeXkFdra2DS6rc43t2EeoBGw3vtR1gbXE/X+C0Q93dxQiIiIiIiLSCj0mAQzg69Ob377wBG+8uRqjsYJjJ85y7MRZNrG/pk2gvw//9+cLADBWXH/Kunby98HZkwj08yYtPZtNsfspKCrm26RUAPp4e3TR1cDV4tJGjxmNJmxsYMakMQzoF8C/vvyGU2mZpKZl4uBgT1hoEPfMGEdIkB8AHm6u/PSpB/h0w04SU9LIuXiZ8LB+PDp3Gn//eGuDY3i4uzIqIoxtXx8gNCSAfn39bmjTP9iPXz7/KFt2xJPw3SniE5IxGGzw6+PJnJgZdUpGi4iIWBN7ezvs7e0wm6uorKykstJMpdlcs8a9iIhIVyorN+Lq4tRkG9uxj1Dp6m095aCf+Kdm/oqIiIiIiPRANlVW9g3oU0uWAjA7ZjxzZk5osE1JSRkr18aSmpZ5Qwni2glggENHT/LOB5tq3r+3dEmd9p9t2s32XYeaHVNExNodSUprVXvPXg7Y2NjUvIAmt6m9DdjQSLtaP5vbV3+7Je+b29+Y1raXjuPs0qOeNxMREel+F1Phb9PB3E1VLAwGeO6rLl/zt7TE1KXjiTRH97EiIiLSErqPFWvUI+9kXVycWLxgDgB5+QVcyi+sOebXx7NO24H9A2u2Z8eMv6GvB2dPYv/h4xQWlZBXqx8RERERERGRbtFnELxyAnYshT1vd+3Ytz8D05aAnWPXjisiIiIiIiIdxuoSwI6ODpSXGykrM7aovY+XBz5ejZdtvnylqNk+erv3orCohKvFJc22FREREREREel0do4w81cQ9RCsfxHSEzp3vJAouP/PXT7rV0RERERERDqeobsDqK9vgA8AZ9KzO6S/Af0CmjyenXOJCxcvAzfOHhYRERERERHpVn0GwdMb4D+2Qtjkju8/bLKl76c3KPkrIiIiIiJyk7C6GcCBft6cPpvF6bNZJJ9KJzwspF39vfxf79Vsb4rdj9FYwYOzJwGW5O/bH/wLo7ECsKwXPLB/EGMiB7drTBEREREREZEOFTAcFnwAxZcg5SuIWw4Xz7Strz4DYOJiGDodXL07Nk4RERERERHpdjZVVVVV3R1EbXEHklj56XYAQkMC+NVPH21zX7v2HmHVuh037Hd3c8GrtzvZOZcor07+1vbe0iVtHlNEpLscSUprVXvPXg7Y2NjUvIAmt6m9DdjQSLtaP5vbV3+7Je+b29+Y1raXjuPsYnXPm4mIiNwcjCVwKQ2ykuD8UbhwHPLPQYmlyhUunuDVD/yHQd9ICBwB3qHg4NK9cTeitMTU3SGI1KH7WBEREWkJ3ceKNbK6BDDAm//YwNFjpwEYEzmYe2aMJ6i6NHRr5OUXsCl2P6Vl5cybPZnP/rWbhO9O3dBu8oSR9A/xY//B44y/dRi33TqivZcgItLllABumhLA3UdfnImIiEhL6IszsTa6jxUREZGW0H2sWCOrTAADPLVkaZ33/fr6MbB/IK4uTk2e59nbDV/v3gwZFNzg8dS0TN54czUAs2PGc/e0aOzsbDsmaBGRbqQEcNOUAO4++uJMREREWkJfnIm10X2siIiItITuY8UaWe2d7HtLl7Bx+z42xe4H4Nz5HM6dz2nRuQ/ec0ejCeBBoUF13iv5KyIiIiIiIiIiIiIiIiI3C6tNAAPMmTkBvz6eHD95jqwLlxpds7c2by93Avy8m2wzO2Y8+w4do3+wf0eGKyIiIiIiIiIiIiIiIiLSray2BLSIiLSOSkA3TSWgu49K54mIiEhLqHSeWBvdx4qIiEhL6D5WrJGhuwMQEREREREREREREREREZGOoQSwiIiIiIiIiIiIiIiIiMhNQglgEREREREREREREREREZGbhBLAIiIiIiIiIiIiIiIiIiI3CSWARURERERERERERERERERuEkoAi4iIiIiIiIiIiIiIiIjcJJQAFhERERERERERERERERG5SSgBLCIiIiIiIiIiIiIiIiJyk1ACWERERERERERERERERETkJqEEsIiIiIiIiIiIiIiIiIjITUIJYBERERERERERERERERGRm4QSwCIiIiIiIiIiIiIiIiIiNwklgEVEREREREREREREREREbhJ23R2AiIiISEvkXLzS3SGIiIhIA/z69O7uEERERERERKQWJYBFRESkR9CXyyIiIiIiIiIiIiLNUwloEREREREREREREREREZGbhBLAIiIiIiIiIiIiIiIiIiI3CSWARURERERERERERERERERuEkoAi4iIiIiIiIiIiIiIiIjcJJQAFhERERERERERERERERG5SSgBLCIiIiIiIiIiIiIiIiJyk1ACWERERERERERERERERETkJqEEsIiIiIiIiIiIiIiIiIjITcKuuwNor/TzuZw9f4HM7DzOZlzgzLlsBvQLoH+wP0EBPvTv609IX9/uDlNERERERESsmNlsxmQyU2mupLKyiqoqy+tmZ2Njg42NDba2NtgabLGzM2Aw6FlxERERERGRnqxHJ4A//WInX8cdwWw219l/5lw2Z85lA2AwGJg6cSQP3zulO0IUERERERERK1ZRYcJYYaKy0tx845vQtUS32QwVVEI52NoacLC3w96+R39lICIiIiIi8r1lU9UDH2k+m5HD/7z7GcUlZQDMjhlPoL8PQf7eBPh5k51zicwLl8i6kMem2P0AuLo48bOnH6R/sF93hi4i0mmOJKW1qr1nL4eaGR82NjYATW5TexuwoZF2tX42t6/+dkveN7e/Ma1tLx3H2UVfHouIiPUxmSopK6+44YFiuc5gMODkaI+dnW2XjFdaYuqScURaSvexIiIi0hK6jxVr1CMTwE8tWQpYkroLHp7JqBGDADiRmlHTZsigYAC+TUpl5afba5LF7y1d0sXRioh0DSWAm6YEcPfRF2ciImJtysqMGCv0JU1LOdjb4eTk0Onj6IszsTa6jxUREZGW0H2sWKMedye79esDAAT6+/B/f76gzrETpzPYFLuf2THjaxLAo0YMYtSIQfyfP60k60IeW78+wF1Tx3Z53CIiItI+1x4Aa0zAnU/wWmQir7xxhOzIGN77QUSD7dL3rSP2LPhETuO+4R4tD8CczMpXthBHGM+/NocIQwPH+k3irafGYF/7vHOxvLgskYqxd/PXh8NbPl4DEj5YyvKjHtz30iJm+barKxGR76WqqipKSsu/t+We28pYYaLSbMbF2VEP1YmIiIiIiPQAhuabWI+TZ86zbvMeAH721NxWnXut/brNezh55nyHxyYiIiKdK3p0aPUrhBBnAFcG1uwLJSrQsUX95KWmEX84jYSs8tYFYAgnKsIOStNIOFnv2MlTJJQCKaeIr9ft6SMnKcCOqMj2JX9FRKR9qqqqKC5R8retKivNFJeU0wOLiImIiIiIiHzv9KgZwAcSUgB45P6pePZ2a9W5nr3deOT+qXyy/msOJKQweEDfzghRREREOsmiR689/JXL5jc+JL3Um5hH5xJVu1Fu8/1E/WAJ77UxhojIUFwOnCIh8RQLhobV7E88mkYJAFkkJJUzcfS1ZHQ6CUnl4BxG1OA2DioiIh2ipLRc6/22k9lspqS0HFcXp+4ORURERERERJrQoxLA587nABAeFtKm86+dd60fERERuUmZS0j8fAXLvymgwgwekZN4+fEx+Bgg+8sVvLKtgKiFS1gcAZSmsfmj7Ww+WUyFGVyCQ5h1793EhLre2O/gMKKcTxF3NJmUeWEMBTAnEnfIBKG+DEzLJfFoIhWjq8tAZ6aQkA8u48JrSkaXpO1gxcdJJOabwNGDqDl3s3hcYM0Qed+uY/n6NNKLwd7DlykPzWXe0AZiAUoS1/LL99MpcQ1h8S/nEeXcwZ+jiMhNoqzMqJm/HaSy0kxZmbFL1gQWERERERGRtukxJaDNZjPpmbk4OzkQ4OfdbPsTqRk3vAL8vHF2ciA9M1dPfouIiNzMjsWxPNWVqFEhDHSDgqO7WflNQQMNy4n/ZB0bUkwEDLeUlw4oTGftzmQqGuq3pgx0Oonnro2VQoIZIsbPYcpwIPkUCdVloNO/PUMedkRFVs8WPhfL7948QmKFO1GjQ4nyLyNh7TpWHLOcUHLgE375URrZroFEjw5lqGMusX//hM0NzWy+sIOlH6RTYvDgvmeV/BURaYzJVImxwtTdYdxUjBUmTKbK7g5DREREREREGtFjZgBfS9r69fFstu2m2P1sYn+dfS8ufggAvz6enM3IIT0zl/7B/p0Sa2MSvjvF8pUbW9z+1pFD+OH8O4nddYicvMtERYQxcsSgToxQRETkJtE7giU/j2GgATi5kZ++c4qU1HSYEFGvYQ7p2YBPOIsWTiMAABMFRZWWGbwNiBhlKQMdfySdef1CSPg2HQyBRI/wIIpAOJZFwkmIjsgl8VgxOIcRPRignPgdieThy/9n787jq67vfI+/kpOF7CEEQhIIWwIECEsEWVSQqqCy1GqhtdbaWm1rb8feqZ3bOzOd3j7uLE6ntZ06ndpar1atVqV1Q0VxRwQjOwFZQyAQIAECCZCQ7eT+EYmENWzZeD0fjzw45/f7/r7n+wk89Jzz/n2/3zt+dDtXRgGUMf8/H2POonzuGNqDV9/cCQnZ3Pd3NzaOPbiOx3/yGu8uLmLa549ZAeVwPg89tpKiYCS5X7+Vaa37lkaSOpQj1Se9pUfn6Uh1LbFhgbYehiRJkiTpJDpMANw1oXHP38OVR07bbtCA3qc9f/T6o/21pqSu8YwfPaTZsbL9B9lQsJ1uSfEn7EvcPyOVuvogazZsZXNhMd27JRoAS5LUEr1TGwNUgMQYEuDTPXqPl0HO4EjmL1rJP/+kiMEjMsjNyWHswB6n7ntg9qfLQK+nYEY5eflAdha5kRA+LIuc0J0sX5EPKaXklTYu/zwYgBKKdgCU8viPH+DxY/vsUc7eathVBrCOf/+7dc1fs/zY2cuHmf/YfCoPQ8b1N3NPzsmXh5YkQW1t3fmt/hSsoHhTESU1jU+jumWQnRZ/YQbXwQWDQWpr6wgP7zBfK0iSJEnSJaPDfFJLiI+hW1I8e/aVU1lVTXRU5AltZk6dcNo+Kquq2bOvnG5J8STEt/6XpX17p3DnrTc0O7Z89SY2FGynf0bqCeeO+tH3vtwaw5Mk6ZI0+Jbv8IvRa1i4dB3LV63k8UUrmTNiCvd/LYfok16RxdgRYSz8aAvLXytneRByx3y6529kDmOz3yc/fz2v9ihnF2FceXT5Z6qprAGIYcBlPUg+tsvEHkTXlDeG1FEJ5AxJav7afROOeRIgOTFA0eFq9u7aRyVppxinJOm8l34u+IAH/1xEUy9hGdz142lkn+/AOokaA2BJkiRJapc61Ce1vr17sq+sgl0l+xjQN+2sr99Vsq+pH0mSJIDKg4dJ6DOSaX1GMu0WyPvjAzyyaj3rySH3FNcMHtGP6I82Mf/9wxCawdihR89EkjsiDdYW8eLbQEIOVw48ei6Dwf1h4dowBn/uZm5qejtSR21dGOFhRQxIyqOgKoGxX7iZsUf39A3WUdvsLVsXcr9yI7lP/5kXV83ngTe78U/Xnf37Iknq7ILBIPX15zH7FyBrGl/KfoinPl2YIefzhr/Hqq8PEgwGCQ0NPXNjSZIkSVKr6VABcFpKN5YBL7y2kB9+d/ZZX//Cawub+ulIHn7yFZas3MA9d8yl1BwgAAAgAElEQVQkd3hWs2N3f3Uae8vKefP9ZRw6XEViQiy3fuFzjByaydJVG3hx3kL27CsnIiKcSeOGc9MNVxAR8dmuhsFgAx+vWM/c+YvZs+8AISGQkZ7CF2dMPONy2pIkdXjBdcz52WvkJaSRmx4JHKZgLRDTuGz0KR1dBroKGDGY3GO+9z66DHR+EBJGDGZA05lIxl6Tw4tr83n1V49QNCKJaOrZu7mI8hGzuP/zGUy7Lo35zxbxyM8eY/nABMKppmjNTpJv+g73Xn7M6iWhaUy7ZwpF989n+evP81DPb7gUtCQdp67u3MPfuooiluUt5cMVJRQfs4dA/l8f4sfvJ5M7fizXjcggLqyadS88xbOM50dfyCbq1F2e+Bq7l/Gn55eRX1oPoQFSsi/jti9cRvqnn9Lz5zzEH9fGc8P3buPa5NP39Zl6ipe8ylNvFjcuWx0RT851V/PVMekX7cN/XV2QiAgDYEmSJElqTzrUp7SZUyeQnprMhoLtPPvSe2d17bMvvceGgu2kpyafcanojuSZF9/h7Q+Wk52VQf8+qZRXHObRp+fx+HNv8Phz80np3pVRwzIJhIbw5oJlzH3zo6ZrGxrgtbfzePTP86isOsLIoQMYMWQAJXvK+M+H/8qy1RvbsDJJklpBaAaTp2eTUVNK3rJC8paVUpnej7v+543HBLcn07gMNEDuqJzmpyJzGJsNEMnYkRnNz/WZwj99byy5qYdZv6yQvBU72Rvfj2mjG29Oi778Vu7/ajYDwitYvqyQvFWl0C+HyZknCXejcrjnuyPJCK1m+RN/5sXi81zmVJI6mfpg/dlfVLeX5S89xT/+8lWeyztIeJ9sZtxyFXfdPpW7brmK26ZmkxldSd7cV/npvz/Fc/mV9MpMpm7Ve/zrnHVUtfR1Kj7moYc/Jn9vJFkjMsjtF0nJ2o/55RMfc/DsR93kYN4cfvlqMSWxyeSOyCArtoL8V1/mobz959Hr6Z3T71mSJEmSdFGFNDQ0NLT1IM7Glm27uP/BpwH49tdmMHrEwDNcAUtXbeT3T8wF4O/v/Qr9+6Re1DGejeWrN/HQ4y8zZuQgvnX79JO2Od0M4AF907j3rpuJjoqkoQGenDOfD/LyiYwI556vz2TooL4ArFpbwEOPv0x6z2R+8J1ZxER3IX9dIb/940tkpPfgb775BWJjGu9X37OvnP98+C9ER0Xyt9+eddL9liW1PyvXFJ5V+66xEYSEhDT9AKd9zLGPgRBO0e6YP8907PjHLXl+puOncrbtdeFERXeoBUckSZ3EocNHCAbPYhbwkXU89Zv3WF4ZSdakq7ntqv7EneqW6UNbeOuF95hXUE1cbCQHK6shCFFjpvEv0zJOcdFnNs99mIeWQc6X7uDr2ZFANflzHuePa2Hs7d9i9oBzmQG8hef+/Q3ySOfrP5hJTgRQs44//vI98unPPf97Kpkt/220WGhoKLExXS5IX1WV3syk9sX3sZIkqSV8H6v2qMO9k+3fJ5UZU8Yzd/5ifv/EXDZdOYrrJ4+ha2LcCW33HzjI6+8u4Z2FKwCYMWV8uwp/L4QxIwc1BbQhIZCdlcEHefn06ZVCZt/0pna907oTHxvDocoj1NY2/sdo5ZrN1NXVc9W44U3hL0D3bglcPmow7yxcyZ59B+jTK6V1i5IkSZKk83RW9zrXbOKpB99jOcnM+NbNXN0zcPr2sf259vY+ZC9+nofe2EvUmKn8KLOYvNCWJLUlbCqsB9IZPujozbaR5AzuCWuL2VRUAgM++wxWW/wxjzyxjHUVQERXrv7qTGZkRJ/YbWkxm44A2f0bw1+AiGyG93uP/HW72VQKmT3W8cefvkd+chYz+u3lrRX7qQoGSLlsMn9zDcx79F0+LK2HiHiumPUFbs46yescp4PdUy5JkiRJl4QOFwBD41LQl48azGPPvM47C1fwQV4+Kd270qNbIumpyRTv2kvpvgOU7NlPbW0d/fuk8o0vX0/PHkltPfQLrmtC8+A7EGj8oiIhPobIyM/2+g0NDSUk9LPZb9XVtewuLQPg8Wff4PFn3zih75CQEPYfOGgALEmSJKnDaXkwWc26Vz9g+ZF4bvjOLK7uceL5zR+8xda0a7l2wLGrIwVIHz+Lv6l5iv949z1ezryN27JasnpSGSVlQHw8ScfOMO4aTxzFlO0tA45+Bqvgrblr6JuVQW7KAVZv2s97zywi539dS9/ju923nzIgLrFrs8NJiZFAJSX7gKO17d3EPFIYPjSdkk3FFC95l39dC/Hp6eR2O8i6dfv58K8fMLwFs4YNgCVJkiSp/emQATBAzx5J/P29X+Evryxg2aqN7Ni5hx0797A8f1NTm+SkBC4bMZAvTp/YhiNtn4INDQQ//aA+aEBvkrqeOIMaIDHh5MclSZIkqVPYvZjnV1WTfs1Mrj0h/AU4yNZVRSwPHjwuAG6UMulGbi54hufnLebqQVeTfpIeTioiQNSxz7sEiIYT9gDOnvZl7hoVDVTQ99GneL6ohM17oe8pJhtHd2k+xqgujUtMNxOawpe+dTO5EXAw7xl+Om8/Vb0n8NNbRxBGBR8++hTPF+1l617IbNHy05IkSZKk9qTDBsBHfXH6RL44fSJ7y8rZvnMP24tL6Z3eg95p3UlOSmjr4bVbUV0iSE6KZ3NhMaNyMrnmqty2HpIkSZIktbp1eRsp69Kfu64416SzK1dMyea9Rzby4aarmZ3Vwstq6qk69vmReipPaBRP397RTY/jW3B/buWR5mFv1XHPAUjqTvqny0THxUcD+0lJS//0C4KWvY4kSZIkqf0KPXOTjiE5KYFRwzKZOXUCo4ZlGv62wOWjsgkLC/DOwhXs2Vfe7FzVkWo2FGxvo5FJkiRJUmvYQv66euJGDSP7fD4d98pieGI9q9dvaUHjJFKSgIoKyoLHHN5fwUEgKfkcty7q1pUk4OCB/c0Olx2oBqJJ6XZu3UqSJEmSOp52PQN43aYiyg5UUF5xmLq6+gvef3hYGEld44iPiyE7K+OC99/eZQ/MYOK44bz74Up+8h+PMTizN3Gx0ewtq6CwaBdJiXHcd89skhK9/VuSJElSJ1S2mx1HoG9aixduPoV0MvvAe8W7KaM/p49wU8jqF+CtsmKW51eTO6Jxiebla4qBaIZnp5z26lPqkU5WlzXkbdjI8pph5EYANatYvgFI7MPwky5vLUmSJEnqjNptAPzOwhX8+YV3Wu31xl2WzTe/cmOrvV57EBYI8KXPT2ZwZm/mvbOE9Zu3U1dXT3RUJLk5WUy7dpzhryRJkqQOKSQkhIaGhtM3CtZTRyTduh49UEHen//CvF3Nm1UdgjNNoE1KiofiempbMLbMSSPpu2IZ6156ht9tSSbu0F6WFwBZI7m2Zws6OKn+3DC5K3nzSnjqd3NY1zuag9uL2BSE7EmXt3xv4rMUEhJykXqWJEmSJJ2rdhkAP/LUa+QtXwfA5aMGM2LoABLiYvjFQ88xaEBvZkwZ36z9yY7Pnb+YDQXb+eE9s5u1Pfb44aojrFpbwKIla/lo2Tq6d0tk5tQJF7/AY+QOz+IPD9x32jbfun0637p9+hmPna6/xIRYfvbju084HhoawqicLEbltHSjKkmSJElq/1oUAANQR1XTNrlhxKelkNXlxFYpvS7gzbHxl3PP96J5/plF5K0qgtAAKaOu4q5pw4g6j27jxs7iH7u8ziOvFrF8FRARz9gvTOXmEdFnvPZcGQBLkiRJUvvT7gLg1Z9saQp/7//Hu5r28t2w+bP9aAdl9m56XFdfT2J8LNt2lJCYEEtK966U7NnPth0ldEuKJ7NfOoHAZ5s5zZ2/uOlxbk4WuTlZTBo/gvsffJq58xczdFBfBvRNu9hlSpKks1X6Nj/5eSFj/+4upp2wjGUpr/7sSYpuvI97ci7iGIJl5M15nsc/TuCuB2aR2+xkHXuXzeeRtzZRVFpHLZDQL4c77phCzvlmBu2+dqgsfJtHnl5DflkdhIWRkTuJe2aNJPl89tSUpPMQCIQQDJ6hUZdIoqinoqIaiASiyZ40jexzeL3S0gqIjqSlUWtY0jBmf3cYs09xPmfWPTww68zHmguQNGIa/2vEqc5n8/WfHldd9kwe+OnZvs4xrxgwAJYkSZKk9qbdfSW3+pMtANwyfWJT+Hs6YYEA6anJHKmu4ck5b/KL3z7Hk3Pe5Eh1Df0zUpuFv6fSv08qX//yVAAWfrzm/AqQJEkXT7CcF//0NrvO9IX+RVBZ+DYP/N/HeHzdEcJPdv6jP/OTufsYcOMsfvFv9/GHf7uVm6I38uBv32bXSdqftXZcO6Xv88Bv18E1s/j1z+7jtz+6kcHFb/OTPy6lsrUHK0mfCoQGztwoNp2+8bC1qOg8X62YrdshLj2dS20TnRb9niVJkiRJrardBcBbihq/Ir1seMuXJE5PTQZgQ8H2ph+Abl3jW9xHZt/GHZG2bLsgX9FKkqSLIoEMVvLQ/J2t/srRtRD9uVn8+rvZnOwWtehRM7n/x7czKyeN6EggMo0rZ+aQUVrI8r0XYgTtt/b176+kKGcS945LIzoMwpOymPXNsaSu/YgXC1t9uJIEQFhYSz7uppObE03VqnyW15zHi21aQ15FgCGZF2un3farZb9nSZIkSVJranef1LYXlwLQvVtii6/ZuXsfALNnTuKH98zmlmlXAVC690CL+0jp3vXTvi7IN7SSJOmiSGDaV0cT/vbzPL7x9C0rC9/mwX/9NXff9wB3/8PvePDNwk9no5Yx/z8f4J8XlDW/IJjPQ3/3O+YUn6LDgddwz8SMk8+ABYhMIOH4zTWCddQSQ8IFmQ7WfmuvrKojNTXluOEmkEw1+RtaP7CWJIDQ0NAWrQiVPjabvpQw791T/UfwDIIlzHtjC1VpI7lhwLl10VEFAqGEhra7rxUkSZIk6ZLXKT6p7S0rB6BfRiqDMnvTPbkxPC7d1/IAWJIkdRA9JnHfV1JY/qc5LK86RZtjliT+7c/v47f3joIPnueBt0uBJMaOTqJo8YpmSzPXrljD8vRhTLlQk7fqSln4yjrKLxvJ2MgL1Gc7rT08DMrL9jU/WF1NLbC3dN9Jr5Gk1hARfvydOScRfzmzJ8VTtvgN/rjubBeuryT/r6/y1t5orr7x8ktu+ecW/X4lSZIkSa2uwwfAhw5Xsa+sAoB+GT0BGD6kPwAle/ZTWVXdZmOTJEkXR/SoG7kjs4THn1150j1mj12SODwUwnuO5d5ZGRS9+xHrgYQxOeTs3cTCpsle1eQt38mA0TknXeL4bOx685HGmbc/epKnDwzk3luyTz1r+By0x9pzRmfB0g+Zs7nxpjzqSln41Eoq+8WcY4+SdGGEh4e1aIZqylXXckNaNflzXmBuUUtD4Eq2vvECf1xbTfrk65nR6/zG2tGEhoYSbgAsSZIkSe1Shw+AS/ceoLaujq6JcQQCAQDCw8KIjYmitraOkj3723iEkiTpwosh96tTyd3yNg8uPG45Y8oo2H6SJYlTkkitKqVgLxA5msmjq8lbWtR4rnwJ725MY/KY841/IXXirfzip3fxi5/eyh09t/DA/a+xPnjytsufeKAxLD7680R+C16hHdY+cCb/NCuBvD98Gn7//XPkZU5hctJhoqO6nHu/knQBdIlswW04oSlce9fN3NynmvcefZz/eGkNJafZE7iudA3P/eZx/mtxBemTZ3LvpJRTN+6kWvR7lSRJkiS1iXZ7u+7d9z1w0uMbCraf9Nz+AwdPevzffv3USfv5xUPPnd8AJUlS2wrN4o7vjuQnDzzPq5k3nvXlOaP6UfvESvJnZJD88Xr2jr7iwizVHBlDQiRAAmO/ciNF/3cOC9fdyOChJxnDrLv4xReOORDWwhmz7bD25Mtn8YvLofbwYYiJIZxy3v0NpI7scX4dS9J5CgsLEBEeRk1t3ekbhqZwxR130HfxS/zh7Q/4jxUfEJWWQnb3JNIzk4mv2c/Woj1s3VRCcSWExadww53Xc21GdOsU0o5EhIcRFhZo62FIkiRJkk6h3QbAkiRJZ9TzGu6Z8gj//PSH5DTNsk1iQO8w5pftA44JH0vK2BXVgwHJnz4fOJIro15g+cYioj8+wpVfzT6/sQQ55doqtaeYARwelXDuS06309rDYz4NsUuX8m5hElfefv6zqiXpfHXpEkF9MEh9/Sn+g9wkQPr4m/npmAq2rlrOe6u2sWldCctXNZ4Ni40kJT2b2ZNyuaxX/CX5gToQCKVLl4i2HoYkSZIk6TTa3efVPzxwX1sPQZIkdSCp193MrA2P8XQx5H56bPCkkST//G0e7JPAPZenQWkeD80pImPy7QxuujKDKVfF88O/vkYCA7m3z/mNY9f8R3hgYxo3fX40uek9iK4vY/3r85lfk8E9A8+v71NpL7UXzP0dD+3uz1emX0FOeiS1xWt4+omV1E6cxRTzX0ntRHRUJIcrqwkGzxQCA2Hx9L3sar5+2cUfV0cSGhpKdNSFWC5DkiRJknQxtbsAWJIk6ewkMfmbU1h///zPDvWYxH3freORp+fw3Tl1EBlDzuSbue+a5ssRJ4zNIeel9yn//GgyzvAqu958hJ+8Xt70/KFPt57I/fp93JMDqVNmcVf0fOY89mceP9i4zGh0737c9YObyb1o35W3j9oHzJjNHa+9wZzf/46HDtP0mv903Zl6lqTWExISQkx0JJVV1S2YCazjBQKN4W9ISEhbD0WSJEmSdAYhDQ0NDW09CEnS+Vu5pvCs2neNjSAkJKTpBzjtY459DIRwinbH/HmmY8c/bsnzMx0/Fb+sbDtR0d5vJklqX44cqTnznsBqEhEe1irLPldV+nei9sX3sZIkqSV8H6v2yHeykiRJkqRLSpcuEYSFBThSXduyJaEvUaGhoXSJDCcsLNDWQ5EkSZIknQUDYEmSJEnSJScsLEBsWIDa2jpqautcFvoYgUAoEeFhhIf7lYEkSZIkdUR+mpMkSZIkXbLCPw06g8EgdXVB6oP11Nc30NDQ+NPZHd3OIxAIIRAaICwslNDQ0LYeliRJkiTpPBgAS5IkSZIueaGhoUREhOLHZEmSJElSR+dtvZIkSZIkSZIkSZLUSRgAS5IkSZIkSZIkSVInYQAsSZIkSZIkSZIkSZ2EAbAkSZIkSZIkSZIkdRIGwJIkSZIkSZIkSZLUSRgAS5IkSZIkSZIkSVInYQAsSZIkSZIkSZIkSZ2EAbAkSZIkSZIkSZIkdRIGwJIkSZIkSZIkSZLUSRgAS5IkSZIkSZIkSVInYQAsSZIkSZIkSZIkSZ2EAbAkSZIkSZIkSZIkdRIGwJIkSZIkSZIkSZLUSRgAS5IkSZIkSZIkSVInYQAsSZIkSZIkSZIkSZ2EAbAkSZIkSZIkSZIkdRIGwJIkSZIkSZIkSZLUSYS19QAuhCNHaijYtpMNBdvZWLCDioOVVByqBCA+Npr4uGiGDOxDdlYfsvqnt/FoJUmSJEmSJEmSJOniCGloaGho60Gcq/KKw7y/eBUf5OVzoPxQi67p0yuFieOHM3Hc8Is8OklqXSvXFJ5V+66xEYSEhDT9AKd9zLGPgRBO0e6YP8907PjHLXl+puOncrbtdeFERXeK+80uiGCwgWAQgsEgwWADDcET24SGhhASAqGBEEJDG386A2u3dms/sY21W3tnqv1CqKqsa+shSM34PlaSJLWE72PVHnXYAPj9xat45c2PmoLflO5dGTF0AMOz+5OYEEtCfAw0wP7yg+wu3c/aDVv5ZOM29uw7ADQGwdOuG8eoYZltWYYkXTAGwKdnANx2LvUvzoLBBurrGqivD3Iu77pCQiAQCCUQ1vFCAmu3dms/O9Zu7R2t9gvNL87U3lzq72MlSVLL+D5W7VGHDIBffmMRc+cvBk49o3fPvnICoaEkdY1rdnzBR6tZsHg123aUAPClz0/m2om5rTNwSbqIDIBPzwC47VyqX5wFgw3U1TVQX3eS6V/nKBAWSlgHCAis3dovFGu39vbsUq79YvGLM7U3l+r7WEmSdHZ8H6v2qMO9k139yZam8PeqsTl8bfYUAKqOVLN05UY2FRazuXAHe/aVA40zgwdnZtAvoyc52f2ZOK4xLP79E3NZumojz770Lj2SExk+pH+b1SRJkjqX2pp66uou/D129XVB6usgLCyU8IjQC97/hWDt1n4hWbu1W7skSZIkSWevQ80ALizazb/9+ikAvnfnTYwYOgCANesLeXHeh02zegGSkxIIDQ2hdO+BpmPdusYz+cpRTL16NNB8JvE/fP82+mX0bK1SJOmCcwbw6TkDuO1cSjMngsEGaqrrz2kJ0LMVEhpCRHgooYH28W/b2q39YrN2a28PLuXaW4MzJ9TeXErvYyVJ0rnzfazaow4VAP/Lr/7Eth0lfOv26YwZOQiA3zz6IqvWFgCNM4IHZWYwoG8qyUkJAOwvP0TB1p2sXLOZvOXrAOiV2p3/88OvAfDCawt57e08+vRK4cd/+9U2qEqSLgwD4NMzAG47l8oXZ/X1jaFAawuPCCUsrG1niVm7tbcma7f2tnIp195a/OJM7c2l8j5WkiSdH9/Hqj3qMJ8iF3zUuG/vxHHDm8LfH//7o6xaW0CXyAh+eM9svjZ7CmNzBxMd1YXtxaXsKtlHbEwUo0cM5K7bbmTGlPEA7Ni1h988+iIAX7jxSvr0SmHbjhIWfLS6zeqTJEkdV31d24QCALU1QeovwjKkLWXt1t7arN3a28KlXLskSZIkqePpMLcyLljcGM5OHD8cgOdefo+SPftJTIjl5z/5dlO7pas28vsn5jY9T0yIZfp145g0fgQzp05g5tQJ3H3fA6xaW8Ca9YUMG9yPieOH8+ScN1mweDUTxw1v3cIkSVKHVlcXpLYm2KZjqKmpJyIkQKCVlwm1dmtvK9Z+6dYeTuvPhm0vtbfF37skSZIkqWPqEAHw4qWfsG1HCWNGDqJPrxTWbSrizfeXAXDvN7/Q1O7YPX2TEuMINjRwoPwQf/rLW/TsnsSgzN5A4/7Bv3n0RV6c9yED+qYxcdxwXnsrj207Sli7YStDB/W9aLVUHanhwUeeZ3Nh8UnPR0SE0z8jlRuvHcvgzAw6yoqlW7eX8M7C5cRERzFjyjiio7q09ZAkSbro6usb2jwUOKqmup6IyFACgdYJRqzd2tuatV+atdfWBAkJ4ZKsvbX/3iVJkiRJHVeH+OR4dO/egf17AbAifxMAt0yfSO/0HgBUHaluCn9/eM9sfvZP3+LnP/k2X//y9QC8+PqHTf2NGDqAKy8fxrYdJSxduRGArE/7XrdxWytU1PiFRU52P8aPHtLsp2f3rmzcsp0HH3mehXkdZ0nqsv0VLF76CcvzN1FT89l69w8/+Qp33/dA099NRzJ3/mLuvu8BHn7ylbYeiiSpHWpoaD+hwFG1Na2zRKi1W3t7Ye0Xn7VfmrVLkiRJkjq2dj8DuK6+nrUbtgJw2YjGvX937t4HwMhhmU3tyvYfBKB7t8Smmb4AV4wZylN/fYvdpWXN+h2c1YeFH69hU2ExV43LYcTQAXy07BM2b915Ues5KiI8nBlTxtMvI/WEcyvyN/H/np7H/PeXMXJYJnGx0a0ypvOROzyLPzxwX1sPQ5KkVlNX20BDQ/v6Ir6hoYGamiARERf3Hj9rt/b2wtqt/WK6lGuXJEmSJHVs7f5TY8XBSgDiYqKIi40CYNuOEsLDw+jZvWtTu9DQxrWSa+vqTuijtrau6fxRA/o2Bq+bC3cAkN6zW7PXa0uDszJIT02mvOIwe8vK23o4kiTpOMH6Burq2tessKPq64IE6y9eYGHt1t7eWLu1XwyXcu2SJEmSpI6v3c8APhrIJnWNB6Bkz36OVNfQK617s3bJ3RJJTIjlQPkhPlyylivGDAUa9wUGGNAnrXn7pASSkxLYs6+cPfvK6ZoQ1/h6h9o+AD6VhgZYv7mI51/9gKLiEhoaGmc8f/76CYwZObjZfsHHtw0GG0iIi2H0yEF8/voJRHWJpLBoF7/6/V9JT01m9sxJvDjvQzZu2cGIIQP42uyp/Nf/a9yr+J47ZpI7PKup7wPlh7j/v/4MwN//za0kJsQ26+veu27mrQXLmn730Pj38PIbi4jqEsnffvsWuibENfXxna/NYN7beeSvLyQYDNK/Txp33no9cbHRvPT6Ij78OJ+qIzUkJsRy6xc+x6hhWc1qrTpSzUuvLyJv+ToOHa4iIiKcy3KyuHn6VSTGxza1e/jJV1iycgPfvn06FYcqmffOxxwoP0RERDgTRg/hlukT6RIZwfLVm3jo8ZebrluycgNLVm4AOOF3IUm6NNXWts9Q4Kja2iCRgcBF67s9s3Zrvxh9t2fWbu2SJEmSJB2v3QfAUV0iTno87LgPu+FhAaZfN44//eUt/vjM6zz117eorf1sNvCMKeNP0scxE6BDTjjdZvLXFVJUXEqv1GRSuic1HV+ycj2PPfM6oaGhDBnYl6guEWwo2M4jT73G3rJybrxmLNAY/r761ke8/MYiAoFQBvRNJzkpnqLiUt5ZuILyikPc/dXpTf2W7CnjV7//C9U1tcTHxhBsaKC2tva8auid1p3xo4ewccsO9pVV0Du9B71Sk4kIDyM2JqqpXcXBw/znw3+ha2Iclw0fyKbCYjYXFvPfj75EXGwUO0v2MWxwP/aXH2LLtp08+vQ8vn93VNOezZVV1fz3oy+yqbCY7t0SGTqoL/v2V5C3Yh1binbxg29/senmgaNee+dj9pWVM2hAb+jdGJS/t2gVtXX13P7F60jqGs/40UPYsWsv24tL6ZYU37T/9PF9SZIuPfX1DQSD7XvmVTDYQH19A4HAhX2DY+3W3l5Zu7VfSJdy7ZIkSZKkzqHdB8Ap3bvSJTKC8oOHmz0/ePjEmbqTxo+gZ/ckXnz9Q3aXlhET3YVeqd2ZfMVIeqf3aNb2SHUNu/fsp3u3BLp3S6Bkz34A4ltpv92a2lrmzl/cLAwNBpvi4dUAACAASURBVBsoLNrNnn0H6BIZwY3XjCU6KhKA7Tv38MyL75IYH8v3776Znj0ag+GjAeh7H65i9IhB9EhOZENBEa+/8zEx0V343p03MaDvZ7Ofd+7eByE0WxL74KEqLhs+kDu+NIWoLo2vV3Wk5rzqGzksk5HDMnn4yVfYV1bBqGGZzUL4A+WHAKirq+eGz13OjCkTCAmB8orD/Py3z1K8ey8Z6T34P/fdQXxcNA0N8OSc+XyQl8+KNZvJ6t+LhgZ4/rUP2LhlB9OuHcvMqVc01fXxisaw/N1Fq7hl2lXNxlZdXcOP//Z2undLAGBzYTEPPvICn2zYRnnFIfr2TuHOW29g7vzFbC8upX9GKnfeesN5/T4kSZ1HfQdZdvNihSIdgbVb+4XssyOwdmuXJEmSJOlY7T4ABujTK4UNBdubPd+6ffdJ2w7K7M2PvvflM/a5Y+ceADL7Nc7sPBpIxse1TgBcXx8kf13hCccjIsK5YsxQpk8ZT7djZptuLNjOwUOVjJt0WVP4CxAdFcnVE0bwh6deY+fuvfRITmTJig1U19QycfzwZuEvQNqnex0fq1vXeGZ//uqm8Lc1xcVGcdnwgU1LOsfHxdArtTsle/Zz2YiBTX8fISGQnZXBB3n5TX9Xhw5XsmHzdhLiY5gwZmizUDsnux8Z6T3YsnUn1dW1REaGN5373JWjmsJfgNSUbnTv1rgcePnBw87ylSSdVn073RPyePV1QYgIPXPDs+2zA7B2a7+gfXYA1m7tkiRJkiQdq0MEwGk9u7GhYDsr8jcxKier6fnr7y7h+sljzqnPxUs/ASCrXzoAq9dtAWDggF4XZtAtcOx+spVV1Tz/2gcsWLya+mCQhPiYZm2PBt5vvr+MN99fdtL+dpbsIzurD7tLywDI7JveonF0TYxrk/AXIDw8nJjoLk3PQ46ZndzzmOWvAQLHLftdduAgFQcrqaw6wj/e/+hJ+09OSuBIdU2zAPjofs9HhYaGEhERfvylkiSdoKOEAkfV1wUJhF2YcMDaOw5rt/YL0VdHYu2GwJIkSZKk5jpEAJzVvxfvfriSFWs2Myoni1E5Wbz74Ure+DQAXvDRahYsXs22HSWn7WfQgN6MHzOEnt2TWPDRavr0SmH0yIEArFpb0NSmLURHRXLLtIkU79rLR8vW0adXCtdcldt0vr6+8YuIo3vpnkxaSjeCDQ0EGzrGkmXnKxgM0tDQQGREOMMG9yMi4sR/zjHRUYSHB05ytSRJZ6+dbwl5gvpgAxfq/4LW3nFY+4Vh7R2HtUuSJEmS1FyHCIDHjBzEC68tZPHST7jmqlyyszK4btJlvPn+Mu6+74EW97OhYHuzpaRvuuEKorpEsuCj1ZTs2U9iQiwD+qSdpoeLK6pLBJ+7YiSFRbt4f/EqRo8cREJc40zgXmndWbJyA/169+T2Wdedtp/kpHg2FxazeWtx0wzjsxUWCCUi/OT/PPbtr6Cq6ghRUV1Oev5YgcDFuxs9KTGemOguVNfUMGPKeNJPEYyfq4s5dklSx3T0hqyOouECDtfaOw5rvzCsveOwdkmSJEmSmusQATDAZcOzeP3dJSxYvJrbZ13H7JlXs/qTLVTX1HLV2BwmjR9xwrLJx9u2o4QFi1ez4KPVjBg6gGGD+wGwYPFqAK4am0OXLhEXvZbTGTF0AFn9erF+cxELFq9mxpTxAORk9+etBctZnr+JCWOGNtvbt6amli1Fu8nql04gEMrlo7JZumoji5d+wmXDBzZru3P3PsLCQumR3PW04wgPDyM5qXGf3C3bdjIqJ4uQEKirr+f9xauoOlLTogA4NaVxz+Gi4lLq6usJC1y4+9Pj42IYOrgv7y9axRvvLeFrs6c067+ltZ5KWko3QkJCKNl7gEOHq4iNibpQQ5ckdVAd7Yv24AWcymbtHYe1XxjW3nFYuyRJkiRJzXWYAPiaq3IbA+CPVpPasxvXXpXLv/zvO/mP/36WufMX80FePleNzWHk0AGkpSY3BYHV1TXs2LWXRUvWsuCjxqA3pXtXvnfnTQA88dx8tu0oITEhlknjR7RZfUdFRIQz5erRbN5azILFqxkzchA9eyTRK7U7108ewwvzFvIf//0M/fuk0b1bAgcPVbFxyw7CAgF+8J0v0qdXCtkDMxibm82iJWv5xUPP0S8jleSkeIqKS9m5ex/jRw/hjtlTzziWMaMGkbd8HW8uWMaOXXuJj4tm6/bdHCg/TFhYy4Lco8H1qrUF/Muv/kRGeg8+d2UuiWcI61siJARu/NzlFG7bxeKln7B2w1YGDehNaGgohUW72bPvQFOtR/cVPhv9+qTSs0dXinaU8G+/for+fdIYPWIgI4dlnvfYJUkdT4fdYaEBOPv/DTbvwto7Hms/vy6sveOxdkmSJEmSmnSYAPiPz77R9PjZF9/l2k/3x/1f/+NLLMzL5/Hn5jN3/mLmzl9MIBBKj+REQkJC2bl7b7N+rpt0GbNnXg007vv7QV4+ANOvG3fGGcStJXtgBsMG92Plms0szMvnlumTCAmB6yaNpn+fVF558yM2FRazubCYiIhwsvqlM/26cWSkpwAQFgjwtVlTGJyZwWtvf0TB1mI2bdlBQlwMn7tyFJ+/fkKLAtFBAzK467YbmTN3AZ9s3EYgEErO4H7cMXsqD//p1RbV0jutOz/4zhf501/eorBoF8W79jJyaOYFCYABkrrG88PvzubtD1awMC+fpas2Nh5PjGPm1Alcc9Wocwp/ARLiYvj+3bfw7Ivvkr++kLzl60jp3tUAWJLUoVzKuYC1X5qs/dJk7ZIkSZIkfSakoaH93+f82z++zIr8TXRNiOXKsTnMnb8YgO/ffXPTMs4FW3eyeOkn7Ni1hx279lJdXQNAl8gI+vRKIa1nN0blZJGdlQHAkpUbePjJVwCYMWU8M6dOaIPKJOnCWbmm8Kzad42NICQkpOkHOO1jjn0MhHCKdsf8eaZjxz9uyfMzHT+Vs22vCycqusPcb3ZawWAD1Ufq23oYZy2yS+Ccb4Y6ytqtvSOxdms/V5dy7e1FVWVdWw9BaqazvI+VJEkXl+9j1R61+3eyjzz1GivyNxEIhHLHl6YydFBfAObOX8yv//A8E8cNZ+L44Qzom9Zsr9tdJWWEhoaQ0r35/q/H7gMM8Dff/ALDh/RvvYIkSZIkSZIkSZIk6SJp1wHwk3PeJG/5OtJ6JrNz914Wfrpc89E/ARZ81BjmXj5qMEMG9eGKMcMASE1Jampz8FAVy1ZtYOOWHSxZuQGAPr1SuO2Wa+mX0bMVK5IkSZIkSZIkSZKki6fdLgH92DOvs2jJWrp1jef7d9/M7554hZ279xIIhFJfH2TooL5849brWfTxWhYtXcvu0rKmaxMTYkmIa9xjtmx/BQcPVzWd69MrhYnjhzNx3PBWr0mSLiaXgD49l4BuO51l6bxLeWlQa7f2jsTarf1cXcq1txcunaf2prO8j5UkSReX72PVHrXLd7J/+NOrfLxiPbExUXzr9umkpnTjO1+b3hQCj8rJ4rtfnwnADddczg3XXM7y/E18smFb0x7AB8oPNetz6KC+jM3NZvzoIW1RkiRJkiRJkiRJkiRddO0uAJ73zsd8vGI9EeFh3P3VafTvk8qWbbt4+MlX2Le/grG52dx1240nXJebk0VuTlbT810lZVTX1BIfF018XDRhgUBrliFJkiRJkiRJkiRJra7dBcB5y9cBcOetNzBkYB8+2biNP/zpVQ4drmLiuOHcPuu6FvVz7B7AkiRJkiRJkiRJknQpaHcBcGREOACxMVEsW7WRR/88j5raOiaMGdri8FeSJEmSJEmSJEmSLkXtLgAelZPFlm27+MVDzzUdu3zUYL7x5evbcFSSJEmSJEmSJEmS1P61uwC4X++eTLl6NKvWFhAWFmBsbjY3fO7yth6WJEmSJEmSJEmSJLV77S4AHpTZm0GZvZk1Y1JbD0WSJEmSJEmSJEmSOpTQth6AJEmSJEmSJEmSJOnCMACWJEmSJEmSJEmSpE7CAFiSJEmSJEmSJEmSOgkDYEmSJEmSJEmSJEnqJAyAJUmSJEmSJEmSJKmTMACWJEmSJEmSJEmSpE7CAFiSJEmSJEmSJEmSOgkDYEmSJEmSJEmSJEnqJAyAJUmSJEmSJEmSJKmTMACWJEmSJEmSJEmSpE7CAFiSJEmSJEmSJEmSOgkDYEmSJEmSJEmSJEnqJAyAJUmSJEmSJEmSJKmTMACWJEmSJEmSJEmSpE7CAFiSJEmSJEmSJEmSOgkDYEmSJEmSJEmSJEnqJAyAJUmSJEmSJEmSJKmTMACWJEmSJEmSJEmSpE7CAFiSJEmSJEmSJEmSOgkDYEmSJEmSJEmSJEnqJAyAJUmSJEmSJEmSJKmTMACWJEmSJEmSJEmSpE7CAFiSJEmSJEmSJEmSOomwth7A+SrYupO6+noA+vXuSUREeBuPSJIkSZIkSZIkSZLaRocMgA8druK1t/JYtHQthyuPNDs3ZtRgpl07lvSeyW00OkmSJEmSJEmSJElqGx0uAN66vYT/fuxFDpQfOun5JSvWs2zVRr7x5esZd1l2K49OkiRJkiRJkiRJktpOhwqAd5eW8eAjf+XgoSoiI8OZft14cnOy6JGcyOHKI6xaW8DL8xexr6yC//f0awCGwJIkSZIkSZIkSZIuGaFtPYCz8dzL73HwUBVxsdH8w/dv4/rJY+iRnAhATHQXJowZyj9+/6v07d3z0/bvUl1d25ZDliRJkiRJkiRJkqRW02EC4OLde8lfVwjAV794LWkp3U7aLi42invvupnIyHAOHqpiQd7q1hymJEmSJEmSJEmSJLWZDhMAr1pbAEBqShK5OVmnbRsXG8WE0UMBWL12y0UfmyRJkiRJkiRJkiS1Bx0mAC7dewCA/n3SWtR+QN/Gdvv2V1y0MUmSJEmSJEmSJElSe9JhAuD6+noAwgItG3IgtLFdMBi8aGOSJEmSJEmSJEmSpPYkrK0H0FJJifEAFO/e16L2u/fsByAmJuqijelcVB2p4cFHnqd4117+9tu30C8j9bTtyysO8/PfPkttXT1//ze3kpgQe0HGMXf+Yl5+YxFjRg7iW7dPP+d+gsEGPl6xnrnzF7Nn3wGiukTyg+98kT69Ui7IOCVJkiRJkiRJkiS1XIeZATwoszcABVt3squk7LRt6+uDLFqyFoAhWRkXfWznoupINa+/s4T6+tPPUF7w0WpKPg2z26PX3/2YR/88jwMVhxg6qC9jRg4kOiqyrYclSZIkSZIkSZIkXZI6zAzg7KwMevZIYndpGc++9C7fu/MmwsICJ237xntL2LPvAIFAKFeNy2nlkbbc2g1b2VS4g8GZJw+pd5eWsWDx6lYeVcsdPFTJ4qWfEBEexve+edMp65AkSZIkSZIkSZLUOjrMDOCQkBBuu+UawgIB1m7Yyq//8DxFxaXN2lQcrOTJOW/y4ryFAEy9egw9kru2xXBbpLqmltffWUJNTe0J5xoaYGFePgcqDrXByFqm4mAlhyuriImJomf3pLYejiRJkiRJkiRJknTJ6zAzgAEGZ2bwpZsm89Rf32L95iL++ZdP0rNHEglxMdTW1bFl266mtqNyspg5dUIbjvb0EuJj6Nk9ifWbi1i1toAxowY3O79j1x4WLf2EAX3TqKmt43DlEQAOHa7iVw//leJde7jnjpmMGDqg2XWVVdX86vdz2FVSxvfvvpms/r1aPKaj+wLPnDqB3mndmTN3QdNM6pzB/fjKLdeQGB/LgfJD3P9ff6Zsf8WnV1bxd//39wDN9hTet7+Cl+Z9yKpPCqisqiYiIpysful8ccZEeqV2P8ffnCRJkiRJkiRJkqRT6VAB8MaCHazbtK3Zsd2lZewu/WxP4OioSG68dhxTrx4NNAap6zYVsWXrTgq27oSQEDL7pdOnVwq9UpMZOqhvq9ZwVCAQYOrkMex8Zh/vfLiSYdn9ieoSATTuYTz/vcaZwVMnj2H+e0ubAuDYmCjGjhrMnB0lLFqylmGD+xEIfDaRe9OWHWzfuYcRQwbQv0/aOY1t6coNvPn+Ugb0TaNPrx5sKNjOijWbqayq5n/ceRMREWHk5mRRsqeMTzZuIywQYNjgfkREhNE/IxWALdt28ZtHX+TQ4SrSenZjxNAB7NlXzrpN27j/wT/z9dlTTgi9JUmSJEmSJEmSJJ2fDhEA7y8/yBPPzWfN+q3Njg/om0aPbokkd0sAIC2lGznZ/YmMDAdg8dJPePr5tzlSXdPsuiUr1rNkxXoAJowZyje+fH0rVHGi9NRkJowewvz3l7Fs1QauHNu4X3FRcQmr1m5hVE4mA/v3Yv57S5tdN3JYJm8tWE5h0W727a+gR3Ii0BgcL1qyFmis69hg+GxUHKrk+3ffwoC+jQHynn0H+OXv/kJRcQk7d+9lQN80vvT5qyks2sXmwp1ERUXy5Zsmk5gQC0BNTS0vv7GIQ4ermDl1AtOuHUdISGPfH69Yz2PPvM7cNxczMLM3CXEx5zRGSZIkSZIkSZIkSSdq9wHwuk1FPPzkKxw6XAVA7/QeTJk0mstGZBEedurh//J3c1i3qQiAGVPGk9ojiYxeKSTGx7Bj11527NrDgo/yWbRkLctWbeQH35lF/z6prVLTUaEhIUy+YhTL8zcz//2l5AzpT0x0F157+2PCwgJMuXoMdXX1HChvvg9w926JDBvclw/y8lm5ZjNTPp3tvLu0jE2FO+id1v2sln4+Xm5OVlP4C5CUGE96ajKr1hZQXnH4jNfvKi2jsGg3PZITuWpsTlP4CzBy6AAy+6azoWA7hdt2MXJY5jmPU5IkSZIkSZIkSVJz5zZFtJWsWlvAfz3yAocOVxHVJYI7Zk/hJz+4nXGXZZ82/P3pzx9n3aYievZI4p9/9A1mTp3AmFGD2VCwnYf/9CrxcTFMGj+Cf/rbrzJscF+qa2q5/8Gnqa8PtmJ1jbolxXPNVaPYXbqfvGXrWLexiDXrC5kwegi9UrvT0NBAsKGh2TUhITB+9BAiI8JZsnI9lVXVAKzdsJWDh6oYM3Iw0VGR5zymozN5jwoEQokIb/m9AvsPHKTqSDVxsdFERIQ3OxcREU5cbBQNDQ1s37nnnMcoSZIkSZIkSZIk6UTtNgAu3rWX3z/xCrV1dfRI7so/fP+2piWST+e1t/Mo3r2XqC6R/POPvkHPHkkA1NXX86e/vMnqT7bw1oJlTe2/f/ctTBgzFIBnX3r34hRzBmNzs+md3oM331/Gcy+/R9eEOCZfMarZzNnj9emVQr+MVLbv3MOWbTuprKpmycr1dE2Ia/NZtcFgAw3HhdaSJEmSJEmSJEmSLr52GQDX1dXz34+9SG1dHT17JPGj7325Kcg9nfr6IAvz8gH40uevbnYuLNC4pPLgzAyuGtc8SP7KzdfQLSmedz9cydoNzfcZvljq6+upqa0FIDYmiuuvHs3Bw5WU7NnPNVeNoltS/Gmvj4gIZ/zoIQSDDSxfvYlNW3awfecehg3uS/duia1Rwil1S4onOqoLBw9VUlNT2+xcTU0tBw9VERISQu+07m00QkmSJEmSJEmSJKlzapcB8NsfLGfPvnIA7r7tRuLjolt03aq1BezZV86onEyuuHzYCee/OH0i990zi16pzYPHyIhwrrkqF4C85evOc/QtU1NTx+HKI03PRw3P4vKRg8nsl87okYNa1MfQQX3pkZzIqk8KeOG1hYQFAowfPeS0M4dbQ2qPJPpl9KR07wE+yMvn2MnAK9cWsHlrMT17dKVfK++5LEmSJEmSJEmSJHV2Ld/YtZVU19Qy752PAZg6eQwZvVJafO07C1cAnBDwlh88zPOvfsC6jUXExUXzt9+6hdiYqGZtBvbvBcDipZ9w5603nE8J5yQsEODOr5zd6ybExzAqJ4vX3/mYioOVDM7MoM9Z/L4uloiIcGZOnUBRcSkvv7GIpas2kJHegz37ytmybSdhYWHMuG48CXExbT1USZIkSZIkSZIkqVNpdzOAl67cwOHKI0RGhHP95DHn1Edaz+Rmz/fsPcDlowZTeeQIRTtK2FCw/YRr+vRKoWtC7Dm9Xlu6fOQgYmOiCAkJYfzoIUREhLf1kADo3yeVf/yftzEuN5v9Bw6yeOknFBWXkp3Vh7+/91bGjBrc1kOUJEmSJEmSJEmSOp12NwN4ef4mAHJzsk6YpdtSdXV1zZ5n9ksHICaqC9XVtYQFAie9LjT04ufhUV0i+NH3vtzi9okJsfzsx3efsV2P5ESGDurb4n5nTBnPjCnjz3jsqG/dPp1v3T692bF+Gak8+K/fO+VrdOsaf9azmiX9f/buO06u6r77+PfO7K5WK6206tKqS6jQJETvYJoNptg0g20gJnZcUpyePHkSJ3ESO4/THTtxiXGwQwzGpppuqhEgUQUIFRASqqi3VVntztznj5l755xzz52ZlXY1u8vnzUuenTt3fuf8zjkzL+HDbw8AAAAAAAAAAMDB63UVwG+/u1aSNOeoaV1+79AhhV8p/M7KdYnXwjDUrt17JUnDW5oTr2/YuFVbt+866E3nWln42jK17dmnecfOiPMHAAAAAAAAAAAA8MHU6zaA2w90HPR7T5gzU5L0zsr1idd27GpTZy4nSRo+bEji9eg9xx8746DbP9x27tqjV994W8OGNuusU46tdXcAAAAAAAAAAAAA1Fiv+xXQkyeM1crVG3TbXY/rqecWVf2+Y2ZP0dmnztGwlmate3+Lnpz/mj50xnHx6x0dufjnvfv2a9fuvRo3Znh8bcErSyRJxx1zRDdkcXi8tGiZNm3ZoTNPPkajRrTUujsAAAAAAAAAAAAAaqzXbQDf9ImL9I1v3a62Pfu0bMWaqt+3bMUaXXTuibrgrON15/1P6457n7Q2gEcMG6Ixo4Zp4+bt+sa379Cnrjw/3gC+7ee/1LIVa3TyvNk69sip3Z5TTzn/rON1/lnH17obAAAAAAAAAAAAAHqJXrcBPH7sSP31H/+a5i94U7l8vur3jR45TJlMRuedOU8LXl2q1Ws36uvf/F99+bNXqqmpUdlsRn/zJzdrw6atah0zIn7frXc8omcXvilJuuBsNlMBAAAAAAAAAAAA9F1BGIZhrTvR3TZs3Krv/OgXWv/+FknSp666QFMnjdXwliEa2Nig7Tt3a+euPfrpfU9r5eoNkqTP33iZTpw7s5bdBoBD8tqbK7t0/7DBDQqCIP4jqezPMn+WFCjlPuOx0jX352qeV7qepqv3o/sMbOp1/73ZQcnnQ7Xvz1W+sZcZ0JhVJnNo65/cyb0vIXdyP1gf5Nx7i317O2vdBcDSX/4eCwAAehZ/j0Vv1C//JjtuzAh94cZL9dP7ntKbS1fptp//MvXe8WNH6tKLTmPzFwAAAAAAAAAAAECf1y83gKXCJvCXP3eVnn/pLT39/CKt3bBF7e0HJEl12axax43QCXNm6vyzjteAhvoa9xYAAAAAAAAAAAAADl2/3QCOnHbiUTrtxKMkFX41tCSNHtmibDZby24BAAAAAAAAAAAAQLfr9xvApnFjRtS6CwAAAAAAAAAAAADQYzK17gAAAAAAAAAAAAAAoHuwAQwAAAAAAAAAAAAA/QQbwAAAAAAAAAAAAADQT7ABDAAAAAAAAAAAAAD9BBvAAAAAAAAAAAAAANBPsAEMAAAAAAAAAAAAAP0EG8AAAAAAAAAAAAAA0E+wAQwAAAAAAAAAAAAA/QQbwAAAAAAAAAAAAADQT7ABDAAAAAAAAAAAAAD9BBvAAAAAAAAAAAAAANBPsAEMAAAAAAAAAAAAAP0EG8AAAAAAAAAAAAAA0E+wAQwAAAAAAAAAAAAA/QQbwAAAAAAAAAAAAADQT7ABDAAAAAAAAAAAAAD9BBvAAAAAAAAAAAAAANBPsAEMAAAAAAAAAAAAAP0EG8AAAAAAAAAAAAAA0E+wAQwAAAAAAAAAAAAA/QQbwAAAAAAAAAAAAADQT7ABDAAAAAAAAAAAAAD9BBvAAAAAAAAAAAAAANBP1NW6A4dq0eIV2rBpmzZs3Ko16zdrzbpNmjh+tCa2jtK4MSM0bvRwzT16eq27CQAAAAAAAAAAAAA9rs9uAG/fsVu3/vRRLV62KvHamnWbtGbdpvj50bOm6KZrL9KwlubD2UUAAAAAAAAAAAAAOKz65Abw8y+9pVt+8pAkacrEsTrtxKM0emSLRo8cptEjW7Rpyw5t2rJdm7bs0PMvvaXFy1bpj//me7r5+ot12olH1bj3AAAAAAAAAAAAANAz+twG8IpV6+PN3xPnztLnb7w0fq0zl9Oyd9Zo+tRWjR7ZIkk678x5+u6PfqGXFi3TLT95SKNHtmj6lNaa9B0AAAAAAAAAAAAAelKf2wD+l+/9XJL0Wzd/LD7bd/PWHbrj3qf01vL31NHRqfr6Oh01c7I+ccW5GjWiRZ+/8VKduvhIfeuWe/Qv3/u5vvW1365lCgAAAAAAAAAAAADQIzK17kBX3P3gs2pvP6BLzj8l3vzdtn2X/uxrP9CixSvU2FCvWdMnqrGhXosWr9Cffe0H2rZ9lyRp7tHTdcn5p6i9/YDufvDZWqYBAAAAAAAAAAAAAD2iz2wAL162Sg8+vkBjRw/XpReeGl+/7eePS5JOnDtT//zVL+kPv3St/vmrX9KJc2dar0vSpReeqrGjh+vBxxdo8bJVhzcBAAAAAAAAAAAAAOhhfWYDeMWq9ZKkM085VvX1hd9cvX1nm15f8q6OmjlZn7/xMuv+z994mY6aOVmvL3lX23e2SZLq6+t05inHWvEAAAAAAAAAAAAAoL/oMxvA7763QZI0sXVUfC369c6tY0d63xNdj+4z3x/FAwAAAAAAAAAAAID+oq7WHajWivcKFbtHTGmNr40ZPUyStGv3Hu97ouvRfeb7o3iH2779B/TN/7pL76xc5319aPMgHT9nhi676DQ1D27qwX60696Hn9OCV5aobc8+zZw2Qb/z2Ss1YEB9j7UJAAAAwspndAAAIABJREFUAAAAAAAAoGf1iQ3g99Zu1P79BzRp/Gg1NJQ2KAc3DdS0yeO08NWlmnfsjPjcX0l6adFyLXx1qaZNHqfBTQPj6w0N9Zo0frRWr9uk99Zu1OQJYw5rLqZZ0ydq+LDm+HlnZ05vr1ynJ+e/psXLVul3f+NqjRoxtNvb3bf/gL59y71atmKNWoYO1knHzdL4sSOVyQTd3hYAAAAAAAAAAACAw6dPbAAPaR4kSdq2Y3fitXNPP07vvrdB3/3R/Xrh6Onx5u6ixSvi111RnChurZx35jwdP2eGda0zl9OPfvqonn/pLT30+ALdcM1FCrp5X3bFqnV6Z9U6TZowRr/3G1dp8KCBld8EAAAAAAAAAAAAoNfrE2cADxs6WKNGtKhtzz69t3aj9dqUiWN07JFTJUmLFq/Q/Y8+H2/+HnvkVE2ZaFf4vrd2o9r27NOoES0aNnTw4UmgC+qyWZ1z2lwNbGzQuve3aH97e7e3sXHzduVyeY0Z2cLmLwAAAAAAAAAAANCP9IkKYEmaNnmcNm/dobffXRf/2uY3lqzUz37xjNa/v0VS4Vcqz5w+QctXrNWyFWv0xpKV2rp9t66+9Ox4k/jtd9fF8Xqr5sED1dBQr1279+rAgU4NbBygMJSWvrNadz3wK61et1FhKI0a0aIrPnK6TjpudlwlvHL1Bv3Ld3+u8eNG6trLz9E9D83X8nfXau5R03XScbP0nR/dH7fz4mvL9OJryyRJX7zpch0/Z0bczt0PPqs16zepszOnoc2DdOJxs3TFR07XwMYB8fvvf/R53ffIc7r8w6drzKhhuvfh57R56w597lOXaMa0Cfr6v/9EkvSFGy/TQ48v0BtLVyqfz2va5FbdfP1H1Dy4Sfc+/JzmL3xD+/YfUMvQwbr+4+dp3jEz4nzy+VCLFr+jJ559Te+u3qADBzpUV5fV7CMm6pNXnq9RI1q8/ZnYOkp33v+MNm/doWw2o2NnT9UnrzpfLUPsTX/3LOS6uqwmto7Wxy85U7OPmKQgUNVjDwAAAAAAAAAAANRa9q/+6q/+qtadqEZHZ6deeeNtbd/Zpg+dcZx2t+3Tv37/Z9qybafOPnWObrjmQl1y/imadcREnX7S0Zp79HRJ0ptLV2rJ2+/p9BOP0YCGet3600e1u22vLj7vZE0YN+qw59HZmdOCV5Zo247dOum4WRo3ZkTinndWrtdzLy7W+LEjdcbJx6iuLqsXX1uq7/7ofrXt3a/ZR0zS5AmjtXHzNr3w8hLV1WU0Y9oESdKOnW164eUl2rd/v557cbE2bt6u5kFNahk6WEfOmKQwDBUEgXbt3qMRw4fouKOna2LrKB01a4qGDhmsh55YoFvveES72/Zq9hETNXXSOO1q26M3l67Sa4vf0TGzp2lQU6MkxRvtW7bv1PyFi9XR2amhzU2a0DpKrWNG6NmFb2rX7j168bWlyoehZh8xSXv3tWvdhi1a+vYaLVq8QkvfWa2jZk5W08BGvb9pm15f/K5mThuvEcOGSJIWvrpU3/ufB7R3334dMXW8pk9pVS6X17vvbdBby1fp+Dkz1TigwerP7ra9ev6lxZrYOkqTJ4zRrt179N7ajVq9dpPmHTtD9XVZSdLmrTv1jW/frjeXrlRTU6OOPXKqRg0fqlVr3tdLry0rnNHc0lz12AO19v6mHV26f2BDVkEQxH8klf1Z5s+SAqXcZzxWuub+XM3zStfTdPV+dJ/6+j7xC0cqCkMp1xnWuhtdVleXOeT1T+7k3peQO7kfrA9y7r1FZ0e+1l0ALP3l77EAAKBn8fdY9EZ9pgL4mNlTNbylWevf36L7HnlOBw50aNfuvTphzkzdcM2FifsnTxijG665UHv27tfLry/XI08uVENDvda/v0XDW5p1zOypNciivHw+1PJ31+j2e55UPh/q+DkzNGBAvdas36zb73lSLUMG68ufu1JjRw+XJO3d165v33KPnpq/SCfOnaXRI0vVsLvb9umEOTN10ycusqp2Z06foPsffV5r1m3StEnjdPP1F8evrVm/Wb985hU1DWzUb938MU2f0irJPpf4kade1KeuvMCqet25a48++fHzdPZpc5XJFF7YsbOt8N7OnC4+72RddtHpCoLCvf/wH3do3ftbNGn8aP3lH9ykIc1NCkPpx3c+ql8teEOvvvlOvKl67JHT9H9+55OaPGFMHNu8940lK3XmycdY47irba++/Lmr4v5v3rpD//ydn2n1uo1a//4WTZ/Sqs5cTj+97ylt2rJDp514lG689iLVZQsbwwcOdOidVes1eeKYgxp7AAAAAAAAAAAAoFb6zAbwoKZGXXLBqfqfnz2mx555Wblc4b+ouPDcE8q+78JzT9DLry/XE/NfUzZb+C83L7ng1LiKtZb+89b7vNczmUDnnTlP55w+V5K0vFjVeuo5J8QbkJLUNHCAzj19rr5/24Na//4WaxNyxLAhuvaKc63N30reWPKudrft1VmnHKtpk1vj63XZrC48+wS9sWSlFi9dpV2792jokEHx68cfO0PnnH6c91chNw8eqBPmzIxfG9I8SBPGjdLGzdt1wtyZGtLcJKlQWHjkjEn61YI34s3jKMepk8ZaMYNAGtbSLEnavmN3os3jj50Rb/5K0vCWIRo/bqQWLV6hnbv2SJI2btquFavWaeiQQbr0wlPjzV9Jamio11EzJ0s6uLEHAAAAAAAAAAAAaqXPbABL0jmnzdHSt9/TS4uWSypsCk83Nip9pk9u1aCmRu3Zu18dHdKJc2fqnNPmHI7uVjRr+kQNH9ZsXZs8YYyOO/oIjRg+JL62as37kqTHnn5Zjz39sjfW+o1bddwxR8TPh7U0d2nzV5I2bNwav9fdzG0e3KSGhnrt2btf23bssjaAx44ennoObn19vbXZHgSKK3nHjhpu3Zs1NmEjnbmcFr6yVE/Of1Vbtu1S2559FfNoGWqf85vNZtRQby/1zVt3qG3Pfk2f0qrmwYOU5mDGHgAAAAAAAAAAAKiVPrUBLEmfv/EyZW97UAteWaI9e/frh7c/rLNOOVZHTB2fuPedlev0qwVvaM/e/ZKkU44/Up/91CWHu8upzjtzno6fM6PifVG188TxozVh3EjvPa2es4S7KmqntwhD6fZ7ntTTzy1SJhNozKhhOnrWFGUygdZu2KI16zYddOx8PlQYVj7f63CNPQAAAAAAAAAAANAd+twGsCR99lOXaOb0CXrm+df13IuL9dyLizVi+BC1jhmhKRPHatWa97V+41Zt3bZLUqGq9uzT5ujsU3tH5W9XTWgdpRdfW6apE8d6zzvu7na279itMJRV1bu7ba8OHOjQoKZGDW8Zkh6kG+3dt18r39ug+vo6/eZnrtDRs6bEr9378PxD2gAeMXyImgY2avPWHdrdtkcDGxu89x2usQcAAAAAAAAAAAC6Q6bWHThYZ586R3/+e5/WDddcqCOmjld7e4feWLJS9z/6vN5YslLt7R06Yup43XDNhfrz3/t0n938laRjj5ym5sFNeuWNt7Vi1XrrtQMHOrT0nTXdUr0btfPqm+/o3fdK7XTmcnrsmZfVtmefjp49RUOa039lcneqy2bVOCC5Mbt5604tfHXpIcUeN3q4pk4aq5279ugXj72gzlwufs0c08M19gAAAAAAAAAAAEB36BMVwDt2tallyGDva2efWqrs3bGzTcvfXauZ0yYkzoH1xt3ZVtV9tTZh3Ch95EMn6e6HntU3vn27pk1u1agRQ7W7bZ+Wv7tWddmsfv8LV2vyhDGH3M4FZx+vex+er3/8z59q9hETNahpoN59b702b92pcWOG68PnnpR63m93GzCgXsfPmaG3V67Tf/z3fTpyxiRlgkDLVqzRwIFdO9/Y1dBQr8s/fLpWr9uk5196S0veXq0ZU8erszOnpe+sVhBk9PtfuFqTxo85LGMPAAAAAAAAAAAAdIdevwG8Z+9+/eU3btXsIybqi792edl7127YrO//zwP6zHUf0eknHV323u/++Bd6a9l7+ts/vVnNgwd2Z5e7XRBIF55zoqZNHqdfPPaC3l65Tu+sXKeGhnrNmDpel154qiaNP/QNyCCQLj7vFE2dNE53P/islr6zRp2dOQ1tHqTzzzpeV3zkdA1sPLSN16760BnzNLBxgO5+6FktWrxCQ5qbdMVHzlDbnn26/9HnDyn2tMnj9H9/91O696H5WvTWCr342jLV1WU1sXW0Pn7JmZo0fsxhG3sAAAAAAAAAAACgOwRhGIa17kQ5dz/4rB58fIEk6Su/f4Mmjh+deu9XvvFDbdi4TUObB+nv/+JzqstmvfetWbdJX/3nH0uSLjznBF17+bnd33EAOMxee3Nll+4fNrhBQRDEfySV/Vnmz5ICpdxnPFa65v5czfNK19N09X50n4FNvf6/N6tKPh+qfX+u8o29zIDGrDKZQ1v/5E7ufQm5k/vB+iDn3lvs29tZ6y4Alv7y91gAANCz+HsseqNefQZw2559evzZV+Lndz34bOq9Ly1arg0bt0mSdu7eo2cXvJl67z0Pz49/fmr+IrXt2dcNvQUAAAAAAAAAAACA2up1FcD3PDxfb7z1rnbt3qsdu9okSWeefIzeWv6etu3YrQEN9RrS3KShQwaraeAAbdm2U7t27403cS//8Om675HnJEmDmho1pLlJo0a0aO++du3ctUe72vaovb1DLUMGa+7R0/T0869LklqGDtaQwU06Ye5MXXL+KbVJHgAOARXA5VEBXDv9pXLig1wZRu7k3peQO7kfrA9y7r0FlRPobfrL32MBAEDP4u+x6I163d9k5y94M974bRo4QDOnT9SVHz1Lp5xwlO564BmtXP2+Nm/dqc1bd1rvGzF8iE6aO0uXXXSa6uqyenbBG9q0ZYf27N0fVwZHpkwcoys/erYmto7Srt17tWzFGu3Y2aYdO9u0v/0AG8AAAAAAAAAAAAAA+qRe9yugv3DTZRrY2CBJOnnebP3mZ65Q8+AmzT5ion7ns1dq/NiRkqTx40bqwrNPiN/3icvP1VWXni1Juvi8k3XDNRdpQEO9JOmc0+ZoysQxkqSxo4frt3794zpyxiQNHjRQX/rMFTp53mxJ0sDGBv36Jy85bLkCAAAAAAAAAAAAQHfqdRvA06e06g++eK0GNTXqqecW6c2lpV9p+vMHfqV172/REVPH649/8zpde8W5uvaKcyVJ37/tQSvO9378C7Uf6NAl55+iT199of7wS5/QzOkT9P6mbfr5L56J71u8bJWeem6RmgY26g++eK2mTR53eBIFAAAAAAAAAAAAgG7W6zaAJWnyhDGaOW2CJKmzM6dHnnxRL7y8RHV1WUnSWaccq6aBAyQprgLu6OjUpi3bdf+jz2v12o2qry/8dusPf+hESdKAhnqdc9pcSVJDfZ1efHWpHn5ioXK5vCRp+pRxmjxhzOFLEgAAAAAAAAAAAAC6Wa87AziydsMWSdJ//e+Dam/vkCQNGFD4lc7r3t8S3xed71tfV6f/+/VbJEn3PfJc/Ouf167fopnTC5vJ64oxF766VE8//7okqXFAQzHm1h7NBwAAAAAAAAAAAAB6Wq+sAJakzVt3SJLa2zt0zOypGjWiJd4IXm9sAK/fWPi5o7NTknTK8UeqoaFe7Qd89xY2efftP6ARw4do7tHTtb/9gCRp2/Zd8c8AAAAAAAAAAAAA0Bf12grg1rEj1NGR03Uf/5DmHDlNkvTAYy/ogV8u0OSJY+P7xo4ervr6Os2aPkHXf/x8jR7Zoh0723THvU/qpUXLNXH86PjeSeNHa/HSVbr4/JN12UWnSZLeXLpSP7n7CdVls3E1MAAAAAAAAAAAAAD0RUEYhmGtOwEAOHSvvbmyS/cPG9ygIAjiP5LK/izzZ0mBUu4zHitdc3+u5nml62m6ej+6z8CmXvvfm3VJPh+qfX+u1t3osgGNWWUyh7b+yZ3c+xJyJ/eD9UHOvbfYt7ez1l0ALP3l77EAAKBn8fdY9Ea99ldAAwAAAAAAAAAAAAC6hg1gAAAAAAAAAAAAAOgn2AAGAAAAAAAAAAAAgH6CDWAAAAAAAAAAAAAA6CfYAAYAAAAAAAAAAACAfoINYAAAAAAAAAAAAADoJ9gABgAAAAAAAAAAAIB+gg1gAAAAAAAAAAAAAOgn2AAGAAAAAAAAAAAAgH6CDWAAAAAAAAAAAAAA6CfYAAYAAAAAAAAAAACAfqIu/OZgBZJCyX4MpSAoPFrc5+b1+A1GpPi5cZsTP7q7cnz3dU97cbull928UuMnVIifvJpsr5q8zPYS4+aMnye+227lvKLrvrzKzFeX47uS8avJ6+DimwugC/PlXWdp7Zrxq5yvLsV3OlzNfJX7XPnaLbf+gpT4yV4cnu8LXxrd9XkuI8jWS42DFAwdpWDkBGVaZyo75RhlZ5ykYPSUsu8FAAAAAAAAAAA43OqC4t5HtAUSFDdOCtcDBYGzMROkbAgF0WPxtTAwA8XS4gdVx3c2hOL4brt280Ho5ONuOEVvVzJ+4e6U+Ga3zfaK/5vIy92QDKzeKHTHzbwhEd8znk78uNvuxmDgtOcOmDcvIx+5eRnpyTNP0buc+Im8oufR+LnrT858pcZ3F4Avfpn14bRbip+y/tx2uxg/kozfhfky23PnK9Gu056c+Im8vMN5+L8v1MXvi8S6T/m+KCPMdUh7dijcs0Na/7Zyrz+pjuJrmdYZys67UHUnX67stOMqxgIAAAAAAAAAAOhpdfFP3grJsLhxEpaeR3cZFYmh+ZhS4emvyKsU335rFD/RnrnhWbbdYnuB3a7bWKI9TyVkWhv2hpORV9RudJMk+fJxKpgTOTh5WhvWxfhBGJZus/pmj1thM8zJK62tQmBrnqK8rMUTPYRK5JVYHxXz6un1524gh952Ff9vhfnyNmA/KRffSk1K5GW1V1VeFebrEOJX/X1RXDdVz5cZ0NNo+fh2l+N2nHVf9vuii/Lr31Z+/dvqeOA/lJ15surPu0F1Z1zTPcEBAAAAAAAAAAAOQmkD2KkYjCvt4gpdlQru4vtlVNAFxadBovLOvt9sPlkBHKjc/Wb8IK7ocyv+zPhupWXcnlWZab/FbLcU38jL7JZ1vxnfycstcIzHxRm/0Mkncb/d2SCRlzFfift94+bk5cR3Kznd+E7BZqKfoVLmy3t/aYMukVd0m2/9GR0341vrwRzHuANm/JT5cjckiy8k8zLaM+K7ld/e+M6Qm/1MjFvo5Gfd71nnzucqSIyDvTDLxk/0s8L3hdleNd8XyZfLfF+kxbe72bXvi0OTW75QueULlXngP9Rw+ZdVd+rHui84AAAAAAAAAABAlersDbEqKjzTKvSMDSir8q7sGcApFX0+RrtplZGh0Y6KlYHeSty48tIfv8QXP2rXd391Fc2Jds32qqzI9M1TWkWpt0l3HM28zHw88UuPZTbQog1QT8WnNU9OpwrTllax6t7v/uyfL7l5hSqbV2K+Un52K8Tj9oxdUyt+6FagezKz2vLHj8YvMTSJ+BXWQ+Lz7MyTr/I97fvCaLfS+ivF8eTVpe+LCusvjh9dstdfN+79WvJrlmj/t7+guufuUsN1X1Gm9YgeagkAAAAAAAAAACApUyoNLPwJik/ix0AKilVzgYLiz8XHIL5aqG6UCpsuUTWn+dyKH1XuFSshA097gdGW0a6CoPReK74R3GneyitqLyUvWXmV7jXbNePHuclpz8grKJNX3F5aXvLk5cR3xzExbsYfa76s+IEV3ztfxhwn14cvL2ctWXnJn5f1kjNP7nyZ+bjzJSM/3zx5xk1Kxnf/8a2PeIDM9qxxc9pz58v8x2rXGXNPfO/6c+bLHCFrvqJ8fPOV+Dw7c+Zbf574Zdefb9y69fsiGjdnvsw13oM6X31U+/7sQ+p48sc92xAAAAAAAAAAAIAhE/8UVQMWn0SVg2Eoo4ouLP0Tlqr9QvM9YUq1qxXfaCcRP7oeFq+b/yiucjTvTY9fXV5WC278qG9hSrWh225oXvfnFYZOPt68PDHLxU/0ObTbS8vLV+1q/rHaTb63ME3GmvDdYz6acX3tOolb68OcrzLrL5qnsKvxe8H6i/IKlZ5Xenz3ui8v2fOUmlc85V2Ob60/J69u/76Ixsr6XJWZr7Bc/O4X5jrUfssfqf1Hf9bzjQEAAAAAAAAAAMhzBnB8hqiKj916BnApvirEjysZ3U2a4gthGBTjF9srFvbZm2RRQF9eafHtvHxnhpZ6L+eMVKO9as5gtRI18kqNb4xjhTOG08/oddoz58tsL2osdPKp+gxgN74zjpI9X3EVqDNfPXIGsC++P6+0M4Dj9V7tGcBKma9EfKXET36uEuvDyKuq9WcGqGb9JfoZeM4AtvPq0veFEb6q7wszH/dzEjeXsv683xc9p+OxWxTu2KjG3/nB4WkQAAAAAAAAAAB8YNXZG5ph6TGUEmd6lquaMzag0s8A9sePzyqtGN9+PYqfeuZr6hnDnka87frjR2flRt21xs9tLwpeLi+zvTi+k0+cczJ+qV1v0WSZdn15lZkvM5+q4ts/ljuDtVxeFefL3DX0nSkbBNYSds8YTrTnDmTaz1F7zrpPPQM4jh9WGd8IF8r+XPnmK0z5XEXrz5dXufUXuPHtjdr074u0+M5r7vdFlevPOsP7oNef//PVkzpffED7/uF6DfyjnxyW9gAAAAAAAAAAwAdTxj6ztrQVkjzTs1Dn5565Wbyq7jjTs3L84qP3TE+3XaOduF0zvptXMa4nfpAW37hk5RWPp+/s1ejRycc94zXwBE/Ed9tNxrfG0R1Ps71Eu2Xiy5eXL757dzJ+Ii/rJc88ufOVGt9cAM58yc3Lac/Trj8vM77TbhfjJ9aDd91XmC+nO4n1585XpfWXFj9t/fnyij9v3fB9YXwWq4qfWPdmfP989bTc609q/zd//bC2CQAAAAAAAAAAPlgSZwCHxtOogtE967NHz/S04sfPrPjuWbbp8d3rxnuNdq1TQ612jb6l5VUaLFndcfMy+pw4KzeUlZcb01u16c6XMyb22athog9m31LHK9EHZ66LMc0zgOP5qmZ9lKkWPTzrL5onefMy10fq+jPnq5r1lxI/df152q0+rwrzdQjxE+vPk1fcXlfmywxYzfeFFd/zfeFZ92XzOgw6X3yAM4EBAAAAAAAAAECPSZwBnDzTs/hYeDjEM4DlbLqY8aN2y90vz5me0aPids34iTOA47Nsi3e4m0BOu6X4Rl5mt6z7zfhOXk5hZRwgcMbPc1apfb/d2SCRlzFfift94+bk5cSPfyVvl88Ajp6mzJf3/iBeOIm8ott868/oeHVnACs5X0qZL+v+UsLJvIz2jPjW+gtS4jtDbvYzeQawk591v2edO5+rIDEO9sKseAa11c8K3xdme9V8XyRfLvN9kRbf7mbXvi8On47HblFm4pGq/9ANtekAAAAAAAAAAADot+rsDTH7jM3EGaxR1Zy1g6fSa8UNqPQzgO2NOfes0lJ7Hka77pmh8Vmek89TMOFU6f1XFa5+Vupo88a3zhD1xC9x8rHa9d3vyScKXi4vsz1fXuYurjEV6XmFifsTTbrjaOZl5uOJX3oss4EWbYAm4kfP/Z0KpcQZvelJuD/750tuXqHK5pWYr5Sf3bNyK54BXKyCLa17T2ZWW/741hnK1v1u/ArrIfF5dubJ2FC23uP7vjDarbT+SnE8eXXp+6LC+ovjR5fs9Vejvd/YgVv/TNlZpynTekSNewIAAAAAAAAAAPqTulJpYPGhuBHkVvSVKkHt+83KvajCrvCCXVkYsSv3fJWy/g1PGWHdij61TFHm43dII48stdO2Xvl7b1KwboGdl1Px6eZlVgZaFYMqVRKa/XErDwPr5VJeSskrbk+evNwbjPbc+NY4BkHi/rhZd77cUmPn/sR8pVTouhviiXmSm5f8eYXmU2f9mRuS7vqLwpkVn4FnvlLiu5Ws7v3x+HnWhzFAxuavfTmx/px2S2+w201WarsT5ORldceM76xDd548n6vEfJntOfHdvKpefz3+feFWGLsdUs2EuQ4duP2ravz9H9WuEwAAAAAAAAAAoN9JnAEcPYkqB5NniRb/6ZYzWH3xo+th8bp1Qmpc5RjfO2y6Mp981Nr8lSQNblXmE/dLY46rmFfyDFY7n6io0Vtt6OYVmtf9eSXOAPbl5bZRKX6iz6HdXlpeCpPxzT9Wu8n3FqbJWBO+e8xHM66vXSdxa32Y81Vm/UXzFHY1/sGsvyioN757vfL6i/IKlZ5Xenz3ui8vqdIZwNb0HER8a/05eXX790U0Vtbnqsx8heXiH36drz6qzhfuqXU3AAAAAAAAAABAP1LaAA5kVN9FZ4YWzyoNgsKV4mOgQEFQeK34SvyowHPerSe+ysRXMb7VXvRKHD9Q0DJFmWvukQaNLYTbulThTz8mrX+x8LyuUZlP3CuNnOXJyxc/mZeC6NGt7o2LII0CxKB0MTDeKzuvIHDycfNKja/0+EFy3Kz23PkKjPwCT3vufMUVmCoTP5mX3LyicTTG01of7jqM2nPny8zHna/U+NHPvvjJvOL23LwCz3wFVlh73Iy8vOvPl1cifvJzlVgf7nxVWn/ueqi0/jzzVYqfzKvL3xdKxrdfSVl/ic9V4IlvzJM7XzV24L5/q3UXAAAAAAAAAABAP5IJi5Vwvso6b4Wn+8es8JPsirtizLjaLiW+qo5fuq6WyQquvlsaOrmQyYaXlf/RuQpXPa787R9VuPiOwvXGYcpce6806hg7H1/8xHUjH08lYRiPm+y8zPdIZeK71834zvgV+eJbFatV5WW052k3db6i6tSq45f6lMzLrtBNz6vCfJlrwzdfUSPmPKXkJTdmIr5nvjzrvjRfvvieitUy4xl9NhKfK3e+Uj571vrztVtu/SXiG+s99fNcLr6Tp9vnKtef3DgHtf6M+aqx/Jol6px/Z627AQAAAAAAAAAA+onuSkfzAAAgAElEQVSMVS0ZGLV2RsVnXKVqPo+qMqNaO6Pis1Q6aDwvE19Vxy8+jjtBmU89IQ2bXgi24WXl7/yY1Lm30EjnfoWPflnhqicLrze3KnP9/dLII63qSjsvo3oxbldWdaidl5GPm1c8np68FD0a+cTtesbNDJ6I77abjG+NozueZnuJdsvEly8vX3z37mT8RF7WS555cucrNb6RjztfcvNy2vO068/LjO+028X4ifXgW/eV5svpTmL9ufNVaf2lxU9bf7684s9bN3xfGJ/FquIn1r0Z3z9ftdLxxI9r3QUAAAAAAAAAANBPJM4ANo/I9J65KbOCsXTNW5Fo8p65WSl+/Cx+LZhyvoLrHpaaRhVCrF+o/B2XSPt32vE79iq8+3qFi28vPB84Qpnrf2FVAlsVklE7vorBcnmVBkvRbfGjr0JSZgWt0isSzbbcn40/RvGn02enEtJTORomghuxvX1w5roY06z4jOermvXhy8t6qafXn1HR6snLXB+JClI545cS376eHj91/XnarT6vCvN1CPET68+TV9xeV+bLDFjN94UVP/l94Vv3ZfOqkdzyhcq9+1qtuwEAAAAAAAAAAPqBxBnAcaVi9BhfL1UjliownapMyagkLBURluK7zdsVfVYtZFTVZ/4z8SwFH/uJVNdYePumRcr/7CoFHftKVYmmjn0KH/gNhUvvLjxvGqXMpx6RJp5Zqnp0/7HaNfpm5mWnYFwoVVEm8jKqEas+U9Y3boH5x5knZ76sfBLxU/Jy4seveOIrET+5PuRr12zDyqu0cBLrz50vc/0Z69CMn7r+3PlyKkvj+QqMtpz5SuZlD5c1bt68qlh/vnGLnrvzJXu+fJ+rxPozP7/VxDdV831hjl013xfm2FX8vvDFd0fTN0+e+eolOhfeV+suAAAAAAAAAACAfiBjV9xVrvD0/hw9l+wKyWLMuNrOV7GaqOhz/kT/jD9VwZV3ljZ/1y9U/ieXSPt3OBW0Rj5R/++9SeG7jxWuD2hW5qo7pFHHePrvtmvETZxVao5bqdHkWaV2heKhngEcj6OnEjJ6T9kzZa1K05S84j/++FGFcdn5So0fXZcnL+Med/2ljZs5dynzlZineEirmC/523XfY7XnWw/OPeb5vtY/Vrsp7zWGzM7LjO/kkzZu1s/OPCll/bnzJbvdqs+I9uVV9fdFFesvjh9a8aP1F/aiCmBJyr36WK27AAAAAAAAAAAA+oE6tyoyCAtPAoWFx6DwWNgtCeTeH4aFH8MgeoxeKFU9moLQvFyKH4ROe5FQ0rgTFVz/aOna+oXK/+xKBQd2l9qLO+TkE12+8yrp2nsUTD2vsAl8/X3K/+RSadNiK684j7CUTyApLFYQhnFedjsK7fbiish43Ir5TTlbmSu+KzWPU0KYk/bvVLj+NeVf+LbCFY8bHXLycuJb4xgEifvjJpz5CuZep+yl/yhJyv3iD5V/7Q7rfne+6s7/P8qc/WWFe7Yqd+cXpXefLjQSTVu03xqPozN+gTFPvrxC86mz/oLkOozzicIFpXkq3O7MVyjVf+FuZWacrXDjMh34xun2OMpZ584moW99GANUWveyL8efq8AzX+YkOe3G+QTO+ku53+6OGd9eh4l5cucr8MyX2Z4T382r2vXXI98XRrulcXPac+/vBfLr31a4aZWC0VNq3RUAAAAAAAAAANCHJc4Ajp4kKiTj6ykVg24Fn8uKb7STiB9dL1ZIDpmo4IrbSm/ZvFj52y6Q2nfG96bHt6+H996gcMPLhScDRyhz3X3S2LlWhaS3YrUYx1sx6LabViFp5hXdtGudwo2L4z/avVEaMETB9POU/cRtynzk/9kxy8VP9NlXIenJKy0fb17ue5yKT7cS183dHS83fqX1kajQ9cUP43kKK8ZX5fVnr47k+ujC+kv7XCUrdFVqz5NXenz3ui8v2fOUmlc85V2Ob60/J69u/76IxsqtAE7LKywXv/Zyb79Y6y4AAAAAAAAAAIA+LnEGcPTEe6Zn2hmsSjnT0yy2c+KrTPzobE+NPEqZG34lDS5Wy773pMI7LrHPu43b9Z3pGdjttrcpvP0yac2zhedNo5S57j4Fo49Jzct3ZqhTBGkUIAali4HxXjl5Fa+GK55Q/ntnxH9y/3aUcv99scKVz0jZemWOv0mZ8//CrqJMix8Y8VPP6DV6Er83OWSlP0am5lgbN/vPADbip52V685X1J67DqM8u/MMYPNyYL7HmacyZwB7z2x2l7e5/nzzlYgflImf/Fwl1p87Xynr76DPAPbMVyl+Mq8uf18oGd9+xT9PpfhGe4n4xjy589WL5Fa9WesuAAAAAAAAAACAPi5jnYdZ6UxP97zNSmd6FmPG1XYp8eWLP2SygmvulQYOL/R0za+Uv/tahfu2lc70DI32jHYVP3gqBtvblLvjKoXrFhTuaxymzFW3Kxw8zpOXP75ZERyPn+Tvk5TIzbg7UaEbrl2o3B2fVLjyV1LdAGXmXq9gytnxhPniWxWrvnlJve5ZEeXmK1E1XCl+qU+JStNo7CrmpbLxS2svZb7icmBznsq0665FpbTr9tVcf2bFr2eNVh+/VIWc+Fz5Kmg9nz1r/fnadfMxxzER31jvqZ/ncvGdPN0+V7P+zO+LQ1p/xnz1Ivn1y2vdBQAAAAAAAAAA0MfVJapai/sh7pmbhd2SQHLO3AzDwrPuOtNTQSgNGqvg43dIg8YWbt65Svk7PhrHD6x2nSpB58xX7xmsuf0Kf/pxBZ95TmqZIg2dpOyNjyv/808o3PhGIn4gKUyLbw6L2V7xfxNnANuvxlWU0aiGYSAdaFP+tduUbT1OGjRKwfTzClXBkjITT1LmlC8omHqW1DRCCrJSvlPhpqXKP/V1ackDhU6EUjBqljIXfVXB5NOkhsGFju3foXD5Y8o99tfSrvXW3GjIONX91rMKRs+WMnXSgT3KL3lQuft+X0F7m9H/Yo4T5qn+in9SMHyqFGSk/TuUe+1O5R/9W4XtbfE4Zoa2KvPhrygz60JpYEvhzQfalF/1gnKP/4PC1S/F45aZeKKyZ35BwfSzFDQNlzLF/DYuVe7Rv1d+8YOKyjjr/+A5BWNmKf/yHVLTMGWmnSHV1Sv31LfU+dDfKXvyp5U96/MKxswsjNP+ncotutdak971Ya7z4vzF8xOtc3f9ueu+i/Ejyfhuu856d87otbuTXH+pZwDLiZ/Iy7kc9eJwf1/I831RLn5Y/DhU+r7oJcIta2vdBQAAAAAAAAAA0MfVxT8ZhZKlDaGwuHESlp5HdxU3tAqVdcajs6HlxncvJuIPGqPMtQ9Kw2eUbtu3zYqfaC8IUuK77RbbC0KF7W3S/h2ll4aMV+bTjyp/+8cUrn2heHexvaBMXk4b9oZTaI9jYIxf9L9uPtEMrH9V4d5tChpbFIycFcfPnP+XCqacKXXsU7htpZTrUDBkvIKxxyjz4a8pt3uTtPZFhQMGK3vlfyponVe4d8syKVOnYOgEBXOvVbZ5rDr/+4pSRnUNyp71e4V+bX5bGtiioHmsMsdeKXW2K3fXb0tx/6WgYZCy5/5hYXN28/L4/uypn1MwYro6f3i1QgUKRs9U9rr/UjD2aCnfoXDrCimfUzBskjKzLlQwerZy9/yB8kt/KUnKXvwVZaZF+a2SOg8oaBmvYNwxyl72dwp3b1J+9UvWmGeOvlhqHCJ1tkudB6TGocqe9hnVXfIX0sCh0v5dCnesk+oHKnvS9Qr3t9nzJWO9K7nuS/PlWX/RfFW7/srEj34sFdza69xqzxvfuOz53Ebtlt508PGr/r4IVdikrfb7wgzoabR8fLvLcTthF74vaizcubnWXQAAAAAAAAAAAH1caQPYqRiMK+3iCl2VCu7i+2VU0AXFp0aFbrS/Y91vNp+sAM7c8Gyp8te8LxE/iCv63Io/831upWXcXpDojFTfpMxl31f+O3OMCkmnndDZn7LyMuPbeZUKKoP4TUH83Bi/KK9t7yjIHSi81NAUdzF8/XaFyx9S/uVbpQN7pDBUMOEkZa++RcHQ8cocfYXy615SZtbFCoZPl9rblH/kzwv3S1Jzq7IX/IXy779pb2dnGxRuflu5O39d4aZl0oDBqvvkbQqmna1g0ilS42CpfU/pPY1DFK6cr9ydn1e4s1BJnL36P5SZe40yU05V9rTPKv/CD5Q57bMKxhwpte9S7uGvKrfgh4W8Z12g7Mf/VUHLBGVOvVn5Zb+UFCj/yh0Klzyi3IJbpfY9kkIFk05S3Sf/S0HLeGXmXKFw9cv2XnzdAOWfv0WdD/x1ofJ4wGDVf/F+aeBQhRsWq+N/Pqdw47LCrRf/ubLnfKm0QlIqS63KXXPCiy+Ectehsf7i+531F6TEN5nrKfCs8+h51Ix1v2edx59nq/vJAIGz/nzxE/2s8H1htlfN90Xy5TLfF2nx7W527fuiF9i/p9Y9AAAAAAAAAAAAfVzGKJeTdeZm9Biq/PmhMp6rGCMsvdc+09OoznPuiSsho83fTYukvZvizkVt+c4Mtc/0NPLxxC/dG1UiStq9TuHGRYWfWyYbefniR9fNcSs1mjyrVPZ4haU3JM8wdfLyTFj+lf9R/rlvFyqYo/hrX1TYsafwa5sbhxbayHVIYU7K1ikcPKbUxq516rzrC8rP/5Y9Xh37lX/9zsJGaShpf5vC9a9L+U5pwGAFrcfbfWrfrfwr/6v8jnVx7Nzz31e4c53UMEjBlNMKv/55yulSJqv8qgXKLfhhPDb5pb9UuPQRSaGC1jkKppwmhaFyL96m3DPF/IrjmX/vRenA3lJ+isaxOCYrX1DHXX8Yj0lw5EcUjJhSqFx+9a5STqHU+fi/xpvB8TosN1/G2kueLWvMkzF/3vXg3GOe72v9Y7Wb8l57iVsfKt/nKj2++7Nn/YVmPmZb5hq12636DGpfXlV/X4TxOFaOH1rxo49gr9v8lRTmOmrdBQAAAAAAAAAA0MfVyamgi88qlV3RF1UWuveblXtRhV3hBbuyMFLpDODwjoulscdLi36g4NcWFm7OZONKWfMsVKu9uENOPm5e8Vm8Yan6du82hbddLB13s8J1CxQEgZFX6QzgqF0zvlt5WPEMYKsCOJDvDOBAkkbOkLINhWAH9pbGb+qZypz5ewrGHScNGCxlB8gVBIHCxfcqnHudghkXKvuhP1X2jN9SuHWFwtULFb54i/Kbl9kVwPlOaff7dmVt5z4pzJcSCkqVpGF7m8Id6+J5VChp3avSvu3SsEnSoBHKTD2tdOZv2yZnfUjhni1SvlNB4xAFwycpXPW8slPPVOZDv6vM+LmF/Ors/IJ43IyL29dEVxUGgTJjZkj1jYVfB12sTo7vb29TuHeHUxGbrGRNrygtVY5a+XTxDODE2ddmgka7yQp0O37q+nPyildY2hnAns+VO19We+64OXkl7o+62c3fF3F7cQN2u+lnhjv39xJBtr7WXQAAAAAAAAAAAH1c4gzg6ElxO7a4cWI8t+4Pivcaj+6Glje+0Y4bf+2zCtY+W7geWncq2oiO22uZqsyvvSDVN/mCx/K3XSStfSGRV7wJlskqPNCmcOE3k3mFYfEM4NQUks+j/TZn3AKVqhHjt8bx7XEMxs1T0DS8cG7ulkLFajDhJGUu/7aCYZOlfE7au1XhnsKZoUHLJGlAc7EPhfZy/3udguNvUuboK6TRsxWMPUZB63HSvE9K87+l/FP/LzlTvmrPUmeddI2qV99YZOut3zkcuvc4PwcTT1T2mn9XMLyQX7h3m7S7UAUeDJskNTbHFa0K3TDGfOU6k+WdKRt9vvVdWvfu25LzFE942kZiFZ+rZDLWfxIg+4zecvHd6/687F1SN36pncR8VRm/9Nx4e099X4SSewZwiSevRMd6mcZBte4BAAAAAAAAAADo4xJnAEcbMj1zBrC54VM+vlEoW+yPXSEYhoGCkUdW3PyVpGDU0QrXvuDkVYofKDTi23n5zgy1tuesCkyjwjL1DNZSw0H83MmrYbAyx31Kahwq7VyrcNkDhVta5ykYPErq2Kf8E19V/oXvFDo0oFnZzz2hINoADkpnpIav/Ei5V35UeDKkVdkP/62Co69QZs5V0hs/9wxWuZ+NPAYMVtAy0TjDuLCBq6bhhSc71ytc8Yy0d7s0ZJw0eIw9jpKCwSOlTJ3C/VsU7litzMRSfrmH/1a5Z79TuHNAs+p/+5cKGpsLY6bA6ltg9CwMAmnrSqmzXapvVDByup1Lw2AFTcNK743zMtZhaTpSzwCO13u1ZwDLWQ+p8ZUSP/m5Sqw/4wzg9PVn3m8EqOYM4EQ/fWcA23l16fvCCF/V94WZj/U5LEmeASz7sZdtBAdDR9W6CwAAAAAAAAAAoI/LWOdhVjrT0z1vs9KZnsWYiopeU+IrJb7ynYVeBkGiD4WSUaOAedndCud/vfRn0a1Woma79pm7UpjrTMnLyCdxVmkxtWj8zLzM9xTfUe0ZwMGEE5X5xP8qmHqW1Nmu/Os/VbjmxcL9+7ZLucKYmPEzZ/6ugpaJpVzDUJpxgTJXfkeackYp/s51CreuKIxrwyCFgzybTc4ZrNYAxvMnaUCzMsdfLw0ZF8fPnHKzgiGt0oE9yq95WWEYKr/yOSmfU2bKKQpO+Uw8NpmZFyiY/WFJgcL1ryv/7vMK92yP59wcz+y5Xy5UAMfdisZR9rVi/3OLH1a4eYWUbVBmzmXKTD4xzid7/u8qGDPTSteeY2ctynj0zFc8Jsb6MMtek/HVhfhh/NlIfK6MfOP2PJ89a/352nXzMdd9Ir6x3lM/z+XiV/i+SKw/J7415iltONejObXycj7PvUkwckKtuwAAAAAAAAAAAPq4OvvMWqWeuVnYLTErGgvC0KmoO8QzPe34UYys5KnEVSZbCrzsXoXL7irt54w7UcHcm0rtyslHobT6aWnsXGnja6UzhiW7ItE4A9jOy8jHrVw223PyCoxXM9PPV/D550p9HDhMGjxaytRJnfuVf+VW5Z/4m7i74bKHFJ76JQWt85S94C8VnnCTVNeooHmsVcoYBIEyR5yvzLFXK3Ps1aVfFV03oPCrojP1Cje8Lq1+vnBerzVBUZ7GNERdNs4A1oG9CsbPU/3vzFe4a4M0sKXYj7zyi+9XfsEtCoJA+Rd+oMyUUxWMPVp1l31d4ZlfKpz7O2ySVD9Q4fY1yr9wi4JAyi99WOGWLyqYME91F39F4ck3SvUDFAwZp+gs4rQK4GhswyCQDrQpt/A21Y2cpmDMLNV/4R6F21YX829VuL9NQfFs4bQzeuWs+3hduJXgB3kGsBs/kozvtut+Noz5MttzKnTdyvTofqsi24yfyMu5HPXicH9fqNz3hSd+KKdi2hk/90zlGsu0zqx8EwAAAAAAAAAAQBmZ+CerktVT0Ro9l1nBWLrmrUg0uRWlVcSPK4DDnBW/VLlnbN647ZobSUG0UWxXSIZP/Llyfz9E+Yd+O64c9FYMlsurNFhxN+JHX4Wk+YYh4xWMOTr+o+YxUvsuhSueUO72Tyn/8J/Y8Q+0Kf/gHyt896lCWqNmKxg4XPlFtyvcsdrqRO6Jv1V+/r8p3LlWahpeaGP49EJ17qI7lLvzs/50zHkKnetx/6Vw/07lnv4nhft2KBg1U0HzWIVtm5V7/rvqvO+P4nkKNy1V563XKf/anVL7HgUjpikYNVPKdyq/7DF1/uTXlV/2y0L8/W3qvPdPlH/76UJ+Y2YpaBqu/Mu3K9y+xuheNEdmN+15yj3/Q3Xe86cKN7wlZesLsQYNV+7VuxVuWGzPV+jE8FTQ+tafNZfe9e1eT4+fuv686z4tvnHZ87mK131cKXvw8av+vgi7+H1hBqzm+8KKXxrNxFib7ZXLq8ayU46pdRcAAAAAAAAAAEAfF4TfHGRsgyTP3Iwfzacmz36RW3mXfr8Z39nQlRTc/Ko0bLq05S2F/31qMv7MKxRc8ePC9ftulJbdU2qv9SRlPv144bXH/0ThS//p5OXvv3s9MRqhfxgKF3zjlsyrXLtmfKsd7/0V5qvK+Ol5dT1+2fVQMa+oVNPXrj++G9CXV/r9VcxXyrpPzSstfiKvlHycBnzxU8fRN27l1p8vrx5ef9WMY/r93bv+vOujxgb90wsKRk856Pe/9ubKLt0/bHCDgiCI/0gq+7PMnyXFv9PAvc94rHTN/bma55Wup+nq/eg+A5vqKt/UB+Tzodr352rdjS4b0JhVJnNo65/cyb0vIXdyP1gf5Nx7i317O2vdBcDSX/4eCwAAehZ/j0VvVGfv9ITFp8Zj8bqih3IbwcUNqLB4QxgmN6DsDeKwuDHjtlcQFH/tr8Jcobqv2G4Y/2D8y3k+Z2/mWIEyVvyovWT/3bycfMxH7/2efKLgVW1YmfFL7fk2DH3zZLXnjW9cMsYxkZeZjyd+6bHMBpqxARp68/J3KpQUhCnrL3G/+7N/vhIbhqHK5pWYr5Sf43ycdV/6tcJO/GIVbGndV9jwDP3xo/FLDE0ifoX1kPg8O/OUtmHt+74w2q20/kpxPHl16fuiwvqL40eX7PXXy/Z+lWmdcUibvwB6Xl/9jwi6o9/k3veQe+1j1AK51z5GLfTVfgMAAAAAek5dvNdSfIzPKi1usSTP9LTvjzeygugxeiEK6FRyhebl5BnAgXmmp3FeZ3xGb9ROGJTuk6QgY++oWb8CunT2btxetIU0Zq70/qJSPnH8Uj6FsIHRrhLjICsvldqLxy1lIzcodTuKnxhHKy9/fGscgyBxf9ysO1/mIbOe+xPzVYyfmC9nQ9yMb42fe8awm1doPnXWn7kh6a6/KFxQmqfC7U5eKfHjfGTHd3cJu+sM4MTZ1/Eb7HbjfAJn/aXcn3oGcJyXvSHuO2PYas85A9he957158SvuP668/vC08/SuDntuff3Atl5F9a6CwAq+CD/3+vk/sFE7h9M5A4AAAAAQN+XOAM4ehJVDibPEi3+U+2Znt74RjuJ+NH10CjvM84sNc8qtTZzMuWrDT15BRd8Q5lfe0bBR/+z1IKbV9Q3szvl8grN6/68rDNYw2RenmGqHD/R59BuLy0vhcn45h+r3eR7C9NkrAnfPeajGdfXrpO4tT7C0umu5dZfNE9hV+N71p/9jxnfqa71xnev+z9XVhvF+KHS80qP71735SVVOgPYmp6DiG+tPyevbv++iMbK+lyVma+wXPzaqjv58lp3AUAlfXRnoFsKw8i9zyH3Qw3SDTFqgNwPNUg3xKgBCoABAAAAAK7SYSbFCruowtKtAI4K7aKKvFLloV0Ka1XcReE88VUhfuFfYotP6gcpquGN/u22ULlq/ptu3n/msPEeOy8pOOLiwtVxxxvx7bxKlZBO5WeUhVWBaVRYJipLna6EzgUjr/T4xjgmKiGdcKH9POZUWiYrJK2BK81XonI1Lb6dl1WRa46jSuNp5RW94laWRrf51p/R8VLFti9+9IIvvj+vuMDUna9ovbt5WfcHTgDPfCXiKyV+8nOVWB9WhXQV688MUM36S/QzWTnt5tWl7wsjfFXfF2Y+7uckbi5l/Znz1QtkZ56s7LTjat0NAFXIZALl873ky6MKQabyPdUid3LvC8i9e5D7BzN3AAAAAED/UWdvaIalx1DJMz3LVc0ZG1DpZwD748dnlbrxd6xUMHym1DJN4fjTpXXznfaN3cd8p9FXZyc4zFvtSqGCiWdIQycVXt66vFDxmeDkYz6Gpe5a4xc64xgNTrlxs/KJ4pfaM/P0xS+16y2aLNOuL68y82XmU1V8+8dyZ7CWy8vbSOj72TNf8Y5p6Vb3jOFEe+5Apv0ctVftGcBx/LDK+Ea4UPbnyjdfYcrnKlp/vrzKrT/3DODQ3qhN/75Ii++8VvEM4DLzlDZenuv+9ef/fNVK/Xk31LoLAKoUZCTla92L6mWz3bczQO7dFq7HkXv3IPduC9fjyB0AAAAAAFudfWatUs/cdCsLI2YlYlSpWHjBriyMVDrT04q/4iFp2oclSZmr71L4zFekLUuK8SWNmF0KHOadkkXDsGnKTDqrlOfYeQrO+D+l1xffUTpjWKXKQKvyUm5eRj6Bm1f0sicvd0MyGre4XWfcnDOAK86XE9/YG0xUjlrtyW3Xl1eFM2W98Z38Us4ATlQuR+Pnrr+4XSMvb3wnH298t12jPafdUvzk+rDHzVnvVcaPJON3Yb7M9tz5SrTrtCcnfiIv73Ae/u8Llfm+8MVPrHtn/HzfF4dZZuKRqjvjmlp3A0CVsplAudT/+qT3yXTj1xy5k3tfQO7dg9w/mLkDAAAAAPqP0q+ANisk48dKFa2FO9Mr+Azef4euEH/RDxTMvkqaeJZU36Tg/H9MzyTfmVoNGMz7nDTvc97XwpWPK7/8fqufiYpBtxKyTG72hpOnQjK6qdCz9IpEuxDS25ZkzJcRP6pwTfbNnqfCZpiTV1pbhcDeyk9r8UQPoRJ5JStWK+XV0+vP3UAuX/FctoI07f8jCu0n5eJbqUmJvLwVq2XzqlRRffDxq/6+KK6bqufLDOhptJqK6sT4uRXTQZn5qoGGy79c6y4A6IJsXUY60HdKw7J13VcZRu7k3heQezfGIvc+oTtzBwAAAAD0H6V/WwwkBdFZocZjfD2IHwMFCoLiObrFe6NHBcnzaEvx3ebN+FG7ZvxA4R0flV7694qJhB177fb2bpba3i//nhe/pfCOK81W43atfNy87BSMC4FRCenkFQTxoxk/HsfAeG8xbpCIbzxPxHfbdfJJxE/Jy4kfv+KJr0T85PqQr12zDSuv0sJJrL+gzPoz1qEZP3X9ufNl9tWcr8Boy5mvZF72cFnj5s3Lyce3/nzjFn82PevD6IDvc5VYf+bnt5r4pmq+L8yxq+b7why7it8XvvjuaPrmyTNfNVQ37yLVnfqxWncDQBf1lf+zvSf6Se69H7n3/pg9gdx7f8ye0Ff6CQAAAAA4/OrsirsqKjzTKvRCKSp9TT8D2FOx6rrGlswAACAASURBVKvoc0M/9WfS/L9TMPVCaeRRyXY3vSGteVahuWO04z3l7/6kgmkXJu/fskT59S9Ju9Y6/XfzcvIxH7339/wZwHbl5cGd0Vu+QtfJxxO/9CjvfJUa8cUvnQHs65RZwdwtZwBHPXXur67CuFxbRkWws+5TzwBOnNHrycxqyx/fOkPZur/MGcBpuVjr2JknX+V72veF0W6l9VeK48mrS98XFdZfHD+6ZK+/WhcBB9l6NVz3lRr3AsDByGYD5Tpr3YvKstnu/y9dyL3bw3Y7cu/+mOTeu5E7AAAAAABJdXa5n0pnlRa3WJJnetr3d/cZwEHg2XCSpI690vJ7FS6/t7QhZLwctxNdCCRteEnhhpeM66UNwUBhvEFk5uU747XwruKjcwZw/GjlFV0OUs8qjTdyA7NXhfiJcTQTTYlvjaP5K26d/0/AewZwdMFzf9oZw4n5cjbEzfjW+Jnz5MsrNJ866883X6EzfkFpngq3O3mlxI/zkR3f3SXsrjOAE2dfx2+w243zCZz1l3K/3R0zvrMO3Xly5yvwzJfZnhPfzavq9ddT3xdx2MA/X+79NdBw09eUaT2idh0AcNCy2UCZTKB8vtb/KUm6TCbosU0Rcif33ojcyb07fZBzBwAAAAD0D6XfGRVVAxafRJWDYSijii4s/ROWqv1C8z1h6N9UseIb7STiR9fD4nXzH8VVjua96fGry8tqwY0f9S1MqTZ02w3N6/68wtDJx5uXJ2a5+Ik+h3Z7aXkpTMY3/1jtJt9bmCZjTfjuMR/NuL52ncSt9WHOV5n1F81T2NX4vWD9RXmFSs8rPb573ZeX7HlKzSue8i7Ht9afk1e3f19EY2V9rsrMV1gu/uFTf+HNqv/QDbXrAIBDVl/fu3/tZk/2j9x7L3Lve7G7A7n3vdjdobf3DwAAAABQW3XxT8UKu6jC0q0Ajgrtooq8UuWhXQprVdxF4TzxVSG+XTlpKL5gVnjaFYzWzUbFo5tXWnw7r1IlpFP5GWVhVWAa7SUqS+284s0np4K0VDHri2+MY6IS0j9uiXNOnUrLZIWkMxhOBbM1X974dl5WRa45jpI9X1FecuYrcMbPt/6Mjpcqtn3xoxd88f15xQWm7nxF6923/uL7AyeAZ74S8ZUSP/m5SqwPq0K6ivVnBqhm/SX6maycdvPq0veFEb6q7wszH/dzEjeXsv683xeHR91JH9WAG792+BsG0K0y2UDZuoxynfladyWhri6jTA9WhZE7ufc25E7uPeGDnDsAAAAAoO+rszc0w9JjqOSZnuWq5owNqPQzgP3x47NKK8a3X4/ip575mnrGsKcRb7v++NFZuVF3rfFz24uCl8vLbC+O7+QT55yMX2rXWzRZpl1fXmXmy8ynqvj2j+XOYC2XV8X5MncN3fmKd0xLt7pnDCfacwcy7eeovWrPAI7jh1XGN8KFsj9XvvkKUz5X0frz5VVu/blnAIf2Rm3690VafOe1imcAl5mntPHyXPevP//nq6dl5/x/9u47Psoy3///e2p6ISEJSQgJhA5BQJAiqNhQEXTFtuu67tldXbe5uvV7zn7POe75nS2/48/dVdfuVvWoa1maDQsWBAWktwAhmBDSe5lk6u+PkGFaGqRMktdzH9nM3HPNdV/X3HfGi/tzf65rmSLv+dOA7Q9A/7JajWp1nZ41IkwYDAaZLf3/vUbf6Xu4oO/0vT+N5L4DAAAAAIY2s/+atep0zc3AzMIOvpmIHZmK7S/4ZxZ26G5Nz+7rP5O557c/Be7Xf/eBa7CeCRR37Pf02xVcf3vpTur3bbbv/k7/f1C/AgOSBr/WyBP4uQWsAdzt8Qqo3yc2GJQ56re/wA8sZL+6WVM2ZP0B/etkDeCgzOWOzy/w/FPA8eq0/sATIFT9XZwfAfs9U38n518v1wAOrL9DcP29OF6++ws8XkH7DdifAuoP6lfIj3Pgvy/Uy++LoPO+k++LAWCev4LgLzAMWawG2dvCJzBgsRplCJqeo7/2Rd/DBX2n7/2/L/oeLgay7wAAAACAoStoDWCPz9OODMbAtT77dU1Pv/q9z/zq91/T09NF/YHbfd7rs1+/VUP99uvTts76debDkl9zAvvl0+agtXI98utXYJ0hszYDj1fAZ+L9n29/gsoEVh7weQW1IeBYn67Tdw1g7/HqyfkRql9+L/X3+ddxnBSyX77nR6fnn+/x6sn510n9nZ5/Ifbb8351c7zOof6g8y9Ev7z7683x8q2wJ98XfvWH+L4Icd532a9+YrniGwMS/O3NxUAuHAJ9w2QyyhphGuxmSGoPCpgGcEpQ+k7fBxt9p+8DwWQyymINj/V2B7rvAAAAAIChK2gN4OA1PU//bv91jmsAKyDoEpwBbFBX5X3rD1gb1Sfjz7f+oDWAvWvZni4RGAQK2O+Z+rtaq7Rjg2/9Af0KTHD0fi4Bn1+ItUr9y/s31hDUL5/jFVQ+1OfWX2sAdzzt5HiFLN+RqhmiXx3FQp1/Pg3v2RrACj5e6uR4+ZU/0+Hgfvnsz6f+wMzvkPUHfOS+7QxeA7irNXpDnOcBf1fntAZwUDu7+b7w3V9Pvi+CX+7i+6Kz+v2b2bvvi75nMFlkvePXsiy7vX93dFqE1aLWNnuPywLoGyaTQVarSXa7a9DaYLWaZDIPfFCAvtP3wULf6ftAMpuNMsgwIvsOAAAAABiazP4BMf81NoPWYO3ImvOL4OnMa92uAewfmAtcq/TM/kLw2W/gmqH+a3r6lg9dv98aoiHqPyNU/R37DVU+xP46Ku+qX777C9EvBfbLu7WzfnmCygftMvBz9O2Xb39C1H/mdxcBtI4AaFD9AccpoFHth62T8y+ofODj0MdLgf3yqMt+BR2vTh4HrpXb7RrAp7Ngz5z3IXrmt6/Q9futoexXPrD+bs6HoL/ngOMUuAawAssHnB+Ba4YH7i+wn92uAdzd90U355+3/o5N/udfP8d+ZZ5zpay3/oeMGRP7eU9nxMVE9zgAHBcTLae9pZ9bBIwcJrNBFhnlsLsHfN/WCNOgZoTRd/o+0Og7fR8MI7nvAAAAAIChx3wmNfD0r9OBoMCMvjOZoP7lfTP3OjLs2l/wzyzs0N0awGfW6D2tI0rjU21gRp9/gYD+BPYrIOMzsF+h1nhtD0+dyST0rT8w87DbNYAD+hVqDdagz9E3UthJ/X6fY4g1gL27DTxeganGAeU7W2M46HgFBMSDjpMC+6XQ/fL4Pg04/3wDkoHnX0d1vhmfhhDHq5P6AzNZA8t7P78Q54fPB+QT/PXfHHT+Ba597X2D/36DM7UDD1BAv/ya082azb79CfF3FXS8fPcXUH9gv3p8/vX790VghnFgg9TnjFnTZF31Q5kXXt/3lXcjKTFOjc0t3QaBIyOsSkqMU0UFAWCgL5nNRhkNBtkdbnnc/X2bSft3ozXCJKNx8IMC9J2+0/f+Rd/pOwAAAAAAvXFmCmi/f792nfl5prxBvpmWoTL4Qtfvs58Q9Z/Zb+DbDCEyIQMCTl3ut2cZs0EZq6cDqp10Ifi5t+GdZVQH9KeTDM+Q++guA1PyyaANzJAM0S+/jNUQ/fHbbzcZut73+tffaYZxZ499NgZl0HYU7uL882Z49rb+MDn/AkLaQf3qvP7A7d1k9Iesv4sM4x7W75ehG6Jfffp9cfq8DF0+RL+CGtZ3TJMvkOXS22W+8Ka+r7wXMlKTdaqiutMgcGSEVRmpyQPcKmDkMJoMijSZ5LC75XT2X5aY2WyQxRoe63F2oO/0nb73D/pO3wEAAAAA6K2gNYC9a4gqMFNRZxIIveXlEzw8HTTqcg1g34BP1/V3vkZqR3DvTIanfwajX2GfjMfAfnVWv3+/Qq0Z6hee88vA9NlfT9Zg9euoT786rd/nc+xmjeHO1+gN2F+/rQEcWH/A5yj5H6+OfingePXLGsCh6g/dr87WAPae7z1dA1idHK+g+tVJ/cF/V0Hnh1+GdA/OP98KenL+BbUz1BrA/v3q1feFT/U9+r7w7U/g34l3d52cfyG/L3rPmDFJpjlXyHzBKpkmzD63yvqIxWJWdmaaauoa1djcoja7Q1L7mr9xMdFKSowb5BYCI4PFapTJbJDT6ZGrDwMEJrNRZrMhrLPB6Dt9p+99g77TdwAAAAAAzpbZP6DZzZqeHgUFWLx8AlCdrwEcun5vJmS39fu/3lF/pxmZna4xHGInPc0g9Mkk7Giu3+cXuL+Oyrvql+/+QmRk+kQFe5mx2lm/OraH6lcXx8u3Pz2q3/9hV2uwdtWvbo+Xb9Qw1JqyPlNit58WXWS4hzjPOn3csb+ergHsrd/Tw/p9qvPI/+8q1PHqag3gzvrV1fkXuAawxz9Q2/n3RWf1B7zW7RrAPZ2JoJP6Ax6GznT2//sKxWCySJExMiSkyDB6rIwZk2XKmSnTpPkypOZ0+d7BlJQYR7AXGGRGo0FWq0Fus0Eup0cul/usbjwxGCSTqT3QMFQCAvSdvtN3+t5b9H1o9R0AAAAAEN7MhnuaJJ0JgXT2u68M1H4AAAB649SpU/2+D7e7/aYWt8stj8cgtzs4a8xgNMholIxGowwGDZtgAH2n7/Sdvvui7wPb94yMjH7fBwAAAAAgfJi7LwIAADD8xcWRNQ8AAAAAAABg6CMADAAAIALAAAAAAAAAAIYH42A3AAAAAAAAAAAAAADQNwgAAwAAAAAAAAAAAMAwQQAYAAAAAAAAAAAAAIYJAsAAAAAAAAAAAAAAMEwQAAYAAAAAAAAAAACAYYIAMAAAAAAAAAAAAAAMEwSAAQAAAAAAAAAAAGCYIAAMAAAAAAAAAAAAAMMEAWAAAAAAAAAAAAAAGCbMg92Annr+1Xe1fXe+mlta+7TeJQvytHrFUsXGRPVpvQAAAAAAAAAAAAAw0MI+AFxZXa+Hn3lNZRU1/VL/5s/2qayiRj///q39Uj8AAAAAAAAAAAAADJSwDwA/9ex6b/A3NiZKuTkZGpeZes71NjQ2a+e+o2pssulYYYl27DmieedNPud6AQAAAAAAAAAAAGCwhHUA+NDRIp0oLpckpacl6Wffu7VPp2o+f9Zk/e7JVyRJpeXVfVYvAAAAAAAAAAAAAAwG42A3oCvHCku8j29etazP1+mNYd1fAAAAAAAAAAAAAMNIWAeA29rs3sepoxMGsSUAAAAAAAAAAAAAEP7CNgC8c+9RHTl+JgP4/c27VVPbMIgtAgAAAAAAAAAAAIDwFpZrANfUNujxv63z2/bexzt1tLBE/37fVzt935btB/T53iNqa3No/LgxWrZkjpIS4/q7uQAAAJIkW6tdDz/zmi6cP0NLFuSFLFNcUqHH/rpOd92+QuPHpQ9wC/vfzr1Hg8Zxgb5zxyrNnTVpgFrUf2rqGvX7J1/Rbasv19SJWX6vVVTV6aGnX9PtN10R8rVH/7xGX791+VmdA089u0GSdNft15594/tQT4+5JL3z0ee651s3KCrSOhBNGzRPPbtB23fnB22fOD6z0/6v37hVm7ft17/+4MtKTIgdiGb2GY9HOnysSK+9/rGKSsrl8UhJiXFatmSOli0+T1arpds6WmytWr/xUy2YO005WWkD0Opzd7K0Ui+v+1BHjp+U0+lSQlyM5s2eouuuWqyoyIjBbh4AAAAAYAQLywBwdHSkEuNjVdfQ5Lc9Jir0P6IdTqcefvqfOnysyLstv6BY723epe9/43pNn5zdr+0FAADwtWnLHs2eOVGxMVF+2z0e6cNP96q5pXWQWtb/5s6apKcf/LH3ebgFK/vSqIQ4jctM1d6DBUFB3mOFJaqsrgv5WvGpCkVHR2pMavJANrff9PSY79x7dEDbNdhWLV+slVcu6nH5yy86XxctmqW4mOh+bFX/2LnviJ5/9V196eolmjf7JplNRp0qr9aaNzeruKRC3/jy1TIaDV3WYbc7tXPfUU0anzkkAsAnisv0xz+v0UULZ+lbt61QVJRVVdX1emvTdj3ypzX6wTe/NOxvdAAAAAAAhK+wDABHRlj1y5/dob/9Y6P3QtG3brtGC+ZOC1n+H+s+9Av+dnA4nHr6udf121/cqYiIEHedezw+Dz3Br/eDjsygY4UlQa+ZzSalJidqwfnTtOzC2UF3jTscTm38YIfKq2o1N2+SZs+cOCBtBgAAvXOqrEq79x8LygI+WVqp3fuPyWDoOhCCocFgaA9+vvHeNjW3tComOlKS5HK5tedAgaZPztaxwhK/1zye9kDo9MnZBIfgJyrSOiTPCY9H2r4rXwvPn66lC2d5t2ePTdP3vnG9nE5Xt8HfoWjPgQLlZI3RissXymRqX1lpTGqS7rh5uWytrUPyWAIAAAAAho+wDABLUnRUpEYlnJm+eUJ259Pjbdl+QJKUEB+j+759ozLHjNaTf1+vHXuOqKnZpt0HjoUMHhuMZ5ZAHowLsVNys5Q06kwfq2sadOJkuf75xma9+9FOffMrV2vGlBzv606XW/vzT+hYYYlSkhMHLQC8fuNWrXt7i+bPnjIss3kAADhXF8yZqs3b9vtlAXs80odb92jW9FwdP3HKr/yhI1/ohTXvq6yiVjHRkbri4vN15SXzZDaZVFffpD889aouv/h8fbhlj744Wa642CjdfuMVQ/ZmsPUbt6q0vNpvHBGYNVrX0KT/ffU97TtcKEm68IKZuvHaixQZEV5BlfHj0uV0OHWqrEqTJoyVJFXXNqiypl43rbxYr2z4SMWnKr1ZwLX1jSopq9LlF82VJLW22fXqho+0ZcdBOZ1OzZqeq9tWX6bE+PYpgJuabXrulXe152CBjEajll8yT06XW2aTMXSDwpzH49Gnnx/Uhne2qrHJpgnZ6brrqyuUNCree6PkFRed750ivK6+Sb955AXdsuqSYTFteIf1G7eq+FSlcrLS9M6Hn+vSJXOUOWb0kJwi2+12y+lyKSLENM9mk0lmk0mSZGtt03sf79KHW/eorr5J8XHRunHlxVo4d7p27TszjXjH73CfKr7N7pDZZJLR6P+3aDC0/1tWkvf7+45brvRO915YVKon/rZed9+xUmNSk/XwM69p3nmTdfhYsfYeLFCE1aJVyxfrsqXni3uFAAAAAABnK2wDwD3V1GyT3e6QJOVNm6DMMaMlScuWzNGOPUckSbV1jSHfa/L5x/pAZQD7unTJnKCLGna7Q29/sENvvPeZnnn+DX3/G9crNydDUntWwM+/f+uAtxMAAPTOjCk5stna/LKAT5ZW6uSpSt147UV+AeATxWX60wtv6prLFmjpwjyVlFbrqWfXS5KuuWyBJMnucOqdD3fojpuXKysjRe9t3qWX1n6gcWPTlJQYF9yAIc7Watefnn9D2WPT9OD935Hb7dZzr7yrVzZ8pNtuuDysgiKjEuI0NiNFew8VegPAxwpLFB8brYk5GcoZm+Y3DXRhUamiIiM0JjVZLpdbL67ZpNZWu379r99URIRFGzZu1d9eelvfuWOVTCaTXlq7SXUNTfrlT7+u+Lhovf7Op9p7sEBz88I3MNaV4lOVSh4Vr//40ddkMhn19HOv69XXP9a3blsx2E0bcHsPFshkNOhn37tVCfHROny0eLCbdFZMJqPmzJyol9Zuktvt0aVL5ighPiaoXFNzq9xut37ynZuVnBSv/GPFev7V9zQuI1VzZ03SA//x7SEV7J81PVdP/G2d/vaPt7Xi8gUanZR41t9N7328UzetvFh3fXWFdu8/pn+s+1C5ORnDcp14AAAAAMDACNvUgfUbt/qtE/bM829o/+ETQeV819Y7mH9C9Y3NkqRPtu33bo+PC74AIUlm85nuB965PVisVouuvWKRVly+UM0trXplw0eytdoHu1kAAKAXzCaTLl06R1t2HFRTs82b/TtjSo5GJyX4lf34032akpulZRfOkcVsVk5WmlZfe5E+/fygGptaJLVn2K1avlgTstNlsZh1wewpslhMnd7kNtQVnChRm92hqy9boOioCMXGROmGFUt08lSlGk6P9cKFwdCe8X30+Em12Nq80z/nTRsvi8WsOXkTvdNAB07/XFZRoxNFZbphxRIlxMcoMsKqqy9bIIfDpdKKGpVV1KiwqEy33XCZUkcnKjLCqmsuXzikg0JxMVFafe1FSoiPUWxMlJZcMFNVNfVqbWsb7Kb1uXVvb9GdP37Q72f9xq3e17MyUnT7TVcqPS3JmzE6VC2eP1Pf+fp12p9/Qj/9ryf1k/uf0F9efEunyqq9ZVKSE7Rq+WKlpYyS2WTShOwMJcTHqLyydhBbfvamTszST757s2pqG/R/f/tn3fvvf9Rjf12nY4Ul6u29xYvmzdCcvEmyWMyaOW28kkbFqaq6vn8aDgAAAAAYEcIyA7iyuk7r3t7it+34F6V6ae0mzZz6L0HlF8+foS3bD6imrlE/uf8Jv9csZrNmz8wNuZ9BSPrtEYNBWrogT59+flDFJRU6earCm1Hy1LMbtH13vt+UaB3b7vzqCtXVN+mdjz5XW5tdP7xztXJzMmRrbdPat7bos52H1NRsk9Vq0fl5k3TDtUu90wt2CCxrNpuUlZGqL12zRC0trXri7+u9Zbfvztf23fmS/Kdoq65t0No3P9GegwVqsbXJarVo0vhM3bjyIo1NT/G+v7CoVL9/8lVlpo/Wzasu1po3P9GR4yd13vRcXbz4PD365zVKTIjVT797S1AWwdHjJ/XQ068pPS1J9337JkVH+a+XDADAYJs4PlOx0ZHavf+YsrPG6OSpSl192wV+ZdraHCqrqNHUSeP8MseSEuNktztVU9eohLj2wKBvpq/RaFSb3an6hvAKhvaVopIKFRaV6d5/f9Rve0J8jNrsdkmhb+4bLDlZY+RyuVVeWaOY6CjV1DUob9p4Se1TRBuNRhWfqlTq6ES/6Z8rq+t0qrxav/jNn/3qs1jMsrXa1dLSKofTpbjYaO9rUZFWjUrwH78NJaMS4xQVeWbcZjKZVNfQrLY2hyLCbHrvc7X8knm6/KLz/bb59jElOXHYjGENBmnapHH69/u+KofDqcLiMm36ZLd+9dDzuvW6S7R04SzZ7Q59+OleffLZftXWN6rF1h70vyLgMxpKxqan6Ed33ySny6XS8hp98Mlu/eHpV7Vs8WzdsOKiHtfTMYtVO4OMRqPKhmhgHAAAAAAQHsIyAJySnKjssWn64mS53/ZQ69y1tTm6zJCNjLSqqKRCUyeOC3rN90Kr0RhGcwmqPbN5TGqSyitrVVRyJgDclX++sVlVNfWKjopQVGSEbK1tarG16dE/r9HR0+sGz5iSo+raBn2265COF5XqR9++UUmj4iVJldX1+sNTr6iiqk6JCbGaP3uKnE6XDh8r0uN/XatbrlumRfOm62RplYpLKpScFK/Jp9vVUcfxL0r1xz+vUVOzTRljknXejFxVVtfr0NEv9JuHX9DXb75S8+dM9Wt3eWWNfv/kK2qzOxQfGyO3x6OxY0Zr/Lh05RcU60D+CS2eP8Nb3uORtu44KLvDqWUXzhk2F84AAMOL2WTSFRefr9fe2Kx9hws1N2+SkpPiVVffNNhNC3sul1sTx2fqX269SlbLmeGqwWBQTEz4ZUrGx8UoKyNF+w+fUPKoeCUmxCl5VHumd0x0pCZkp+tA/gk1t6R5p3+WJLfbo9FJ8frOHav8grwd7zuQf0LhNUJFb0REWJU4hIP1Z8tiMWvyhLGaPGGsNn6wQ1t2HNS82VO1Zft+vfvh57rx2os0acJYtbbZ9af/fXOwm9snzCbT6YzuKzRr+gS9tPYDXbZ07mA3CwAAAAAwgoVlAFiS/u99X9WLazbpvY93SpJ+/W/fVEpyol8Zu92hB5/4hwqLyrzbLBazEuNjVHl6yqzGphY9+PjL+vn3b9XE8Zmd7i9cpoDuYDIZvRc8O+6O705rm10/+OaXlDdtggyG9kDp86+9qyPHT2rF5Qu0avmF3kD3tl2H9ZcX39KmLXu0esVSOV0u/WPdB6qoqtOiedP1tZuvlNlkktT+OR87cUqTc8fqwgtmav3GrSouqdCEcen6xpev9u7fbndo3dtb1NRs06rli7Xi8oXeIHvH/ta/s1WTJ2YpwWda7sYmm86fNVl33HKlX0bIonnTlV9QrD0HCrRg7jSZTO3HqLK6TvsPn1Dq6PaANgAA4WpCdoZGJ8WrsKhMX/nSZUGvR0RYNCY1SbV1jfJ4ztycVlPXKKvVrKTEOLlc7gFu9cBwuz3ePtvtDjU22RQX2760x/hxY7Rl+wFJGhIBNINBOm9Grt7atL19iu45U73jFql9rdC1b32iispa7/TPkpSWMkput0etbXZlZaYG1ZuSnCij0aja+kbv52Brtau2vmlIZwF3x+VyeR83NrXIbncMYmvQE06nSyaTKWgN3OjoMzdsFJw4pdycDO/NoPUNzbK1nvl3jsFgkDGcFvjuhtPlktFgDLqROCLC6vf37/F45HafmXqqobFFdodzwNoJAAAAABiZwivq2UtvbdruDf6mpYzSvXet1mO//aF+/W/f0gP/+W2/TNOnn3s96P2+U0APnUsNnbt0yRzNmj7Be+GlqblF+ceKlRAfo8XzZ/hdnMibNl7jMlN1/MQptbU5VF5Rq4ITJUqIj9G1Vyz0Bn+l9nWJp0/O9tsWSunpdepSRydq6YI8vwtAs2fkamJOpsoqalX4Ranf+5JHxevm6y7xC/5K0owpOUodnagjx0/qVFmVd/u+Q8dVW9+oOXmTgqaGBgAgnJhMRn3tpiv1bz/8Sqf/zVq6ME97Dx3Xpk92yeF06kRxuV7d8JEWnj89KCt0uBiXmapjhSXKLyhWm92h9zbvUllFjff13JxMJY+K12uvf6z6hmY5HE7tOVCgv730dtgGA3Oyxqip2aay8hpNnuB/02FWRorsDqeOFpZo9owzS5OMSU3S1Enj9OrrH6usokYOp1OFRWV66tkNqm9o1pjUJE3OHauX1rbfpNfaZtcb736qwqLSwN0PC5ERVqWnAr8IAwAAIABJREFUJmnTlj2qb2xWbX2jXn/3MzmcBMvCma3Vrt89+Yqeem6DvjhZLofD6f2b3bBxq/KmjVdUpFWTJ4zVieIyFZ0sV1OzTS+ued97064kRUdFKD0tSdv35Ku1zR7WN7+43R799cW39bsnXtbhY0WytdrldLlUWFSmF9e8r9ycDMXFRis6KkLxcTHa9Mlu2VrtOlVWrY0f7JBhCAW6AQAAAABDU9hmAPdER3ZwRIRFP7r7Jr+18RLjY3XXV1eorc2uvQePq6auUZ/tPKQFc6d5y/j+w9toCq9YuMvl9t4Z3tMpjv3XjmrPHmpobFGLrTVobbkOo5MS1NpmV2V1nZqaW09frDi7oGptXaNsrW3KGJMsq9Xi95rValFcbJQ8Ho+KT1X6TecduBZch4T4GM3Jm6S33t+mbbvzlZWZKrvdod37CxQbE6ULZk85q3YCADCQLBazLJbOh1w5WWP0zS9frRfWvK8X12xSTHSkrrj4fF15ybwBbOXAmjE1RxfMmaqHnn5VknTxovO0aN50VdW0B4OiIq361lev0SvrP9L/+dXTcrncGpM6Srdct0wWi6WrqgdNfFyMJo3PVENTi3f65w4x0ZGakjtWxSWVSksZ5d1uMhl16/XLtPatLfr1Q8/L1mpXYkKsvnT1EsXFRstoNOjmVZfopbWb9J8P/FUWs0lXXXqBZk3PDdz9sGAwSNdesVBPPfe6fvrLJxUXG6XVKy5SXQPTpoezqEirfvDN67X2rS165Jl/qr6xWQaDQSnJibr+6iW64PRNuUsW5qmiqk6/eeQFWcwmXXHxPNX6TIlvsZh148qL9ZcX3tI9v/ijVl65SCuvXDRY3eqS0WjQ1266Qpu27NFfX3xbNXWN8ng8SkyI1eUXna9li8+TyWSUyWTU6msv0jPPv657fvGI0lJG6fqrl2jDxq2D3QUAAAAAwDBn8Hh882DDxwOPvqQjx0/6bVt55SKtWr5YknSiuEy/+sPzkqToqEhlZaRIkuJiozQqMU4nT1XK7faoqdmmktPZo0sXztLXbrrCW19FVa03MHrr9csGZJ0mW6tdDz/zmo4Vlug7d6zS3FmTQparb2jWA4+9pLr6Jv3wzhu8awA/9ewGbd+d7/feUNskqbCoVL9/8lW53W7NnDpeVmvwxeeY6CitvHKhDh8t1uN/W6eJ4zN1z7du8E5NGMr6jVu17u0tmj97iu66/Vrv9p17j3ZZR0c7Vy1frJVXLvK2LzN9dKf7LC6p0O+efEWxMVH62fduUVlFjR56+jXNmJKju26/1m96NWCks7X0LkOqoqJcBoPB+yOpy8fyfSzJoE7Kyf8Gm662BT7uyfPutneGbJvBExU9pO83AwAAA6S341mgvzGOBQAAPcE4FuEoLEeyZRU1QcFfSfps52FvALimrtG7vcXWqvyC4m7rbW62+T33mwI6jAIDHo/08Wf7VFFVpym5Wcoem3ZW9SQlxismOlJtdrtWXrlImemjOy2bnBSv6KhIVVbXqbGpucsAcGdB1446OtZq862jY20/g8HgDdb3RMaY0Zo8Yaz2HCzQ8S9KtedAgZwulxbPn0HwFwAAAAAAAAAAAAgQlhG05FHxumrZfI1KODOl84TsdN3uk707ftwYxcZE9areKROz/J77xnxN3axvO1Dsdoc2vLNVr7/7qWKiI3X91RcGTafcU/FxMZoxNUeNTTa9/cF2OV0uv9dPlVWroqpWkpSemqTx48aovqFZG9751K+s3e7Q4WPF3nW4MtKSZTAYVF5VpyafoHpHHRVVdfr4s31+AfbdBwp07ESJxqSO0vjs9B73wWQyavH8GZKkf76xWXsOFigrI8WbEQ0AAAAAAAAAAADgjLDMALZYzFp97UWyO5x6f/MuSdK3brtGKcmJ3jKjEuL0+//6rt/7HE6nqqob1Npm1+ikeMXFRne5H5PxTNDX43b3YQ965v3Nu7T7wDHv8+qaBp04WS673aG42Gh98ytXKzcn46zrNxikay69QIVflGrrjoM6kH9CU3KzZDQaVVhUpsrqOi2aN1133LxcVqtFq5YvVlFJhbbuOKhDR4s0aXymnE6XDh8rksFg1I/uvlHZY9M0PjtdY1JHqehkuX790POakJ2heedN1uyZE711rHt7i3bsyde4zFRVVtfr+BenZDabtfKKRUqI690aw5MmjFVWRopOFJdLkpZfMr/H6yIDAAAAAAAAAAAAI0lYBoDPlsVsVnpaUo/LJyfFa9XyxWpoatGk3IHPKA2cttpsNik1OVELzp+mZRfOVlTkuQc5k0bF6yffvVnvfbxLmz/bpx17jrRvT4zTquWLddnSOTIa21OhJ2Sn6xf33qa1b36iPQcLtH13vsxmk7IyUvWla5ZoXGb7VNQJcTH64Z2r9dKaTdp3uFCf7TyktJRRmj1zYlAdJaVVslotmjYpWzeuvEhj03s+/XOH6KgIzZ89VSeKyzUqIU6zZ048588FAAAAAAAAAAAAGI4MHo/vRL3ho7GpRc+9+q527j0qqT0DeMHcaSHLPvDYSzpSELxmsK//84Mvn1M2LQbXxg926OX1H2rpgjzdftOVCqMlm4GwYWtx9qp8RUW5DAaD90dSl4/l+1iSQZ2Uk/+66l1tC3zck+fdbe9MOK31PtJERQ+r+80AAEA/6e14FuhvjGMBAEBPMI5FOArLNYBbbG36v7/9izf4K0nPPP+G/vjnNSHLdxf8laTDx4q7LYPw1GJr0/bdhxVhtWjRvOkEfwEAAAAAAAAAAIBOhOWtjDZbm1psrUHba+saQ5ZfeeWiLoPARpNRi84PnT2M8Hf0+EkVn6rUedNzNSGbLG4AAAAAAAAAAACgM2EZAE5Oitd3v75Kb23aruNflEqSLls6VxcvOi9k+VXLF5/1vnbvP6byqjotv2TeWdeB/mO3O7Tpk92SpMXzZ8hkCsukdQAAAAAAAAAAACAshGUAWJLm5E1SwRel3gDwpUvmKHV0Yp/uo66hSY/+Za0kySDpSoLAYcdqtejeu1YPdjMAAAAAAAAAAACAISGs0ykjrBbv48rquj6vv8XW5n3c3BI85TQAAAAAAAAAAAAADCVhHQCemHNmvdcX12xSU7OtT+uvqqn3PjYaDX1aNwAAAAAAAAAAAAAMtLCdAlqSpk3OVk5Wmk4Ul6usokb/+cBflZ6a3OV7oqIilJGWrLqGJtXUNsrj8XRatryq1vs4J2tMn7UbAAAAAAAAAAAAAAZDWAeAJemu26/Vg4+/rOraBjU0tqihsaXb9+zef6xX+5gxJUfnzcg92yYCAAAAAAAAAAAAQFgI6ymgJSklOVH/8ePbdfHi8xQVGdHn9V+6ZI6++/VVfV4vAAAAAAAAAAAAAAw0g6erOZIBAEOGrcXZq/IVFeUyGAzeH0ldPpbvY0kGdVLO53d32wIf9+R5d9s709vy6DtR0WE/4QgAAAgDvR3PAv2NcSwAAOgJxrEIR2GfAQwAAAAAAAAAAAAA6BkCwAAAAAAAAAAAAAAwTBAABgAAAAAAAAAAAIBhggAwAADoVx7PYLcAAACEO8YLCEeclwAAoDuMFxCuCAADAIB+5WEkDAAAusF4AeGI8xIAAHSH8QLCFQFgAADQrxgHAwCA7jBeQDjivAQAAN1hvIBwRQAYAAD0K4+bkTAAAOga4wWEI85LAADQHcYLCFcEgAEAQL9yMxAGAADdYLyAcMR5CQAAusN4AeGKADAAAOhXDIQBAEB3GC8gHHFeAgCA7jBeQLgiAAwAAPqVx8NgGAAAdM7t9rB2GsIS41gAANAVxrEIZwSAAQBAv3O5GA0DAIDQGCcgnHF+AgCAzjBOQDgjAAwAAPqdy+ke7CYAAIAwxTgB4YzzEwAAdIZxAsIZAWAAANDvPB7uigQAAMFcLqbNQ3hjHAsAAEJhHItwRwAYAAAMCCd3RQIAgACMDzAUcJ4CAIBAjA8Q7ggAAwCAAeF2ecieAAAAXi6XR27GBhgCGMcCAABfjGMxFBAABgAAA8bp4O5IAADQjnEBhhLOVwAA0IFxAYYCAsAAAGDAuN0epsgBAAByOt1yu8mawNDBOBYAAEiMYzF0EAAGAAADymF3y+NhoAwAwEjl8XjksBNIw9DDOBYAgJGNcSyGEgLAAABgwDFYBgBg5GIcgKGM8xcAgJGLcQCGEgLAAABgwLlcHjlYLwUAgBHH4XDL5SKDEkMX41gAAEYmxrEYaggAAwCAQeF0uFlHDQCAEcTpdMtJ4AzDAONYAABGFsaxGIoIAAMAgEHjsHPxDACAkcDpdDNlHoYVxrEAAIwMjGMxVBEABgAAg4qLZwAADG9cNMNwxTgWAIDhjXEshjLzYDegL+zYc0Qb3tmqktIq77bM9NG6/qoLNXvmxEFsGQAA6AmH3S2PR7JYuDcNAIDhxOFgujwMb4xjAQAYnhjHYqgb8qPTvQeP68m/r/cL/kpSSWmVHv3LWu07VDhILQMAAL3hdLhlb3PJ4/EMdlMAAMA58ng8sre5uGiGEYFxLAAAwwfjWAwXQz4A/OqGj7yPc7LGaOWVi5STlebd9trrHw9GswAAwFlwuTxqtbmYSg8AgCHM6XSr1eaSy0UwDCMH41gAAIY+xrEYTobEFNC2Vrs2frBdR4+XSJKyMlN1wzVLJIN0qrxakjQlN0s/+e7NkqRVyxfrgcde0pGCkzpZWilJarG1ad3bW3TyVPvzCdnpuvaKhbJaLYPQIwAA0BWH3S2X0yOzxSiTyTDYzQEAAD3gcnnkdLjldnPBDCMX41gAAIYexrEYjsI+AFxd06A/PP2qyipqvNvyC4q192CBvnTNUu+2zPTRfu/LSEvWkYKTkqTtuw7rzfe3qfh08Lejjp37jureu1ZrdFJCP/cCAAD0ltvdPuWO0WSQ2cwFNAAAwpXL5ZHT6ZabTAlAEuNYAACGCsaxGM7Cegpoh8OpBx5/yS/426Giqk5P/n2993nyqHi/15N9grpPPfe6X/C3Q3llrR7/6zo5HM4+bDUAAOhLblf7BbRWm1MO7sYEACAsuN0eORxutdqcsre5uGgGhMA4FgCA8MM4FiNFWGcAv/n+NlXXNEiSUkcn6t67Vsvj8eh3T7yi6toGb7mMtGQtXZjn996lC/L0ybb9fsHjaZPG6e47VsrlcuuBx15SaXmNikoq9Pp7n+n6qy4cmE4BAICz4vFITodbTodkMEhGo0FGo0EGo0EGg2QwtP8GAAB9x+ORPB5P+2+3R+7TPx6ukwE9xjgWAICBxzgWI53B4wnf0/2BR1/SkePt0zj/7pffUVxstKT2NYE/+/ygGppaFBMdqcXzZygqMiLo/S22Nm3beUgNTS2Kj43WwnnTFRlhlSTV1Dbo5//9tCRpcu5Y/fS7twxQrwCgf9haejebQUVF+ekLDe0/krp8LN/HkgzqpJzP7+62BT7uyfPutnemt+UBAAAAAAAAABiKwjoD2O0Tm/a9cB8VadUlF84OKp9fUCxJirBalZOVpuioiJDlJCkqKvLMk7ANgQMAAAAAAAAAAABAz4V1AHhK7lgdKyyRJD34+Mv6tx9+RRZLcJNf2fCR3t60PcT7s3TdVYs1acJYv+0Oh1O/fuh57/OccWP6uOWds7Xa9fAzr6mktEr3fXu1xo9L77J8fUOzHnjsJTmcLv3rD76sxITYXu2vsrrO+9ksXzZfKcmJZ912AAAAAAAAAAAAAOHNONgN6MplS89XUmKcJOlkaaU+2X4gZLmtO0Jvzy8o1v88+pL+9o+Nftu3bD/gXRs4NiZKVy27oA9b3TO21ja99f52uVzuLst99OlelVfWnvV+mppt2rYrX9t25aup2XbW9Tz17Abd+eMHtX7j1rOuAwAAAAAAAAAAAED/CusAcFxslO64Zbn3eV19Y8hy116xyO95QlyMxqaneJ9v/myf/vDUq97nZT4B1W9/baXiYqP6qsm9ciD/hI4Wnuz09bKKGn20de857WP8uHQ9/Kvv6+Fffb/bbGMAAAAAAAAAAAAAQ1tYTgG9/3ChXlr7gTdLt0NifOjpj5ddOFsttjateXOzJKm+sVnXXL5AMdGRemntJjU22XQg/4Q+/myfli7IU/KoOO97H3z8H5Kk9LQk3bTyEuVNG99PvQrWZnforfe3a8K4dFmtFr/XPJ72wHVdQ9OAtQcAAAAAAAAAAADA0BZ2AeDDx4r10NOvBW1PjI/V4vkzJEn/WPuB3vnoc82fM1V3fXWFJGnF5QvU2mbXW+9vkyS98M/39e/3fVX3fGu1fvWH5yRJr7/7qZYuyNPShbP09gc7VFd/JrhaWl6jh595TT+88wbNnNr/QeCE+BiNSUnS4WNF2nOgQPPnTPV7/WRppbbsOKjcnAzZHU41t7T6vW63O7R9d742fbJbJWVVcjpdslotmnfeZN208mLFxrRnNdfVN+k3j7wgSd41hH23ff8b1+vdjz7Xjj1HZLc7lJgQqxtWLNXCudNlMEjrN27Vure3ePe77u0tWvf2FkVFRnjXMPZ4pMPHivTa6x+rqKRcHo+Ukpyo665arPmzp8pgaH9vYVGpfv/kq8pMH60vf+lS/fONj3X4WLFcLrfGpI7Sl6+/VNMmZ3v35XZ7tOfAMb2/ebeOF5XKbnfIbDZp6sQsfeWGy/zWM+5o56rli5WVkaKX13+kyuo6mUxG5U0dr6+svizoBgJba5vWvrVFn+08pKZmm8xmk7IyUvWla5Zo6sRxMhjU474BAAAAAAAAAAAA4cB0//333z/YjfD12F/WqqGxRZI0ITtdSxbkaUpulv7l1qsUFRUhSfrD0+3TOZ8qq1JpebXmnTdFkjR9crZKyqpUWt6eOTx/zhRNHJ+p8spalZRVyWZr04UXzFRcbLQWz5uh0aPilZM1Rk6nS7Wng8Gnyqt18aLz+q1/TqdLn+08pDa7Qzdcs1QH8k+osrpe58+aLIvZJElyudx69fWPVFJapZtWXaIvistla7Vr6YI8RUZaJUnr3/lUL6/7UPJIUydmKXtsmmy2VuUfK9bJU5WamzdJJpNJrW12bd62X5K87+/YZrO1ae/BAtXUNmj65GxFRUaorKJGew8eV3pakjLSkmWztclsNsnW2iabrU1ZmamaMSVb4zJTNX1ytmKiI7V992E9+ff1ampp1dSJ45Q9NlXllTX69PNDMpuNmjRhrKT2YPSnnx+S3e7QZzsPye32aPrkbLk9HpWW12jfoUJNnZilxIT2QO22XYf11HOvq8XWqonjM5WbkyGXy63jX5Tq4JETmjtrsiIj2j+PIwUnlV9QrMamFm3dcUBZGSnKHpumhsZmfXGyXEUnKzQnb5L3M66srtf/PPqi9h8uVHR0pPKmjVdKUoJOFJdpx+58TcnNUlJiXI/7BoQDp6PrNcUDNTc3y2AweH8kdflYvo8lGdRJOZ/f3W0LfNyT591t70xvywMAAAAAAAAAMBSFXQZw8alKSdKkCWP1s+/dEvR6R3C3w449R+T48xp9/xvXS5Jstjbva9ljx0iSUpITvNtaWlqVPCpesTFRuuTC2ZKkVcsX6//944s6VliiiqpaDZTM9NFaPG+6Nn74uT7fk68lC/IkSUUl5dpz4Ljm5E3U5AljtfGDHUHvvWhBni6YM1XpqcneLFS73aFH/rRGR46f1PGiMk2dmNXl/m2tbZo9M1dfu/lKmU0meTzS+o1btH7jVm3fla+5eZM1e+ZEzZ45UU89u0HVNQ2aM3OiVl55Zs3l4lOVenHNJiXGx+qHd96gMalJkqQWW5se/fMaffDJHs07b4pSR5/J1q1vbNaq5Yu14vKFMhgkp8ulv7zwlrbtOqw9BwqUk9V+3PKmTdC/3vMVZY9Nk9HY3kmPR3r25Y36+LN92neoUEsumOnXp4amFv3wztXKzcmQJFVW1+l3T7yiopJynSqrUm5Ohpwul/6x7gNVVNVp0bzp3v53fIbHTpxSdlbaWfUNAAAAAAAAAAAAGEzGwW5AZ9JSRoXc7vYEZ7jtOVCgXz/0vH77yAs6dLRIkpSTlaao09myFVV13rIx0ZEh6+0I7rW1Oc6p3b1hNBi07MI5Gp2UoI0f7lB9Y7OcLpfeeG+bzGaTrrxkvpxOl99U1R2SRsUrIy3Zbwpiq9WiuNgoORxOtQRMGR1KXGyUll8y3xv8NBikyblZsljMqm9sVmubvds6jpzOup2TN9H7GUpSdFSELll8nuoamnSqrMrvPWkpo3TxolnetptNJu/Uz+WVtX51jB83xhv87WjjqMT2NZxr6xqD2jM3b5I3+CtJSYnxykwfLVurXfUNze37qKhVwYkSJcTH6NorFnr7L7V/htMnZ8tsMp1V3wAAAAAAAAAAAIDBFHYZwB0qKkNn4kadnvJXkjLGJKuyql4Op1OFRWV+5abktme/Vtc0aPf+AknS6KQEJY2KD1lv5ekgcUSE5Zzb3hvJSfG6bOkcvbT2A332+SGlpyVr/+FCXbZkjsamp6i+oUlujyfofa1tdm36ZLc++/yQausb1eKT+dxTFoslKCAeYTX7BUS7c6K4/XN/58PP9c6Hn4csc6q8WrNnTvQ+j42Jktnsf+pFR0YEvc/pcmnbzsPa9MkuVdU0qKnZ1m17OqaP7mAyGWW1+O+rsrpOTc2tys3JUFxsTKd1nU3fAAAAAAAAAAAAgMEUdgHgcWPTVHSyXEeOn9TvnnhZkyaMVXRUhJZckKeICIuSRsUrLjZKjU02Nbe06jtfX6Unn13vzdydkpulqZPG6ZLF7ev45hcUy+F0SpIam1tUXFKhrMxU7/7qG5r195c3Kr+gWJKU7pPpOVAWzJ2mLTsO6p0PP1dkpFWjEuK07MI56my5SrvdoSf+tl4H8k/IbDYpc8xoZYxJliQdOX5S1TUNA9Z2l6s9IzsrM1Vj00eHLJORltzrej0e6cU1m/Thlj0yGg1KSxmlGVNyZDQadLK0SsUlFWfdZrfbI0+IoHqg/uobAAAAAAAAAAAA0F/CLgB808qL9ODjL0uSDh0t8k7p/P7mXfrPH39NVqtF503P1eZt+1Xf0Kzqmnr998+/oYrqOk2eMDaovjl5E7XpkzE6UVymtjaHHn7mn/rFfbcpMb49U/S9j3dq78Hj3vLXXbVkAHopuVwu2R3tQevYmChddck8/emFN1Xf2KxbrrtEyUmhM5Ulqa6hSSdLKxUfF62ffvcW7/TEHo/05N/X90sA2GQKPVv42IwUbd+dr/FZY3T7TVf02f5abK0q/KJUFotZ3/uX6zRjSo73tbVvfXJOAeDkpHhFR0WqsrpOjU3N3qnCA/VX3wAAAAAAAAAAAID+EnZrAE+dOE4/vPMGb0Zrh4qqOm3etl+SdPnF53u3P//aeyosKvUL/tbVN+ntTdtVW9+oqMgI3fft1d51YesamvTg4y97g6TzZk9RbEyU0tOSdO9dqzVzao4Ggt3uVLPPOr1zZk3SBbOnauL4TM2bPaXL90ZYrbKYg2P3x7845c1k7mvppzNdi0oq5HS5vNvzpk1QXGy0du47qoITp/zeY7c7dPhYsTeTtjfMJpMiI4IDs5XV9dq263Cv6/OVnpqk8ePGqL6hWRve+dSvP75t7q++AQAAAAAAAAAAAP0l7DKAJWnm1PGaOXW8JGnvoeN65Jl/SmqfrlmSMseM1tWXXqA3398mSXrsr+s0JTdLUyZmqayiRnsOFKjN7tAHW/boe9+4TmPTU3TfXTfqwSdeVmFRqcoqavTbP76gu7+2Urk5Gfr9f313cDrqw2wy6RtfubpHZePjYjRjao4+3LJHv33kBU2fnC1ba5sKi8o6zdQ9V3nTJujdj3Zqz4EC/ffvn9O4zFRdumSussem6apl8/XPNzfrfx59UROyM5SSnKDGJpuOHD8ps8mkH919o7LHpvVqfxERFs2dNUlHC0v02F/XadqkcTIaDMovKFZUVPB6wb1htVq0avliFZVUaOuOgzp0tEiTxmfK6XTp8LEiGQxG/ejuGzUus3/6BgAAAAAAAAAAAPSXsMsA9tXUbNPat7Z4n49KiPU+vmHFUi1dOMv7PL+gWOve3qJtuw6rzd4+tXJVTb0efPxllVXUKCLCovu+vVo5We3Burr6Jv3xz2t0qqx6gHrTdwwG6eaVF+v6qy6UwWDQ9t35Kq+s1ddvWa7JuVn9ss+sjBT96O4bNSE7XaXl1dq646BqahtkMEhXXDxPP777Jk2blO0Nqh45flKTxmfqB9+8XuMyzy5AuuzCOfr6LcsVHRWhPQcKVPDFKV131YVaPG/GOfdnQna6fnHvbVp0/nTZ7Q5t352vfYcLNSY1WXffsVLjMtP6tW8AAAAAAAAAAABAfzB4PB7PYDeiM2ve3KzX3/1MkpSbk6Eff+emoKmPd+0/prVvfqKSsirvtnGZqbJYzN5pe5NGxevf7vmKEuJj1GJr0++eeFlfnCyXJEVGWPWLe2/zrqMLAEOVrcXZq/KVle1raRsMBhkMhm4fy/exJIM6Kefzu7ttgY978ry77Z3pbXkAAAAAAAAAAIaisA4A/3+P/cO7pu3vfvldxcVGdVm+rKLGG8htszv0m4f/VyWl7YHhuNho/es9X1FKcoJa2+x66OnXdKywRJI0JjVJ93zrBqUkJ/RjbwCgfw1kALgj+BuynAgAAwAAAAAAAAAwWMJ6CmiPzsSmfePUDodT72/epfUbt+rDLXvkcLQHPXyzeCOsFv3se7do/Lh0SVJjU4v+8NSrqqyuV2SEVfd860sam54iqT1w/NDTr3rXGAYA9AxBVQAAAAAAAAAAwovp/vvvv3+wG9GZmtpGbwbw/kOFOm9GriSDfvXQc9q646DyC4q199Bxfb73qBbMnSarxX96aIvFrPlzpmjvweNqbGpRc0urdu49qkXzpismOlJz8yZp9/4CNbe0qrmlVZ/uPKj5s6cqKjJiEHoLAOfG6XD3qnxLS/tNL6GyfkNm9IbIAO4s85cMYAAAAAAAAADydCM6AAAeaklEQVQABkdYB4DHZ43R3oPH1dDUosZmm9796HO9+f42NTXb/Mo1NdsUHx+j3OyMoDrMZpPm5E3SkYJi1TU0q7XNrv2HC7Xw/PYg8AVzpqrgi1OqqWtUm92hmtoGzZ89ZaC6CAB9hgBw1wgAAwAAAAAAAABGgrCeAtpqtejnP7hVyaPig16bkJ2uu+9Y6X1eWVXn93qb3aG3Nm1XeWWtEuJidN+3b1J6WvsU0SWlVfrtwy+ooqpOcbFRuvfO1Rqd1L7+777Dhf3YIwAAAAAAAAAAAADoP2EdAJakyAirfvnTr+uayxZoSm6WpuRm6YqLz9e9d63WzKnjveXKKmv93vfUsxv06oaP9Mif/ilJio6K0I/u9gkCl1Xpt4/8ryqr6xURYVFSYpwkedcTBgAAAAAAAAAAAIChxuDxeDyD3Yhz8f/87lkVlVRIkiaOz1RKcoIqqupUcOKUJGlseor+8ydf83vPQ0+/pv2nM30T4mI0KjFOJ4rLJEmZ6aN1/0/uGMAeAEDfsLX07gaWysr2706mgAYAAAAAAAAAYPgY8gHgfYcK9fAzr4V8LSLCoru/ttIvU1iS7HaHfv/UqzpWWBL0nh9/5yZNnTiuX9oKAP2JAHDXCAAPLwaDZDQaZDQaZDAa1H6KGsRhBgCgb3k8ksfjaf/t9sh9+mdoX0kABg/jWAAABgbjWIx0Qz4ALEl7Dx7Xy+s/VFlFjXdbZvpo3bzqEk2fnB3yPS22Vq158xNt3XFQrW125WSl6bqrLgwKFgPAUDEcAsChgrQEgNHBYJBMZqNMpvYLZgAAYPC43R65XB65nG4uogHdYBwLAED4YByLkWJYBIABAL1TXV2n5qYWSQSAEf6MJoPMpy+YAQCA8ONyeeR0uuV2cXkB8MU4FgCA8MY4FsOZebAbAAAYeE5H77KFgcFgNBpktnDBDACAcGcyGWQymdovoDnccru5gIaRjXEsAABDA+NYDGcEgAFghPF4PHI6XUHb+yNDlqxbnC2L1Siz2TjYzQAAAL3QcQHN6XTLYXcPdnOAQcE4FgCAoYdxLIYjAsAAMMLY7Q45nU6/qZ6BcGEyGWSxGjk3AQAYwjqmvHXY3XIxnR5GCMaxAAAMfYxjMZxwSyIAjDD2NsdgNwEIyWwxyhph4qIZAADDgMFgkDXCJLOFyw4Y/hjHAgAwfDCOxXDBGQwAI4zdTgAY4cdiNcrCwBoAgGHHYjHKYuW/8Ri+GMcCADA8MY7FUMfZCwAjjN3RuwAwd7Gjv7FOGgAAw5vZzMUzDE+MYwEAGN4Yx2Io48wFgBGktbVN9jb7gO/3bIPIBJ+HPy6aAQAwMnDxDMMN41gAAEYGxrEYqjhrAWAEabW1DXYTAC+zhYtmAACMJGazkbXUMCwwjgUAYGRhHIuhiDMWAEaQ1tbBDwCT1QtJMpkMrJUGAMAIZLEYZTIxHsTQxTgWAICRiXEshhpGrAAwQthsreccACZ4i77C1DkAAIxcjAMwlHH+AgAwcjEOwFDC2QoAI0RPpn/2DfCybi/6i8Vq5DwBAGAEMxgMXDzDkMQ4FgCAkY1xLIYSzlQAGAGcTpdabK0hXzvXCxhcAEFvGI0G1ksDAAAym40yGhlHYuhgHAsAACTGsRg6GLkCwAjQ0twih93hfd7roC1BXvQRM+ulAQCA0xgXYCjhfAUAAB0YF2Ao4CwFgGHO4/GoudnW7/shExjdMZoMMpk4TwAAQDuTySAjYwMMAYxjAQCAL8axGAoIAAPAMNfU1KLW1u7X/wX6G1PmAQCAQIwPMBRwngIAgECMDxDuOEMBYBhrz/5t6dV7eprJO5gZv2QbDz0Gg8iaAAAAQUwmA6uNIKwxjgUAAKEwjkW4IwAMAMNYU2OLWnymf/YNnHb2uDsG9d3IhkDuyGHirkgAANAJxgkIZ5yfAACgM4wTEM44OwFgmHI6XWpqaibIirBA1gQAAOgM4wSEM85PAADQGcYJCGcEgAFgmGpsbJLN1npOdRA8Rl8wGCSjkXMJAID/v737D276vvM8/oxrrxfrGHUcrzY2gzjHMWOXenCcbJ1rfcu5XlwG94DS8e6FgdC0ZFoyNzS37g5kpjAd6E6S2brXZXbjY+I2dZKFNp4Sl10YTtRl6ahZnCWOGcHiwzgMYm0lWiH4YktGSMj3h2RblmVbsuUfwOsxwyBLX30/36+sP97+vr6f90cSy8hQ+zxZnFTHioiIyFRUx8pipgBYROQBNDR0h9vG4IIeg8JjGbFgF83C/Rz/SSMvn+xfmPFFREQkaQrZZDHS91JERESmo3pBFisFwCIiD5jh4WFuG4OEQqGFPpSUKDB+cC1IIRzu5/jBI7RdB+uygvkfX0RERFKiC2eyGOl7KSIiItNRvSCLVeZCH4CIiKTXrVu3GRz0JbVtbOg62eOpnpvNGPLweGS+C+GwQcc7R2m7DmQUULFyrgYK4XGcobX9Et2uAP7oPRc55lxK/svT1FeXkTfrSsvN8dfeps0NYGbT7h3UWVJ5ezv7XuvCBeSv28b+tam8OcExWMrZv7uG/BnsZdFztPLCz50AVHyjgZ1lC3w8IiIPmXmvF0SSMB/fy6Bxle6PDfyjz3yGvMdLKTKn+5JdbF2ZWI7FQuWaNdR9wYr5fpkyohqOaX+3GZmYlxVQvbaGulW583pkIiIPA9WxslgpABYReYD4fUOjrZ9TCXdF5tL8fuV8dL7zNs3nA5EfVxZTkT0HwwxdpfXQUWzXJ77kN7x0nrTR+ZsOqp9/li0lpjk4ABERkQeLSlRZjOb6e+lqf5MDJ7wEJ7xiw7r+WfbWzG8nG7/bzenWVuxnK9n7UtWDedNfShw0NdjoBFhdyxvPzUe6PAdjhkMY1520/exNOtc9y961c/+96nyrkabzAFZ2NtZTMecjiogsHNWxslgpABYReUAEg0GM2wMEg8FpQ96UAuEpZgPHv3exhsuL9bgeFvP3+fvoPPwmTSPhL1BUWkxWuocJ93O86Si2vsiPeU9VsaO2hPzPmmDIi+uinZb3ruIKGZz+6RHMDTuoe2ymg1mo291AXbqOXUREZJFSvSaL0dx9L0M4T/6cA6eMSbdwnjjCgWA9e9ZZ01/PxgeLAR+G52Nsx85guxIgeL2DNkfVQzqb9j4X37En4MPw9ND6VjsdHnCePEbr575D/bKFPEgRkQeL6lhZrBQAi4g8AIaHh/F6DXyD/lnN/E1Hm2eRePPz9QjhPHmEpg8DMc/lUrnanPaRXO0naIuGv9b4O+iXWih6ZjP7/3M7Bxq7cIYN2lraqXhQ2yaLiIikicpJWYzS9b0Merpoe+8jOlzRpXruBDACU78HwHmqlRd/l435DyM/m/NXUvu1L1M5+3VGxss2YV5WRv0Wg+79HTgB1yduKJvJ8iGyqGSbMC8rZ8eLg7j2d+DER3e3F5apFbSISLqojpXFSgGwiMgD4OZNg9vGwJwHsY+Qvv0rbJZ0cp1KMINieTEVS9M9khP7v0THyS1j+2Tt0x6rYfuaHg6c9oH7ArbLNWxfCVOvp5u43dtU7dOCni5af3GWjuu+yBrEmZnkLy+mduOXqFo+Rfgd7uf4T45Eg+xsKrZuY+eTaQzLB5x0nO3A9i/9uIwQQSDLlEvZn1Wxpap4bE25qdYoTrieW9zn92IB9pYznL7mIxiGrNwC6rZsoK4wvu12CM+HNpp/04PTPXI8Jqyrn2RLbSXWCd+TEJ4Pj9H066s4fUBmJtaKNeysLyfvflkPT0RERBYHw07jax30hiFvpZWcPifOuPA3y2yh7AkTWdzDc8VJb2xZGxgLiw3DQfNrffi//zzV6b/PETIYnW2clTFyyTDV+nX6tYbHto15/yQm1IizFsJz+Sw22wU6+32RzzYjk7wVxWz6H7XRcD3BOZy38UKDDYhbazjkpuPX/5e2D914AkTqxlVPUf+1Kkriakzjip3D/9SFoy9AMAxkmyh6aqQeTWHMmTCbyQOcQDAcinnBh/PsGQ6399DrjTyftTSXsi/H1e1JnQO4TjWz72TsF9hJU0Nj5GHM3zjT7UdERERmTwGwiMh97tZNg5ve22nfb7qDVgW3Mldc7W9y4OTE9nn5q1aS9uti7h4c0aHMny/BOsWm1qeLyTvdhYcQ3R/3w8r0rrXld7Ty8s+d+GOfDIVwXb1Ey0/6MXbvmKR1tI/Od47GzGLenN7w132GA39zDmd4/NNBn5fOXx+j+9/X86MtpbNvZRi4SvPfdEUC2pExvP20vX4E/moHdaPXCX10vjW+NXjkeHz0vm/nwJXBuAuZkRsKXu6L+U6FQjg/aOfAvez0HLuIiIg8NDznuukNA2RTtmYN1veP0HIxGsBl5lL7wmbqnzATHDLwY8K8JBPjio2DbzhwhhLsMOzFfs5LdU16Z3AGh/rpaO2iFyCjgOovPogzREM43vl7Dn4U98GGQ3iuXqL5tX484+rIaQw5aH7NRsdA7BAhnOc7aLziYufL9VQsiTztd7SyL752D0Tr0bOX2f6Dr8z8tJJhGHiiD0fD/XA/pw8d5fCVuDp5IFK3d54rZ/9LNeRnJHsO2yhK4lCS2U9V/P2cIiIikjIFwCIi9zHDGMDrNQiH7417Ppk20Km2h05FOvaXrmNS8PxgMz5q5dUTXoITXskmL6Ofjo/6Y54zUbS6eHYzOD/14oo+LLJOFf8Cj1mwAh7A474BpDEANuwcfCt60cRkYdPWr1C9wgwD/XSe+WfaXMVUWYAEMy9cp46MhqE5q2tpmGwW80xZCin57Dlcf1DIpo3PULn8UXLCN+j45VFaLgbwf3gW+38vpXq2d/YbBs5lxez8dg0lueB6/10OnvDiDxvYzvRQV18c2cz+7tj5PlHOzvpnKFoKxicXsP36X3GWPzmhPber7w5lGzez5U8s5Pg+pvWQDbuX9B27iIiIPDSCozfFBTj9xtsxr5ioffF56i2XOPxaM6ejdVuWpZSdu9az90V4+aBjNLQbv89EyXAKYmaWxsuyWNmyvZ6qJTPduYW63Q1xNyL6sL/xf2jpBjLMbKodmcpaxs7GuGmtYSetr7Ri8wImK5uq0jn7N5OSUgs4DMr+6zPUPVOMdSkY135P0xsOnDF1ZOQcEnfoiQjQ2frbaPibTVn9ZnasNoP3As2H7Dh8TlqOXaLiL0oBN6dPRGv3ZWU0PPelaD3aw+mTdmxDhZSZLJinHXMGRtcAjrT2BhMlJZFw39V+YjT8zXuqhp0bS8nPMOhtP87B016CfV28+isrf1tfnOQ5gHntDt5YO1UXo+T2IyIiIrOnAFhE5D5lGAN4b9zi3r1I+DuXgemct5ZWSCsz4He0su+duDvHRwVwnGjHEftUhoUtTxSnL7xbwCqq95+7ojNJTNR+axt1K6IvZBdS9fVCKkOhhLNU/Y5WXh2ZLb2snD1by8hJ+9FZqdu1g/qlsbOKC6iqWUnbRQcGXnqdUL1qtuNY2L5zw+isiqKaGqp+34rNAP/1fjwUk4cT22+9kQ1yy9j17RqKojcA5K2oZMuupwiGJv4izVV17PrTwsgPS8rYsvYC9l/2Q9qOXURERB56q55m0wo3x398YjT8BQi6L3GwycT+v1zDplUOmi/O72EFvQa9Li9Vj6VvBrDr1JFI+AtY122g7rHJtvTR+c6xSPhLNpV/MVbrpUvW59fzo9VmzDElYN7KNVSvdNDSHVtHTmPgX7GdjwTxOV+oYdcz0Zsql1Wya8unfPeNHvznLtBZX0pFxg1c0SQ/73OfpyQvknDmrSin/tvl1A0F0leTu7vY19A16cvWdRuoXwbQg+1M9O+C5ZXs2VIe7Z5koeSrf84WVySw93/QRefXi9N4DvP4WYiIiDzkFACLiNyHRsLfYDA4q9m+0wavU7yeTGirYFfmir/7GAfemiz8TSDDRNW3Nqd35uYsJ17MnJfu3mibtiUFlK2YuEVW5sQSL9h3hkbbyKxhKzt3jrVzS7ecpQlaSi/5DDmAQexMmFmwFFA07oLgH5KTHX0YjKzzi+cq3dHrWjkrC0fD3zGZZCWohoueKBz3c9aSsY3ScuwiIiLy0CtaWUzWtQ5O9yV4sc+B/doaalfmwkVv+gePn1kaDuD33cDxj8do/tDA/s5hgn/wAjtWZU++jyTF3oCYs7qWhprJZ/TGdqqxrtuclvEnyDYnWCYme2IdOR2nO9IuGyj7fOn41woLKKIHR9iIhJ2WxykrhY6L4GlvZd/1Uqq+WEzF48vJW5JJzpI5OM9YGZmYlxVQvbaGulXRYN/Tj3Mo8nDi0jkmKlcX0NLdD+EbON1Q8Vi6zmGBPwsREZGHiAJgEZH7zE3vLbxeY3Tmb7okG9ZOtp3CXpk3Ax00/bQHT9JBXDYVz21je0kaeonlW7DixAn0Op3w5BRtoD9xR9usQZ7l0dmPPSrE6FWppaak1zn2OEaOJpOyjevTPpsilnG9A9vJf6PD5cM/EFi40DQ8dgHP/Nm0rwgtIiIiMmNmkxkGBzESvhrAGASz6T8BcxAAx8vIJmdpAZVb/hzD/Sat1wN0vO9g+6qnE3aVSdon7TSO3LQ5TfeZCUFxupcpGRFy03najq2zH48vgOGb4X5ilmHq+FkjHVNunE3lc/UYb56grduHq9tBa7eDViDLXEDdtg3UFaap77GlnP27ayYscTJBeOqge+wGSB+u/wAeS9c5zONnISIi8pBTACwicp8YHh7mxo2b3Lx5m/C9ezzyyCOjoet8re2biIJfmXemYuq2ZFMV+5y3h8MnEs0IzqZi6zZ2pmshqbxCSszncBpgXOjGudHKZBGw81xPdM22TEoen6MLWIF7Sc+CzisrJOfSVZyhEI5fHOH4sh1TtN+bueDFo+z72VX8ZFNSXcWmZwrJywY+7eDVpsTr2M0Hv//OAo0sIiIiMlGv0wnriqlYcpXOobgXl1ipeAJ6T346z0eVS14ucB3wGnhg+iBxMkMOml7vwhlm+u4zKQTFs+Pm+MG3aesD8gqp3/oMlfmRvxMcrc20pNJuO+Mz0QfZVH1zG5sS/lGQSc7InyGZVmpf+A61AR/Oaz10X76E/f1+XEY/ba+/S873n6d6Pu9XzMicMtwPDo20OzKR/0fRh+k6h8X2WYiIiDyg5qjxn4iIpNPdu3f59FMPnv+4ORr+xpsuiE0lJE74HAsf9CpsFgAycil5spzKmH/WsJEwCLWu38zOJ9N59cBK7X+Ltk3zOmg51Z94s0/aaTkTnU6QW0r1yiR2ffX6aBu5qVkoejx6D5/xMZ3XEmySYMZt1rIq9v6vcqwZQNig7fW3Of1JUgOmxPHh1cjvIncl9V8tpyjPjHmpGXPoTvItu4HeK2m44GmxjraJNi50R9dNjqOWziIiIrIADPvvsYfL2L61mLzYq3MZJqq2rqcifI7j9sA8H5UXTyoTjietX90cb7LR6QMyzGx6sX7y7jOBSzQnGxTPlttBR7TldlntBmpXFkTq1KX38N9O9IZHyR9ZDPi2MX62ttVCUeQE6L5iRPcT989kIit6LsFQNFDNNmFdWU7tV59l/w9rqAAIe3H8v5Hf9RRjplNeAdbo78R18XLcOAE6L0T/zsl4FKsl1XOAfMtI8j2IMTB+6FT2IyIiIjOnAFhEZJHzDfpxu73cunl7qiV5x5npLOB0BKwKaWX+eXFcnHhpxLruWfbWpH/mrbnqK2xaFnnsPHmElw930Osx8IdC+Afc9J49yr7/Hb2IRTZV9bUxs4Rjwlt3D7bocQcNBy2/uJT0BZ6SL5YSuS7kw/bTtzl+2Y0/EMA/0E/nP73N9163J97XYzU0PGeNzKjwuTn8euvEGSdTCXhxfNRFR6J/1yIjjq6p671M29l+/EM+PJfbaTzcMzEAjgloXR+cxTEAEMJwHKP5/XRc+Cmm+pnoxSevg4OH2un2+AgGfBh9DloP/R2v2uehraKIiIhIvHA/LU02XCs28MoPn2fPN2vY8c3NvPLD77B9hZvWpjM45utGtXC0jvzVUVqvR57KW1Ucnf2bev3qOnUsMssWKNq4eYquMz46f9lOhw8gm6qtUwTFSTCuTFKnfnQJV4Bxs14dZ35Lt9eH39dPx+F3R897vEfJ/+Pow6vdHL9sjLVNXvon1K6OfC6e3x2j8VQPnoGxOvP4W83sOzGyBIuTttf+ln1vtdNxzY3hCxAM+HB+cInu6BY5puzpx0yrYmrXRG+Uvd7BwV85cPp8+H1uuk+9y+HobOicL5RTkZHqOUDeH43chOvl9G96MEYmFKe4HxEREZk5tYAWEVmkhoeH8XpvcevmbYLB0ITXE7V/nk5KraKn2P9sQ16FxJJWA/9GZ9wFG+vaevbM1bphGQXU7dyM/9BRbNfB86GdVz+0J9jORNW3trE9bvZvyZpyrB+cwxn2Yf9ZM6PvNGWTQyC5WbLLatm1vo8DJ7wEfW7aDr1N27gNAtjdVdQleGtOWT171r8Zfa+TpqZ29r+U5EwLw0nrO87Er62upfK5Msq+XI71oy6c4QCO1iN8tzU6rsWM2Rc/i6GY2moz9hMGeHs4+IPGseM0ZYNv9iGwdf0GNl05Qtt18F/povGVrvEb3PoI158msU6aiIiISLr1OXj1B04q/qyM6s+VUIIbx+9asf3GiWvin4Dpc97GCw22yV/PK2X72rFbGFOrXx20nRyr+Hrfe5MX3osfwMrOxnoq3GdpOz9S7wWwH2pkQlWd7Jq2QK+9nd4EZTmY2bS7lDrL09StdtB0PgB9Dhr/2jH6er4FXO7492VTWVNG20UHHgxOH2rmNJC/bhv711qoqK+lqu8Edk+A7pPHePlk3NuXXqD3q1aK+nro9ILH20Xz+a74QWBpKVWlyY2ZTvk169ly5SiHrwRwvm/jwPtxGywrZ8/XiyOPUzoHyHryS9SebMXmBZf9GN+zE/ldbiWl/YiIiMjMaQawiMgi5PcP0d/3Ke5Pb3D37vj7facKZBdyLeDJjmm68eciYJaHi3G+Z1zrOfNTtTSss065ptWsLSmk/qXv8so3yqlYnk3OhFvqTFR+41m2lyRYe9iyhoYXyynLjb4pI5O8knIa/qqKkhQOIb/meV55qYrqwrHWcmRnYy0pY8fL36BuiutD+TXPs3dd9K78vi5efacLI10zTB6rYc/uGqqWR2dYZGSSv3oNe7YXJlzLLb/mWfasK4isEwyQbaJs3Qb2f+2PE2w9AxkF1O3awd76Uopyx35RWUtzKauu4ZUGhb8iIiIyd/LMCerBWCGDzpN2Gn/czPd+fIyWk9OHv3nmuVkgNWtpLhUbN/Cj3espiZ2Emab6deGZqNi6jYaY2jPLbKH2hWfZNFlBuKKWvf+zkorlCdbMXVLK9t07aNhoxbo0QZ35/fWRNtHLati/bwP1T1nIj93OZKLoi5HtSmKv0E41ZjplFFC98/mEdXLFxg38KPYm0VTPIcNK/V9upn517vi/lVLdj4iIiMzYI8PDw8MLfRAiIhIRCt3j1i2DmzcNQsF7QGy4S9zPY/8n8zjV12NnAI+s/5to+9j/p3su0c+pBMCpBsMKkheHJRPT0TQKYH/j72iJ9gvLWV3LK8+VJQwa50WgH/s/HKXlYgDIpvKbL7BjlVqYiYiIJGPIP5dTHkVSl5Y6NtzP8Z8cGW2JPFtZy59m7641c7dOroiIiKRMdawsRgqARUQWgeHhYW7duo1h3MbvuwMkClmnDmDTGQyPDogCYJm9OQ2AA+c4+P3I+mg5q2vYv7Uc80JfDBvqoumv2yNr6+aWseflWooW+phERETuA7pwJotN2urYcADXlUs4fbPbTU5uISUrzHM7K1RERERSpjpWFiOtASwisoDC4TC3bw8ycHuQ27cHpwhYJ9/HdAHqdCFoquv/pryvGWwjkrTLV3GEIzMh9iyG8BdgSTlb1n1E53te8DpoaS9P+3pdIiIiInIfycgmf2W5lp0QERERkXmzGC6Tiog8dO7eDeK9cYtr1/ro+/dPxoW/yZpJ8JuO8DXVkDddga+CY0nEef3GomyDZ/7iVyJr8GZkwq0bGAt9QCIiIiIiIiIiIvLQUAtoEZF5NDjoY3DAh8/nZ2goAEzfVnmqtX9H/p9t++f41x6E9s8zfY+k39yuAbyIeftxmQrI1xLAIiIiSVHrPFlsHto6VkRERFKiOlYWI1WyIiJzaHh4GJ/Pj98/xOCgD59vaDRQhcSBaSpSDV8ne/9czRaej32KLFq5BWrzJyIiIiIiIiIiIvNOAbCISBqFw2GGhu5w504g8v/QHfz+OynPlk129m/840TPpRwMpyGMFhERERERERERERGRhaEAWEQkBfdC9wgPD3MvFCIYChEK3SMYDHL3bpBA4C53794leHes5Ueilsvxj+Ofm6xlcjKtlGfSXnnKWcAkdyzTjTFbCpdFRERERERERERERJLz/wHE/jyYyc4G7QAAAABJRU5ErkJggg==" height="600" width="800" />
Actual-->[Personal Details, Contact Details, Emergency Contacts, Dependents, Immigration, Job, Salary, Tax Exemptions, Report-to, Qualifications, Memberships]
Expected-->[Personal Details, -Contact Details, Emergency Contacts, Dependents, -Immigration, Job, Salary--, Tax Exemptions, Report-to, Qualifications, Memberships]]]>
  </system-out>
</testsuite> <!-- testcases.MyInfoTest -->
